#
# A fatal error has been detected by the Java Runtime Environment:
#
#  SIGSEGV (0xb) at pc=0x00007f7f03be1561, pid=6061, tid=6168
#
# JRE version: OpenJDK Runtime Environment (11.0.4+11) (build 11.0.4+11-post-Ubuntu-1ubuntu218.04.3)
# Java VM: OpenJDK 64-Bit Server VM (11.0.4+11-post-Ubuntu-1ubuntu218.04.3, mixed mode, sharing, tiered, compressed oops, g1 gc, linux-amd64)
# Problematic frame:
# 
[error occurred during error reporting (printing problematic frame), id 0xb, SIGSEGV (0xb) at pc=0x00007f7f653fe0c8]

# Core dump will be written. Default location: Core dumps may be processed with "/usr/share/apport/apport %p %s %c %d %P" (or dumping to /home/cheesegr8er/eclipse-workspace/MemoryFS/core.6061)
#
# If you would like to submit a bug report, please visit:
#   https://bugs.launchpad.net/ubuntu/+source/openjdk-lts
#

---------------  S U M M A R Y ------------

Command Line: -Dfile.encoding=UTF-8 MemoryFS -d -f /home/cheesegr8er/Downloads/TestFileRoot

Host: AMD FX(tm)-8350 Eight-Core Processor, 8 cores, 7G, Ubuntu 18.04.2 LTS
Time: Tue Oct  1 13:39:53 2019 NZDT elapsed time: 3361 seconds (0d 0h 56m 1s)

---------------  T H R E A D  ---------------

Current thread is native thread

Stack: [0x00007f7edf801000,0x00007f7ee0000000],  sp=0x00007f7edfffeb90,  free space=8182k
Native frames: (J=compiled Java code, A=aot compiled Java code, j=interpreted, Vv=VM code, C=native code)

[error occurred during error reporting (printing native stack), id 0xb, SIGSEGV (0xb) at pc=0x00007f7f653fe0c8]


siginfo: si_signo: 11 (SIGSEGV), si_code: 1 (SEGV_MAPERR), si_addr: 0x0000000000000000

Register to memory mapping:

RAX=0x0 is NULL
RBX=
[error occurred during error reporting (printing register info), id 0xb, SIGSEGV (0xb) at pc=0x00007f7f645bc8e7]

Registers:
RAX=0x0000000000000000, RBX=0x00007f7f5c438c20, RCX=0x00007f7f64e6a320, RDX=0x0000000000000000
RSP=0x00007f7edfffeb90, RBP=0x00007f7edfffeba0, RSI=0x00007f7edfffec00, RDI=0x00007f7ed4000bf0
R8 =0x0000000000000000, R9 =0x00007f7ed4000cef, R10=0x00007f7ed40008d0, R11=0x0000000000000000
R12=0x00007f7ed4003df0, R13=0x0000000000000001, R14=0x0000000000000000, R15=0x0000000000000000
RIP=0x00007f7f03be1561, EFLAGS=0x0000000000010206, CSGSFS=0x002b000000000033, ERR=0x0000000000000004
  TRAPNO=0x000000000000000e

Top of Stack: (sp=0x00007f7edfffeb90)
0x00007f7edfffeb90:   00007f7edfffec00 00007f7ed4000bf0
0x00007f7edfffeba0:   00007f7edfffec00 00007f7f039aa9ae
0x00007f7edfffebb0:   00007f7ed4006610 00007f7ed4000bf0
0x00007f7edfffebc0:   0000000000000001 00007f7ed4006180 

Instructions: (pc=0x00007f7f03be1561)
0x00007f7f03be1461:   25 92 4b 20 00 66 90 00 00 00 00 00 00 00 00 48
0x00007f7f03be1471:   8d 3d 01 4d 20 00 55 48 8d 05 f9 4c 20 00 48 39
0x00007f7f03be1481:   f8 48 89 e5 74 19 48 8b 05 22 4b 20 00 48 85 c0
0x00007f7f03be1491:   74 0d 5d ff e0 66 2e 0f 1f 84 00 00 00 00 00 5d
0x00007f7f03be14a1:   c3 0f 1f 40 00 66 2e 0f 1f 84 00 00 00 00 00 48
0x00007f7f03be14b1:   8d 3d c1 4c 20 00 48 8d 35 ba 4c 20 00 55 48 29
0x00007f7f03be14c1:   fe 48 89 e5 48 c1 fe 03 48 89 f0 48 c1 e8 3f 48
0x00007f7f03be14d1:   01 c6 48 d1 fe 74 18 48 8b 05 11 4b 20 00 48 85
0x00007f7f03be14e1:   c0 74 0c 5d ff e0 66 0f 1f 84 00 00 00 00 00 5d
0x00007f7f03be14f1:   c3 0f 1f 40 00 66 2e 0f 1f 84 00 00 00 00 00 80
0x00007f7f03be1501:   3d 79 4c 20 00 00 75 2f 48 83 3d e7 4a 20 00 00
0x00007f7f03be1511:   55 48 89 e5 74 0c 48 8b 3d 4a 4c 20 00 e8 3d ff
0x00007f7f03be1521:   ff ff e8 48 ff ff ff c6 05 51 4c 20 00 01 5d c3
0x00007f7f03be1531:   0f 1f 80 00 00 00 00 f3 c3 66 0f 1f 44 00 00 55
0x00007f7f03be1541:   48 89 e5 5d e9 66 ff ff ff 55 48 89 e5 48 83 ec
0x00007f7f03be1551:   10 48 89 7d f8 48 89 75 f0 48 8b 05 77 4a 20 00
0x00007f7f03be1561:   8b 00 85 c0 74 22 48 8b 45 f0 48 89 c7 e8 fd fd
0x00007f7f03be1571:   ff ff 48 89 c2 48 8b 45 f8 48 89 c6 48 8d 3d dc
0x00007f7f03be1581:   39 00 00 e8 97 fd ff ff 48 8b 05 f8 4b 20 00 48
0x00007f7f03be1591:   8b 00 48 8b 4d f0 48 8b 55 f8 48 89 ce 48 89 d7
0x00007f7f03be15a1:   ff d0 c9 c3 55 48 89 e5 48 83 ec 30 48 89 7d e8
0x00007f7f03be15b1:   48 89 75 e0 48 89 55 d8 48 8b 05 18 4a 20 00 8b
0x00007f7f03be15c1:   00 85 c0 74 57 48 8b 55 e0 ff 75 d8 48 8d 05 98
0x00007f7f03be15d1:   39 00 00 50 41 b9 49 00 00 00 49 89 d0 48 8d 0d
0x00007f7f03be15e1:   83 39 00 00 ba 73 00 00 00 be 02 00 00 00 bf 01
0x00007f7f03be15f1:   00 00 00 b8 00 00 00 00 e8 e2 fb ff ff 48 83 c4
0x00007f7f03be1601:   10 48 89 45 f8 48 8b 55 f8 48 8b 45 e8 48 89 c6
0x00007f7f03be1611:   48 8d 3d 58 39 00 00 e8 03 fd ff ff 48 8b 05 64
0x00007f7f03be1621:   4b 20 00 48 8b 40 08 48 8b 55 d8 48 8b 75 e0 48
0x00007f7f03be1631:   8b 4d e8 48 89 cf ff d0 c9 c3 55 48 89 e5 48 83
0x00007f7f03be1641:   ec 30 48 89 7d e8 89 75 e4 48 89 55 d8 48 8b 05
0x00007f7f03be1651:   83 49 20 00 8b 00 85 c0 74 56 8b 55 e4 ff 75 d8 


Stack slot to memory mapping:
stack at sp + 0 slots: 
[error occurred during error reporting (inspecting top of stack), id 0xb, SIGSEGV (0xb) at pc=0x00007f7f645bc8e7]


---------------  P R O C E S S  ---------------

VM state:not at safepoint (normal execution)

VM Mutex/Monitor currently owned by a thread: None

Heap address: 0x0000000082e00000, size: 2002 MB, Compressed Oops mode: 32-bit
Narrow klass base: 0x0000000800000000, Narrow klass shift: 3
Compressed class space size: 1073741824 Address: 0x0000000840000000

Heap:
 garbage-first heap   total 131072K, used 68083K [0x0000000082e00000, 0x0000000100000000)
  region size 1024K, 67 young (68608K), 2 survivors (2048K)
 Metaspace       used 5699K, capacity 7707K, committed 7808K, reserved 1056768K
  class space    used 638K, capacity 863K, committed 896K, reserved 1048576K
Heap Regions: E=young(eden), S=young(survivor), O=old, HS=humongous(starts), HC=humongous(continues), CS=collection set, F=free, A=archive, TAMS=top-at-mark-start (previous, next)
|   0|0x0000000082e00000, 0x0000000082e00000, 0x0000000082f00000|  0%| F|  |TAMS 0x0000000082e00000, 0x0000000082e00000| Untracked 
|   1|0x0000000082f00000, 0x0000000082f00000, 0x0000000083000000|  0%| F|  |TAMS 0x0000000082f00000, 0x0000000082f00000| Untracked 
|   2|0x0000000083000000, 0x0000000083000000, 0x0000000083100000|  0%| F|  |TAMS 0x0000000083000000, 0x0000000083000000| Untracked 
|   3|0x0000000083100000, 0x0000000083100000, 0x0000000083200000|  0%| F|  |TAMS 0x0000000083100000, 0x0000000083100000| Untracked 
|   4|0x0000000083200000, 0x0000000083200000, 0x0000000083300000|  0%| F|  |TAMS 0x0000000083200000, 0x0000000083200000| Untracked 
|   5|0x0000000083300000, 0x0000000083300000, 0x0000000083400000|  0%| F|  |TAMS 0x0000000083300000, 0x0000000083300000| Untracked 
|   6|0x0000000083400000, 0x0000000083400000, 0x0000000083500000|  0%| F|  |TAMS 0x0000000083400000, 0x0000000083400000| Untracked 
|   7|0x0000000083500000, 0x0000000083500000, 0x0000000083600000|  0%| F|  |TAMS 0x0000000083500000, 0x0000000083500000| Untracked 
|   8|0x0000000083600000, 0x0000000083600000, 0x0000000083700000|  0%| F|  |TAMS 0x0000000083600000, 0x0000000083600000| Untracked 
|   9|0x0000000083700000, 0x0000000083700000, 0x0000000083800000|  0%| F|  |TAMS 0x0000000083700000, 0x0000000083700000| Untracked 
|  10|0x0000000083800000, 0x0000000083800000, 0x0000000083900000|  0%| F|  |TAMS 0x0000000083800000, 0x0000000083800000| Untracked 
|  11|0x0000000083900000, 0x0000000083900000, 0x0000000083a00000|  0%| F|  |TAMS 0x0000000083900000, 0x0000000083900000| Untracked 
|  12|0x0000000083a00000, 0x0000000083a00000, 0x0000000083b00000|  0%| F|  |TAMS 0x0000000083a00000, 0x0000000083a00000| Untracked 
|  13|0x0000000083b00000, 0x0000000083b00000, 0x0000000083c00000|  0%| F|  |TAMS 0x0000000083b00000, 0x0000000083b00000| Untracked 
|  14|0x0000000083c00000, 0x0000000083c00000, 0x0000000083d00000|  0%| F|  |TAMS 0x0000000083c00000, 0x0000000083c00000| Untracked 
|  15|0x0000000083d00000, 0x0000000083d00000, 0x0000000083e00000|  0%| F|  |TAMS 0x0000000083d00000, 0x0000000083d00000| Untracked 
|  16|0x0000000083e00000, 0x0000000083e00000, 0x0000000083f00000|  0%| F|  |TAMS 0x0000000083e00000, 0x0000000083e00000| Untracked 
|  17|0x0000000083f00000, 0x0000000083f00000, 0x0000000084000000|  0%| F|  |TAMS 0x0000000083f00000, 0x0000000083f00000| Untracked 
|  18|0x0000000084000000, 0x0000000084000000, 0x0000000084100000|  0%| F|  |TAMS 0x0000000084000000, 0x0000000084000000| Untracked 
|  19|0x0000000084100000, 0x0000000084100000, 0x0000000084200000|  0%| F|  |TAMS 0x0000000084100000, 0x0000000084100000| Untracked 
|  20|0x0000000084200000, 0x0000000084200000, 0x0000000084300000|  0%| F|  |TAMS 0x0000000084200000, 0x0000000084200000| Untracked 
|  21|0x0000000084300000, 0x0000000084300000, 0x0000000084400000|  0%| F|  |TAMS 0x0000000084300000, 0x0000000084300000| Untracked 
|  22|0x0000000084400000, 0x0000000084400000, 0x0000000084500000|  0%| F|  |TAMS 0x0000000084400000, 0x0000000084400000| Untracked 
|  23|0x0000000084500000, 0x0000000084500000, 0x0000000084600000|  0%| F|  |TAMS 0x0000000084500000, 0x0000000084500000| Untracked 
|  24|0x0000000084600000, 0x0000000084600000, 0x0000000084700000|  0%| F|  |TAMS 0x0000000084600000, 0x0000000084600000| Untracked 
|  25|0x0000000084700000, 0x0000000084700000, 0x0000000084800000|  0%| F|  |TAMS 0x0000000084700000, 0x0000000084700000| Untracked 
|  26|0x0000000084800000, 0x0000000084800000, 0x0000000084900000|  0%| F|  |TAMS 0x0000000084800000, 0x0000000084800000| Untracked 
|  27|0x0000000084900000, 0x0000000084900000, 0x0000000084a00000|  0%| F|  |TAMS 0x0000000084900000, 0x0000000084900000| Untracked 
|  28|0x0000000084a00000, 0x0000000084a00000, 0x0000000084b00000|  0%| F|  |TAMS 0x0000000084a00000, 0x0000000084a00000| Untracked 
|  29|0x0000000084b00000, 0x0000000084b00000, 0x0000000084c00000|  0%| F|  |TAMS 0x0000000084b00000, 0x0000000084b00000| Untracked 
|  30|0x0000000084c00000, 0x0000000084c00000, 0x0000000084d00000|  0%| F|  |TAMS 0x0000000084c00000, 0x0000000084c00000| Untracked 
|  31|0x0000000084d00000, 0x0000000084d00000, 0x0000000084e00000|  0%| F|  |TAMS 0x0000000084d00000, 0x0000000084d00000| Untracked 
|  32|0x0000000084e00000, 0x0000000084e00000, 0x0000000084f00000|  0%| F|  |TAMS 0x0000000084e00000, 0x0000000084e00000| Untracked 
|  33|0x0000000084f00000, 0x0000000084f00000, 0x0000000085000000|  0%| F|  |TAMS 0x0000000084f00000, 0x0000000084f00000| Untracked 
|  34|0x0000000085000000, 0x0000000085000000, 0x0000000085100000|  0%| F|  |TAMS 0x0000000085000000, 0x0000000085000000| Untracked 
|  35|0x0000000085100000, 0x0000000085100000, 0x0000000085200000|  0%| F|  |TAMS 0x0000000085100000, 0x0000000085100000| Untracked 
|  36|0x0000000085200000, 0x0000000085200000, 0x0000000085300000|  0%| F|  |TAMS 0x0000000085200000, 0x0000000085200000| Untracked 
|  37|0x0000000085300000, 0x0000000085300000, 0x0000000085400000|  0%| F|  |TAMS 0x0000000085300000, 0x0000000085300000| Untracked 
|  38|0x0000000085400000, 0x0000000085400000, 0x0000000085500000|  0%| F|  |TAMS 0x0000000085400000, 0x0000000085400000| Untracked 
|  39|0x0000000085500000, 0x0000000085500000, 0x0000000085600000|  0%| F|  |TAMS 0x0000000085500000, 0x0000000085500000| Untracked 
|  40|0x0000000085600000, 0x0000000085600000, 0x0000000085700000|  0%| F|  |TAMS 0x0000000085600000, 0x0000000085600000| Untracked 
|  41|0x0000000085700000, 0x0000000085700000, 0x0000000085800000|  0%| F|  |TAMS 0x0000000085700000, 0x0000000085700000| Untracked 
|  42|0x0000000085800000, 0x0000000085800000, 0x0000000085900000|  0%| F|  |TAMS 0x0000000085800000, 0x0000000085800000| Untracked 
|  43|0x0000000085900000, 0x0000000085900000, 0x0000000085a00000|  0%| F|  |TAMS 0x0000000085900000, 0x0000000085900000| Untracked 
|  44|0x0000000085a00000, 0x0000000085a00000, 0x0000000085b00000|  0%| F|  |TAMS 0x0000000085a00000, 0x0000000085a00000| Untracked 
|  45|0x0000000085b00000, 0x0000000085b00000, 0x0000000085c00000|  0%| F|  |TAMS 0x0000000085b00000, 0x0000000085b00000| Untracked 
|  46|0x0000000085c00000, 0x0000000085c00000, 0x0000000085d00000|  0%| F|  |TAMS 0x0000000085c00000, 0x0000000085c00000| Untracked 
|  47|0x0000000085d00000, 0x0000000085d00000, 0x0000000085e00000|  0%| F|  |TAMS 0x0000000085d00000, 0x0000000085d00000| Untracked 
|  48|0x0000000085e00000, 0x0000000085e00000, 0x0000000085f00000|  0%| F|  |TAMS 0x0000000085e00000, 0x0000000085e00000| Untracked 
|  49|0x0000000085f00000, 0x0000000085f00000, 0x0000000086000000|  0%| F|  |TAMS 0x0000000085f00000, 0x0000000085f00000| Untracked 
|  50|0x0000000086000000, 0x0000000086000000, 0x0000000086100000|  0%| F|  |TAMS 0x0000000086000000, 0x0000000086000000| Untracked 
|  51|0x0000000086100000, 0x0000000086100000, 0x0000000086200000|  0%| F|  |TAMS 0x0000000086100000, 0x0000000086100000| Untracked 
|  52|0x0000000086200000, 0x0000000086200000, 0x0000000086300000|  0%| F|  |TAMS 0x0000000086200000, 0x0000000086200000| Untracked 
|  53|0x0000000086300000, 0x0000000086300000, 0x0000000086400000|  0%| F|  |TAMS 0x0000000086300000, 0x0000000086300000| Untracked 
|  54|0x0000000086400000, 0x0000000086400000, 0x0000000086500000|  0%| F|  |TAMS 0x0000000086400000, 0x0000000086400000| Untracked 
|  55|0x0000000086500000, 0x0000000086500000, 0x0000000086600000|  0%| F|  |TAMS 0x0000000086500000, 0x0000000086500000| Untracked 
|  56|0x0000000086600000, 0x0000000086600000, 0x0000000086700000|  0%| F|  |TAMS 0x0000000086600000, 0x0000000086600000| Untracked 
|  57|0x0000000086700000, 0x0000000086700000, 0x0000000086800000|  0%| F|  |TAMS 0x0000000086700000, 0x0000000086700000| Untracked 
|  58|0x0000000086800000, 0x0000000086800000, 0x0000000086900000|  0%| F|  |TAMS 0x0000000086800000, 0x0000000086800000| Untracked 
|  59|0x0000000086900000, 0x0000000086980800, 0x0000000086a00000| 50%| E|  |TAMS 0x0000000086900000, 0x0000000086900000| Complete 
|  60|0x0000000086a00000, 0x0000000086b00000, 0x0000000086b00000|100%| E|CS|TAMS 0x0000000086a00000, 0x0000000086a00000| Complete 
|  61|0x0000000086b00000, 0x0000000086c00000, 0x0000000086c00000|100%| E|CS|TAMS 0x0000000086b00000, 0x0000000086b00000| Complete 
|  62|0x0000000086c00000, 0x0000000086d00000, 0x0000000086d00000|100%| E|CS|TAMS 0x0000000086c00000, 0x0000000086c00000| Complete 
|  63|0x0000000086d00000, 0x0000000086e00000, 0x0000000086e00000|100%| E|CS|TAMS 0x0000000086d00000, 0x0000000086d00000| Complete 
|  64|0x0000000086e00000, 0x0000000086f00000, 0x0000000086f00000|100%| E|CS|TAMS 0x0000000086e00000, 0x0000000086e00000| Complete 
|  65|0x0000000086f00000, 0x0000000087000000, 0x0000000087000000|100%| E|CS|TAMS 0x0000000086f00000, 0x0000000086f00000| Complete 
|  66|0x0000000087000000, 0x0000000087100000, 0x0000000087100000|100%| E|CS|TAMS 0x0000000087000000, 0x0000000087000000| Complete 
|  67|0x0000000087100000, 0x0000000087200000, 0x0000000087200000|100%| E|CS|TAMS 0x0000000087100000, 0x0000000087100000| Complete 
|  68|0x0000000087200000, 0x0000000087300000, 0x0000000087300000|100%| E|CS|TAMS 0x0000000087200000, 0x0000000087200000| Complete 
|  69|0x0000000087300000, 0x0000000087400000, 0x0000000087400000|100%| E|CS|TAMS 0x0000000087300000, 0x0000000087300000| Complete 
|  70|0x0000000087400000, 0x0000000087500000, 0x0000000087500000|100%| E|CS|TAMS 0x0000000087400000, 0x0000000087400000| Complete 
|  71|0x0000000087500000, 0x0000000087600000, 0x0000000087600000|100%| E|CS|TAMS 0x0000000087500000, 0x0000000087500000| Complete 
|  72|0x0000000087600000, 0x0000000087700000, 0x0000000087700000|100%| E|CS|TAMS 0x0000000087600000, 0x0000000087600000| Complete 
|  73|0x0000000087700000, 0x0000000087800000, 0x0000000087800000|100%| E|CS|TAMS 0x0000000087700000, 0x0000000087700000| Complete 
|  74|0x0000000087800000, 0x0000000087900000, 0x0000000087900000|100%| E|CS|TAMS 0x0000000087800000, 0x0000000087800000| Complete 
|  75|0x0000000087900000, 0x0000000087a00000, 0x0000000087a00000|100%| E|CS|TAMS 0x0000000087900000, 0x0000000087900000| Complete 
|  76|0x0000000087a00000, 0x0000000087b00000, 0x0000000087b00000|100%| E|CS|TAMS 0x0000000087a00000, 0x0000000087a00000| Complete 
|  77|0x0000000087b00000, 0x0000000087c00000, 0x0000000087c00000|100%| E|CS|TAMS 0x0000000087b00000, 0x0000000087b00000| Complete 
|  78|0x0000000087c00000, 0x0000000087d00000, 0x0000000087d00000|100%| E|CS|TAMS 0x0000000087c00000, 0x0000000087c00000| Complete 
|  79|0x0000000087d00000, 0x0000000087e00000, 0x0000000087e00000|100%| E|CS|TAMS 0x0000000087d00000, 0x0000000087d00000| Complete 
|  80|0x0000000087e00000, 0x0000000087f00000, 0x0000000087f00000|100%| E|CS|TAMS 0x0000000087e00000, 0x0000000087e00000| Complete 
|  81|0x0000000087f00000, 0x0000000088000000, 0x0000000088000000|100%| E|CS|TAMS 0x0000000087f00000, 0x0000000087f00000| Complete 
|  82|0x0000000088000000, 0x0000000088100000, 0x0000000088100000|100%| E|CS|TAMS 0x0000000088000000, 0x0000000088000000| Complete 
|  83|0x0000000088100000, 0x0000000088200000, 0x0000000088200000|100%| E|CS|TAMS 0x0000000088100000, 0x0000000088100000| Complete 
|  84|0x0000000088200000, 0x0000000088300000, 0x0000000088300000|100%| E|CS|TAMS 0x0000000088200000, 0x0000000088200000| Complete 
|  85|0x0000000088300000, 0x0000000088400000, 0x0000000088400000|100%| E|CS|TAMS 0x0000000088300000, 0x0000000088300000| Complete 
|  86|0x0000000088400000, 0x0000000088500000, 0x0000000088500000|100%| E|CS|TAMS 0x0000000088400000, 0x0000000088400000| Complete 
|  87|0x0000000088500000, 0x0000000088600000, 0x0000000088600000|100%| E|CS|TAMS 0x0000000088500000, 0x0000000088500000| Complete 
|  88|0x0000000088600000, 0x0000000088700000, 0x0000000088700000|100%| E|CS|TAMS 0x0000000088600000, 0x0000000088600000| Complete 
|  89|0x0000000088700000, 0x0000000088800000, 0x0000000088800000|100%| E|CS|TAMS 0x0000000088700000, 0x0000000088700000| Complete 
|  90|0x0000000088800000, 0x0000000088900000, 0x0000000088900000|100%| E|CS|TAMS 0x0000000088800000, 0x0000000088800000| Complete 
|  91|0x0000000088900000, 0x0000000088a00000, 0x0000000088a00000|100%| E|CS|TAMS 0x0000000088900000, 0x0000000088900000| Complete 
|  92|0x0000000088a00000, 0x0000000088b00000, 0x0000000088b00000|100%| E|CS|TAMS 0x0000000088a00000, 0x0000000088a00000| Complete 
|  93|0x0000000088b00000, 0x0000000088c00000, 0x0000000088c00000|100%| E|CS|TAMS 0x0000000088b00000, 0x0000000088b00000| Complete 
|  94|0x0000000088c00000, 0x0000000088d00000, 0x0000000088d00000|100%| E|CS|TAMS 0x0000000088c00000, 0x0000000088c00000| Complete 
|  95|0x0000000088d00000, 0x0000000088e00000, 0x0000000088e00000|100%| E|CS|TAMS 0x0000000088d00000, 0x0000000088d00000| Complete 
|  96|0x0000000088e00000, 0x0000000088f00000, 0x0000000088f00000|100%| E|CS|TAMS 0x0000000088e00000, 0x0000000088e00000| Complete 
|  97|0x0000000088f00000, 0x0000000089000000, 0x0000000089000000|100%| E|CS|TAMS 0x0000000088f00000, 0x0000000088f00000| Complete 
|  98|0x0000000089000000, 0x0000000089100000, 0x0000000089100000|100%| E|CS|TAMS 0x0000000089000000, 0x0000000089000000| Complete 
|  99|0x0000000089100000, 0x0000000089200000, 0x0000000089200000|100%| E|CS|TAMS 0x0000000089100000, 0x0000000089100000| Complete 
| 100|0x0000000089200000, 0x00000000892defc8, 0x0000000089300000| 87%| S|CS|TAMS 0x0000000089200000, 0x0000000089200000| Complete 
| 101|0x0000000089300000, 0x0000000089400000, 0x0000000089400000|100%| S|CS|TAMS 0x0000000089300000, 0x0000000089300000| Complete 
| 102|0x0000000089400000, 0x0000000089500000, 0x0000000089500000|100%| E|CS|TAMS 0x0000000089400000, 0x0000000089400000| Complete 
| 103|0x0000000089500000, 0x0000000089600000, 0x0000000089600000|100%| E|CS|TAMS 0x0000000089500000, 0x0000000089500000| Complete 
| 104|0x0000000089600000, 0x0000000089700000, 0x0000000089700000|100%| E|CS|TAMS 0x0000000089600000, 0x0000000089600000| Complete 
| 105|0x0000000089700000, 0x0000000089800000, 0x0000000089800000|100%| E|CS|TAMS 0x0000000089700000, 0x0000000089700000| Complete 
| 106|0x0000000089800000, 0x0000000089900000, 0x0000000089900000|100%| E|CS|TAMS 0x0000000089800000, 0x0000000089800000| Complete 
| 107|0x0000000089900000, 0x0000000089a00000, 0x0000000089a00000|100%| E|CS|TAMS 0x0000000089900000, 0x0000000089900000| Complete 
| 108|0x0000000089a00000, 0x0000000089b00000, 0x0000000089b00000|100%| E|CS|TAMS 0x0000000089a00000, 0x0000000089a00000| Complete 
| 109|0x0000000089b00000, 0x0000000089c00000, 0x0000000089c00000|100%| E|CS|TAMS 0x0000000089b00000, 0x0000000089b00000| Complete 
| 110|0x0000000089c00000, 0x0000000089d00000, 0x0000000089d00000|100%| E|CS|TAMS 0x0000000089c00000, 0x0000000089c00000| Complete 
| 111|0x0000000089d00000, 0x0000000089e00000, 0x0000000089e00000|100%| E|CS|TAMS 0x0000000089d00000, 0x0000000089d00000| Complete 
| 112|0x0000000089e00000, 0x0000000089f00000, 0x0000000089f00000|100%| E|CS|TAMS 0x0000000089e00000, 0x0000000089e00000| Complete 
| 113|0x0000000089f00000, 0x000000008a000000, 0x000000008a000000|100%| E|CS|TAMS 0x0000000089f00000, 0x0000000089f00000| Complete 
| 114|0x000000008a000000, 0x000000008a100000, 0x000000008a100000|100%| E|CS|TAMS 0x000000008a000000, 0x000000008a000000| Complete 
| 115|0x000000008a100000, 0x000000008a200000, 0x000000008a200000|100%| E|CS|TAMS 0x000000008a100000, 0x000000008a100000| Complete 
| 116|0x000000008a200000, 0x000000008a300000, 0x000000008a300000|100%| E|CS|TAMS 0x000000008a200000, 0x000000008a200000| Complete 
| 117|0x000000008a300000, 0x000000008a400000, 0x000000008a400000|100%| E|CS|TAMS 0x000000008a300000, 0x000000008a300000| Complete 
| 118|0x000000008a400000, 0x000000008a500000, 0x000000008a500000|100%| E|CS|TAMS 0x000000008a400000, 0x000000008a400000| Complete 
| 119|0x000000008a500000, 0x000000008a600000, 0x000000008a600000|100%| E|CS|TAMS 0x000000008a500000, 0x000000008a500000| Complete 
| 120|0x000000008a600000, 0x000000008a700000, 0x000000008a700000|100%| E|CS|TAMS 0x000000008a600000, 0x000000008a600000| Complete 
| 121|0x000000008a700000, 0x000000008a800000, 0x000000008a800000|100%| E|CS|TAMS 0x000000008a700000, 0x000000008a700000| Complete 
| 122|0x000000008a800000, 0x000000008a900000, 0x000000008a900000|100%| E|CS|TAMS 0x000000008a800000, 0x000000008a800000| Complete 
| 123|0x000000008a900000, 0x000000008aa00000, 0x000000008aa00000|100%| E|CS|TAMS 0x000000008a900000, 0x000000008a900000| Complete 
| 124|0x000000008aa00000, 0x000000008ab00000, 0x000000008ab00000|100%| E|CS|TAMS 0x000000008aa00000, 0x000000008aa00000| Complete 
| 125|0x000000008ab00000, 0x000000008ac00000, 0x000000008ac00000|100%| E|CS|TAMS 0x000000008ab00000, 0x000000008ab00000| Complete 
|2000|0x00000000ffe00000, 0x00000000ffe34000, 0x00000000fff00000| 20%|OA|  |TAMS 0x00000000ffe00000, 0x00000000ffe00000| Untracked 
|2001|0x00000000fff00000, 0x00000000fff6a000, 0x0000000100000000| 41%|CA|  |TAMS 0x00000000fff00000, 0x00000000fff00000| Untracked 

Card table byte_map: [0x00007f7f6098e000,0x00007f7f60d77000] _byte_map_base: 0x00007f7f60577000

Marking Bits (Prev, Next): (CMBitMap*) 0x00007f7f5c052318, (CMBitMap*) 0x00007f7f5c052350
 Prev Bits: [0x00007f7f3e0b8000, 0x00007f7f40000000)
 Next Bits: [0x00007f7f3c170000, 0x00007f7f3e0b8000)

Polling page: 0x00007f7f65acd000

Metaspace:

Usage:
  Non-class:      6.68 MB capacity,     4.94 MB ( 74%) used,     1.73 MB ( 26%) free+waste,    14.69 KB ( <1%) overhead. 
      Class:    863.00 KB capacity,   638.82 KB ( 74%) used,   216.18 KB ( 25%) free+waste,     8.00 KB ( <1%) overhead. 
       Both:      7.53 MB capacity,     5.57 MB ( 74%) used,     1.94 MB ( 26%) free+waste,    22.69 KB ( <1%) overhead. 

Virtual space:
  Non-class space:        8.00 MB reserved,       6.75 MB ( 84%) committed 
      Class space:        1.00 GB reserved,     896.00 KB ( <1%) committed 
             Both:        1.01 GB reserved,       7.62 MB ( <1%) committed 

Chunk freelists:
   Non-Class:  4.00 KB
       Class:  1.00 KB
        Both:  5.00 KB

CodeHeap 'non-profiled nmethods': size=120032Kb used=276Kb max_used=276Kb free=119755Kb
 bounds [0x00007f7f4c418000, 0x00007f7f4c688000, 0x00007f7f53950000]
CodeHeap 'profiled nmethods': size=120028Kb used=1788Kb max_used=1788Kb free=118239Kb
 bounds [0x00007f7f44ee1000, 0x00007f7f45151000, 0x00007f7f4c418000]
CodeHeap 'non-nmethods': size=5700Kb used=1183Kb max_used=1202Kb free=4516Kb
 bounds [0x00007f7f44950000, 0x00007f7f44bc0000, 0x00007f7f44ee1000]
 total_blobs=1686 nmethods=988 adapters=442
 compilation: enabled
              stopped_count=0, restarted_count=0
 full_count=0

Compilation events (10 events):
Event: 50.927 Thread 0x00007f7f5c129000  987       3       java.nio.CharBuffer::limit (6 bytes)
Event: 50.927 Thread 0x00007f7f5c129000 nmethod 987 0x00007f7f4509e390 code [0x00007f7f4509e560, 0x00007f7f4509e788]
Event: 50.928 Thread 0x00007f7f5c129000  988       3       java.io.OutputStream::flush (1 bytes)
Event: 50.928 Thread 0x00007f7f5c129000 nmethod 988 0x00007f7f4509e890 code [0x00007f7f4509ea40, 0x00007f7f4509ebb0]
Event: 54.481 Thread 0x00007f7f5c129000  989  s    3       java.io.BufferedOutputStream::flush (12 bytes)
Event: 54.481 Thread 0x00007f7f5c129000 nmethod 989 0x00007f7f4509ec10 code [0x00007f7f4509ee00, 0x00007f7f4509f358]
Event: 54.481 Thread 0x00007f7f5c129000  990       3       java.io.BufferedOutputStream::flushBuffer (29 bytes)
Event: 54.482 Thread 0x00007f7f5c129000 nmethod 990 0x00007f7f4509f490 code [0x00007f7f4509f660, 0x00007f7f4509f908]
Event: 173.604 Thread 0x00007f7f5c129000  991       3       jnr.ffi.Struct$Info::<init> (57 bytes)
Event: 173.605 Thread 0x00007f7f5c129000 nmethod 991 0x00007f7f4509fa10 code [0x00007f7f4509fbe0, 0x00007f7f450a0070]

GC Heap History (2 events):
Event: 2.607 GC heap before
{Heap before GC invocations=0 (full 0):
 garbage-first heap   total 131072K, used 24184K [0x0000000082e00000, 0x0000000100000000)
  region size 1024K, 24 young (24576K), 0 survivors (0K)
 Metaspace       used 5644K, capacity 7701K, committed 7808K, reserved 1056768K
  class space    used 634K, capacity 862K, committed 896K, reserved 1048576K
}
Event: 2.623 GC heap after
{Heap after GC invocations=1 (full 0):
 garbage-first heap   total 131072K, used 2547K [0x0000000082e00000, 0x0000000100000000)
  region size 1024K, 2 young (2048K), 2 survivors (2048K)
 Metaspace       used 5644K, capacity 7701K, committed 7808K, reserved 1056768K
  class space    used 634K, capacity 862K, committed 896K, reserved 1048576K
}

Deoptimization events (10 events):
Event: 0.381 Thread 0x00007f7f5c012800 Uncommon trap: trap_request=0xffffff4d fr.pc=0x00007f7f4c43d808 relative=0x0000000000000148
Event: 0.381 Thread 0x00007f7f5c012800 Uncommon trap: reason=unstable_if action=reinterpret pc=0x00007f7f4c43d808 method=java.util.HashMap.getNode(ILjava/lang/Object;)Ljava/util/HashMap$Node; @ 129 c2
Event: 0.381 Thread 0x00007f7f5c012800 DEOPT PACKING pc=0x00007f7f4c43d808 sp=0x00007f7f65ab1e60
Event: 0.381 Thread 0x00007f7f5c012800 DEOPT UNPACKING pc=0x00007f7f44978525 sp=0x00007f7f65ab1df0 mode 2
Event: 0.474 Thread 0x00007f7f5c012800 Uncommon trap: trap_request=0xffffffde fr.pc=0x00007f7f4c44b0a4 relative=0x0000000000000804
Event: 0.474 Thread 0x00007f7f5c012800 Uncommon trap: reason=class_check action=maybe_recompile pc=0x00007f7f4c44b0a4 method=java.util.HashMap.putVal(ILjava/lang/Object;Ljava/lang/Object;ZZ)Ljava/lang/Object; @ 203 c2
Event: 0.474 Thread 0x00007f7f5c012800 DEOPT PACKING pc=0x00007f7f4c44b0a4 sp=0x00007f7f65ab4240
Event: 0.475 Thread 0x00007f7f5c012800 DEOPT UNPACKING pc=0x00007f7f44978525 sp=0x00007f7f65ab4178 mode 2
Event: 2.595 Thread 0x00007f7eec024800 DEOPT PACKING pc=0x00007f7f44f3dbc2 sp=0x00007f7f0248c950
Event: 2.595 Thread 0x00007f7eec024800 DEOPT UNPACKING pc=0x00007f7f4497833a sp=0x00007f7f0248bdd8 mode 0

Classes redefined (0 events):
No events

Internal exceptions (4 events):
Event: 0.229 Thread 0x00007f7f5c012800 Exception <a 'java/lang/NoSuchMethodError'{0x000000008a7065b0}: 'int java.lang.invoke.DirectMethodHandle$Holder.invokeSpecialIFC(java.lang.Object, java.lang.Object, int)'> (0x000000008a7065b0) thrown at [/build/openjdk-lts-7bqZff/openjdk-lts-11.0.4+11/src
Event: 0.465 Thread 0x00007f7f5c012800 Exception <a 'java/lang/NoSuchMethodError'{0x000000008a1f7088}: 'int java.lang.invoke.DirectMethodHandle$Holder.invokeInterface(java.lang.Object, java.lang.Object, java.lang.Object, java.lang.Object)'> (0x000000008a1f7088) thrown at [/build/openjdk-lts-7b
Event: 0.505 Thread 0x00007f7f5c012800 Exception <a 'java/lang/NoSuchMethodError'{0x0000000089f1c710}: 'int java.lang.invoke.DirectMethodHandle$Holder.invokeInterface(java.lang.Object, java.lang.Object, java.lang.Object, int)'> (0x0000000089f1c710) thrown at [/build/openjdk-lts-7bqZff/openjdk-
Event: 0.511 Thread 0x00007f7f5c012800 Exception <a 'java/lang/NoSuchMethodError'{0x0000000089f4c0d8}: 'void java.lang.invoke.DirectMethodHandle$Holder.invokeVirtual(java.lang.Object, java.lang.Object)'> (0x0000000089f4c0d8) thrown at [/build/openjdk-lts-7bqZff/openjdk-lts-11.0.4+11/src/hotspo

Events (10 events):
Event: 173.565 Thread 0x00007f7ee8030000 Thread added: 0x00007f7ee8030000
Event: 173.566 loading class jnr/ffi/BaseStruct$fsblkcnt64_t
Event: 173.566 loading class jnr/ffi/BaseStruct$fsblkcnt64_t done
Event: 173.566 loading class jnr/ffi/BaseStruct$fsfilcnt64_t
Event: 173.566 loading class jnr/ffi/BaseStruct$fsfilcnt64_t done
Event: 173.567 Thread 0x00007f7ee8030000 Thread exited: 0x00007f7ee8030000
Event: 173.571 Thread 0x00007f7ed8005800 Thread added: 0x00007f7ed8005800
Event: 173.571 Thread 0x00007f7ed8005800 Thread exited: 0x00007f7ed8005800
Event: 173.604 Thread 0x00007f7ee4029000 Thread added: 0x00007f7ee4029000
Event: 173.604 Thread 0x00007f7ee4029000 Thread exited: 0x00007f7ee4029000


Dynamic libraries:
82e00000-8ac00000 rw-p 00000000 00:00 0 
8ac00000-ffe00000 ---p 00000000 00:00 0 
ffe00000-ffe34000 rw-p 01116000 08:05 3672114                            /usr/lib/jvm/java-11-openjdk-amd64/lib/server/classes.jsa
ffe34000-fff00000 rw-p 00000000 00:00 0 
fff00000-fff6a000 rw-p 010ac000 08:05 3672114                            /usr/lib/jvm/java-11-openjdk-amd64/lib/server/classes.jsa
fff6a000-100000000 rw-p 00000000 00:00 0 
800000000-800002000 rwxp 00001000 08:05 3672114                          /usr/lib/jvm/java-11-openjdk-amd64/lib/server/classes.jsa
800002000-8003bd000 rw-p 00003000 08:05 3672114                          /usr/lib/jvm/java-11-openjdk-amd64/lib/server/classes.jsa
8003bd000-800a98000 r--p 003be000 08:05 3672114                          /usr/lib/jvm/java-11-openjdk-amd64/lib/server/classes.jsa
800a98000-800a99000 rw-p 00a99000 08:05 3672114                          /usr/lib/jvm/java-11-openjdk-amd64/lib/server/classes.jsa
800a99000-8010ab000 r--p 00a9a000 08:05 3672114                          /usr/lib/jvm/java-11-openjdk-amd64/lib/server/classes.jsa
840000000-8400e0000 rw-p 00000000 00:00 0 
8400e0000-880000000 ---p 00000000 00:00 0 
55ff613a9000-55ff613aa000 r-xp 00000000 08:05 3674084                    /usr/lib/jvm/java-11-openjdk-amd64/bin/java
55ff615aa000-55ff615ab000 r--p 00001000 08:05 3674084                    /usr/lib/jvm/java-11-openjdk-amd64/bin/java
55ff615ab000-55ff615ac000 rw-p 00002000 08:05 3674084                    /usr/lib/jvm/java-11-openjdk-amd64/bin/java
55ff6264c000-55ff6266d000 rw-p 00000000 00:00 0                          [heap]
7f7ecc000000-7f7ecc021000 rw-p 00000000 00:00 0 
7f7ecc021000-7f7ed0000000 ---p 00000000 00:00 0 
7f7ed0000000-7f7ed0021000 rw-p 00000000 00:00 0 
7f7ed0021000-7f7ed4000000 ---p 00000000 00:00 0 
7f7ed4000000-7f7ed4021000 rw-p 00000000 00:00 0 
7f7ed4021000-7f7ed8000000 ---p 00000000 00:00 0 
7f7ed8000000-7f7ed8021000 rw-p 00000000 00:00 0 
7f7ed8021000-7f7edc000000 ---p 00000000 00:00 0 
7f7edf7ff000-7f7edf800000 ---p 00000000 00:00 0 
7f7edf800000-7f7edf801000 rw-p 00000000 00:00 0 
7f7edf801000-7f7edf805000 ---p 00000000 00:00 0 
7f7edf805000-7f7ee0000000 rw-p 00000000 00:00 0 
7f7ee0000000-7f7ee002a000 rw-p 00000000 00:00 0 
7f7ee002a000-7f7ee4000000 ---p 00000000 00:00 0 
7f7ee4000000-7f7ee402c000 rw-p 00000000 00:00 0 
7f7ee402c000-7f7ee8000000 ---p 00000000 00:00 0 
7f7ee8000000-7f7ee8033000 rw-p 00000000 00:00 0 
7f7ee8033000-7f7eec000000 ---p 00000000 00:00 0 
7f7eec000000-7f7eec04f000 rw-p 00000000 00:00 0 
7f7eec04f000-7f7ef0000000 ---p 00000000 00:00 0 
7f7ef0000000-7f7ef0021000 rw-p 00000000 00:00 0 
7f7ef0021000-7f7ef4000000 ---p 00000000 00:00 0 
7f7ef4000000-7f7ef4076000 rw-p 00000000 00:00 0 
7f7ef4076000-7f7ef8000000 ---p 00000000 00:00 0 
7f7ef8000000-7f7ef8021000 rw-p 00000000 00:00 0 
7f7ef8021000-7f7efc000000 ---p 00000000 00:00 0 
7f7efc000000-7f7efc021000 rw-p 00000000 00:00 0 
7f7efc021000-7f7f00000000 ---p 00000000 00:00 0 
7f7f00288000-7f7f00289000 ---p 00000000 00:00 0 
7f7f00289000-7f7f0038a000 rw-p 00000000 00:00 0 
7f7f0038a000-7f7f0038b000 ---p 00000000 00:00 0 
7f7f0038b000-7f7f0048c000 rw-p 00000000 00:00 0 
7f7f0048c000-7f7f0048d000 ---p 00000000 00:00 0 
7f7f0048d000-7f7f0048e000 rw-p 00000000 00:00 0 
7f7f0048e000-7f7f00492000 ---p 00000000 00:00 0 
7f7f00492000-7f7f00c8d000 rw-p 00000000 00:00 0 
7f7f00c8d000-7f7f00c8e000 ---p 00000000 00:00 0 
7f7f00c8e000-7f7f00c8f000 rw-p 00000000 00:00 0 
7f7f00c8f000-7f7f00c93000 ---p 00000000 00:00 0 
7f7f00c93000-7f7f0148e000 rw-p 00000000 00:00 0 
7f7f0148e000-7f7f0148f000 ---p 00000000 00:00 0 
7f7f0148f000-7f7f01490000 rw-p 00000000 00:00 0 
7f7f01490000-7f7f01494000 ---p 00000000 00:00 0 
7f7f01494000-7f7f01c8f000 rw-p 00000000 00:00 0 
7f7f01c8f000-7f7f01c90000 ---p 00000000 00:00 0 
7f7f01c90000-7f7f01c91000 rw-p 00000000 00:00 0 
7f7f01c91000-7f7f01c95000 ---p 00000000 00:00 0 
7f7f01c95000-7f7f02490000 rw-p 00000000 00:00 0 
7f7f02490000-7f7f02492000 r-xp 00000000 08:05 3674144                    /usr/lib/jvm/java-11-openjdk-amd64/lib/libextnet.so
7f7f02492000-7f7f02691000 ---p 00002000 08:05 3674144                    /usr/lib/jvm/java-11-openjdk-amd64/lib/libextnet.so
7f7f02691000-7f7f02692000 r--p 00001000 08:05 3674144                    /usr/lib/jvm/java-11-openjdk-amd64/lib/libextnet.so
7f7f02692000-7f7f02693000 rw-p 00002000 08:05 3674144                    /usr/lib/jvm/java-11-openjdk-amd64/lib/libextnet.so
7f7f02696000-7f7f02697000 ---p 00000000 00:00 0 
7f7f02697000-7f7f02698000 rw-p 00000000 00:00 0 
7f7f02698000-7f7f0269c000 ---p 00000000 00:00 0 
7f7f0269c000-7f7f02e97000 rw-p 00000000 00:00 0 
7f7f02e97000-7f7f02e98000 ---p 00000000 00:00 0 
7f7f02e98000-7f7f02e99000 rw-p 00000000 00:00 0 
7f7f02e99000-7f7f02e9d000 ---p 00000000 00:00 0 
7f7f02e9d000-7f7f03698000 rw-p 00000000 00:00 0 
7f7f03698000-7f7f03699000 r-xp 00000000 08:05 3674150                    /usr/lib/jvm/java-11-openjdk-amd64/lib/libjaas.so
7f7f03699000-7f7f03898000 ---p 00001000 08:05 3674150                    /usr/lib/jvm/java-11-openjdk-amd64/lib/libjaas.so
7f7f03898000-7f7f03899000 r--p 00000000 08:05 3674150                    /usr/lib/jvm/java-11-openjdk-amd64/lib/libjaas.so
7f7f03899000-7f7f0389a000 rw-p 00001000 08:05 3674150                    /usr/lib/jvm/java-11-openjdk-amd64/lib/libjaas.so
7f7f0389f000-7f7f038a3000 ---p 00000000 00:00 0 
7f7f038a3000-7f7f039a0000 rw-p 00000000 00:00 0 
7f7f039a0000-7f7f039ca000 r-xp 00000000 08:05 7344903                    /lib/x86_64-linux-gnu/libfuse.so.2.9.7
7f7f039ca000-7f7f03bc9000 ---p 0002a000 08:05 7344903                    /lib/x86_64-linux-gnu/libfuse.so.2.9.7
7f7f03bc9000-7f7f03bdb000 r--p 00029000 08:05 7344903                    /lib/x86_64-linux-gnu/libfuse.so.2.9.7
7f7f03bdb000-7f7f03bdc000 rw-p 0003b000 08:05 7344903                    /lib/x86_64-linux-gnu/libfuse.so.2.9.7
7f7f03be0000-7f7f03be6000 r-xp 00000000 08:05 8257574                    /tmp/.libFUSELink.so
7f7f03be6000-7f7f03de5000 ---p 00006000 08:05 8257574                    /tmp/.libFUSELink.so
7f7f03de5000-7f7f03de6000 r--p 00005000 08:05 8257574                    /tmp/.libFUSELink.so
7f7f03de6000-7f7f03de7000 rw-p 00006000 08:05 8257574                    /tmp/.libFUSELink.so
7f7f03de8000-7f7f03dfa000 r-xp 00000000 08:05 8257560                    /tmp/jffi8190656423495664517.so (deleted)
7f7f03dfa000-7f7f03ff9000 ---p 00012000 08:05 8257560                    /tmp/jffi8190656423495664517.so (deleted)
7f7f03ff9000-7f7f03ffa000 rw-p 00011000 08:05 8257560                    /tmp/jffi8190656423495664517.so (deleted)
7f7f04000000-7f7f04021000 rw-p 00000000 00:00 0 
7f7f04021000-7f7f08000000 ---p 00000000 00:00 0 
7f7f08000000-7f7f08021000 rw-p 00000000 00:00 0 
7f7f08021000-7f7f0c000000 ---p 00000000 00:00 0 
7f7f0c000000-7f7f0c3f7000 rw-p 00000000 00:00 0 
7f7f0c3f7000-7f7f10000000 ---p 00000000 00:00 0 
7f7f10000000-7f7f10021000 rw-p 00000000 00:00 0 
7f7f10021000-7f7f14000000 ---p 00000000 00:00 0 
7f7f14000000-7f7f14021000 rw-p 00000000 00:00 0 
7f7f14021000-7f7f18000000 ---p 00000000 00:00 0 
7f7f18000000-7f7f1829d000 rw-p 00000000 00:00 0 
7f7f1829d000-7f7f1c000000 ---p 00000000 00:00 0 
7f7f1c000000-7f7f1c021000 rw-p 00000000 00:00 0 
7f7f1c021000-7f7f20000000 ---p 00000000 00:00 0 
7f7f20000000-7f7f20021000 rw-p 00000000 00:00 0 
7f7f20021000-7f7f24000000 ---p 00000000 00:00 0 
7f7f24000000-7f7f24021000 rw-p 00000000 00:00 0 
7f7f24021000-7f7f28000000 ---p 00000000 00:00 0 
7f7f28000000-7f7f28021000 rw-p 00000000 00:00 0 
7f7f28021000-7f7f2c000000 ---p 00000000 00:00 0 
7f7f2c000000-7f7f2c021000 rw-p 00000000 00:00 0 
7f7f2c021000-7f7f30000000 ---p 00000000 00:00 0 
7f7f30000000-7f7f30021000 rw-p 00000000 00:00 0 
7f7f30021000-7f7f34000000 ---p 00000000 00:00 0 
7f7f340f7000-7f7f340fb000 ---p 00000000 00:00 0 
7f7f340fb000-7f7f341f8000 rw-p 00000000 00:00 0 
7f7f341f8000-7f7f3420e000 r-xp 00000000 08:05 3674164                    /usr/lib/jvm/java-11-openjdk-amd64/lib/libnet.so
7f7f3420e000-7f7f3440d000 ---p 00016000 08:05 3674164                    /usr/lib/jvm/java-11-openjdk-amd64/lib/libnet.so
7f7f3440d000-7f7f3440e000 r--p 00015000 08:05 3674164                    /usr/lib/jvm/java-11-openjdk-amd64/lib/libnet.so
7f7f3440e000-7f7f3440f000 rw-p 00016000 08:05 3674164                    /usr/lib/jvm/java-11-openjdk-amd64/lib/libnet.so
7f7f34410000-7f7f34420000 r-xp 00000000 08:05 3674165                    /usr/lib/jvm/java-11-openjdk-amd64/lib/libnio.so
7f7f34420000-7f7f3461f000 ---p 00010000 08:05 3674165                    /usr/lib/jvm/java-11-openjdk-amd64/lib/libnio.so
7f7f3461f000-7f7f34620000 r--p 0000f000 08:05 3674165                    /usr/lib/jvm/java-11-openjdk-amd64/lib/libnio.so
7f7f34620000-7f7f34621000 rw-p 00010000 08:05 3674165                    /usr/lib/jvm/java-11-openjdk-amd64/lib/libnio.so
7f7f34628000-7f7f3462c000 ---p 00000000 00:00 0 
7f7f3462c000-7f7f34729000 rw-p 00000000 00:00 0 
7f7f34729000-7f7f3472a000 ---p 00000000 00:00 0 
7f7f3472a000-7f7f3482b000 rw-p 00000000 00:00 0 
7f7f3482b000-7f7f3482f000 ---p 00000000 00:00 0 
7f7f3482f000-7f7f3492c000 rw-p 00000000 00:00 0 
7f7f3492c000-7f7f34930000 ---p 00000000 00:00 0 
7f7f34930000-7f7f34a2d000 rw-p 00000000 00:00 0 
7f7f34a2d000-7f7f34a31000 ---p 00000000 00:00 0 
7f7f34a31000-7f7f34b2e000 rw-p 00000000 00:00 0 
7f7f34b2e000-7f7f34b32000 ---p 00000000 00:00 0 
7f7f34b32000-7f7f34c2f000 rw-p 00000000 00:00 0 
7f7f34c2f000-7f7f34c33000 ---p 00000000 00:00 0 
7f7f34c33000-7f7f34d30000 rw-p 00000000 00:00 0 
7f7f34d30000-7f7f356ff000 r--p 00000000 08:05 3676802                    /usr/lib/locale/locale-archive
7f7f356ff000-7f7f35703000 ---p 00000000 00:00 0 
7f7f35703000-7f7f35ec0000 rw-p 00000000 00:00 0 
7f7f35ec0000-7f7f36000000 ---p 00000000 00:00 0 
7f7f36000000-7f7f38000000 rw-p 00000000 00:00 0 
7f7f38000000-7f7f38021000 rw-p 00000000 00:00 0 
7f7f38021000-7f7f3c000000 ---p 00000000 00:00 0 
7f7f3c06f000-7f7f3c073000 ---p 00000000 00:00 0 
7f7f3c073000-7f7f3c368000 rw-p 00000000 00:00 0 
7f7f3c368000-7f7f3e0b0000 ---p 00000000 00:00 0 
7f7f3e0b0000-7f7f3e2b0000 rw-p 00000000 00:00 0 
7f7f3e2b0000-7f7f3fff8000 ---p 00000000 00:00 0 
7f7f3fff8000-7f7f40000000 rw-p 00000000 00:00 0 
7f7f40000000-7f7f40021000 rw-p 00000000 00:00 0 
7f7f40021000-7f7f44000000 ---p 00000000 00:00 0 
7f7f44093000-7f7f440c4000 rw-p 00000000 00:00 0 
7f7f440c4000-7f7f440c5000 ---p 00000000 00:00 0 
7f7f440c5000-7f7f44247000 rw-p 00000000 00:00 0 
7f7f44247000-7f7f44248000 ---p 00000000 00:00 0 
7f7f44248000-7f7f44349000 rw-p 00000000 00:00 0 
7f7f44349000-7f7f4434a000 ---p 00000000 00:00 0 
7f7f4434a000-7f7f44950000 rw-p 00000000 00:00 0 
7f7f44950000-7f7f44bc0000 rwxp 00000000 00:00 0 
7f7f44bc0000-7f7f44ee1000 ---p 00000000 00:00 0 
7f7f44ee1000-7f7f45151000 rwxp 00000000 00:00 0 
7f7f45151000-7f7f4c418000 ---p 00000000 00:00 0 
7f7f4c418000-7f7f4c688000 rwxp 00000000 00:00 0 
7f7f4c688000-7f7f53950000 ---p 00000000 00:00 0 
7f7f53950000-7f7f5bffa000 r--s 00000000 08:05 3674176                    /usr/lib/jvm/java-11-openjdk-amd64/lib/modules
7f7f5c000000-7f7f5c47b000 rw-p 00000000 00:00 0 
7f7f5c47b000-7f7f60000000 ---p 00000000 00:00 0 
7f7f6001b000-7f7f603a1000 rw-p 00000000 00:00 0 
7f7f603a1000-7f7f603a2000 ---p 00000000 00:00 0 
7f7f603a2000-7f7f604a3000 rw-p 00000000 00:00 0 
7f7f604a3000-7f7f604a4000 ---p 00000000 00:00 0 
7f7f604a4000-7f7f605e4000 rw-p 00000000 00:00 0 
7f7f605e4000-7f7f6098d000 ---p 00000000 00:00 0 
7f7f6098d000-7f7f609cd000 rw-p 00000000 00:00 0 
7f7f609cd000-7f7f60d76000 ---p 00000000 00:00 0 
7f7f60d76000-7f7f60db6000 rw-p 00000000 00:00 0 
7f7f60db6000-7f7f6115f000 ---p 00000000 00:00 0 
7f7f6115f000-7f7f61968000 rw-p 00000000 00:00 0 
7f7f61968000-7f7f61969000 ---p 00000000 00:00 0 
7f7f61969000-7f7f61a6f000 rw-p 00000000 00:00 0 
7f7f61a6f000-7f7f61b55000 ---p 00000000 00:00 0 
7f7f61b55000-7f7f61b5a000 rw-p 00000000 00:00 0 
7f7f61b5a000-7f7f61c40000 ---p 00000000 00:00 0 
7f7f61c40000-7f7f61c45000 r-xp 00000000 08:05 3674155                    /usr/lib/jvm/java-11-openjdk-amd64/lib/libjimage.so
7f7f61c45000-7f7f61e44000 ---p 00005000 08:05 3674155                    /usr/lib/jvm/java-11-openjdk-amd64/lib/libjimage.so
7f7f61e44000-7f7f61e45000 r--p 00004000 08:05 3674155                    /usr/lib/jvm/java-11-openjdk-amd64/lib/libjimage.so
7f7f61e45000-7f7f61e46000 rw-p 00005000 08:05 3674155                    /usr/lib/jvm/java-11-openjdk-amd64/lib/libjimage.so
7f7f61e48000-7f7f61e4f000 r-xp 00000000 08:05 3674175                    /usr/lib/jvm/java-11-openjdk-amd64/lib/libzip.so
7f7f61e4f000-7f7f6204e000 ---p 00007000 08:05 3674175                    /usr/lib/jvm/java-11-openjdk-amd64/lib/libzip.so
7f7f6204e000-7f7f6204f000 r--p 00006000 08:05 3674175                    /usr/lib/jvm/java-11-openjdk-amd64/lib/libzip.so
7f7f6204f000-7f7f62050000 rw-p 00007000 08:05 3674175                    /usr/lib/jvm/java-11-openjdk-amd64/lib/libzip.so
7f7f62050000-7f7f6205b000 r-xp 00000000 08:05 7344957                    /lib/x86_64-linux-gnu/libnss_files-2.27.so
7f7f6205b000-7f7f6225a000 ---p 0000b000 08:05 7344957                    /lib/x86_64-linux-gnu/libnss_files-2.27.so
7f7f6225a000-7f7f6225b000 r--p 0000a000 08:05 7344957                    /lib/x86_64-linux-gnu/libnss_files-2.27.so
7f7f6225b000-7f7f6225c000 rw-p 0000b000 08:05 7344957                    /lib/x86_64-linux-gnu/libnss_files-2.27.so
7f7f6225c000-7f7f62262000 rw-p 00000000 00:00 0 
7f7f62268000-7f7f6227f000 r-xp 00000000 08:05 7344951                    /lib/x86_64-linux-gnu/libnsl-2.27.so
7f7f6227f000-7f7f6247e000 ---p 00017000 08:05 7344951                    /lib/x86_64-linux-gnu/libnsl-2.27.so
7f7f6247e000-7f7f6247f000 r--p 00016000 08:05 7344951                    /lib/x86_64-linux-gnu/libnsl-2.27.so
7f7f6247f000-7f7f62480000 rw-p 00017000 08:05 7344951                    /lib/x86_64-linux-gnu/libnsl-2.27.so
7f7f62480000-7f7f62482000 rw-p 00000000 00:00 0 
7f7f62488000-7f7f62493000 r-xp 00000000 08:05 7344968                    /lib/x86_64-linux-gnu/libnss_nis-2.27.so
7f7f62493000-7f7f62692000 ---p 0000b000 08:05 7344968                    /lib/x86_64-linux-gnu/libnss_nis-2.27.so
7f7f62692000-7f7f62693000 r--p 0000a000 08:05 7344968                    /lib/x86_64-linux-gnu/libnss_nis-2.27.so
7f7f62693000-7f7f62694000 rw-p 0000b000 08:05 7344968                    /lib/x86_64-linux-gnu/libnss_nis-2.27.so
7f7f62698000-7f7f626a0000 r-xp 00000000 08:05 7344953                    /lib/x86_64-linux-gnu/libnss_compat-2.27.so
7f7f626a0000-7f7f628a0000 ---p 00008000 08:05 7344953                    /lib/x86_64-linux-gnu/libnss_compat-2.27.so
7f7f628a0000-7f7f628a1000 r--p 00008000 08:05 7344953                    /lib/x86_64-linux-gnu/libnss_compat-2.27.so
7f7f628a1000-7f7f628a2000 rw-p 00009000 08:05 7344953                    /lib/x86_64-linux-gnu/libnss_compat-2.27.so
7f7f628a8000-7f7f628d1000 r-xp 00000000 08:05 3674151                    /usr/lib/jvm/java-11-openjdk-amd64/lib/libjava.so
7f7f628d1000-7f7f62ad0000 ---p 00029000 08:05 3674151                    /usr/lib/jvm/java-11-openjdk-amd64/lib/libjava.so
7f7f62ad0000-7f7f62ad1000 r--p 00028000 08:05 3674151                    /usr/lib/jvm/java-11-openjdk-amd64/lib/libjava.so
7f7f62ad1000-7f7f62ad3000 rw-p 00029000 08:05 3674151                    /usr/lib/jvm/java-11-openjdk-amd64/lib/libjava.so
7f7f62ad8000-7f7f62ae5000 r-xp 00000000 08:05 3674174                    /usr/lib/jvm/java-11-openjdk-amd64/lib/libverify.so
7f7f62ae5000-7f7f62ce4000 ---p 0000d000 08:05 3674174                    /usr/lib/jvm/java-11-openjdk-amd64/lib/libverify.so
7f7f62ce4000-7f7f62ce6000 r--p 0000c000 08:05 3674174                    /usr/lib/jvm/java-11-openjdk-amd64/lib/libverify.so
7f7f62ce6000-7f7f62ce7000 rw-p 0000e000 08:05 3674174                    /usr/lib/jvm/java-11-openjdk-amd64/lib/libverify.so
7f7f62ce8000-7f7f62cef000 r-xp 00000000 08:05 7345008                    /lib/x86_64-linux-gnu/librt-2.27.so
7f7f62cef000-7f7f62eee000 ---p 00007000 08:05 7345008                    /lib/x86_64-linux-gnu/librt-2.27.so
7f7f62eee000-7f7f62eef000 r--p 00006000 08:05 7345008                    /lib/x86_64-linux-gnu/librt-2.27.so
7f7f62eef000-7f7f62ef0000 rw-p 00007000 08:05 7345008                    /lib/x86_64-linux-gnu/librt-2.27.so
7f7f62ef0000-7f7f62f07000 r-xp 00000000 08:05 7340123                    /lib/x86_64-linux-gnu/libgcc_s.so.1
7f7f62f07000-7f7f63106000 ---p 00017000 08:05 7340123                    /lib/x86_64-linux-gnu/libgcc_s.so.1
7f7f63106000-7f7f63107000 r--p 00016000 08:05 7340123                    /lib/x86_64-linux-gnu/libgcc_s.so.1
7f7f63107000-7f7f63108000 rw-p 00017000 08:05 7340123                    /lib/x86_64-linux-gnu/libgcc_s.so.1
7f7f63108000-7f7f632a5000 r-xp 00000000 08:05 7344930                    /lib/x86_64-linux-gnu/libm-2.27.so
7f7f632a5000-7f7f634a4000 ---p 0019d000 08:05 7344930                    /lib/x86_64-linux-gnu/libm-2.27.so
7f7f634a4000-7f7f634a5000 r--p 0019c000 08:05 7344930                    /lib/x86_64-linux-gnu/libm-2.27.so
7f7f634a5000-7f7f634a6000 rw-p 0019d000 08:05 7344930                    /lib/x86_64-linux-gnu/libm-2.27.so
7f7f634a8000-7f7f63621000 r-xp 00000000 08:05 3677075                    /usr/lib/x86_64-linux-gnu/libstdc++.so.6.0.25
7f7f63621000-7f7f63821000 ---p 00179000 08:05 3677075                    /usr/lib/x86_64-linux-gnu/libstdc++.so.6.0.25
7f7f63821000-7f7f6382b000 r--p 00179000 08:05 3677075                    /usr/lib/x86_64-linux-gnu/libstdc++.so.6.0.25
7f7f6382b000-7f7f6382d000 rw-p 00183000 08:05 3677075                    /usr/lib/x86_64-linux-gnu/libstdc++.so.6.0.25
7f7f6382d000-7f7f63831000 rw-p 00000000 00:00 0 
7f7f63838000-7f7f64904000 r-xp 00000000 08:05 3674179                    /usr/lib/jvm/java-11-openjdk-amd64/lib/server/libjvm.so
7f7f64904000-7f7f64b03000 ---p 010cc000 08:05 3674179                    /usr/lib/jvm/java-11-openjdk-amd64/lib/server/libjvm.so
7f7f64b03000-7f7f64bc0000 r--p 010cb000 08:05 3674179                    /usr/lib/jvm/java-11-openjdk-amd64/lib/server/libjvm.so
7f7f64bc0000-7f7f64bf9000 rw-p 01188000 08:05 3674179                    /usr/lib/jvm/java-11-openjdk-amd64/lib/server/libjvm.so
7f7f64bf9000-7f7f64c4f000 rw-p 00000000 00:00 0 
7f7f64c50000-7f7f64c6a000 r-xp 00000000 08:05 7345000                    /lib/x86_64-linux-gnu/libpthread-2.27.so
7f7f64c6a000-7f7f64e69000 ---p 0001a000 08:05 7345000                    /lib/x86_64-linux-gnu/libpthread-2.27.so
7f7f64e69000-7f7f64e6a000 r--p 00019000 08:05 7345000                    /lib/x86_64-linux-gnu/libpthread-2.27.so
7f7f64e6a000-7f7f64e6b000 rw-p 0001a000 08:05 7345000                    /lib/x86_64-linux-gnu/libpthread-2.27.so
7f7f64e6b000-7f7f64e6f000 rw-p 00000000 00:00 0 
7f7f64e70000-7f7f64e73000 r-xp 00000000 08:05 7344890                    /lib/x86_64-linux-gnu/libdl-2.27.so
7f7f64e73000-7f7f65072000 ---p 00003000 08:05 7344890                    /lib/x86_64-linux-gnu/libdl-2.27.so
7f7f65072000-7f7f65073000 r--p 00002000 08:05 7344890                    /lib/x86_64-linux-gnu/libdl-2.27.so
7f7f65073000-7f7f65074000 rw-p 00003000 08:05 7344890                    /lib/x86_64-linux-gnu/libdl-2.27.so
7f7f65078000-7f7f65094000 r-xp 00000000 08:05 7345039                    /lib/x86_64-linux-gnu/libz.so.1.2.11
7f7f65094000-7f7f65293000 ---p 0001c000 08:05 7345039                    /lib/x86_64-linux-gnu/libz.so.1.2.11
7f7f65293000-7f7f65294000 r--p 0001b000 08:05 7345039                    /lib/x86_64-linux-gnu/libz.so.1.2.11
7f7f65294000-7f7f65295000 rw-p 0001c000 08:05 7345039                    /lib/x86_64-linux-gnu/libz.so.1.2.11
7f7f65298000-7f7f6547f000 r-xp 00000000 08:05 7344867                    /lib/x86_64-linux-gnu/libc-2.27.so
7f7f6547f000-7f7f6567f000 ---p 001e7000 08:05 7344867                    /lib/x86_64-linux-gnu/libc-2.27.so
7f7f6567f000-7f7f65683000 r--p 001e7000 08:05 7344867                    /lib/x86_64-linux-gnu/libc-2.27.so
7f7f65683000-7f7f65685000 rw-p 001eb000 08:05 7344867                    /lib/x86_64-linux-gnu/libc-2.27.so
7f7f65685000-7f7f65689000 rw-p 00000000 00:00 0 
7f7f65690000-7f7f656a0000 r-xp 00000000 08:05 3674135                    /usr/lib/jvm/java-11-openjdk-amd64/lib/jli/libjli.so
7f7f656a0000-7f7f6589f000 ---p 00010000 08:05 3674135                    /usr/lib/jvm/java-11-openjdk-amd64/lib/jli/libjli.so
7f7f6589f000-7f7f658a0000 r--p 0000f000 08:05 3674135                    /usr/lib/jvm/java-11-openjdk-amd64/lib/jli/libjli.so
7f7f658a0000-7f7f658a1000 rw-p 00010000 08:05 3674135                    /usr/lib/jvm/java-11-openjdk-amd64/lib/jli/libjli.so
7f7f658a3000-7f7f658a6000 rw-p 00000000 00:00 0 
7f7f658a6000-7f7f658a8000 r-xp 00000000 00:00 0 
7f7f658a8000-7f7f658cf000 r-xp 00000000 08:05 7344839                    /lib/x86_64-linux-gnu/ld-2.27.so
7f7f658cf000-7f7f658d8000 r-xp 00000000 00:00 0 
7f7f658d8000-7f7f658df000 r--s 00000000 08:05 3935193                    /usr/lib/x86_64-linux-gnu/gconv/gconv-modules.cache
7f7f658df000-7f7f659a8000 rw-p 00000000 00:00 0 
7f7f659a8000-7f7f659af000 ---p 00000000 00:00 0 
7f7f659af000-7f7f659b1000 r--s 00007000 08:05 4066135                    /usr/share/java/java-atk-wrapper.jar
7f7f659b1000-7f7f659b5000 r-xp 00000000 00:00 0 
7f7f659b5000-7f7f659b9000 ---p 00000000 00:00 0 
7f7f659b9000-7f7f65ab8000 rw-p 00000000 00:00 0 
7f7f65ab8000-7f7f65ab9000 r-xp 00000000 00:00 0 
7f7f65ab9000-7f7f65ac0000 r-xp 00000000 00:00 0 
7f7f65ac0000-7f7f65ac8000 rw-s 00000000 08:05 8651022                    /tmp/hsperfdata_cheesegr8er/6061
7f7f65ac8000-7f7f65acd000 r-xp 00000000 00:00 0 
7f7f65acd000-7f7f65ace000 ---p 00000000 00:00 0 
7f7f65ace000-7f7f65acf000 r--p 00000000 00:00 0 
7f7f65acf000-7f7f65ad0000 r--p 00027000 08:05 7344839                    /lib/x86_64-linux-gnu/ld-2.27.so
7f7f65ad0000-7f7f65ad1000 rw-p 00028000 08:05 7344839                    /lib/x86_64-linux-gnu/ld-2.27.so
7f7f65ad1000-7f7f65ad4000 rw-p 00000000 00:00 0 
7ffc2b396000-7ffc2b3b7000 rw-p 00000000 00:00 0                          [stack]
7ffc2b3f0000-7ffc2b3f3000 r--p 00000000 00:00 0                          [vvar]
7ffc2b3f3000-7ffc2b3f4000 r-xp 00000000 00:00 0                          [vdso]
ffffffffff600000-ffffffffff601000 r-xp 00000000 00:00 0                  [vsyscall]


VM Arguments:
jvm_args: -Dfile.encoding=UTF-8 
java_command: MemoryFS -d -f /home/cheesegr8er/Downloads/TestFileRoot
java_class_path (initial): /home/cheesegr8er/eclipse-workspace/MemoryFS/target/classes:/home/cheesegr8er/.m2/repository/com/github/lukethompsxn/edufuse/1.0.3/edufuse-1.0.3.jar:/home/cheesegr8er/.m2/repository/com/github/jnr/jnr-ffi/2.1.7/jnr-ffi-2.1.7.jar:/home/cheesegr8er/.m2/repository/com/github/jnr/jffi/1.2.16/jffi-1.2.16.jar:/home/cheesegr8er/.m2/repository/com/github/jnr/jffi/1.2.16/jffi-1.2.16-native.jar:/home/cheesegr8er/.m2/repository/org/ow2/asm/asm/5.0.3/asm-5.0.3.jar:/home/cheesegr8er/.m2/repository/org/ow2/asm/asm-commons/5.0.3/asm-commons-5.0.3.jar:/home/cheesegr8er/.m2/repository/org/ow2/asm/asm-analysis/5.0.3/asm-analysis-5.0.3.jar:/home/cheesegr8er/.m2/repository/org/ow2/asm/asm-tree/5.0.3/asm-tree-5.0.3.jar:/home/cheesegr8er/.m2/repository/org/ow2/asm/asm-util/5.0.3/asm-util-5.0.3.jar:/home/cheesegr8er/.m2/repository/com/github/jnr/jnr-x86asm/1.0.2/jnr-x86asm-1.0.2.jar:/home/cheesegr8er/.m2/repository/com/github/jnr/jnr-posix/3.0.44/jnr-posix-3.0.44.jar:/home/cheesegr8er/.m2/repository/com/github/jnr/jnr-constants/0.9.9/jnr-constants-0.9.9.jar:/home/cheesegr8er/.m2/repository/com/googlecode/json-simple/json-simple/1.1.1/json-simple-1.1.1.jar:/home/cheesegr8er/.m2/repository/junit/junit/4.10/junit-4.10.jar:/home/cheesegr8er/.m2/repository/org/hamcrest/hamcrest-core/1.1/hamcrest-core-1.1.jar
Launcher Type: SUN_STANDARD

[Global flags]
     intx CICompilerCount                          = 4                                         {product} {ergonomic}
     uint ConcGCThreads                            = 2                                         {product} {ergonomic}
     uint G1ConcRefinementThreads                  = 8                                         {product} {ergonomic}
   size_t G1HeapRegionSize                         = 1048576                                   {product} {ergonomic}
    uintx GCDrainStackTargetSize                   = 64                                        {product} {ergonomic}
   size_t InitialHeapSize                          = 132120576                                 {product} {ergonomic}
   size_t MarkStackSize                            = 4194304                                   {product} {ergonomic}
   size_t MaxHeapSize                              = 2099249152                                {product} {ergonomic}
   size_t MaxNewSize                               = 1259339776                                {product} {ergonomic}
   size_t MinHeapDeltaBytes                        = 1048576                                   {product} {ergonomic}
    uintx NonNMethodCodeHeapSize                   = 5835340                                {pd product} {ergonomic}
    uintx NonProfiledCodeHeapSize                  = 122911450                              {pd product} {ergonomic}
    uintx ProfiledCodeHeapSize                     = 122911450                              {pd product} {ergonomic}
    uintx ReservedCodeCacheSize                    = 251658240                              {pd product} {ergonomic}
     bool SegmentedCodeCache                       = true                                      {product} {ergonomic}
     bool UseCompressedClassPointers               = true                                 {lp64_product} {ergonomic}
     bool UseCompressedOops                        = true                                 {lp64_product} {ergonomic}
     bool UseG1GC                                  = true                                      {product} {ergonomic}

Logging:
Log output configuration:
 #0: stdout all=warning uptime,level,tags
 #1: stderr all=off uptime,level,tags

Environment Variables:
JAVA_HOME=/lib/jvm/java-11-openjdk-amd64/bin/java
PATH=/usr/local/sbin:/usr/local/bin:/usr/sbin:/usr/bin:/sbin:/bin:/usr/games:/usr/local/games:/snap/bin
USERNAME=cheesegr8er
SHELL=/bin/bash
DISPLAY=:0

Signal Handlers:
SIGSEGV: [libjvm.so+0xde5f50], sa_mask[0]=11111111011111111101111111111110, sa_flags=SA_RESTART|SA_SIGINFO
SIGBUS: [libjvm.so+0xde5f50], sa_mask[0]=11111111011111111101111111111110, sa_flags=SA_RESTART|SA_SIGINFO
SIGFPE: [libjvm.so+0xde5f50], sa_mask[0]=11111111011111111101111111111110, sa_flags=SA_RESTART|SA_SIGINFO
SIGPIPE: [libjvm.so+0xbba5b0], sa_mask[0]=11111111011111111101111111111110, sa_flags=SA_RESTART|SA_SIGINFO
SIGXFSZ: [libjvm.so+0xbba5b0], sa_mask[0]=11111111011111111101111111111110, sa_flags=SA_RESTART|SA_SIGINFO
SIGILL: [libjvm.so+0xde5f50], sa_mask[0]=11111111011111111101111111111110, sa_flags=SA_RESTART|SA_SIGINFO
SIGUSR2: [libjvm.so+0xbba450], sa_mask[0]=00100000000000000000000000000000, sa_flags=SA_RESTART|SA_SIGINFO
SIGHUP: [libjvm.so+0xbba7b0], sa_mask[0]=11111111011111111101111111111110, sa_flags=SA_RESTART|SA_SIGINFO
SIGINT: [libjvm.so+0xbba7b0], sa_mask[0]=11111111011111111101111111111110, sa_flags=SA_RESTART|SA_SIGINFO
SIGTERM: [libjvm.so+0xbba7b0], sa_mask[0]=11111111011111111101111111111110, sa_flags=SA_RESTART|SA_SIGINFO
SIGQUIT: [libjvm.so+0xbba7b0], sa_mask[0]=11111111011111111101111111111110, sa_flags=SA_RESTART|SA_SIGINFO


---------------  S Y S T E M  ---------------

OS:DISTRIB_ID=Ubuntu
DISTRIB_RELEASE=18.04
DISTRIB_CODENAME=bionic
DISTRIB_DESCRIPTION="Ubuntu 18.04.2 LTS"
uname:Linux 5.0.0-29-generic #31~18.04.1-Ubuntu SMP Thu Sep 12 18:29:21 UTC 2019 x86_64
libc:glibc 2.27 NPTL 2.27 
rlimit: STACK 8192k, CORE 0k, NPROC 31574, NOFILE 4096, AS infinity, DATA infinity, FSIZE infinity
load average:2.54 2.70 2.35

/proc/meminfo:
MemTotal:        8196776 kB
MemFree:         1737420 kB
MemAvailable:    4198628 kB
Buffers:          115632 kB
Cached:          2753048 kB
SwapCached:            0 kB
Active:          4465048 kB
Inactive:        1593080 kB
Active(anon):    3190152 kB
Inactive(anon):   239228 kB
Active(file):    1274896 kB
Inactive(file):  1353852 kB
Unevictable:          96 kB
Mlocked:              96 kB
SwapTotal:       2097148 kB
SwapFree:        2097148 kB
Dirty:              7528 kB
Writeback:             0 kB
AnonPages:       3189468 kB
Mapped:           696880 kB
Shmem:            240960 kB
KReclaimable:     107780 kB
Slab:             177484 kB
SReclaimable:     107780 kB
SUnreclaim:        69704 kB
KernelStack:       15328 kB
PageTables:        68864 kB
NFS_Unstable:          0 kB
Bounce:                0 kB
WritebackTmp:          0 kB
CommitLimit:     6195536 kB
Committed_AS:   10402256 kB
VmallocTotal:   34359738367 kB
VmallocUsed:           0 kB
VmallocChunk:          0 kB
Percpu:             3744 kB
HardwareCorrupted:     0 kB
AnonHugePages:         0 kB
ShmemHugePages:        0 kB
ShmemPmdMapped:        0 kB
CmaTotal:              0 kB
CmaFree:               0 kB
HugePages_Total:       0
HugePages_Free:        0
HugePages_Rsvd:        0
HugePages_Surp:        0
Hugepagesize:       2048 kB
Hugetlb:               0 kB
DirectMap4k:      320536 kB
DirectMap2M:     8034304 kB
DirectMap1G:           0 kB


/proc/sys/kernel/threads-max (system-wide limit on the number of threads):
63149


/proc/sys/vm/max_map_count (maximum number of memory map areas a process may have):
65530


/proc/sys/kernel/pid_max (system-wide limit on number of process identifiers):
32768



container (cgroup) information:
container_type: cgroupv1
cpu_cpuset_cpus: 0-7
cpu_memory_nodes: 0
active_processor_count: 8
cpu_quota: -1
cpu_period: 100000
cpu_shares: -1
memory_limit_in_bytes: -1
memory_and_swap_limit_in_bytes: -2
memory_soft_limit_in_bytes: -1
memory_usage_in_bytes: 6203572224
memory_max_usage_in_bytes: 0

Steal ticks since vm start: 0
Steal ticks percentage since vm start:  0.000

CPU:total 8 (initial active 8) (8 cores per cpu, 1 threads per core) family 21 model 2 stepping 0, cmov, cx8, fxsr, mmx, sse, sse2, sse3, ssse3, sse4.1, sse4.2, popcnt, avx, aes, clmul, mmxext, 3dnowpref, lzcnt, sse4a, tsc, tscinvbit, tscinv, bmi1, fma
CPU Model and flags from /proc/cpuinfo:
model name	: AMD FX(tm)-8350 Eight-Core Processor
flags		: fpu vme de pse tsc msr pae mce cx8 apic sep mtrr pge mca cmov pat pse36 clflush mmx fxsr sse sse2 ht syscall nx mmxext fxsr_opt pdpe1gb rdtscp lm constant_tsc rep_good nopl nonstop_tsc cpuid extd_apicid aperfmperf pni pclmulqdq monitor ssse3 fma cx16 sse4_1 sse4_2 popcnt aes xsave avx f16c lahf_lm cmp_legacy svm extapic cr8_legacy abm sse4a misalignsse 3dnowprefetch osvw ibs xop skinit wdt fma4 tce nodeid_msr tbm topoext perfctr_core perfctr_nb cpb hw_pstate ssbd ibpb vmmcall bmi1 arat npt lbrv svm_lock nrip_save tsc_scale vmcb_clean flushbyasid decodeassists pausefilter pfthreshold

Memory: 4k page, physical 8196776k(1737196k free), swap 2097148k(2097148k free)

vm_info: OpenJDK 64-Bit Server VM (11.0.4+11-post-Ubuntu-1ubuntu218.04.3) for linux-amd64 JRE (11.0.4+11-post-Ubuntu-1ubuntu218.04.3), built on Jul 18 2019 18:21:46 by "buildd" with gcc 7.4.0

END.
