#
# A fatal error has been detected by the Java Runtime Environment:
#
#  SIGSEGV (0xb) at pc=0x00007f94c0d81355, pid=3839, tid=3848
#
# JRE version: OpenJDK Runtime Environment (11.0.4+11) (build 11.0.4+11-post-Ubuntu-1ubuntu218.04.3)
# Java VM: OpenJDK 64-Bit Server VM (11.0.4+11-post-Ubuntu-1ubuntu218.04.3, mixed mode, sharing, tiered, compressed oops, g1 gc, linux-amd64)
# Problematic frame:
# C  [libc.so.6+0xb1355]
#
# Core dump will be written. Default location: Core dumps may be processed with "/usr/share/apport/apport %p %s %c %d %P" (or dumping to /home/cheesegr8er/eclipse-workspace/MemoryFS/core.3839)
#
# If you would like to submit a bug report, please visit:
#   https://bugs.launchpad.net/ubuntu/+source/openjdk-lts
# The crash happened outside the Java Virtual Machine in native code.
# See problematic frame for where to report the bug.
#

---------------  S U M M A R Y ------------

Command Line: -Dfile.encoding=UTF-8 MemoryFS

Host: AMD FX(tm)-8350 Eight-Core Processor, 8 cores, 7G, Ubuntu 18.04.2 LTS
Time: Sun Sep 29 18:50:54 2019 NZDT elapsed time: 0 seconds (0d 0h 0m 0s)

---------------  T H R E A D  ---------------

Current thread (0x00007f94b8012800):  JavaThread "main" [_thread_in_native, id=3848, stack(0x00007f94c13ed000,0x00007f94c14ee000)]

Stack: [0x00007f94c13ed000,0x00007f94c14ee000],  sp=0x00007f94c14ebf38,  free space=1019k
Native frames: (J=compiled Java code, A=aot compiled Java code, j=interpreted, Vv=VM code, C=native code)
C  [libc.so.6+0xb1355]

Java frames: (J=compiled Java code, j=interpreted, Vv=VM code)
j  com.kenai.jffi.Foreign.invokeN4O1(JJJJJJLjava/lang/Object;III)J+0
j  com.kenai.jffi.Invoker.invokeN4(Lcom/kenai/jffi/CallContext;JJJJJILjava/lang/Object;Lcom/kenai/jffi/ObjectParameterStrategy;Lcom/kenai/jffi/ObjectParameterInfo;Ljava/lang/Object;Lcom/kenai/jffi/ObjectParameterStrategy;Lcom/kenai/jffi/ObjectParameterInfo;)J+100
j  com.github.lukethompsxn.edufuse.util.FUSELink$jnr$ffi$0.edufuse_register(I[Ljava/lang/String;Lcom/github/lukethompsxn/edufuse/struct/FuseOperations;I)I+189
j  com.github.lukethompsxn.edufuse.filesystem.AbstractFS.mount([Ljava/lang/String;Z)V+146
j  MemoryFS.main([Ljava/lang/String;)V+11
v  ~StubRoutines::call_stub

siginfo: si_signo: 11 (SIGSEGV), si_code: 1 (SEGV_MAPERR), si_addr: 0x0000000000000000

Register to memory mapping:

RAX=0x0 is NULL
RBX=0x00007f94c14ec050 is pointing into the stack for thread: 0x00007f94b8012800
RCX=0x0 is NULL
RDX=0x00007f94c12dd000 points into unknown readable memory: 00 00 00 00 00 00 00 00
RSP=0x00007f94c14ebf38 is pointing into the stack for thread: 0x00007f94b8012800
RBP=0x00007f94c14ebfbc is pointing into the stack for thread: 0x00007f94b8012800
RSI=0x000000000000002f is an unknown value
RDI=0x0 is NULL
R8 =0x00007f945f589d30: <offset 0x0000000000019d30> in /lib/x86_64-linux-gnu/libfuse.so.2 at 0x00007f945f570000
R9 =0x00007f94c14ec04c is pointing into the stack for thread: 0x00007f94b8012800
R10=0x000000000000000d is an unknown value
R11=0x00007f945f58a4a0: fuse_main_real+0x0000000000000000 in /lib/x86_64-linux-gnu/libfuse.so.2 at 0x00007f945f570000
R12=0x00007f94c14ec04c is pointing into the stack for thread: 0x00007f94b8012800
R13=0x00007f94c14ebfc0 is pointing into the stack for thread: 0x00007f94b8012800
R14=0x0000000000000168 is an unknown value
R15=0x0 is NULL


Registers:
RAX=0x0000000000000000, RBX=0x00007f94c14ec050, RCX=0x0000000000000000, RDX=0x00007f94c12dd000
RSP=0x00007f94c14ebf38, RBP=0x00007f94c14ebfbc, RSI=0x000000000000002f, RDI=0x0000000000000000
R8 =0x00007f945f589d30, R9 =0x00007f94c14ec04c, R10=0x000000000000000d, R11=0x00007f945f58a4a0
R12=0x00007f94c14ec04c, R13=0x00007f94c14ebfc0, R14=0x0000000000000168, R15=0x0000000000000000
RIP=0x00007f94c0d81355, EFLAGS=0x0000000000010283, CSGSFS=0x002b000000000033, ERR=0x0000000000000004
  TRAPNO=0x000000000000000e

Top of Stack: (sp=0x00007f94c14ebf38)
0x00007f94c14ebf38:   00007f945f589ef4 0000000000000000
0x00007f94c14ebf48:   0000000000000000 0000000000000000
0x00007f94c14ebf58:   cd0767f3818b0900 0000000000000000
0x00007f94c14ebf68:   00007f94c14ebfc0 00007f94c14ec150 

Instructions: (pc=0x00007f94c0d81355)
0x00007f94c0d81255:   de 66 0f 74 e6 66 0f d7 cd 66 0f d7 c2 48 c1 e0
0x00007f94c0d81265:   10 66 44 0f d7 c3 66 0f d7 d4 49 c1 e0 20 4c 09
0x00007f94c0d81275:   c0 48 09 c8 48 c1 e2 30 48 09 d0 48 0f bc c0 48
0x00007f94c0d81285:   8d 04 07 c3 0f 1f 80 00 00 00 00 48 89 fa 66 0f
0x00007f94c0d81295:   ef d2 48 83 e2 c0 66 0f 6f c1 66 0f 6f 1a 66 0f
0x00007f94c0d812a5:   6f e3 66 0f 74 d9 66 0f 74 e2 66 0f eb dc 66 44
0x00007f94c0d812b5:   0f d7 c3 66 0f 6f 5a 10 66 0f 6f e3 66 0f 74 d9
0x00007f94c0d812c5:   66 0f 74 e2 66 0f eb dc 66 0f d7 c3 66 0f 6f 5a
0x00007f94c0d812d5:   20 66 0f 6f e3 66 0f 74 d9 48 c1 e0 10 66 0f 74
0x00007f94c0d812e5:   e2 66 0f eb dc 66 44 0f d7 cb 66 0f 6f 5a 30 66
0x00007f94c0d812f5:   0f 74 d3 49 c1 e1 20 66 0f 74 c3 4c 09 c8 4c 09
0x00007f94c0d81305:   c0 66 0f eb c2 66 0f d7 c8 48 c1 e1 30 48 09 c8
0x00007f94c0d81315:   89 f9 28 d1 48 d3 e8 48 85 c0 0f 85 5b ff ff ff
0x00007f94c0d81325:   e9 a8 fe ff ff 66 0f 1f 44 00 00 66 0f 6e ce 48
0x00007f94c0d81335:   89 f8 25 ff 0f 00 00 66 0f 60 c9 48 3d c0 0f 00
0x00007f94c0d81345:   00 66 0f 61 c9 66 0f 70 c9 00 0f 87 fb 01 00 00
0x00007f94c0d81355:   f3 0f 6f 07 66 0f ef d2 66 0f 6f d8 66 0f 74 c1
0x00007f94c0d81365:   66 0f 74 da 66 0f d7 c8 66 0f d7 d3 48 85 d2 74
0x00007f94c0d81375:   1a 48 8d 42 ff 48 31 d0 48 21 c8 0f 84 ba 01 00
0x00007f94c0d81385:   00 48 0f bd c0 48 01 f8 c3 66 90 f3 0f 6f 67 10
0x00007f94c0d81395:   66 0f 6f ec f3 0f 6f 5f 20 66 0f 74 e1 66 0f 74
0x00007f94c0d813a5:   ea f3 0f 6f 47 30 66 0f d7 d5 66 0f 6f eb 66 0f
0x00007f94c0d813b5:   74 d9 66 0f 74 ea 66 0f 74 d0 48 c1 e2 10 66 44
0x00007f94c0d813c5:   0f d7 c3 66 0f d7 c5 66 0f d7 f2 49 c1 e0 20 48
0x00007f94c0d813d5:   c1 e0 20 66 0f 74 c1 48 09 d0 48 89 f2 66 0f d7
0x00007f94c0d813e5:   f4 48 c1 e2 30 48 c1 e6 10 4c 09 c6 48 09 ce 66
0x00007f94c0d813f5:   0f d7 c8 48 c1 e1 30 48 09 ce 48 09 d0 74 1c 48
0x00007f94c0d81405:   8d 48 ff 48 31 c1 48 21 ce 0f 84 2c 01 00 00 48
0x00007f94c0d81415:   0f bd f6 48 8d 04 37 c3 0f 1f 00 48 85 f6 48 89
0x00007f94c0d81425:   f9 0f 84 04 01 00 00 48 83 c7 40 66 0f ef ff 48
0x00007f94c0d81435:   83 e7 c0 eb 15 66 0f 1f 44 00 00 48 85 d2 48 0f
0x00007f94c0d81445:   45 f2 48 0f 45 cf 48 83 c7 40 66 0f 6f 5f 20 66 


Stack slot to memory mapping:
stack at sp + 0 slots: 0x00007f945f589ef4: fuse_parse_cmdline+0x00000000000000d4 in /lib/x86_64-linux-gnu/libfuse.so.2 at 0x00007f945f570000
stack at sp + 1 slots: 0x0 is NULL
stack at sp + 2 slots: 0x0 is NULL
stack at sp + 3 slots: 0x0 is NULL
stack at sp + 4 slots: 0xcd0767f3818b0900 is an unknown value
stack at sp + 5 slots: 0x0 is NULL
stack at sp + 6 slots: 0x00007f94c14ebfc0 is pointing into the stack for thread: 0x00007f94b8012800
stack at sp + 7 slots: 0x00007f94c14ec150 is pointing into the stack for thread: 0x00007f94b8012800


---------------  P R O C E S S  ---------------

Threads class SMR info:
_java_thread_list=0x00007f94b8406a50, length=10, elements={
0x00007f94b8012800, 0x00007f94b811d000, 0x00007f94b811f000, 0x00007f94b8124800,
0x00007f94b8126800, 0x00007f94b8129000, 0x00007f94b812b000, 0x00007f94b8172000,
0x00007f94b817a000, 0x00007f94b8405800
}

Java Threads: ( => current thread )
=>0x00007f94b8012800 JavaThread "main" [_thread_in_native, id=3848, stack(0x00007f94c13ed000,0x00007f94c14ee000)]
  0x00007f94b811d000 JavaThread "Reference Handler" daemon [_thread_blocked, id=3855, stack(0x00007f9491277000,0x00007f9491378000)]
  0x00007f94b811f000 JavaThread "Finalizer" daemon [_thread_blocked, id=3856, stack(0x00007f9491176000,0x00007f9491277000)]
  0x00007f94b8124800 JavaThread "Signal Dispatcher" daemon [_thread_blocked, id=3857, stack(0x00007f949069f000,0x00007f94907a0000)]
  0x00007f94b8126800 JavaThread "C2 CompilerThread0" daemon [_thread_blocked, id=3858, stack(0x00007f949059e000,0x00007f949069f000)]
  0x00007f94b8129000 JavaThread "C1 CompilerThread0" daemon [_thread_blocked, id=3859, stack(0x00007f949049d000,0x00007f949059e000)]
  0x00007f94b812b000 JavaThread "Sweeper thread" daemon [_thread_blocked, id=3860, stack(0x00007f949039c000,0x00007f949049d000)]
  0x00007f94b8172000 JavaThread "Service Thread" daemon [_thread_blocked, id=3861, stack(0x00007f949029b000,0x00007f949039c000)]
  0x00007f94b817a000 JavaThread "Common-Cleaner" daemon [_thread_blocked, id=3863, stack(0x00007f9490098000,0x00007f9490199000)]
  0x00007f94b8405800 JavaThread "jnr.ffi.util.ref.internal.Finalizer" daemon [_thread_blocked, id=3864, stack(0x00007f945f46f000,0x00007f945f570000)]

Other Threads:
  0x00007f94b811a800 VMThread "VM Thread" [stack: 0x00007f949137a000,0x00007f949147a000] [id=3854]
  0x00007f94b8174000 WatcherThread [stack: 0x00007f949019b000,0x00007f949029b000] [id=3862]
  0x00007f94b8029000 GCTaskThread "GC Thread#0" [stack: 0x00007f94bd3a2000,0x00007f94bd4a2000] [id=3849]
  0x00007f94b805b000 ConcurrentGCThread "G1 Main Marker" [stack: 0x00007f94bc2c6000,0x00007f94bc3c6000] [id=3850]
  0x00007f94b805c800 ConcurrentGCThread "G1 Conc#0" [stack: 0x00007f94bc1c4000,0x00007f94bc2c4000] [id=3851]
  0x00007f94b80e7800 ConcurrentGCThread "G1 Refine#0" [stack: 0x00007f9491dff000,0x00007f9491eff000] [id=3852]
  0x00007f94b80e9800 ConcurrentGCThread "G1 Young RemSet Sampling" [stack: 0x00007f9491cfd000,0x00007f9491dfd000] [id=3853]

Threads with active compile tasks:

VM state:not at safepoint (normal execution)

VM Mutex/Monitor currently owned by a thread: None

Heap address: 0x0000000082e00000, size: 2002 MB, Compressed Oops mode: 32-bit
Narrow klass base: 0x0000000800000000, Narrow klass shift: 3
Compressed class space size: 1073741824 Address: 0x0000000840000000

Heap:
 garbage-first heap   total 131072K, used 11896K [0x0000000082e00000, 0x0000000100000000)
  region size 1024K, 13 young (13312K), 0 survivors (0K)
 Metaspace       used 5065K, capacity 7474K, committed 7808K, reserved 1056768K
  class space    used 563K, capacity 829K, committed 896K, reserved 1048576K
Heap Regions: E=young(eden), S=young(survivor), O=old, HS=humongous(starts), HC=humongous(continues), CS=collection set, F=free, A=archive, TAMS=top-at-mark-start (previous, next)
|   0|0x0000000082e00000, 0x0000000082e00000, 0x0000000082f00000|  0%| F|  |TAMS 0x0000000082e00000, 0x0000000082e00000| Untracked 
|   1|0x0000000082f00000, 0x0000000082f00000, 0x0000000083000000|  0%| F|  |TAMS 0x0000000082f00000, 0x0000000082f00000| Untracked 
|   2|0x0000000083000000, 0x0000000083000000, 0x0000000083100000|  0%| F|  |TAMS 0x0000000083000000, 0x0000000083000000| Untracked 
|   3|0x0000000083100000, 0x0000000083100000, 0x0000000083200000|  0%| F|  |TAMS 0x0000000083100000, 0x0000000083100000| Untracked 
|   4|0x0000000083200000, 0x0000000083200000, 0x0000000083300000|  0%| F|  |TAMS 0x0000000083200000, 0x0000000083200000| Untracked 
|   5|0x0000000083300000, 0x0000000083300000, 0x0000000083400000|  0%| F|  |TAMS 0x0000000083300000, 0x0000000083300000| Untracked 
|   6|0x0000000083400000, 0x0000000083400000, 0x0000000083500000|  0%| F|  |TAMS 0x0000000083400000, 0x0000000083400000| Untracked 
|   7|0x0000000083500000, 0x0000000083500000, 0x0000000083600000|  0%| F|  |TAMS 0x0000000083500000, 0x0000000083500000| Untracked 
|   8|0x0000000083600000, 0x0000000083600000, 0x0000000083700000|  0%| F|  |TAMS 0x0000000083600000, 0x0000000083600000| Untracked 
|   9|0x0000000083700000, 0x0000000083700000, 0x0000000083800000|  0%| F|  |TAMS 0x0000000083700000, 0x0000000083700000| Untracked 
|  10|0x0000000083800000, 0x0000000083800000, 0x0000000083900000|  0%| F|  |TAMS 0x0000000083800000, 0x0000000083800000| Untracked 
|  11|0x0000000083900000, 0x0000000083900000, 0x0000000083a00000|  0%| F|  |TAMS 0x0000000083900000, 0x0000000083900000| Untracked 
|  12|0x0000000083a00000, 0x0000000083a00000, 0x0000000083b00000|  0%| F|  |TAMS 0x0000000083a00000, 0x0000000083a00000| Untracked 
|  13|0x0000000083b00000, 0x0000000083b00000, 0x0000000083c00000|  0%| F|  |TAMS 0x0000000083b00000, 0x0000000083b00000| Untracked 
|  14|0x0000000083c00000, 0x0000000083c00000, 0x0000000083d00000|  0%| F|  |TAMS 0x0000000083c00000, 0x0000000083c00000| Untracked 
|  15|0x0000000083d00000, 0x0000000083d00000, 0x0000000083e00000|  0%| F|  |TAMS 0x0000000083d00000, 0x0000000083d00000| Untracked 
|  16|0x0000000083e00000, 0x0000000083e00000, 0x0000000083f00000|  0%| F|  |TAMS 0x0000000083e00000, 0x0000000083e00000| Untracked 
|  17|0x0000000083f00000, 0x0000000083f00000, 0x0000000084000000|  0%| F|  |TAMS 0x0000000083f00000, 0x0000000083f00000| Untracked 
|  18|0x0000000084000000, 0x0000000084000000, 0x0000000084100000|  0%| F|  |TAMS 0x0000000084000000, 0x0000000084000000| Untracked 
|  19|0x0000000084100000, 0x0000000084100000, 0x0000000084200000|  0%| F|  |TAMS 0x0000000084100000, 0x0000000084100000| Untracked 
|  20|0x0000000084200000, 0x0000000084200000, 0x0000000084300000|  0%| F|  |TAMS 0x0000000084200000, 0x0000000084200000| Untracked 
|  21|0x0000000084300000, 0x0000000084300000, 0x0000000084400000|  0%| F|  |TAMS 0x0000000084300000, 0x0000000084300000| Untracked 
|  22|0x0000000084400000, 0x0000000084400000, 0x0000000084500000|  0%| F|  |TAMS 0x0000000084400000, 0x0000000084400000| Untracked 
|  23|0x0000000084500000, 0x0000000084500000, 0x0000000084600000|  0%| F|  |TAMS 0x0000000084500000, 0x0000000084500000| Untracked 
|  24|0x0000000084600000, 0x0000000084600000, 0x0000000084700000|  0%| F|  |TAMS 0x0000000084600000, 0x0000000084600000| Untracked 
|  25|0x0000000084700000, 0x0000000084700000, 0x0000000084800000|  0%| F|  |TAMS 0x0000000084700000, 0x0000000084700000| Untracked 
|  26|0x0000000084800000, 0x0000000084800000, 0x0000000084900000|  0%| F|  |TAMS 0x0000000084800000, 0x0000000084800000| Untracked 
|  27|0x0000000084900000, 0x0000000084900000, 0x0000000084a00000|  0%| F|  |TAMS 0x0000000084900000, 0x0000000084900000| Untracked 
|  28|0x0000000084a00000, 0x0000000084a00000, 0x0000000084b00000|  0%| F|  |TAMS 0x0000000084a00000, 0x0000000084a00000| Untracked 
|  29|0x0000000084b00000, 0x0000000084b00000, 0x0000000084c00000|  0%| F|  |TAMS 0x0000000084b00000, 0x0000000084b00000| Untracked 
|  30|0x0000000084c00000, 0x0000000084c00000, 0x0000000084d00000|  0%| F|  |TAMS 0x0000000084c00000, 0x0000000084c00000| Untracked 
|  31|0x0000000084d00000, 0x0000000084d00000, 0x0000000084e00000|  0%| F|  |TAMS 0x0000000084d00000, 0x0000000084d00000| Untracked 
|  32|0x0000000084e00000, 0x0000000084e00000, 0x0000000084f00000|  0%| F|  |TAMS 0x0000000084e00000, 0x0000000084e00000| Untracked 
|  33|0x0000000084f00000, 0x0000000084f00000, 0x0000000085000000|  0%| F|  |TAMS 0x0000000084f00000, 0x0000000084f00000| Untracked 
|  34|0x0000000085000000, 0x0000000085000000, 0x0000000085100000|  0%| F|  |TAMS 0x0000000085000000, 0x0000000085000000| Untracked 
|  35|0x0000000085100000, 0x0000000085100000, 0x0000000085200000|  0%| F|  |TAMS 0x0000000085100000, 0x0000000085100000| Untracked 
|  36|0x0000000085200000, 0x0000000085200000, 0x0000000085300000|  0%| F|  |TAMS 0x0000000085200000, 0x0000000085200000| Untracked 
|  37|0x0000000085300000, 0x0000000085300000, 0x0000000085400000|  0%| F|  |TAMS 0x0000000085300000, 0x0000000085300000| Untracked 
|  38|0x0000000085400000, 0x0000000085400000, 0x0000000085500000|  0%| F|  |TAMS 0x0000000085400000, 0x0000000085400000| Untracked 
|  39|0x0000000085500000, 0x0000000085500000, 0x0000000085600000|  0%| F|  |TAMS 0x0000000085500000, 0x0000000085500000| Untracked 
|  40|0x0000000085600000, 0x0000000085600000, 0x0000000085700000|  0%| F|  |TAMS 0x0000000085600000, 0x0000000085600000| Untracked 
|  41|0x0000000085700000, 0x0000000085700000, 0x0000000085800000|  0%| F|  |TAMS 0x0000000085700000, 0x0000000085700000| Untracked 
|  42|0x0000000085800000, 0x0000000085800000, 0x0000000085900000|  0%| F|  |TAMS 0x0000000085800000, 0x0000000085800000| Untracked 
|  43|0x0000000085900000, 0x0000000085900000, 0x0000000085a00000|  0%| F|  |TAMS 0x0000000085900000, 0x0000000085900000| Untracked 
|  44|0x0000000085a00000, 0x0000000085a00000, 0x0000000085b00000|  0%| F|  |TAMS 0x0000000085a00000, 0x0000000085a00000| Untracked 
|  45|0x0000000085b00000, 0x0000000085b00000, 0x0000000085c00000|  0%| F|  |TAMS 0x0000000085b00000, 0x0000000085b00000| Untracked 
|  46|0x0000000085c00000, 0x0000000085c00000, 0x0000000085d00000|  0%| F|  |TAMS 0x0000000085c00000, 0x0000000085c00000| Untracked 
|  47|0x0000000085d00000, 0x0000000085d00000, 0x0000000085e00000|  0%| F|  |TAMS 0x0000000085d00000, 0x0000000085d00000| Untracked 
|  48|0x0000000085e00000, 0x0000000085e00000, 0x0000000085f00000|  0%| F|  |TAMS 0x0000000085e00000, 0x0000000085e00000| Untracked 
|  49|0x0000000085f00000, 0x0000000085f00000, 0x0000000086000000|  0%| F|  |TAMS 0x0000000085f00000, 0x0000000085f00000| Untracked 
|  50|0x0000000086000000, 0x0000000086000000, 0x0000000086100000|  0%| F|  |TAMS 0x0000000086000000, 0x0000000086000000| Untracked 
|  51|0x0000000086100000, 0x0000000086100000, 0x0000000086200000|  0%| F|  |TAMS 0x0000000086100000, 0x0000000086100000| Untracked 
|  52|0x0000000086200000, 0x0000000086200000, 0x0000000086300000|  0%| F|  |TAMS 0x0000000086200000, 0x0000000086200000| Untracked 
|  53|0x0000000086300000, 0x0000000086300000, 0x0000000086400000|  0%| F|  |TAMS 0x0000000086300000, 0x0000000086300000| Untracked 
|  54|0x0000000086400000, 0x0000000086400000, 0x0000000086500000|  0%| F|  |TAMS 0x0000000086400000, 0x0000000086400000| Untracked 
|  55|0x0000000086500000, 0x0000000086500000, 0x0000000086600000|  0%| F|  |TAMS 0x0000000086500000, 0x0000000086500000| Untracked 
|  56|0x0000000086600000, 0x0000000086600000, 0x0000000086700000|  0%| F|  |TAMS 0x0000000086600000, 0x0000000086600000| Untracked 
|  57|0x0000000086700000, 0x0000000086700000, 0x0000000086800000|  0%| F|  |TAMS 0x0000000086700000, 0x0000000086700000| Untracked 
|  58|0x0000000086800000, 0x0000000086800000, 0x0000000086900000|  0%| F|  |TAMS 0x0000000086800000, 0x0000000086800000| Untracked 
|  59|0x0000000086900000, 0x0000000086900000, 0x0000000086a00000|  0%| F|  |TAMS 0x0000000086900000, 0x0000000086900000| Untracked 
|  60|0x0000000086a00000, 0x0000000086a00000, 0x0000000086b00000|  0%| F|  |TAMS 0x0000000086a00000, 0x0000000086a00000| Untracked 
|  61|0x0000000086b00000, 0x0000000086b00000, 0x0000000086c00000|  0%| F|  |TAMS 0x0000000086b00000, 0x0000000086b00000| Untracked 
|  62|0x0000000086c00000, 0x0000000086c00000, 0x0000000086d00000|  0%| F|  |TAMS 0x0000000086c00000, 0x0000000086c00000| Untracked 
|  63|0x0000000086d00000, 0x0000000086d00000, 0x0000000086e00000|  0%| F|  |TAMS 0x0000000086d00000, 0x0000000086d00000| Untracked 
|  64|0x0000000086e00000, 0x0000000086e00000, 0x0000000086f00000|  0%| F|  |TAMS 0x0000000086e00000, 0x0000000086e00000| Untracked 
|  65|0x0000000086f00000, 0x0000000086f00000, 0x0000000087000000|  0%| F|  |TAMS 0x0000000086f00000, 0x0000000086f00000| Untracked 
|  66|0x0000000087000000, 0x0000000087000000, 0x0000000087100000|  0%| F|  |TAMS 0x0000000087000000, 0x0000000087000000| Untracked 
|  67|0x0000000087100000, 0x0000000087100000, 0x0000000087200000|  0%| F|  |TAMS 0x0000000087100000, 0x0000000087100000| Untracked 
|  68|0x0000000087200000, 0x0000000087200000, 0x0000000087300000|  0%| F|  |TAMS 0x0000000087200000, 0x0000000087200000| Untracked 
|  69|0x0000000087300000, 0x0000000087300000, 0x0000000087400000|  0%| F|  |TAMS 0x0000000087300000, 0x0000000087300000| Untracked 
|  70|0x0000000087400000, 0x0000000087400000, 0x0000000087500000|  0%| F|  |TAMS 0x0000000087400000, 0x0000000087400000| Untracked 
|  71|0x0000000087500000, 0x0000000087500000, 0x0000000087600000|  0%| F|  |TAMS 0x0000000087500000, 0x0000000087500000| Untracked 
|  72|0x0000000087600000, 0x0000000087600000, 0x0000000087700000|  0%| F|  |TAMS 0x0000000087600000, 0x0000000087600000| Untracked 
|  73|0x0000000087700000, 0x0000000087700000, 0x0000000087800000|  0%| F|  |TAMS 0x0000000087700000, 0x0000000087700000| Untracked 
|  74|0x0000000087800000, 0x0000000087800000, 0x0000000087900000|  0%| F|  |TAMS 0x0000000087800000, 0x0000000087800000| Untracked 
|  75|0x0000000087900000, 0x0000000087900000, 0x0000000087a00000|  0%| F|  |TAMS 0x0000000087900000, 0x0000000087900000| Untracked 
|  76|0x0000000087a00000, 0x0000000087a00000, 0x0000000087b00000|  0%| F|  |TAMS 0x0000000087a00000, 0x0000000087a00000| Untracked 
|  77|0x0000000087b00000, 0x0000000087b00000, 0x0000000087c00000|  0%| F|  |TAMS 0x0000000087b00000, 0x0000000087b00000| Untracked 
|  78|0x0000000087c00000, 0x0000000087c00000, 0x0000000087d00000|  0%| F|  |TAMS 0x0000000087c00000, 0x0000000087c00000| Untracked 
|  79|0x0000000087d00000, 0x0000000087d00000, 0x0000000087e00000|  0%| F|  |TAMS 0x0000000087d00000, 0x0000000087d00000| Untracked 
|  80|0x0000000087e00000, 0x0000000087e00000, 0x0000000087f00000|  0%| F|  |TAMS 0x0000000087e00000, 0x0000000087e00000| Untracked 
|  81|0x0000000087f00000, 0x0000000087f00000, 0x0000000088000000|  0%| F|  |TAMS 0x0000000087f00000, 0x0000000087f00000| Untracked 
|  82|0x0000000088000000, 0x0000000088000000, 0x0000000088100000|  0%| F|  |TAMS 0x0000000088000000, 0x0000000088000000| Untracked 
|  83|0x0000000088100000, 0x0000000088100000, 0x0000000088200000|  0%| F|  |TAMS 0x0000000088100000, 0x0000000088100000| Untracked 
|  84|0x0000000088200000, 0x0000000088200000, 0x0000000088300000|  0%| F|  |TAMS 0x0000000088200000, 0x0000000088200000| Untracked 
|  85|0x0000000088300000, 0x0000000088300000, 0x0000000088400000|  0%| F|  |TAMS 0x0000000088300000, 0x0000000088300000| Untracked 
|  86|0x0000000088400000, 0x0000000088400000, 0x0000000088500000|  0%| F|  |TAMS 0x0000000088400000, 0x0000000088400000| Untracked 
|  87|0x0000000088500000, 0x0000000088500000, 0x0000000088600000|  0%| F|  |TAMS 0x0000000088500000, 0x0000000088500000| Untracked 
|  88|0x0000000088600000, 0x0000000088600000, 0x0000000088700000|  0%| F|  |TAMS 0x0000000088600000, 0x0000000088600000| Untracked 
|  89|0x0000000088700000, 0x0000000088700000, 0x0000000088800000|  0%| F|  |TAMS 0x0000000088700000, 0x0000000088700000| Untracked 
|  90|0x0000000088800000, 0x0000000088800000, 0x0000000088900000|  0%| F|  |TAMS 0x0000000088800000, 0x0000000088800000| Untracked 
|  91|0x0000000088900000, 0x0000000088900000, 0x0000000088a00000|  0%| F|  |TAMS 0x0000000088900000, 0x0000000088900000| Untracked 
|  92|0x0000000088a00000, 0x0000000088a00000, 0x0000000088b00000|  0%| F|  |TAMS 0x0000000088a00000, 0x0000000088a00000| Untracked 
|  93|0x0000000088b00000, 0x0000000088b00000, 0x0000000088c00000|  0%| F|  |TAMS 0x0000000088b00000, 0x0000000088b00000| Untracked 
|  94|0x0000000088c00000, 0x0000000088c00000, 0x0000000088d00000|  0%| F|  |TAMS 0x0000000088c00000, 0x0000000088c00000| Untracked 
|  95|0x0000000088d00000, 0x0000000088d00000, 0x0000000088e00000|  0%| F|  |TAMS 0x0000000088d00000, 0x0000000088d00000| Untracked 
|  96|0x0000000088e00000, 0x0000000088e00000, 0x0000000088f00000|  0%| F|  |TAMS 0x0000000088e00000, 0x0000000088e00000| Untracked 
|  97|0x0000000088f00000, 0x0000000088f00000, 0x0000000089000000|  0%| F|  |TAMS 0x0000000088f00000, 0x0000000088f00000| Untracked 
|  98|0x0000000089000000, 0x0000000089000000, 0x0000000089100000|  0%| F|  |TAMS 0x0000000089000000, 0x0000000089000000| Untracked 
|  99|0x0000000089100000, 0x0000000089100000, 0x0000000089200000|  0%| F|  |TAMS 0x0000000089100000, 0x0000000089100000| Untracked 
| 100|0x0000000089200000, 0x0000000089200000, 0x0000000089300000|  0%| F|  |TAMS 0x0000000089200000, 0x0000000089200000| Untracked 
| 101|0x0000000089300000, 0x0000000089300000, 0x0000000089400000|  0%| F|  |TAMS 0x0000000089300000, 0x0000000089300000| Untracked 
| 102|0x0000000089400000, 0x0000000089400000, 0x0000000089500000|  0%| F|  |TAMS 0x0000000089400000, 0x0000000089400000| Untracked 
| 103|0x0000000089500000, 0x0000000089500000, 0x0000000089600000|  0%| F|  |TAMS 0x0000000089500000, 0x0000000089500000| Untracked 
| 104|0x0000000089600000, 0x0000000089600000, 0x0000000089700000|  0%| F|  |TAMS 0x0000000089600000, 0x0000000089600000| Untracked 
| 105|0x0000000089700000, 0x0000000089700000, 0x0000000089800000|  0%| F|  |TAMS 0x0000000089700000, 0x0000000089700000| Untracked 
| 106|0x0000000089800000, 0x0000000089800000, 0x0000000089900000|  0%| F|  |TAMS 0x0000000089800000, 0x0000000089800000| Untracked 
| 107|0x0000000089900000, 0x0000000089900000, 0x0000000089a00000|  0%| F|  |TAMS 0x0000000089900000, 0x0000000089900000| Untracked 
| 108|0x0000000089a00000, 0x0000000089a00000, 0x0000000089b00000|  0%| F|  |TAMS 0x0000000089a00000, 0x0000000089a00000| Untracked 
| 109|0x0000000089b00000, 0x0000000089b00000, 0x0000000089c00000|  0%| F|  |TAMS 0x0000000089b00000, 0x0000000089b00000| Untracked 
| 110|0x0000000089c00000, 0x0000000089c00000, 0x0000000089d00000|  0%| F|  |TAMS 0x0000000089c00000, 0x0000000089c00000| Untracked 
| 111|0x0000000089d00000, 0x0000000089d00000, 0x0000000089e00000|  0%| F|  |TAMS 0x0000000089d00000, 0x0000000089d00000| Untracked 
| 112|0x0000000089e00000, 0x0000000089e00000, 0x0000000089f00000|  0%| F|  |TAMS 0x0000000089e00000, 0x0000000089e00000| Untracked 
| 113|0x0000000089f00000, 0x0000000089f7b6f0, 0x000000008a000000| 48%| E|  |TAMS 0x0000000089f00000, 0x0000000089f00000| Complete 
| 114|0x000000008a000000, 0x000000008a100000, 0x000000008a100000|100%| E|CS|TAMS 0x000000008a000000, 0x000000008a000000| Complete 
| 115|0x000000008a100000, 0x000000008a200000, 0x000000008a200000|100%| E|CS|TAMS 0x000000008a100000, 0x000000008a100000| Complete 
| 116|0x000000008a200000, 0x000000008a300000, 0x000000008a300000|100%| E|CS|TAMS 0x000000008a200000, 0x000000008a200000| Complete 
| 117|0x000000008a300000, 0x000000008a400000, 0x000000008a400000|100%| E|CS|TAMS 0x000000008a300000, 0x000000008a300000| Complete 
| 118|0x000000008a400000, 0x000000008a500000, 0x000000008a500000|100%| E|CS|TAMS 0x000000008a400000, 0x000000008a400000| Complete 
| 119|0x000000008a500000, 0x000000008a600000, 0x000000008a600000|100%| E|CS|TAMS 0x000000008a500000, 0x000000008a500000| Complete 
| 120|0x000000008a600000, 0x000000008a700000, 0x000000008a700000|100%| E|  |TAMS 0x000000008a600000, 0x000000008a600000| Complete 
| 121|0x000000008a700000, 0x000000008a800000, 0x000000008a800000|100%| E|CS|TAMS 0x000000008a700000, 0x000000008a700000| Complete 
| 122|0x000000008a800000, 0x000000008a900000, 0x000000008a900000|100%| E|CS|TAMS 0x000000008a800000, 0x000000008a800000| Complete 
| 123|0x000000008a900000, 0x000000008aa00000, 0x000000008aa00000|100%| E|CS|TAMS 0x000000008a900000, 0x000000008a900000| Complete 
| 124|0x000000008aa00000, 0x000000008ab00000, 0x000000008ab00000|100%| E|CS|TAMS 0x000000008aa00000, 0x000000008aa00000| Complete 
| 125|0x000000008ab00000, 0x000000008ac00000, 0x000000008ac00000|100%| E|CS|TAMS 0x000000008ab00000, 0x000000008ab00000| Complete 
|2000|0x00000000ffe00000, 0x00000000ffe34000, 0x00000000fff00000| 20%|OA|  |TAMS 0x00000000ffe00000, 0x00000000ffe00000| Untracked 
|2001|0x00000000fff00000, 0x00000000fff6a000, 0x0000000100000000| 41%|CA|  |TAMS 0x00000000fff00000, 0x00000000fff00000| Untracked 

Card table byte_map: [0x00007f94bc3c6000,0x00007f94bc7af000] _byte_map_base: 0x00007f94bbfaf000

Marking Bits (Prev, Next): (CMBitMap*) 0x00007f94b80522d8, (CMBitMap*) 0x00007f94b8052310
 Prev Bits: [0x00007f949a0b8000, 0x00007f949c000000)
 Next Bits: [0x00007f9498170000, 0x00007f949a0b8000)

Polling page: 0x00007f94c1505000

Metaspace:

Usage:
  Non-class:      6.49 MB capacity,     4.40 MB ( 68%) used,     2.08 MB ( 32%) free+waste,    14.25 KB ( <1%) overhead. 
      Class:    829.00 KB capacity,   563.04 KB ( 68%) used,   258.15 KB ( 31%) free+waste,     7.81 KB ( <1%) overhead. 
       Both:      7.30 MB capacity,     4.95 MB ( 68%) used,     2.33 MB ( 32%) free+waste,    22.06 KB ( <1%) overhead. 

Virtual space:
  Non-class space:        8.00 MB reserved,       6.75 MB ( 84%) committed 
      Class space:        1.00 GB reserved,     896.00 KB ( <1%) committed 
             Both:        1.01 GB reserved,       7.62 MB ( <1%) committed 

Chunk freelists:
   Non-Class:  31.00 KB
       Class:  3.00 KB
        Both:  34.00 KB

CodeHeap 'non-profiled nmethods': size=120032Kb used=242Kb max_used=242Kb free=119789Kb
 bounds [0x00007f94a8418000, 0x00007f94a8688000, 0x00007f94af950000]
CodeHeap 'profiled nmethods': size=120028Kb used=1619Kb max_used=1619Kb free=118408Kb
 bounds [0x00007f94a0ee1000, 0x00007f94a1151000, 0x00007f94a8418000]
CodeHeap 'non-nmethods': size=5700Kb used=1179Kb max_used=1192Kb free=4520Kb
 bounds [0x00007f94a0950000, 0x00007f94a0bc0000, 0x00007f94a0ee1000]
 total_blobs=1536 nmethods=864 adapters=438
 compilation: enabled
              stopped_count=0, restarted_count=0
 full_count=0

Compilation events (10 events):
Event: 0.554 Thread 0x00007f94b8129000  857       3       sun.invoke.util.VerifyAccess::getClassModifiers (24 bytes)
Event: 0.554 Thread 0x00007f94b8129000 nmethod 857 0x00007f94a1074590 code [0x00007f94a1074780, 0x00007f94a1074a08]
Event: 0.555 Thread 0x00007f94b8126800 nmethod 847 0x00007f94a8453990 code [0x00007f94a8453b40, 0x00007f94a8453fb8]
Event: 0.555 Thread 0x00007f94b8129000  860       3       java.lang.invoke.MemberName::<init> (47 bytes)
Event: 0.555 Thread 0x00007f94b8129000 nmethod 860 0x00007f94a1074b10 code [0x00007f94a1074d00, 0x00007f94a1075098]
Event: 0.555 Thread 0x00007f94b8129000  862       3       java.lang.StringBuilder::append (8 bytes)
Event: 0.555 Thread 0x00007f94b8129000 nmethod 862 0x00007f94a1075210 code [0x00007f94a10753c0, 0x00007f94a1075588]
Event: 0.555 Thread 0x00007f94b8129000  863       3       java.lang.AbstractStringBuilder::append (55 bytes)
Event: 0.556 Thread 0x00007f94b8129000 nmethod 863 0x00007f94a1075610 code [0x00007f94a1075800, 0x00007f94a1075bb8]
Event: 0.558 Thread 0x00007f94b8126800  864       4       sun.net.www.ParseUtil::firstEncodeIndex (86 bytes)

GC Heap History (0 events):
No events

Deoptimization events (10 events):
Event: 0.151 Thread 0x00007f94b8012800 Uncommon trap: trap_request=0xffffff4d fr.pc=0x00007f94a841d19c relative=0x000000000000007c
Event: 0.151 Thread 0x00007f94b8012800 Uncommon trap: reason=unstable_if action=reinterpret pc=0x00007f94a841d19c method=java.lang.String.isLatin1()Z @ 10 c2
Event: 0.151 Thread 0x00007f94b8012800 DEOPT PACKING pc=0x00007f94a841d19c sp=0x00007f94c14e9900
Event: 0.151 Thread 0x00007f94b8012800 DEOPT UNPACKING pc=0x00007f94a0978525 sp=0x00007f94c14e9860 mode 2
Event: 0.279 Thread 0x00007f94b8012800 DEOPT PACKING pc=0x00007f94a0f29424 sp=0x00007f94c14e8430
Event: 0.279 Thread 0x00007f94b8012800 DEOPT UNPACKING pc=0x00007f94a097833a sp=0x00007f94c14e78c0 mode 0
Event: 0.299 Thread 0x00007f94b8012800 DEOPT PACKING pc=0x00007f94a0f0bd88 sp=0x00007f94c14eb4d0
Event: 0.299 Thread 0x00007f94b8012800 DEOPT UNPACKING pc=0x00007f94a097833a sp=0x00007f94c14ea940 mode 0
Event: 0.311 Thread 0x00007f94b8012800 DEOPT PACKING pc=0x00007f94a0f0bd88 sp=0x00007f94c14e9920
Event: 0.311 Thread 0x00007f94b8012800 DEOPT UNPACKING pc=0x00007f94a097833a sp=0x00007f94c14e8d90 mode 0

Classes redefined (0 events):
No events

Internal exceptions (4 events):
Event: 0.249 Thread 0x00007f94b8012800 Exception <a 'java/lang/NoSuchMethodError'{0x000000008a7065b0}: 'int java.lang.invoke.DirectMethodHandle$Holder.invokeSpecialIFC(java.lang.Object, java.lang.Object, int)'> (0x000000008a7065b0) thrown at [/build/openjdk-lts-7bqZff/openjdk-lts-11.0.4+11/src
Event: 0.499 Thread 0x00007f94b8012800 Exception <a 'java/lang/NoSuchMethodError'{0x000000008a1f7198}: 'int java.lang.invoke.DirectMethodHandle$Holder.invokeInterface(java.lang.Object, java.lang.Object, java.lang.Object, java.lang.Object)'> (0x000000008a1f7198) thrown at [/build/openjdk-lts-7b
Event: 0.549 Thread 0x00007f94b8012800 Exception <a 'java/lang/NoSuchMethodError'{0x0000000089f1c858}: 'int java.lang.invoke.DirectMethodHandle$Holder.invokeInterface(java.lang.Object, java.lang.Object, java.lang.Object, int)'> (0x0000000089f1c858) thrown at [/build/openjdk-lts-7bqZff/openjdk-
Event: 0.555 Thread 0x00007f94b8012800 Exception <a 'java/lang/NoSuchMethodError'{0x0000000089f4c220}: 'void java.lang.invoke.DirectMethodHandle$Holder.invokeVirtual(java.lang.Object, java.lang.Object)'> (0x0000000089f4c220) thrown at [/build/openjdk-lts-7bqZff/openjdk-lts-11.0.4+11/src/hotspo

Events (10 events):
Event: 0.558 loading class jnr/ffi/provider/jffi/PrimitiveArrayParameterStrategy
Event: 0.558 loading class jnr/ffi/provider/jffi/PrimitiveArrayParameterStrategy done
Event: 0.558 loading class com/kenai/jffi/ObjectParameterStrategy$StrategyType
Event: 0.558 loading class com/kenai/jffi/ObjectParameterStrategy$StrategyType done
Event: 0.558 loading class com/kenai/jffi/ObjectParameterType
Event: 0.558 loading class com/kenai/jffi/ObjectParameterType done
Event: 0.558 loading class com/kenai/jffi/ObjectParameterType$ObjectType
Event: 0.558 loading class com/kenai/jffi/ObjectParameterType$ObjectType done
Event: 0.559 loading class com/kenai/jffi/ObjectParameterType$TypeCache
Event: 0.559 loading class com/kenai/jffi/ObjectParameterType$TypeCache done


Dynamic libraries:
82e00000-8ac00000 rw-p 00000000 00:00 0 
8ac00000-ffe00000 ---p 00000000 00:00 0 
ffe00000-ffe34000 rw-p 01116000 08:05 3672114                            /usr/lib/jvm/java-11-openjdk-amd64/lib/server/classes.jsa
ffe34000-fff00000 rw-p 00000000 00:00 0 
fff00000-fff6a000 rw-p 010ac000 08:05 3672114                            /usr/lib/jvm/java-11-openjdk-amd64/lib/server/classes.jsa
fff6a000-100000000 rw-p 00000000 00:00 0 
800000000-800002000 rwxp 00001000 08:05 3672114                          /usr/lib/jvm/java-11-openjdk-amd64/lib/server/classes.jsa
800002000-8003bd000 rw-p 00003000 08:05 3672114                          /usr/lib/jvm/java-11-openjdk-amd64/lib/server/classes.jsa
8003bd000-800a98000 r--p 003be000 08:05 3672114                          /usr/lib/jvm/java-11-openjdk-amd64/lib/server/classes.jsa
800a98000-800a99000 rw-p 00a99000 08:05 3672114                          /usr/lib/jvm/java-11-openjdk-amd64/lib/server/classes.jsa
800a99000-8010ab000 r--p 00a9a000 08:05 3672114                          /usr/lib/jvm/java-11-openjdk-amd64/lib/server/classes.jsa
840000000-8400e0000 rw-p 00000000 00:00 0 
8400e0000-880000000 ---p 00000000 00:00 0 
55f3fadb7000-55f3fadb8000 r-xp 00000000 08:05 3674084                    /usr/lib/jvm/java-11-openjdk-amd64/bin/java
55f3fafb8000-55f3fafb9000 r--p 00001000 08:05 3674084                    /usr/lib/jvm/java-11-openjdk-amd64/bin/java
55f3fafb9000-55f3fafba000 rw-p 00002000 08:05 3674084                    /usr/lib/jvm/java-11-openjdk-amd64/bin/java
55f3fb796000-55f3fb7b7000 rw-p 00000000 00:00 0                          [heap]
7f9454000000-7f9454021000 rw-p 00000000 00:00 0 
7f9454021000-7f9458000000 ---p 00000000 00:00 0 
7f9458000000-7f9458021000 rw-p 00000000 00:00 0 
7f9458021000-7f945c000000 ---p 00000000 00:00 0 
7f945f268000-7f945f269000 r-xp 00000000 08:05 3674150                    /usr/lib/jvm/java-11-openjdk-amd64/lib/libjaas.so
7f945f269000-7f945f468000 ---p 00001000 08:05 3674150                    /usr/lib/jvm/java-11-openjdk-amd64/lib/libjaas.so
7f945f468000-7f945f469000 r--p 00000000 08:05 3674150                    /usr/lib/jvm/java-11-openjdk-amd64/lib/libjaas.so
7f945f469000-7f945f46a000 rw-p 00001000 08:05 3674150                    /usr/lib/jvm/java-11-openjdk-amd64/lib/libjaas.so
7f945f46f000-7f945f473000 ---p 00000000 00:00 0 
7f945f473000-7f945f570000 rw-p 00000000 00:00 0 
7f945f570000-7f945f59a000 r-xp 00000000 08:05 7344903                    /lib/x86_64-linux-gnu/libfuse.so.2.9.7
7f945f59a000-7f945f799000 ---p 0002a000 08:05 7344903                    /lib/x86_64-linux-gnu/libfuse.so.2.9.7
7f945f799000-7f945f7ab000 r--p 00029000 08:05 7344903                    /lib/x86_64-linux-gnu/libfuse.so.2.9.7
7f945f7ab000-7f945f7ac000 rw-p 0003b000 08:05 7344903                    /lib/x86_64-linux-gnu/libfuse.so.2.9.7
7f945f7b0000-7f945f7b6000 r-xp 00000000 08:05 8258366                    /tmp/.libFUSELink.so
7f945f7b6000-7f945f9b5000 ---p 00006000 08:05 8258366                    /tmp/.libFUSELink.so
7f945f9b5000-7f945f9b6000 r--p 00005000 08:05 8258366                    /tmp/.libFUSELink.so
7f945f9b6000-7f945f9b7000 rw-p 00006000 08:05 8258366                    /tmp/.libFUSELink.so
7f945f9b8000-7f945f9ca000 r-xp 00000000 08:05 8258367                    /tmp/jffi3744090674780838550.so (deleted)
7f945f9ca000-7f945fbc9000 ---p 00012000 08:05 8258367                    /tmp/jffi3744090674780838550.so (deleted)
7f945fbc9000-7f945fbca000 rw-p 00011000 08:05 8258367                    /tmp/jffi3744090674780838550.so (deleted)
7f945fbd0000-7f945fbe6000 r-xp 00000000 08:05 3674164                    /usr/lib/jvm/java-11-openjdk-amd64/lib/libnet.so
7f945fbe6000-7f945fde5000 ---p 00016000 08:05 3674164                    /usr/lib/jvm/java-11-openjdk-amd64/lib/libnet.so
7f945fde5000-7f945fde6000 r--p 00015000 08:05 3674164                    /usr/lib/jvm/java-11-openjdk-amd64/lib/libnet.so
7f945fde6000-7f945fde7000 rw-p 00016000 08:05 3674164                    /usr/lib/jvm/java-11-openjdk-amd64/lib/libnet.so
7f945fde8000-7f945fdf8000 r-xp 00000000 08:05 3674165                    /usr/lib/jvm/java-11-openjdk-amd64/lib/libnio.so
7f945fdf8000-7f945fff7000 ---p 00010000 08:05 3674165                    /usr/lib/jvm/java-11-openjdk-amd64/lib/libnio.so
7f945fff7000-7f945fff8000 r--p 0000f000 08:05 3674165                    /usr/lib/jvm/java-11-openjdk-amd64/lib/libnio.so
7f945fff8000-7f945fff9000 rw-p 00010000 08:05 3674165                    /usr/lib/jvm/java-11-openjdk-amd64/lib/libnio.so
7f9460000000-7f9460021000 rw-p 00000000 00:00 0 
7f9460021000-7f9464000000 ---p 00000000 00:00 0 
7f9464000000-7f9464021000 rw-p 00000000 00:00 0 
7f9464021000-7f9468000000 ---p 00000000 00:00 0 
7f9468000000-7f9468329000 rw-p 00000000 00:00 0 
7f9468329000-7f946c000000 ---p 00000000 00:00 0 
7f946c000000-7f946c021000 rw-p 00000000 00:00 0 
7f946c021000-7f9470000000 ---p 00000000 00:00 0 
7f9470000000-7f9470021000 rw-p 00000000 00:00 0 
7f9470021000-7f9474000000 ---p 00000000 00:00 0 
7f9474000000-7f9474382000 rw-p 00000000 00:00 0 
7f9474382000-7f9478000000 ---p 00000000 00:00 0 
7f9478000000-7f9478021000 rw-p 00000000 00:00 0 
7f9478021000-7f947c000000 ---p 00000000 00:00 0 
7f947c000000-7f947c021000 rw-p 00000000 00:00 0 
7f947c021000-7f9480000000 ---p 00000000 00:00 0 
7f9480000000-7f9480021000 rw-p 00000000 00:00 0 
7f9480021000-7f9484000000 ---p 00000000 00:00 0 
7f9484000000-7f9484021000 rw-p 00000000 00:00 0 
7f9484021000-7f9488000000 ---p 00000000 00:00 0 
7f9488000000-7f9488021000 rw-p 00000000 00:00 0 
7f9488021000-7f948c000000 ---p 00000000 00:00 0 
7f948c000000-7f948c021000 rw-p 00000000 00:00 0 
7f948c021000-7f9490000000 ---p 00000000 00:00 0 
7f9490098000-7f949009c000 ---p 00000000 00:00 0 
7f949009c000-7f9490199000 rw-p 00000000 00:00 0 
7f9490199000-7f949019a000 ---p 00000000 00:00 0 
7f949019a000-7f949029b000 rw-p 00000000 00:00 0 
7f949029b000-7f949029f000 ---p 00000000 00:00 0 
7f949029f000-7f949039c000 rw-p 00000000 00:00 0 
7f949039c000-7f94903a0000 ---p 00000000 00:00 0 
7f94903a0000-7f949049d000 rw-p 00000000 00:00 0 
7f949049d000-7f94904a1000 ---p 00000000 00:00 0 
7f94904a1000-7f949059e000 rw-p 00000000 00:00 0 
7f949059e000-7f94905a2000 ---p 00000000 00:00 0 
7f94905a2000-7f949069f000 rw-p 00000000 00:00 0 
7f949069f000-7f94906a3000 ---p 00000000 00:00 0 
7f94906a3000-7f94907a0000 rw-p 00000000 00:00 0 
7f94907a0000-7f949116f000 r--p 00000000 08:05 3676802                    /usr/lib/locale/locale-archive
7f9491176000-7f949117a000 ---p 00000000 00:00 0 
7f949117a000-7f9491277000 rw-p 00000000 00:00 0 
7f9491277000-7f949127b000 ---p 00000000 00:00 0 
7f949127b000-7f9491378000 rw-p 00000000 00:00 0 
7f9491378000-7f9491379000 ---p 00000000 00:00 0 
7f9491379000-7f9491bbb000 rw-p 00000000 00:00 0 
7f9491bbb000-7f9491cfb000 ---p 00000000 00:00 0 
7f9491cfb000-7f9491cfc000 ---p 00000000 00:00 0 
7f9491cfc000-7f9491dfd000 rw-p 00000000 00:00 0 
7f9491dfd000-7f9491dfe000 ---p 00000000 00:00 0 
7f9491dfe000-7f9494000000 rw-p 00000000 00:00 0 
7f9494000000-7f9494021000 rw-p 00000000 00:00 0 
7f9494021000-7f9498000000 ---p 00000000 00:00 0 
7f949806f000-7f9498368000 rw-p 00000000 00:00 0 
7f9498368000-7f949a0b0000 ---p 00000000 00:00 0 
7f949a0b0000-7f949a2b0000 rw-p 00000000 00:00 0 
7f949a2b0000-7f949bff8000 ---p 00000000 00:00 0 
7f949bff8000-7f949c000000 rw-p 00000000 00:00 0 
7f949c000000-7f949c021000 rw-p 00000000 00:00 0 
7f949c021000-7f94a0000000 ---p 00000000 00:00 0 
7f94a0062000-7f94a05a6000 rw-p 00000000 00:00 0 
7f94a05a6000-7f94a094f000 ---p 00000000 00:00 0 
7f94a094f000-7f94a0950000 rw-p 00000000 00:00 0 
7f94a0950000-7f94a0bc0000 rwxp 00000000 00:00 0 
7f94a0bc0000-7f94a0ee1000 ---p 00000000 00:00 0 
7f94a0ee1000-7f94a1151000 rwxp 00000000 00:00 0 
7f94a1151000-7f94a8418000 ---p 00000000 00:00 0 
7f94a8418000-7f94a8688000 rwxp 00000000 00:00 0 
7f94a8688000-7f94af950000 ---p 00000000 00:00 0 
7f94af950000-7f94b7ffa000 r--s 00000000 08:05 3674176                    /usr/lib/jvm/java-11-openjdk-amd64/lib/modules
7f94b8000000-7f94b8449000 rw-p 00000000 00:00 0 
7f94b8449000-7f94bc000000 ---p 00000000 00:00 0 
7f94bc00d000-7f94bc1c2000 rw-p 00000000 00:00 0 
7f94bc1c2000-7f94bc1c3000 ---p 00000000 00:00 0 
7f94bc1c3000-7f94bc2c4000 rw-p 00000000 00:00 0 
7f94bc2c4000-7f94bc2c5000 ---p 00000000 00:00 0 
7f94bc2c5000-7f94bc405000 rw-p 00000000 00:00 0 
7f94bc405000-7f94bc7ae000 ---p 00000000 00:00 0 
7f94bc7ae000-7f94bc7ee000 rw-p 00000000 00:00 0 
7f94bc7ee000-7f94bcb97000 ---p 00000000 00:00 0 
7f94bcb97000-7f94bd3a0000 rw-p 00000000 00:00 0 
7f94bd3a0000-7f94bd3a1000 ---p 00000000 00:00 0 
7f94bd3a1000-7f94bd4a7000 rw-p 00000000 00:00 0 
7f94bd4a7000-7f94bd58d000 ---p 00000000 00:00 0 
7f94bd58d000-7f94bd592000 rw-p 00000000 00:00 0 
7f94bd592000-7f94bd678000 ---p 00000000 00:00 0 
7f94bd678000-7f94bd67d000 r-xp 00000000 08:05 3674155                    /usr/lib/jvm/java-11-openjdk-amd64/lib/libjimage.so
7f94bd67d000-7f94bd87c000 ---p 00005000 08:05 3674155                    /usr/lib/jvm/java-11-openjdk-amd64/lib/libjimage.so
7f94bd87c000-7f94bd87d000 r--p 00004000 08:05 3674155                    /usr/lib/jvm/java-11-openjdk-amd64/lib/libjimage.so
7f94bd87d000-7f94bd87e000 rw-p 00005000 08:05 3674155                    /usr/lib/jvm/java-11-openjdk-amd64/lib/libjimage.so
7f94bd880000-7f94bd887000 r-xp 00000000 08:05 3674175                    /usr/lib/jvm/java-11-openjdk-amd64/lib/libzip.so
7f94bd887000-7f94bda86000 ---p 00007000 08:05 3674175                    /usr/lib/jvm/java-11-openjdk-amd64/lib/libzip.so
7f94bda86000-7f94bda87000 r--p 00006000 08:05 3674175                    /usr/lib/jvm/java-11-openjdk-amd64/lib/libzip.so
7f94bda87000-7f94bda88000 rw-p 00007000 08:05 3674175                    /usr/lib/jvm/java-11-openjdk-amd64/lib/libzip.so
7f94bda88000-7f94bda93000 r-xp 00000000 08:05 7344957                    /lib/x86_64-linux-gnu/libnss_files-2.27.so
7f94bda93000-7f94bdc92000 ---p 0000b000 08:05 7344957                    /lib/x86_64-linux-gnu/libnss_files-2.27.so
7f94bdc92000-7f94bdc93000 r--p 0000a000 08:05 7344957                    /lib/x86_64-linux-gnu/libnss_files-2.27.so
7f94bdc93000-7f94bdc94000 rw-p 0000b000 08:05 7344957                    /lib/x86_64-linux-gnu/libnss_files-2.27.so
7f94bdc94000-7f94bdc9a000 rw-p 00000000 00:00 0 
7f94bdca0000-7f94bdcb7000 r-xp 00000000 08:05 7344951                    /lib/x86_64-linux-gnu/libnsl-2.27.so
7f94bdcb7000-7f94bdeb6000 ---p 00017000 08:05 7344951                    /lib/x86_64-linux-gnu/libnsl-2.27.so
7f94bdeb6000-7f94bdeb7000 r--p 00016000 08:05 7344951                    /lib/x86_64-linux-gnu/libnsl-2.27.so
7f94bdeb7000-7f94bdeb8000 rw-p 00017000 08:05 7344951                    /lib/x86_64-linux-gnu/libnsl-2.27.so
7f94bdeb8000-7f94bdeba000 rw-p 00000000 00:00 0 
7f94bdec0000-7f94bdecb000 r-xp 00000000 08:05 7344968                    /lib/x86_64-linux-gnu/libnss_nis-2.27.so
7f94bdecb000-7f94be0ca000 ---p 0000b000 08:05 7344968                    /lib/x86_64-linux-gnu/libnss_nis-2.27.so
7f94be0ca000-7f94be0cb000 r--p 0000a000 08:05 7344968                    /lib/x86_64-linux-gnu/libnss_nis-2.27.so
7f94be0cb000-7f94be0cc000 rw-p 0000b000 08:05 7344968                    /lib/x86_64-linux-gnu/libnss_nis-2.27.so
7f94be0d0000-7f94be0d8000 r-xp 00000000 08:05 7344953                    /lib/x86_64-linux-gnu/libnss_compat-2.27.so
7f94be0d8000-7f94be2d8000 ---p 00008000 08:05 7344953                    /lib/x86_64-linux-gnu/libnss_compat-2.27.so
7f94be2d8000-7f94be2d9000 r--p 00008000 08:05 7344953                    /lib/x86_64-linux-gnu/libnss_compat-2.27.so
7f94be2d9000-7f94be2da000 rw-p 00009000 08:05 7344953                    /lib/x86_64-linux-gnu/libnss_compat-2.27.so
7f94be2e0000-7f94be309000 r-xp 00000000 08:05 3674151                    /usr/lib/jvm/java-11-openjdk-amd64/lib/libjava.so
7f94be309000-7f94be508000 ---p 00029000 08:05 3674151                    /usr/lib/jvm/java-11-openjdk-amd64/lib/libjava.so
7f94be508000-7f94be509000 r--p 00028000 08:05 3674151                    /usr/lib/jvm/java-11-openjdk-amd64/lib/libjava.so
7f94be509000-7f94be50b000 rw-p 00029000 08:05 3674151                    /usr/lib/jvm/java-11-openjdk-amd64/lib/libjava.so
7f94be510000-7f94be51d000 r-xp 00000000 08:05 3674174                    /usr/lib/jvm/java-11-openjdk-amd64/lib/libverify.so
7f94be51d000-7f94be71c000 ---p 0000d000 08:05 3674174                    /usr/lib/jvm/java-11-openjdk-amd64/lib/libverify.so
7f94be71c000-7f94be71e000 r--p 0000c000 08:05 3674174                    /usr/lib/jvm/java-11-openjdk-amd64/lib/libverify.so
7f94be71e000-7f94be71f000 rw-p 0000e000 08:05 3674174                    /usr/lib/jvm/java-11-openjdk-amd64/lib/libverify.so
7f94be720000-7f94be727000 r-xp 00000000 08:05 7345008                    /lib/x86_64-linux-gnu/librt-2.27.so
7f94be727000-7f94be926000 ---p 00007000 08:05 7345008                    /lib/x86_64-linux-gnu/librt-2.27.so
7f94be926000-7f94be927000 r--p 00006000 08:05 7345008                    /lib/x86_64-linux-gnu/librt-2.27.so
7f94be927000-7f94be928000 rw-p 00007000 08:05 7345008                    /lib/x86_64-linux-gnu/librt-2.27.so
7f94be928000-7f94be93f000 r-xp 00000000 08:05 7340123                    /lib/x86_64-linux-gnu/libgcc_s.so.1
7f94be93f000-7f94beb3e000 ---p 00017000 08:05 7340123                    /lib/x86_64-linux-gnu/libgcc_s.so.1
7f94beb3e000-7f94beb3f000 r--p 00016000 08:05 7340123                    /lib/x86_64-linux-gnu/libgcc_s.so.1
7f94beb3f000-7f94beb40000 rw-p 00017000 08:05 7340123                    /lib/x86_64-linux-gnu/libgcc_s.so.1
7f94beb40000-7f94becdd000 r-xp 00000000 08:05 7344930                    /lib/x86_64-linux-gnu/libm-2.27.so
7f94becdd000-7f94beedc000 ---p 0019d000 08:05 7344930                    /lib/x86_64-linux-gnu/libm-2.27.so
7f94beedc000-7f94beedd000 r--p 0019c000 08:05 7344930                    /lib/x86_64-linux-gnu/libm-2.27.so
7f94beedd000-7f94beede000 rw-p 0019d000 08:05 7344930                    /lib/x86_64-linux-gnu/libm-2.27.so
7f94beee0000-7f94bf059000 r-xp 00000000 08:05 3677075                    /usr/lib/x86_64-linux-gnu/libstdc++.so.6.0.25
7f94bf059000-7f94bf259000 ---p 00179000 08:05 3677075                    /usr/lib/x86_64-linux-gnu/libstdc++.so.6.0.25
7f94bf259000-7f94bf263000 r--p 00179000 08:05 3677075                    /usr/lib/x86_64-linux-gnu/libstdc++.so.6.0.25
7f94bf263000-7f94bf265000 rw-p 00183000 08:05 3677075                    /usr/lib/x86_64-linux-gnu/libstdc++.so.6.0.25
7f94bf265000-7f94bf269000 rw-p 00000000 00:00 0 
7f94bf270000-7f94c033c000 r-xp 00000000 08:05 3674179                    /usr/lib/jvm/java-11-openjdk-amd64/lib/server/libjvm.so
7f94c033c000-7f94c053b000 ---p 010cc000 08:05 3674179                    /usr/lib/jvm/java-11-openjdk-amd64/lib/server/libjvm.so
7f94c053b000-7f94c05f8000 r--p 010cb000 08:05 3674179                    /usr/lib/jvm/java-11-openjdk-amd64/lib/server/libjvm.so
7f94c05f8000-7f94c0631000 rw-p 01188000 08:05 3674179                    /usr/lib/jvm/java-11-openjdk-amd64/lib/server/libjvm.so
7f94c0631000-7f94c0687000 rw-p 00000000 00:00 0 
7f94c0688000-7f94c06a2000 r-xp 00000000 08:05 7345000                    /lib/x86_64-linux-gnu/libpthread-2.27.so
7f94c06a2000-7f94c08a1000 ---p 0001a000 08:05 7345000                    /lib/x86_64-linux-gnu/libpthread-2.27.so
7f94c08a1000-7f94c08a2000 r--p 00019000 08:05 7345000                    /lib/x86_64-linux-gnu/libpthread-2.27.so
7f94c08a2000-7f94c08a3000 rw-p 0001a000 08:05 7345000                    /lib/x86_64-linux-gnu/libpthread-2.27.so
7f94c08a3000-7f94c08a7000 rw-p 00000000 00:00 0 
7f94c08a8000-7f94c08ab000 r-xp 00000000 08:05 7344890                    /lib/x86_64-linux-gnu/libdl-2.27.so
7f94c08ab000-7f94c0aaa000 ---p 00003000 08:05 7344890                    /lib/x86_64-linux-gnu/libdl-2.27.so
7f94c0aaa000-7f94c0aab000 r--p 00002000 08:05 7344890                    /lib/x86_64-linux-gnu/libdl-2.27.so
7f94c0aab000-7f94c0aac000 rw-p 00003000 08:05 7344890                    /lib/x86_64-linux-gnu/libdl-2.27.so
7f94c0ab0000-7f94c0acc000 r-xp 00000000 08:05 7345039                    /lib/x86_64-linux-gnu/libz.so.1.2.11
7f94c0acc000-7f94c0ccb000 ---p 0001c000 08:05 7345039                    /lib/x86_64-linux-gnu/libz.so.1.2.11
7f94c0ccb000-7f94c0ccc000 r--p 0001b000 08:05 7345039                    /lib/x86_64-linux-gnu/libz.so.1.2.11
7f94c0ccc000-7f94c0ccd000 rw-p 0001c000 08:05 7345039                    /lib/x86_64-linux-gnu/libz.so.1.2.11
7f94c0cd0000-7f94c0eb7000 r-xp 00000000 08:05 7344867                    /lib/x86_64-linux-gnu/libc-2.27.so
7f94c0eb7000-7f94c10b7000 ---p 001e7000 08:05 7344867                    /lib/x86_64-linux-gnu/libc-2.27.so
7f94c10b7000-7f94c10bb000 r--p 001e7000 08:05 7344867                    /lib/x86_64-linux-gnu/libc-2.27.so
7f94c10bb000-7f94c10bd000 rw-p 001eb000 08:05 7344867                    /lib/x86_64-linux-gnu/libc-2.27.so
7f94c10bd000-7f94c10c1000 rw-p 00000000 00:00 0 
7f94c10c8000-7f94c10d8000 r-xp 00000000 08:05 3674135                    /usr/lib/jvm/java-11-openjdk-amd64/lib/jli/libjli.so
7f94c10d8000-7f94c12d7000 ---p 00010000 08:05 3674135                    /usr/lib/jvm/java-11-openjdk-amd64/lib/jli/libjli.so
7f94c12d7000-7f94c12d8000 r--p 0000f000 08:05 3674135                    /usr/lib/jvm/java-11-openjdk-amd64/lib/jli/libjli.so
7f94c12d8000-7f94c12d9000 rw-p 00010000 08:05 3674135                    /usr/lib/jvm/java-11-openjdk-amd64/lib/jli/libjli.so
7f94c12dd000-7f94c12df000 rw-p 00000000 00:00 0 
7f94c12df000-7f94c12e0000 r-xp 00000000 00:00 0 
7f94c12e0000-7f94c1307000 r-xp 00000000 08:05 7344839                    /lib/x86_64-linux-gnu/ld-2.27.so
7f94c1307000-7f94c1310000 r-xp 00000000 00:00 0 
7f94c1310000-7f94c1317000 r--s 00000000 08:05 3935193                    /usr/lib/x86_64-linux-gnu/gconv/gconv-modules.cache
7f94c1317000-7f94c13e0000 rw-p 00000000 00:00 0 
7f94c13e0000-7f94c13e7000 ---p 00000000 00:00 0 
7f94c13e7000-7f94c13e9000 r--s 00007000 08:05 4066135                    /usr/share/java/java-atk-wrapper.jar
7f94c13e9000-7f94c13ed000 r-xp 00000000 00:00 0 
7f94c13ed000-7f94c13f1000 ---p 00000000 00:00 0 
7f94c13f1000-7f94c14f0000 rw-p 00000000 00:00 0 
7f94c14f0000-7f94c14f1000 r-xp 00000000 00:00 0 
7f94c14f1000-7f94c14f8000 r-xp 00000000 00:00 0 
7f94c14f8000-7f94c1500000 rw-s 00000000 08:05 8651061                    /tmp/hsperfdata_cheesegr8er/3839
7f94c1500000-7f94c1505000 r-xp 00000000 00:00 0 
7f94c1505000-7f94c1506000 ---p 00000000 00:00 0 
7f94c1506000-7f94c1507000 r--p 00000000 00:00 0 
7f94c1507000-7f94c1508000 r--p 00027000 08:05 7344839                    /lib/x86_64-linux-gnu/ld-2.27.so
7f94c1508000-7f94c1509000 rw-p 00028000 08:05 7344839                    /lib/x86_64-linux-gnu/ld-2.27.so
7f94c1509000-7f94c150a000 rw-p 00000000 00:00 0 
7f94c150a000-7f94c150b000 r-xp 00000000 00:00 0 
7f94c150b000-7f94c150d000 rw-p 00000000 00:00 0 
7ffef54cf000-7ffef54f0000 rw-p 00000000 00:00 0                          [stack]
7ffef55f0000-7ffef55f3000 r--p 00000000 00:00 0                          [vvar]
7ffef55f3000-7ffef55f4000 r-xp 00000000 00:00 0                          [vdso]
ffffffffff600000-ffffffffff601000 r-xp 00000000 00:00 0                  [vsyscall]


VM Arguments:
jvm_args: -Dfile.encoding=UTF-8 
java_command: MemoryFS
java_class_path (initial): /home/cheesegr8er/eclipse-workspace/MemoryFS/target/classes:/home/cheesegr8er/.m2/repository/com/github/lukethompsxn/edufuse/1.0.3/edufuse-1.0.3.jar:/home/cheesegr8er/.m2/repository/com/github/jnr/jnr-ffi/2.1.7/jnr-ffi-2.1.7.jar:/home/cheesegr8er/.m2/repository/com/github/jnr/jffi/1.2.16/jffi-1.2.16.jar:/home/cheesegr8er/.m2/repository/com/github/jnr/jffi/1.2.16/jffi-1.2.16-native.jar:/home/cheesegr8er/.m2/repository/org/ow2/asm/asm/5.0.3/asm-5.0.3.jar:/home/cheesegr8er/.m2/repository/org/ow2/asm/asm-commons/5.0.3/asm-commons-5.0.3.jar:/home/cheesegr8er/.m2/repository/org/ow2/asm/asm-analysis/5.0.3/asm-analysis-5.0.3.jar:/home/cheesegr8er/.m2/repository/org/ow2/asm/asm-tree/5.0.3/asm-tree-5.0.3.jar:/home/cheesegr8er/.m2/repository/org/ow2/asm/asm-util/5.0.3/asm-util-5.0.3.jar:/home/cheesegr8er/.m2/repository/com/github/jnr/jnr-x86asm/1.0.2/jnr-x86asm-1.0.2.jar:/home/cheesegr8er/.m2/repository/com/github/jnr/jnr-posix/3.0.44/jnr-posix-3.0.44.jar:/home/cheesegr8er/.m2/repository/com/github/jnr/jnr-constants/0.9.9/jnr-constants-0.9.9.jar:/home/cheesegr8er/.m2/repository/com/googlecode/json-simple/json-simple/1.1.1/json-simple-1.1.1.jar:/home/cheesegr8er/.m2/repository/junit/junit/4.10/junit-4.10.jar:/home/cheesegr8er/.m2/repository/org/hamcrest/hamcrest-core/1.1/hamcrest-core-1.1.jar
Launcher Type: SUN_STANDARD

[Global flags]
     intx CICompilerCount                          = 4                                         {product} {ergonomic}
     uint ConcGCThreads                            = 2                                         {product} {ergonomic}
     uint G1ConcRefinementThreads                  = 8                                         {product} {ergonomic}
   size_t G1HeapRegionSize                         = 1048576                                   {product} {ergonomic}
    uintx GCDrainStackTargetSize                   = 64                                        {product} {ergonomic}
   size_t InitialHeapSize                          = 132120576                                 {product} {ergonomic}
   size_t MarkStackSize                            = 4194304                                   {product} {ergonomic}
   size_t MaxHeapSize                              = 2099249152                                {product} {ergonomic}
   size_t MaxNewSize                               = 1259339776                                {product} {ergonomic}
   size_t MinHeapDeltaBytes                        = 1048576                                   {product} {ergonomic}
    uintx NonNMethodCodeHeapSize                   = 5835340                                {pd product} {ergonomic}
    uintx NonProfiledCodeHeapSize                  = 122911450                              {pd product} {ergonomic}
    uintx ProfiledCodeHeapSize                     = 122911450                              {pd product} {ergonomic}
    uintx ReservedCodeCacheSize                    = 251658240                              {pd product} {ergonomic}
     bool SegmentedCodeCache                       = true                                      {product} {ergonomic}
     bool UseCompressedClassPointers               = true                                 {lp64_product} {ergonomic}
     bool UseCompressedOops                        = true                                 {lp64_product} {ergonomic}
     bool UseG1GC                                  = true                                      {product} {ergonomic}

Logging:
Log output configuration:
 #0: stdout all=warning uptime,level,tags
 #1: stderr all=off uptime,level,tags

Environment Variables:
JAVA_HOME=/lib/jvm/java-11-openjdk-amd64/bin/java
PATH=/usr/local/sbin:/usr/local/bin:/usr/sbin:/usr/bin:/sbin:/bin:/usr/games:/usr/local/games:/snap/bin
USERNAME=cheesegr8er
SHELL=/bin/bash
DISPLAY=:0

Signal Handlers:
SIGSEGV: [libjvm.so+0xde5f50], sa_mask[0]=11111111011111111101111111111110, sa_flags=SA_RESTART|SA_SIGINFO
SIGBUS: [libjvm.so+0xde5f50], sa_mask[0]=11111111011111111101111111111110, sa_flags=SA_RESTART|SA_SIGINFO
SIGFPE: [libjvm.so+0xde5f50], sa_mask[0]=11111111011111111101111111111110, sa_flags=SA_RESTART|SA_SIGINFO
SIGPIPE: [libjvm.so+0xbba5b0], sa_mask[0]=11111111011111111101111111111110, sa_flags=SA_RESTART|SA_SIGINFO
SIGXFSZ: [libjvm.so+0xbba5b0], sa_mask[0]=11111111011111111101111111111110, sa_flags=SA_RESTART|SA_SIGINFO
SIGILL: [libjvm.so+0xde5f50], sa_mask[0]=11111111011111111101111111111110, sa_flags=SA_RESTART|SA_SIGINFO
SIGUSR2: [libjvm.so+0xbba450], sa_mask[0]=00100000000000000000000000000000, sa_flags=SA_RESTART|SA_SIGINFO
SIGHUP: [libjvm.so+0xbba7b0], sa_mask[0]=11111111011111111101111111111110, sa_flags=SA_RESTART|SA_SIGINFO
SIGINT: [libjvm.so+0xbba7b0], sa_mask[0]=11111111011111111101111111111110, sa_flags=SA_RESTART|SA_SIGINFO
SIGTERM: [libjvm.so+0xbba7b0], sa_mask[0]=11111111011111111101111111111110, sa_flags=SA_RESTART|SA_SIGINFO
SIGQUIT: [libjvm.so+0xbba7b0], sa_mask[0]=11111111011111111101111111111110, sa_flags=SA_RESTART|SA_SIGINFO


---------------  S Y S T E M  ---------------

OS:DISTRIB_ID=Ubuntu
DISTRIB_RELEASE=18.04
DISTRIB_CODENAME=bionic
DISTRIB_DESCRIPTION="Ubuntu 18.04.2 LTS"
uname:Linux 5.0.0-29-generic #31~18.04.1-Ubuntu SMP Thu Sep 12 18:29:21 UTC 2019 x86_64
libc:glibc 2.27 NPTL 2.27 
rlimit: STACK 8192k, CORE 0k, NPROC 31574, NOFILE 4096, AS infinity, DATA infinity, FSIZE infinity
load average:3.60 2.34 1.97

/proc/meminfo:
MemTotal:        8196776 kB
MemFree:          320072 kB
MemAvailable:    4181132 kB
Buffers:          228408 kB
Cached:          3938772 kB
SwapCached:            0 kB
Active:          4782108 kB
Inactive:        2518364 kB
Active(anon):    3084036 kB
Inactive(anon):   277108 kB
Active(file):    1698072 kB
Inactive(file):  2241256 kB
Unevictable:          64 kB
Mlocked:              64 kB
SwapTotal:       2097148 kB
SwapFree:        2097148 kB
Dirty:              2008 kB
Writeback:             0 kB
AnonPages:       3133456 kB
Mapped:           963180 kB
Shmem:            227856 kB
KReclaimable:     227508 kB
Slab:             312088 kB
SReclaimable:     227508 kB
SUnreclaim:        84580 kB
KernelStack:       18544 kB
PageTables:        77116 kB
NFS_Unstable:          0 kB
Bounce:                0 kB
WritebackTmp:          0 kB
CommitLimit:     6195536 kB
Committed_AS:   12335688 kB
VmallocTotal:   34359738367 kB
VmallocUsed:           0 kB
VmallocChunk:          0 kB
Percpu:             3744 kB
HardwareCorrupted:     0 kB
AnonHugePages:         0 kB
ShmemHugePages:        0 kB
ShmemPmdMapped:        0 kB
CmaTotal:              0 kB
CmaFree:               0 kB
HugePages_Total:       0
HugePages_Free:        0
HugePages_Rsvd:        0
HugePages_Surp:        0
Hugepagesize:       2048 kB
Hugetlb:               0 kB
DirectMap4k:      381976 kB
DirectMap2M:     7972864 kB
DirectMap1G:           0 kB


/proc/sys/kernel/threads-max (system-wide limit on the number of threads):
63149


/proc/sys/vm/max_map_count (maximum number of memory map areas a process may have):
65530


/proc/sys/kernel/pid_max (system-wide limit on number of process identifiers):
32768



container (cgroup) information:
container_type: cgroupv1
cpu_cpuset_cpus: 0-7
cpu_memory_nodes: 0
active_processor_count: 8
cpu_quota: -1
cpu_period: 100000
cpu_shares: -1
memory_limit_in_bytes: -1
memory_and_swap_limit_in_bytes: -2
memory_soft_limit_in_bytes: -1
memory_usage_in_bytes: 7475601408
memory_max_usage_in_bytes: 6664192

Steal ticks since vm start: 0
Steal ticks percentage since vm start:  0.000

CPU:total 8 (initial active 8) (8 cores per cpu, 1 threads per core) family 21 model 2 stepping 0, cmov, cx8, fxsr, mmx, sse, sse2, sse3, ssse3, sse4.1, sse4.2, popcnt, avx, aes, clmul, mmxext, 3dnowpref, lzcnt, sse4a, tsc, tscinvbit, tscinv, bmi1, fma
CPU Model and flags from /proc/cpuinfo:
model name	: AMD FX(tm)-8350 Eight-Core Processor
flags		: fpu vme de pse tsc msr pae mce cx8 apic sep mtrr pge mca cmov pat pse36 clflush mmx fxsr sse sse2 ht syscall nx mmxext fxsr_opt pdpe1gb rdtscp lm constant_tsc rep_good nopl nonstop_tsc cpuid extd_apicid aperfmperf pni pclmulqdq monitor ssse3 fma cx16 sse4_1 sse4_2 popcnt aes xsave avx f16c lahf_lm cmp_legacy svm extapic cr8_legacy abm sse4a misalignsse 3dnowprefetch osvw ibs xop skinit wdt fma4 tce nodeid_msr tbm topoext perfctr_core perfctr_nb cpb hw_pstate ssbd ibpb vmmcall bmi1 arat npt lbrv svm_lock nrip_save tsc_scale vmcb_clean flushbyasid decodeassists pausefilter pfthreshold

Memory: 4k page, physical 8196776k(319564k free), swap 2097148k(2097148k free)

vm_info: OpenJDK 64-Bit Server VM (11.0.4+11-post-Ubuntu-1ubuntu218.04.3) for linux-amd64 JRE (11.0.4+11-post-Ubuntu-1ubuntu218.04.3), built on Jul 18 2019 18:21:46 by "buildd" with gcc 7.4.0

END.
