#
# A fatal error has been detected by the Java Runtime Environment:
#
#  SIGSEGV (0xb) at pc=0x00007f0f68ff9561, pid=3713, tid=3815
#
# JRE version: OpenJDK Runtime Environment (11.0.4+11) (build 11.0.4+11-post-Ubuntu-1ubuntu218.04.3)
# Java VM: OpenJDK 64-Bit Server VM (11.0.4+11-post-Ubuntu-1ubuntu218.04.3, mixed mode, sharing, tiered, compressed oops, g1 gc, linux-amd64)
# Problematic frame:
# 
[error occurred during error reporting (printing problematic frame), id 0xb, SIGSEGV (0xb) at pc=0x00007f0f9a5260c8]

# Core dump will be written. Default location: Core dumps may be processed with "/usr/share/apport/apport %p %s %c %d %P" (or dumping to /home/cheesegr8er/eclipse-workspace/MemoryFS/core.3713)
#
# If you would like to submit a bug report, please visit:
#   https://bugs.launchpad.net/ubuntu/+source/openjdk-lts
#

---------------  S U M M A R Y ------------

Command Line: -Dfile.encoding=UTF-8 MemoryFS -d -f /home/cheesegr8er/Downloads/TestFileRoot

Host: AMD FX(tm)-8350 Eight-Core Processor, 8 cores, 7G, Ubuntu 18.04.2 LTS
Time: Sun Sep 29 18:52:24 2019 NZDT elapsed time: 107 seconds (0d 0h 1m 47s)

---------------  T H R E A D  ---------------

Current thread is native thread

Stack: [0x00007f0f2dffe000,0x00007f0f2e7fd000],  sp=0x00007f0f2e7fbb90,  free space=8182k
Native frames: (J=compiled Java code, A=aot compiled Java code, j=interpreted, Vv=VM code, C=native code)

[error occurred during error reporting (printing native stack), id 0xb, SIGSEGV (0xb) at pc=0x00007f0f9a5260c8]


siginfo: si_signo: 11 (SIGSEGV), si_code: 1 (SEGV_MAPERR), si_addr: 0x0000000000000000

Register to memory mapping:

RAX=0x0 is NULL
RBX=
[error occurred during error reporting (printing register info), id 0xb, SIGSEGV (0xb) at pc=0x00007f0f996e48e7]

Registers:
RAX=0x0000000000000000, RBX=0x00007f0f94468b80, RCX=0x00007f0f99f92320, RDX=0x0000000000000000
RSP=0x00007f0f2e7fbb90, RBP=0x00007f0f2e7fbba0, RSI=0x00007f0f2e7fbc00, RDI=0x00007f0f14021e00
R8 =0x0000000000000000, R9 =0x00007f0f14021eff, R10=0x00007f0f140008d0, R11=0x0000000000000000
R12=0x00007f0f14022290, R13=0x0000000000000001, R14=0x0000000000000000, R15=0x0000000000000000
RIP=0x00007f0f68ff9561, EFLAGS=0x0000000000010206, CSGSFS=0x002b000000000033, ERR=0x0000000000000004
  TRAPNO=0x000000000000000e

Top of Stack: (sp=0x00007f0f2e7fbb90)
0x00007f0f2e7fbb90:   00007f0f2e7fbc00 00007f0f14021e00
0x00007f0f2e7fbba0:   00007f0f2e7fbc00 00007f0f68daa9ae
0x00007f0f2e7fbbb0:   00007f0f2e7fbb70 00007f0f14021e00
0x00007f0f2e7fbbc0:   00007f0f140288f0 0000000000000060 

Instructions: (pc=0x00007f0f68ff9561)
0x00007f0f68ff9461:   25 92 4b 20 00 66 90 00 00 00 00 00 00 00 00 48
0x00007f0f68ff9471:   8d 3d 01 4d 20 00 55 48 8d 05 f9 4c 20 00 48 39
0x00007f0f68ff9481:   f8 48 89 e5 74 19 48 8b 05 22 4b 20 00 48 85 c0
0x00007f0f68ff9491:   74 0d 5d ff e0 66 2e 0f 1f 84 00 00 00 00 00 5d
0x00007f0f68ff94a1:   c3 0f 1f 40 00 66 2e 0f 1f 84 00 00 00 00 00 48
0x00007f0f68ff94b1:   8d 3d c1 4c 20 00 48 8d 35 ba 4c 20 00 55 48 29
0x00007f0f68ff94c1:   fe 48 89 e5 48 c1 fe 03 48 89 f0 48 c1 e8 3f 48
0x00007f0f68ff94d1:   01 c6 48 d1 fe 74 18 48 8b 05 11 4b 20 00 48 85
0x00007f0f68ff94e1:   c0 74 0c 5d ff e0 66 0f 1f 84 00 00 00 00 00 5d
0x00007f0f68ff94f1:   c3 0f 1f 40 00 66 2e 0f 1f 84 00 00 00 00 00 80
0x00007f0f68ff9501:   3d 79 4c 20 00 00 75 2f 48 83 3d e7 4a 20 00 00
0x00007f0f68ff9511:   55 48 89 e5 74 0c 48 8b 3d 4a 4c 20 00 e8 3d ff
0x00007f0f68ff9521:   ff ff e8 48 ff ff ff c6 05 51 4c 20 00 01 5d c3
0x00007f0f68ff9531:   0f 1f 80 00 00 00 00 f3 c3 66 0f 1f 44 00 00 55
0x00007f0f68ff9541:   48 89 e5 5d e9 66 ff ff ff 55 48 89 e5 48 83 ec
0x00007f0f68ff9551:   10 48 89 7d f8 48 89 75 f0 48 8b 05 77 4a 20 00
0x00007f0f68ff9561:   8b 00 85 c0 74 22 48 8b 45 f0 48 89 c7 e8 fd fd
0x00007f0f68ff9571:   ff ff 48 89 c2 48 8b 45 f8 48 89 c6 48 8d 3d dc
0x00007f0f68ff9581:   39 00 00 e8 97 fd ff ff 48 8b 05 f8 4b 20 00 48
0x00007f0f68ff9591:   8b 00 48 8b 4d f0 48 8b 55 f8 48 89 ce 48 89 d7
0x00007f0f68ff95a1:   ff d0 c9 c3 55 48 89 e5 48 83 ec 30 48 89 7d e8
0x00007f0f68ff95b1:   48 89 75 e0 48 89 55 d8 48 8b 05 18 4a 20 00 8b
0x00007f0f68ff95c1:   00 85 c0 74 57 48 8b 55 e0 ff 75 d8 48 8d 05 98
0x00007f0f68ff95d1:   39 00 00 50 41 b9 49 00 00 00 49 89 d0 48 8d 0d
0x00007f0f68ff95e1:   83 39 00 00 ba 73 00 00 00 be 02 00 00 00 bf 01
0x00007f0f68ff95f1:   00 00 00 b8 00 00 00 00 e8 e2 fb ff ff 48 83 c4
0x00007f0f68ff9601:   10 48 89 45 f8 48 8b 55 f8 48 8b 45 e8 48 89 c6
0x00007f0f68ff9611:   48 8d 3d 58 39 00 00 e8 03 fd ff ff 48 8b 05 64
0x00007f0f68ff9621:   4b 20 00 48 8b 40 08 48 8b 55 d8 48 8b 75 e0 48
0x00007f0f68ff9631:   8b 4d e8 48 89 cf ff d0 c9 c3 55 48 89 e5 48 83
0x00007f0f68ff9641:   ec 30 48 89 7d e8 89 75 e4 48 89 55 d8 48 8b 05
0x00007f0f68ff9651:   83 49 20 00 8b 00 85 c0 74 56 8b 55 e4 ff 75 d8 


Stack slot to memory mapping:
stack at sp + 0 slots: 
[error occurred during error reporting (inspecting top of stack), id 0xb, SIGSEGV (0xb) at pc=0x00007f0f996e48e7]


---------------  P R O C E S S  ---------------

VM state:not at safepoint (normal execution)

VM Mutex/Monitor currently owned by a thread: None

Heap address: 0x0000000082e00000, size: 2002 MB, Compressed Oops mode: 32-bit
Narrow klass base: 0x0000000800000000, Narrow klass shift: 3
Compressed class space size: 1073741824 Address: 0x0000000840000000

Heap:
 garbage-first heap   total 131072K, used 33269K [0x0000000082e00000, 0x0000000100000000)
  region size 1024K, 33 young (33792K), 2 survivors (2048K)
 Metaspace       used 5683K, capacity 7707K, committed 7808K, reserved 1056768K
  class space    used 637K, capacity 863K, committed 896K, reserved 1048576K
Heap Regions: E=young(eden), S=young(survivor), O=old, HS=humongous(starts), HC=humongous(continues), CS=collection set, F=free, A=archive, TAMS=top-at-mark-start (previous, next)
|   0|0x0000000082e00000, 0x0000000082e00000, 0x0000000082f00000|  0%| F|  |TAMS 0x0000000082e00000, 0x0000000082e00000| Untracked 
|   1|0x0000000082f00000, 0x0000000082f00000, 0x0000000083000000|  0%| F|  |TAMS 0x0000000082f00000, 0x0000000082f00000| Untracked 
|   2|0x0000000083000000, 0x0000000083000000, 0x0000000083100000|  0%| F|  |TAMS 0x0000000083000000, 0x0000000083000000| Untracked 
|   3|0x0000000083100000, 0x0000000083100000, 0x0000000083200000|  0%| F|  |TAMS 0x0000000083100000, 0x0000000083100000| Untracked 
|   4|0x0000000083200000, 0x0000000083200000, 0x0000000083300000|  0%| F|  |TAMS 0x0000000083200000, 0x0000000083200000| Untracked 
|   5|0x0000000083300000, 0x0000000083300000, 0x0000000083400000|  0%| F|  |TAMS 0x0000000083300000, 0x0000000083300000| Untracked 
|   6|0x0000000083400000, 0x0000000083400000, 0x0000000083500000|  0%| F|  |TAMS 0x0000000083400000, 0x0000000083400000| Untracked 
|   7|0x0000000083500000, 0x0000000083500000, 0x0000000083600000|  0%| F|  |TAMS 0x0000000083500000, 0x0000000083500000| Untracked 
|   8|0x0000000083600000, 0x0000000083600000, 0x0000000083700000|  0%| F|  |TAMS 0x0000000083600000, 0x0000000083600000| Untracked 
|   9|0x0000000083700000, 0x0000000083700000, 0x0000000083800000|  0%| F|  |TAMS 0x0000000083700000, 0x0000000083700000| Untracked 
|  10|0x0000000083800000, 0x0000000083800000, 0x0000000083900000|  0%| F|  |TAMS 0x0000000083800000, 0x0000000083800000| Untracked 
|  11|0x0000000083900000, 0x0000000083900000, 0x0000000083a00000|  0%| F|  |TAMS 0x0000000083900000, 0x0000000083900000| Untracked 
|  12|0x0000000083a00000, 0x0000000083a00000, 0x0000000083b00000|  0%| F|  |TAMS 0x0000000083a00000, 0x0000000083a00000| Untracked 
|  13|0x0000000083b00000, 0x0000000083b00000, 0x0000000083c00000|  0%| F|  |TAMS 0x0000000083b00000, 0x0000000083b00000| Untracked 
|  14|0x0000000083c00000, 0x0000000083c00000, 0x0000000083d00000|  0%| F|  |TAMS 0x0000000083c00000, 0x0000000083c00000| Untracked 
|  15|0x0000000083d00000, 0x0000000083d00000, 0x0000000083e00000|  0%| F|  |TAMS 0x0000000083d00000, 0x0000000083d00000| Untracked 
|  16|0x0000000083e00000, 0x0000000083e00000, 0x0000000083f00000|  0%| F|  |TAMS 0x0000000083e00000, 0x0000000083e00000| Untracked 
|  17|0x0000000083f00000, 0x0000000083f00000, 0x0000000084000000|  0%| F|  |TAMS 0x0000000083f00000, 0x0000000083f00000| Untracked 
|  18|0x0000000084000000, 0x0000000084000000, 0x0000000084100000|  0%| F|  |TAMS 0x0000000084000000, 0x0000000084000000| Untracked 
|  19|0x0000000084100000, 0x0000000084100000, 0x0000000084200000|  0%| F|  |TAMS 0x0000000084100000, 0x0000000084100000| Untracked 
|  20|0x0000000084200000, 0x0000000084200000, 0x0000000084300000|  0%| F|  |TAMS 0x0000000084200000, 0x0000000084200000| Untracked 
|  21|0x0000000084300000, 0x0000000084300000, 0x0000000084400000|  0%| F|  |TAMS 0x0000000084300000, 0x0000000084300000| Untracked 
|  22|0x0000000084400000, 0x0000000084400000, 0x0000000084500000|  0%| F|  |TAMS 0x0000000084400000, 0x0000000084400000| Untracked 
|  23|0x0000000084500000, 0x0000000084500000, 0x0000000084600000|  0%| F|  |TAMS 0x0000000084500000, 0x0000000084500000| Untracked 
|  24|0x0000000084600000, 0x0000000084600000, 0x0000000084700000|  0%| F|  |TAMS 0x0000000084600000, 0x0000000084600000| Untracked 
|  25|0x0000000084700000, 0x0000000084700000, 0x0000000084800000|  0%| F|  |TAMS 0x0000000084700000, 0x0000000084700000| Untracked 
|  26|0x0000000084800000, 0x0000000084800000, 0x0000000084900000|  0%| F|  |TAMS 0x0000000084800000, 0x0000000084800000| Untracked 
|  27|0x0000000084900000, 0x0000000084900000, 0x0000000084a00000|  0%| F|  |TAMS 0x0000000084900000, 0x0000000084900000| Untracked 
|  28|0x0000000084a00000, 0x0000000084a00000, 0x0000000084b00000|  0%| F|  |TAMS 0x0000000084a00000, 0x0000000084a00000| Untracked 
|  29|0x0000000084b00000, 0x0000000084b00000, 0x0000000084c00000|  0%| F|  |TAMS 0x0000000084b00000, 0x0000000084b00000| Untracked 
|  30|0x0000000084c00000, 0x0000000084c00000, 0x0000000084d00000|  0%| F|  |TAMS 0x0000000084c00000, 0x0000000084c00000| Untracked 
|  31|0x0000000084d00000, 0x0000000084d00000, 0x0000000084e00000|  0%| F|  |TAMS 0x0000000084d00000, 0x0000000084d00000| Untracked 
|  32|0x0000000084e00000, 0x0000000084e00000, 0x0000000084f00000|  0%| F|  |TAMS 0x0000000084e00000, 0x0000000084e00000| Untracked 
|  33|0x0000000084f00000, 0x0000000084f00000, 0x0000000085000000|  0%| F|  |TAMS 0x0000000084f00000, 0x0000000084f00000| Untracked 
|  34|0x0000000085000000, 0x0000000085000000, 0x0000000085100000|  0%| F|  |TAMS 0x0000000085000000, 0x0000000085000000| Untracked 
|  35|0x0000000085100000, 0x0000000085100000, 0x0000000085200000|  0%| F|  |TAMS 0x0000000085100000, 0x0000000085100000| Untracked 
|  36|0x0000000085200000, 0x0000000085200000, 0x0000000085300000|  0%| F|  |TAMS 0x0000000085200000, 0x0000000085200000| Untracked 
|  37|0x0000000085300000, 0x0000000085300000, 0x0000000085400000|  0%| F|  |TAMS 0x0000000085300000, 0x0000000085300000| Untracked 
|  38|0x0000000085400000, 0x0000000085400000, 0x0000000085500000|  0%| F|  |TAMS 0x0000000085400000, 0x0000000085400000| Untracked 
|  39|0x0000000085500000, 0x0000000085500000, 0x0000000085600000|  0%| F|  |TAMS 0x0000000085500000, 0x0000000085500000| Untracked 
|  40|0x0000000085600000, 0x0000000085600000, 0x0000000085700000|  0%| F|  |TAMS 0x0000000085600000, 0x0000000085600000| Untracked 
|  41|0x0000000085700000, 0x0000000085700000, 0x0000000085800000|  0%| F|  |TAMS 0x0000000085700000, 0x0000000085700000| Untracked 
|  42|0x0000000085800000, 0x0000000085800000, 0x0000000085900000|  0%| F|  |TAMS 0x0000000085800000, 0x0000000085800000| Untracked 
|  43|0x0000000085900000, 0x0000000085900000, 0x0000000085a00000|  0%| F|  |TAMS 0x0000000085900000, 0x0000000085900000| Untracked 
|  44|0x0000000085a00000, 0x0000000085a00000, 0x0000000085b00000|  0%| F|  |TAMS 0x0000000085a00000, 0x0000000085a00000| Untracked 
|  45|0x0000000085b00000, 0x0000000085b00000, 0x0000000085c00000|  0%| F|  |TAMS 0x0000000085b00000, 0x0000000085b00000| Untracked 
|  46|0x0000000085c00000, 0x0000000085c00000, 0x0000000085d00000|  0%| F|  |TAMS 0x0000000085c00000, 0x0000000085c00000| Untracked 
|  47|0x0000000085d00000, 0x0000000085d00000, 0x0000000085e00000|  0%| F|  |TAMS 0x0000000085d00000, 0x0000000085d00000| Untracked 
|  48|0x0000000085e00000, 0x0000000085e00000, 0x0000000085f00000|  0%| F|  |TAMS 0x0000000085e00000, 0x0000000085e00000| Untracked 
|  49|0x0000000085f00000, 0x0000000085f00000, 0x0000000086000000|  0%| F|  |TAMS 0x0000000085f00000, 0x0000000085f00000| Untracked 
|  50|0x0000000086000000, 0x0000000086000000, 0x0000000086100000|  0%| F|  |TAMS 0x0000000086000000, 0x0000000086000000| Untracked 
|  51|0x0000000086100000, 0x0000000086100000, 0x0000000086200000|  0%| F|  |TAMS 0x0000000086100000, 0x0000000086100000| Untracked 
|  52|0x0000000086200000, 0x0000000086200000, 0x0000000086300000|  0%| F|  |TAMS 0x0000000086200000, 0x0000000086200000| Untracked 
|  53|0x0000000086300000, 0x0000000086300000, 0x0000000086400000|  0%| F|  |TAMS 0x0000000086300000, 0x0000000086300000| Untracked 
|  54|0x0000000086400000, 0x0000000086400000, 0x0000000086500000|  0%| F|  |TAMS 0x0000000086400000, 0x0000000086400000| Untracked 
|  55|0x0000000086500000, 0x0000000086500000, 0x0000000086600000|  0%| F|  |TAMS 0x0000000086500000, 0x0000000086500000| Untracked 
|  56|0x0000000086600000, 0x0000000086600000, 0x0000000086700000|  0%| F|  |TAMS 0x0000000086600000, 0x0000000086600000| Untracked 
|  57|0x0000000086700000, 0x0000000086700000, 0x0000000086800000|  0%| F|  |TAMS 0x0000000086700000, 0x0000000086700000| Untracked 
|  58|0x0000000086800000, 0x0000000086800000, 0x0000000086900000|  0%| F|  |TAMS 0x0000000086800000, 0x0000000086800000| Untracked 
|  59|0x0000000086900000, 0x0000000086900000, 0x0000000086a00000|  0%| F|  |TAMS 0x0000000086900000, 0x0000000086900000| Untracked 
|  60|0x0000000086a00000, 0x0000000086a00000, 0x0000000086b00000|  0%| F|  |TAMS 0x0000000086a00000, 0x0000000086a00000| Untracked 
|  61|0x0000000086b00000, 0x0000000086b00000, 0x0000000086c00000|  0%| F|  |TAMS 0x0000000086b00000, 0x0000000086b00000| Untracked 
|  62|0x0000000086c00000, 0x0000000086c00000, 0x0000000086d00000|  0%| F|  |TAMS 0x0000000086c00000, 0x0000000086c00000| Untracked 
|  63|0x0000000086d00000, 0x0000000086d00000, 0x0000000086e00000|  0%| F|  |TAMS 0x0000000086d00000, 0x0000000086d00000| Untracked 
|  64|0x0000000086e00000, 0x0000000086e00000, 0x0000000086f00000|  0%| F|  |TAMS 0x0000000086e00000, 0x0000000086e00000| Untracked 
|  65|0x0000000086f00000, 0x0000000086f00000, 0x0000000087000000|  0%| F|  |TAMS 0x0000000086f00000, 0x0000000086f00000| Untracked 
|  66|0x0000000087000000, 0x0000000087000000, 0x0000000087100000|  0%| F|  |TAMS 0x0000000087000000, 0x0000000087000000| Untracked 
|  67|0x0000000087100000, 0x0000000087100000, 0x0000000087200000|  0%| F|  |TAMS 0x0000000087100000, 0x0000000087100000| Untracked 
|  68|0x0000000087200000, 0x0000000087200000, 0x0000000087300000|  0%| F|  |TAMS 0x0000000087200000, 0x0000000087200000| Untracked 
|  69|0x0000000087300000, 0x0000000087300000, 0x0000000087400000|  0%| F|  |TAMS 0x0000000087300000, 0x0000000087300000| Untracked 
|  70|0x0000000087400000, 0x0000000087400000, 0x0000000087500000|  0%| F|  |TAMS 0x0000000087400000, 0x0000000087400000| Untracked 
|  71|0x0000000087500000, 0x0000000087500000, 0x0000000087600000|  0%| F|  |TAMS 0x0000000087500000, 0x0000000087500000| Untracked 
|  72|0x0000000087600000, 0x0000000087600000, 0x0000000087700000|  0%| F|  |TAMS 0x0000000087600000, 0x0000000087600000| Untracked 
|  73|0x0000000087700000, 0x0000000087700000, 0x0000000087800000|  0%| F|  |TAMS 0x0000000087700000, 0x0000000087700000| Untracked 
|  74|0x0000000087800000, 0x0000000087800000, 0x0000000087900000|  0%| F|  |TAMS 0x0000000087800000, 0x0000000087800000| Untracked 
|  75|0x0000000087900000, 0x0000000087900000, 0x0000000087a00000|  0%| F|  |TAMS 0x0000000087900000, 0x0000000087900000| Untracked 
|  76|0x0000000087a00000, 0x0000000087a00000, 0x0000000087b00000|  0%| F|  |TAMS 0x0000000087a00000, 0x0000000087a00000| Untracked 
|  77|0x0000000087b00000, 0x0000000087b00000, 0x0000000087c00000|  0%| F|  |TAMS 0x0000000087b00000, 0x0000000087b00000| Untracked 
|  78|0x0000000087c00000, 0x0000000087c00000, 0x0000000087d00000|  0%| F|  |TAMS 0x0000000087c00000, 0x0000000087c00000| Untracked 
|  79|0x0000000087d00000, 0x0000000087d00000, 0x0000000087e00000|  0%| F|  |TAMS 0x0000000087d00000, 0x0000000087d00000| Untracked 
|  80|0x0000000087e00000, 0x0000000087e00000, 0x0000000087f00000|  0%| F|  |TAMS 0x0000000087e00000, 0x0000000087e00000| Untracked 
|  81|0x0000000087f00000, 0x0000000087f00000, 0x0000000088000000|  0%| F|  |TAMS 0x0000000087f00000, 0x0000000087f00000| Untracked 
|  82|0x0000000088000000, 0x0000000088000000, 0x0000000088100000|  0%| F|  |TAMS 0x0000000088000000, 0x0000000088000000| Untracked 
|  83|0x0000000088100000, 0x0000000088100000, 0x0000000088200000|  0%| F|  |TAMS 0x0000000088100000, 0x0000000088100000| Untracked 
|  84|0x0000000088200000, 0x0000000088200000, 0x0000000088300000|  0%| F|  |TAMS 0x0000000088200000, 0x0000000088200000| Untracked 
|  85|0x0000000088300000, 0x0000000088300000, 0x0000000088400000|  0%| F|  |TAMS 0x0000000088300000, 0x0000000088300000| Untracked 
|  86|0x0000000088400000, 0x0000000088400000, 0x0000000088500000|  0%| F|  |TAMS 0x0000000088400000, 0x0000000088400000| Untracked 
|  87|0x0000000088500000, 0x0000000088500000, 0x0000000088600000|  0%| F|  |TAMS 0x0000000088500000, 0x0000000088500000| Untracked 
|  88|0x0000000088600000, 0x0000000088600000, 0x0000000088700000|  0%| F|  |TAMS 0x0000000088600000, 0x0000000088600000| Untracked 
|  89|0x0000000088700000, 0x0000000088700000, 0x0000000088800000|  0%| F|  |TAMS 0x0000000088700000, 0x0000000088700000| Untracked 
|  90|0x0000000088800000, 0x0000000088800000, 0x0000000088900000|  0%| F|  |TAMS 0x0000000088800000, 0x0000000088800000| Untracked 
|  91|0x0000000088900000, 0x0000000088900000, 0x0000000088a00000|  0%| F|  |TAMS 0x0000000088900000, 0x0000000088900000| Untracked 
|  92|0x0000000088a00000, 0x0000000088a00000, 0x0000000088b00000|  0%| F|  |TAMS 0x0000000088a00000, 0x0000000088a00000| Untracked 
|  93|0x0000000088b00000, 0x0000000088b80800, 0x0000000088c00000| 50%| E|  |TAMS 0x0000000088b00000, 0x0000000088b00000| Complete 
|  94|0x0000000088c00000, 0x0000000088d00000, 0x0000000088d00000|100%| E|CS|TAMS 0x0000000088c00000, 0x0000000088c00000| Complete 
|  95|0x0000000088d00000, 0x0000000088e00000, 0x0000000088e00000|100%| E|CS|TAMS 0x0000000088d00000, 0x0000000088d00000| Complete 
|  96|0x0000000088e00000, 0x0000000088f00000, 0x0000000088f00000|100%| E|CS|TAMS 0x0000000088e00000, 0x0000000088e00000| Complete 
|  97|0x0000000088f00000, 0x0000000089000000, 0x0000000089000000|100%| E|CS|TAMS 0x0000000088f00000, 0x0000000088f00000| Complete 
|  98|0x0000000089000000, 0x0000000089100000, 0x0000000089100000|100%| E|CS|TAMS 0x0000000089000000, 0x0000000089000000| Complete 
|  99|0x0000000089100000, 0x0000000089200000, 0x0000000089200000|100%| E|CS|TAMS 0x0000000089100000, 0x0000000089100000| Complete 
| 100|0x0000000089200000, 0x00000000892df448, 0x0000000089300000| 87%| S|CS|TAMS 0x0000000089200000, 0x0000000089200000| Complete 
| 101|0x0000000089300000, 0x0000000089400000, 0x0000000089400000|100%| S|CS|TAMS 0x0000000089300000, 0x0000000089300000| Complete 
| 102|0x0000000089400000, 0x0000000089500000, 0x0000000089500000|100%| E|CS|TAMS 0x0000000089400000, 0x0000000089400000| Complete 
| 103|0x0000000089500000, 0x0000000089600000, 0x0000000089600000|100%| E|CS|TAMS 0x0000000089500000, 0x0000000089500000| Complete 
| 104|0x0000000089600000, 0x0000000089700000, 0x0000000089700000|100%| E|CS|TAMS 0x0000000089600000, 0x0000000089600000| Complete 
| 105|0x0000000089700000, 0x0000000089800000, 0x0000000089800000|100%| E|CS|TAMS 0x0000000089700000, 0x0000000089700000| Complete 
| 106|0x0000000089800000, 0x0000000089900000, 0x0000000089900000|100%| E|CS|TAMS 0x0000000089800000, 0x0000000089800000| Complete 
| 107|0x0000000089900000, 0x0000000089a00000, 0x0000000089a00000|100%| E|CS|TAMS 0x0000000089900000, 0x0000000089900000| Complete 
| 108|0x0000000089a00000, 0x0000000089b00000, 0x0000000089b00000|100%| E|CS|TAMS 0x0000000089a00000, 0x0000000089a00000| Complete 
| 109|0x0000000089b00000, 0x0000000089c00000, 0x0000000089c00000|100%| E|CS|TAMS 0x0000000089b00000, 0x0000000089b00000| Complete 
| 110|0x0000000089c00000, 0x0000000089d00000, 0x0000000089d00000|100%| E|CS|TAMS 0x0000000089c00000, 0x0000000089c00000| Complete 
| 111|0x0000000089d00000, 0x0000000089e00000, 0x0000000089e00000|100%| E|CS|TAMS 0x0000000089d00000, 0x0000000089d00000| Complete 
| 112|0x0000000089e00000, 0x0000000089f00000, 0x0000000089f00000|100%| E|CS|TAMS 0x0000000089e00000, 0x0000000089e00000| Complete 
| 113|0x0000000089f00000, 0x000000008a000000, 0x000000008a000000|100%| E|CS|TAMS 0x0000000089f00000, 0x0000000089f00000| Complete 
| 114|0x000000008a000000, 0x000000008a100000, 0x000000008a100000|100%| E|CS|TAMS 0x000000008a000000, 0x000000008a000000| Complete 
| 115|0x000000008a100000, 0x000000008a200000, 0x000000008a200000|100%| E|CS|TAMS 0x000000008a100000, 0x000000008a100000| Complete 
| 116|0x000000008a200000, 0x000000008a300000, 0x000000008a300000|100%| E|CS|TAMS 0x000000008a200000, 0x000000008a200000| Complete 
| 117|0x000000008a300000, 0x000000008a400000, 0x000000008a400000|100%| E|CS|TAMS 0x000000008a300000, 0x000000008a300000| Complete 
| 118|0x000000008a400000, 0x000000008a500000, 0x000000008a500000|100%| E|CS|TAMS 0x000000008a400000, 0x000000008a400000| Complete 
| 119|0x000000008a500000, 0x000000008a600000, 0x000000008a600000|100%| E|CS|TAMS 0x000000008a500000, 0x000000008a500000| Complete 
| 120|0x000000008a600000, 0x000000008a700000, 0x000000008a700000|100%| E|CS|TAMS 0x000000008a600000, 0x000000008a600000| Complete 
| 121|0x000000008a700000, 0x000000008a800000, 0x000000008a800000|100%| E|CS|TAMS 0x000000008a700000, 0x000000008a700000| Complete 
| 122|0x000000008a800000, 0x000000008a900000, 0x000000008a900000|100%| E|CS|TAMS 0x000000008a800000, 0x000000008a800000| Complete 
| 123|0x000000008a900000, 0x000000008aa00000, 0x000000008aa00000|100%| E|CS|TAMS 0x000000008a900000, 0x000000008a900000| Complete 
| 124|0x000000008aa00000, 0x000000008ab00000, 0x000000008ab00000|100%| E|CS|TAMS 0x000000008aa00000, 0x000000008aa00000| Complete 
| 125|0x000000008ab00000, 0x000000008ac00000, 0x000000008ac00000|100%| E|CS|TAMS 0x000000008ab00000, 0x000000008ab00000| Complete 
|2000|0x00000000ffe00000, 0x00000000ffe34000, 0x00000000fff00000| 20%|OA|  |TAMS 0x00000000ffe00000, 0x00000000ffe00000| Untracked 
|2001|0x00000000fff00000, 0x00000000fff6a000, 0x0000000100000000| 41%|CA|  |TAMS 0x00000000fff00000, 0x00000000fff00000| Untracked 

Card table byte_map: [0x00007f0f7a3ee000,0x00007f0f7a7d7000] _byte_map_base: 0x00007f0f79fd7000

Marking Bits (Prev, Next): (CMBitMap*) 0x00007f0f94052318, (CMBitMap*) 0x00007f0f94052350
 Prev Bits: [0x00007f0f780bd000, 0x00007f0f7a005000)
 Next Bits: [0x00007f0f720b8000, 0x00007f0f74000000)

Polling page: 0x00007f0f9aaf0000

Metaspace:

Usage:
  Non-class:      6.68 MB capacity,     4.93 MB ( 74%) used,     1.74 MB ( 26%) free+waste,    14.69 KB ( <1%) overhead. 
      Class:    863.00 KB capacity,   637.57 KB ( 74%) used,   217.43 KB ( 25%) free+waste,     8.00 KB ( <1%) overhead. 
       Both:      7.53 MB capacity,     5.55 MB ( 74%) used,     1.95 MB ( 26%) free+waste,    22.69 KB ( <1%) overhead. 

Virtual space:
  Non-class space:        8.00 MB reserved,       6.75 MB ( 84%) committed 
      Class space:        1.00 GB reserved,     896.00 KB ( <1%) committed 
             Both:        1.01 GB reserved,       7.62 MB ( <1%) committed 

Chunk freelists:
   Non-Class:  36.00 KB
       Class:  1.00 KB
        Both:  37.00 KB

CodeHeap 'non-profiled nmethods': size=120032Kb used=265Kb max_used=265Kb free=119766Kb
 bounds [0x00007f0f83168000, 0x00007f0f833d8000, 0x00007f0f8a6a0000]
CodeHeap 'profiled nmethods': size=120028Kb used=1791Kb max_used=1791Kb free=118236Kb
 bounds [0x00007f0f7bc31000, 0x00007f0f7bea1000, 0x00007f0f83168000]
CodeHeap 'non-nmethods': size=5700Kb used=1182Kb max_used=1195Kb free=4517Kb
 bounds [0x00007f0f7b6a0000, 0x00007f0f7b910000, 0x00007f0f7bc31000]
 total_blobs=1645 nmethods=955 adapters=442
 compilation: enabled
              stopped_count=0, restarted_count=0
 full_count=0

Compilation events (10 events):
Event: 2.757 Thread 0x00007f0f94131000  951       3       jnr.ffi.provider.jffi.AsmRuntime::pointerValue (20 bytes)
Event: 2.757 Thread 0x00007f0f94131000 nmethod 951 0x00007f0f7bdf0190 code [0x00007f0f7bdf0360, 0x00007f0f7bdf0750]
Event: 2.757 Thread 0x00007f0f94131000  952       3       java.nio.Buffer::flip (20 bytes)
Event: 2.758 Thread 0x00007f0f94131000 nmethod 952 0x00007f0f7bdf0910 code [0x00007f0f7bdf0ac0, 0x00007f0f7bdf0c50]
Event: 2.780 Thread 0x00007f0f94131000  953       1       java.lang.ThreadGroup::getMaxPriority (5 bytes)
Event: 2.780 Thread 0x00007f0f94131000 nmethod 953 0x00007f0f831a9c10 code [0x00007f0f831a9dc0, 0x00007f0f831a9ef0]
Event: 4.504 Thread 0x00007f0f94131000  954       1       java.lang.Thread::isDaemon (5 bytes)
Event: 4.504 Thread 0x00007f0f94131000 nmethod 954 0x00007f0f831a9f90 code [0x00007f0f831aa140, 0x00007f0f831aa270]
Event: 4.504 Thread 0x00007f0f94131000  955       1       java.lang.Thread::getPriority (5 bytes)
Event: 4.504 Thread 0x00007f0f94131000 nmethod 955 0x00007f0f831aa310 code [0x00007f0f831aa4c0, 0x00007f0f831aa5f0]

GC Heap History (2 events):
Event: 2.719 GC heap before
{Heap before GC invocations=0 (full 0):
 garbage-first heap   total 131072K, used 24184K [0x0000000082e00000, 0x0000000100000000)
  region size 1024K, 24 young (24576K), 0 survivors (0K)
 Metaspace       used 5649K, capacity 7701K, committed 7808K, reserved 1056768K
  class space    used 634K, capacity 862K, committed 896K, reserved 1048576K
}
Event: 2.732 GC heap after
{Heap after GC invocations=1 (full 0):
 garbage-first heap   total 131072K, used 2549K [0x0000000082e00000, 0x0000000100000000)
  region size 1024K, 2 young (2048K), 2 survivors (2048K)
 Metaspace       used 5649K, capacity 7701K, committed 7808K, reserved 1056768K
  class space    used 634K, capacity 862K, committed 896K, reserved 1048576K
}

Deoptimization events (10 events):
Event: 0.304 Thread 0x00007f0f94012800 DEOPT PACKING pc=0x00007f0f7bc7a324 sp=0x00007f0f9abee8f0
Event: 0.304 Thread 0x00007f0f94012800 DEOPT UNPACKING pc=0x00007f0f7b6c833a sp=0x00007f0f9abedd80 mode 0
Event: 0.444 Thread 0x00007f0f94012800 Uncommon trap: trap_request=0xffffff4d fr.pc=0x00007f0f8318e788 relative=0x0000000000000148
Event: 0.444 Thread 0x00007f0f94012800 Uncommon trap: reason=unstable_if action=reinterpret pc=0x00007f0f8318e788 method=java.util.HashMap.getNode(ILjava/lang/Object;)Ljava/util/HashMap$Node; @ 129 c2
Event: 0.444 Thread 0x00007f0f94012800 DEOPT PACKING pc=0x00007f0f8318e788 sp=0x00007f0f9abeee60
Event: 0.444 Thread 0x00007f0f94012800 DEOPT UNPACKING pc=0x00007f0f7b6c8525 sp=0x00007f0f9abeedf0 mode 2
Event: 2.665 Thread 0x00007f0f28022800 DEOPT PACKING pc=0x00007f0f7bc8f542 sp=0x00007f0f68a93dc0
Event: 2.665 Thread 0x00007f0f28022800 DEOPT UNPACKING pc=0x00007f0f7b6c833a sp=0x00007f0f68a93248 mode 0
Event: 2.686 Thread 0x00007f0f28022800 DEOPT PACKING pc=0x00007f0f7bc64d6f sp=0x00007f0f68a95900
Event: 2.686 Thread 0x00007f0f28022800 DEOPT UNPACKING pc=0x00007f0f7b6c833a sp=0x00007f0f68a94da8 mode 0

Classes redefined (0 events):
No events

Internal exceptions (4 events):
Event: 0.263 Thread 0x00007f0f94012800 Exception <a 'java/lang/NoSuchMethodError'{0x000000008a7065b0}: 'int java.lang.invoke.DirectMethodHandle$Holder.invokeSpecialIFC(java.lang.Object, java.lang.Object, int)'> (0x000000008a7065b0) thrown at [/build/openjdk-lts-7bqZff/openjdk-lts-11.0.4+11/src
Event: 0.556 Thread 0x00007f0f94012800 Exception <a 'java/lang/NoSuchMethodError'{0x000000008a1f7048}: 'int java.lang.invoke.DirectMethodHandle$Holder.invokeInterface(java.lang.Object, java.lang.Object, java.lang.Object, java.lang.Object)'> (0x000000008a1f7048) thrown at [/build/openjdk-lts-7b
Event: 0.605 Thread 0x00007f0f94012800 Exception <a 'java/lang/NoSuchMethodError'{0x0000000089f1c760}: 'int java.lang.invoke.DirectMethodHandle$Holder.invokeInterface(java.lang.Object, java.lang.Object, java.lang.Object, int)'> (0x0000000089f1c760) thrown at [/build/openjdk-lts-7bqZff/openjdk-
Event: 0.612 Thread 0x00007f0f94012800 Exception <a 'java/lang/NoSuchMethodError'{0x0000000089f4c128}: 'void java.lang.invoke.DirectMethodHandle$Holder.invokeVirtual(java.lang.Object, java.lang.Object)'> (0x0000000089f4c128) thrown at [/build/openjdk-lts-7bqZff/openjdk-lts-11.0.4+11/src/hotspo

Events (10 events):
Event: 4.503 Thread 0x00007f0f14029800 Thread added: 0x00007f0f14029800
Event: 4.503 Thread 0x00007f0f14029800 Thread exited: 0x00007f0f14029800
Event: 4.504 Thread 0x00007f0f1c025800 Thread added: 0x00007f0f1c025800
Event: 4.504 Thread 0x00007f0f1c025800 Thread exited: 0x00007f0f1c025800
Event: 4.504 Thread 0x00007f0f18003000 Thread added: 0x00007f0f18003000
Event: 4.504 Thread 0x00007f0f18003000 Thread exited: 0x00007f0f18003000
Event: 4.504 Thread 0x00007f0f2805c000 Thread added: 0x00007f0f2805c000
Event: 4.505 Thread 0x00007f0f2805c000 Thread exited: 0x00007f0f2805c000
Event: 4.505 Thread 0x00007f0f24025000 Thread added: 0x00007f0f24025000
Event: 4.505 Thread 0x00007f0f24025000 Thread exited: 0x00007f0f24025000


Dynamic libraries:
82e00000-8ac00000 rw-p 00000000 00:00 0 
8ac00000-ffe00000 ---p 00000000 00:00 0 
ffe00000-ffe34000 rw-p 01116000 08:05 3672114                            /usr/lib/jvm/java-11-openjdk-amd64/lib/server/classes.jsa
ffe34000-fff00000 rw-p 00000000 00:00 0 
fff00000-fff6a000 rw-p 010ac000 08:05 3672114                            /usr/lib/jvm/java-11-openjdk-amd64/lib/server/classes.jsa
fff6a000-100000000 rw-p 00000000 00:00 0 
800000000-800002000 rwxp 00001000 08:05 3672114                          /usr/lib/jvm/java-11-openjdk-amd64/lib/server/classes.jsa
800002000-8003bd000 rw-p 00003000 08:05 3672114                          /usr/lib/jvm/java-11-openjdk-amd64/lib/server/classes.jsa
8003bd000-800a98000 r--p 003be000 08:05 3672114                          /usr/lib/jvm/java-11-openjdk-amd64/lib/server/classes.jsa
800a98000-800a99000 rw-p 00a99000 08:05 3672114                          /usr/lib/jvm/java-11-openjdk-amd64/lib/server/classes.jsa
800a99000-8010ab000 r--p 00a9a000 08:05 3672114                          /usr/lib/jvm/java-11-openjdk-amd64/lib/server/classes.jsa
840000000-8400e0000 rw-p 00000000 00:00 0 
8400e0000-880000000 ---p 00000000 00:00 0 
5599545fc000-5599545fd000 r-xp 00000000 08:05 3674084                    /usr/lib/jvm/java-11-openjdk-amd64/bin/java
5599547fd000-5599547fe000 r--p 00001000 08:05 3674084                    /usr/lib/jvm/java-11-openjdk-amd64/bin/java
5599547fe000-5599547ff000 rw-p 00002000 08:05 3674084                    /usr/lib/jvm/java-11-openjdk-amd64/bin/java
55995499c000-5599549bd000 rw-p 00000000 00:00 0                          [heap]
7f0f0c000000-7f0f0c021000 rw-p 00000000 00:00 0 
7f0f0c021000-7f0f10000000 ---p 00000000 00:00 0 
7f0f10000000-7f0f10021000 rw-p 00000000 00:00 0 
7f0f10021000-7f0f14000000 ---p 00000000 00:00 0 
7f0f14000000-7f0f1402d000 rw-p 00000000 00:00 0 
7f0f1402d000-7f0f18000000 ---p 00000000 00:00 0 
7f0f18000000-7f0f18021000 rw-p 00000000 00:00 0 
7f0f18021000-7f0f1c000000 ---p 00000000 00:00 0 
7f0f1c000000-7f0f1c029000 rw-p 00000000 00:00 0 
7f0f1c029000-7f0f20000000 ---p 00000000 00:00 0 
7f0f20000000-7f0f2002e000 rw-p 00000000 00:00 0 
7f0f2002e000-7f0f24000000 ---p 00000000 00:00 0 
7f0f24000000-7f0f24028000 rw-p 00000000 00:00 0 
7f0f24028000-7f0f28000000 ---p 00000000 00:00 0 
7f0f28000000-7f0f2807a000 rw-p 00000000 00:00 0 
7f0f2807a000-7f0f2c000000 ---p 00000000 00:00 0 
7f0f2d5f7000-7f0f2d5f8000 ---p 00000000 00:00 0 
7f0f2d5f8000-7f0f2d6f9000 rw-p 00000000 00:00 0 
7f0f2d6f9000-7f0f2d6fa000 ---p 00000000 00:00 0 
7f0f2d6fa000-7f0f2d7fb000 rw-p 00000000 00:00 0 
7f0f2d7fb000-7f0f2d7fc000 ---p 00000000 00:00 0 
7f0f2d7fc000-7f0f2d7fd000 rw-p 00000000 00:00 0 
7f0f2d7fd000-7f0f2d801000 ---p 00000000 00:00 0 
7f0f2d801000-7f0f2dffc000 rw-p 00000000 00:00 0 
7f0f2dffc000-7f0f2dffd000 ---p 00000000 00:00 0 
7f0f2dffd000-7f0f2dffe000 rw-p 00000000 00:00 0 
7f0f2dffe000-7f0f2e002000 ---p 00000000 00:00 0 
7f0f2e002000-7f0f2e7fd000 rw-p 00000000 00:00 0 
7f0f2e7fd000-7f0f2e7fe000 ---p 00000000 00:00 0 
7f0f2e7fe000-7f0f2e7ff000 rw-p 00000000 00:00 0 
7f0f2e7ff000-7f0f2e803000 ---p 00000000 00:00 0 
7f0f2e803000-7f0f2effe000 rw-p 00000000 00:00 0 
7f0f2effe000-7f0f2efff000 ---p 00000000 00:00 0 
7f0f2efff000-7f0f2f000000 rw-p 00000000 00:00 0 
7f0f2f000000-7f0f2f004000 ---p 00000000 00:00 0 
7f0f2f004000-7f0f2f7ff000 rw-p 00000000 00:00 0 
7f0f2f7ff000-7f0f2f800000 ---p 00000000 00:00 0 
7f0f2f800000-7f0f2f801000 rw-p 00000000 00:00 0 
7f0f2f801000-7f0f2f805000 ---p 00000000 00:00 0 
7f0f2f805000-7f0f30000000 rw-p 00000000 00:00 0 
7f0f30000000-7f0f30021000 rw-p 00000000 00:00 0 
7f0f30021000-7f0f34000000 ---p 00000000 00:00 0 
7f0f34000000-7f0f34021000 rw-p 00000000 00:00 0 
7f0f34021000-7f0f38000000 ---p 00000000 00:00 0 
7f0f38000000-7f0f38021000 rw-p 00000000 00:00 0 
7f0f38021000-7f0f3c000000 ---p 00000000 00:00 0 
7f0f3c000000-7f0f3c021000 rw-p 00000000 00:00 0 
7f0f3c021000-7f0f40000000 ---p 00000000 00:00 0 
7f0f40000000-7f0f40329000 rw-p 00000000 00:00 0 
7f0f40329000-7f0f44000000 ---p 00000000 00:00 0 
7f0f44000000-7f0f44021000 rw-p 00000000 00:00 0 
7f0f44021000-7f0f48000000 ---p 00000000 00:00 0 
7f0f48000000-7f0f48021000 rw-p 00000000 00:00 0 
7f0f48021000-7f0f4c000000 ---p 00000000 00:00 0 
7f0f4c000000-7f0f4c39d000 rw-p 00000000 00:00 0 
7f0f4c39d000-7f0f50000000 ---p 00000000 00:00 0 
7f0f50000000-7f0f50021000 rw-p 00000000 00:00 0 
7f0f50021000-7f0f54000000 ---p 00000000 00:00 0 
7f0f54000000-7f0f54021000 rw-p 00000000 00:00 0 
7f0f54021000-7f0f58000000 ---p 00000000 00:00 0 
7f0f58000000-7f0f58021000 rw-p 00000000 00:00 0 
7f0f58021000-7f0f5c000000 ---p 00000000 00:00 0 
7f0f5c000000-7f0f5c021000 rw-p 00000000 00:00 0 
7f0f5c021000-7f0f60000000 ---p 00000000 00:00 0 
7f0f60000000-7f0f60021000 rw-p 00000000 00:00 0 
7f0f60021000-7f0f64000000 ---p 00000000 00:00 0 
7f0f64000000-7f0f64021000 rw-p 00000000 00:00 0 
7f0f64021000-7f0f68000000 ---p 00000000 00:00 0 
7f0f68090000-7f0f68092000 r-xp 00000000 08:05 3674144                    /usr/lib/jvm/java-11-openjdk-amd64/lib/libextnet.so
7f0f68092000-7f0f68291000 ---p 00002000 08:05 3674144                    /usr/lib/jvm/java-11-openjdk-amd64/lib/libextnet.so
7f0f68291000-7f0f68292000 r--p 00001000 08:05 3674144                    /usr/lib/jvm/java-11-openjdk-amd64/lib/libextnet.so
7f0f68292000-7f0f68293000 rw-p 00002000 08:05 3674144                    /usr/lib/jvm/java-11-openjdk-amd64/lib/libextnet.so
7f0f68297000-7f0f68298000 ---p 00000000 00:00 0 
7f0f68298000-7f0f68299000 rw-p 00000000 00:00 0 
7f0f68299000-7f0f6829d000 ---p 00000000 00:00 0 
7f0f6829d000-7f0f68a98000 rw-p 00000000 00:00 0 
7f0f68a98000-7f0f68a99000 r-xp 00000000 08:05 3674150                    /usr/lib/jvm/java-11-openjdk-amd64/lib/libjaas.so
7f0f68a99000-7f0f68c98000 ---p 00001000 08:05 3674150                    /usr/lib/jvm/java-11-openjdk-amd64/lib/libjaas.so
7f0f68c98000-7f0f68c99000 r--p 00000000 08:05 3674150                    /usr/lib/jvm/java-11-openjdk-amd64/lib/libjaas.so
7f0f68c99000-7f0f68c9a000 rw-p 00001000 08:05 3674150                    /usr/lib/jvm/java-11-openjdk-amd64/lib/libjaas.so
7f0f68c9f000-7f0f68ca3000 ---p 00000000 00:00 0 
7f0f68ca3000-7f0f68da0000 rw-p 00000000 00:00 0 
7f0f68da0000-7f0f68dca000 r-xp 00000000 08:05 7344903                    /lib/x86_64-linux-gnu/libfuse.so.2.9.7
7f0f68dca000-7f0f68fc9000 ---p 0002a000 08:05 7344903                    /lib/x86_64-linux-gnu/libfuse.so.2.9.7
7f0f68fc9000-7f0f68fdb000 r--p 00029000 08:05 7344903                    /lib/x86_64-linux-gnu/libfuse.so.2.9.7
7f0f68fdb000-7f0f68fdc000 rw-p 0003b000 08:05 7344903                    /lib/x86_64-linux-gnu/libfuse.so.2.9.7
7f0f68ff8000-7f0f68ffe000 r-xp 00000000 08:05 8258366                    /tmp/.libFUSELink.so
7f0f68ffe000-7f0f691fd000 ---p 00006000 08:05 8258366                    /tmp/.libFUSELink.so
7f0f691fd000-7f0f691fe000 r--p 00005000 08:05 8258366                    /tmp/.libFUSELink.so
7f0f691fe000-7f0f691ff000 rw-p 00006000 08:05 8258366                    /tmp/.libFUSELink.so
7f0f69200000-7f0f69212000 r-xp 00000000 08:05 8258264                    /tmp/jffi800612591240158564.so (deleted)
7f0f69212000-7f0f69411000 ---p 00012000 08:05 8258264                    /tmp/jffi800612591240158564.so (deleted)
7f0f69411000-7f0f69412000 rw-p 00011000 08:05 8258264                    /tmp/jffi800612591240158564.so (deleted)
7f0f69418000-7f0f6942e000 r-xp 00000000 08:05 3674164                    /usr/lib/jvm/java-11-openjdk-amd64/lib/libnet.so
7f0f6942e000-7f0f6962d000 ---p 00016000 08:05 3674164                    /usr/lib/jvm/java-11-openjdk-amd64/lib/libnet.so
7f0f6962d000-7f0f6962e000 r--p 00015000 08:05 3674164                    /usr/lib/jvm/java-11-openjdk-amd64/lib/libnet.so
7f0f6962e000-7f0f6962f000 rw-p 00016000 08:05 3674164                    /usr/lib/jvm/java-11-openjdk-amd64/lib/libnet.so
7f0f69630000-7f0f69fff000 r--p 00000000 08:05 3676802                    /usr/lib/locale/locale-archive
7f0f6a000000-7f0f6c000000 rw-p 00000000 00:00 0 
7f0f6c000000-7f0f6c021000 rw-p 00000000 00:00 0 
7f0f6c021000-7f0f70000000 ---p 00000000 00:00 0 
7f0f70008000-7f0f70018000 r-xp 00000000 08:05 3674165                    /usr/lib/jvm/java-11-openjdk-amd64/lib/libnio.so
7f0f70018000-7f0f70217000 ---p 00010000 08:05 3674165                    /usr/lib/jvm/java-11-openjdk-amd64/lib/libnio.so
7f0f70217000-7f0f70218000 r--p 0000f000 08:05 3674165                    /usr/lib/jvm/java-11-openjdk-amd64/lib/libnio.so
7f0f70218000-7f0f70219000 rw-p 00010000 08:05 3674165                    /usr/lib/jvm/java-11-openjdk-amd64/lib/libnio.so
7f0f7021b000-7f0f7021f000 ---p 00000000 00:00 0 
7f0f7021f000-7f0f7031c000 rw-p 00000000 00:00 0 
7f0f7031c000-7f0f7031d000 ---p 00000000 00:00 0 
7f0f7031d000-7f0f7041e000 rw-p 00000000 00:00 0 
7f0f7041e000-7f0f70422000 ---p 00000000 00:00 0 
7f0f70422000-7f0f7051f000 rw-p 00000000 00:00 0 
7f0f7051f000-7f0f70523000 ---p 00000000 00:00 0 
7f0f70523000-7f0f70620000 rw-p 00000000 00:00 0 
7f0f70620000-7f0f70624000 ---p 00000000 00:00 0 
7f0f70624000-7f0f70721000 rw-p 00000000 00:00 0 
7f0f70721000-7f0f70725000 ---p 00000000 00:00 0 
7f0f70725000-7f0f70822000 rw-p 00000000 00:00 0 
7f0f70822000-7f0f70826000 ---p 00000000 00:00 0 
7f0f70826000-7f0f70923000 rw-p 00000000 00:00 0 
7f0f70923000-7f0f70927000 ---p 00000000 00:00 0 
7f0f70927000-7f0f70a24000 rw-p 00000000 00:00 0 
7f0f70a24000-7f0f70a28000 ---p 00000000 00:00 0 
7f0f70a28000-7f0f70b25000 rw-p 00000000 00:00 0 
7f0f70b25000-7f0f70b26000 ---p 00000000 00:00 0 
7f0f70b26000-7f0f71368000 rw-p 00000000 00:00 0 
7f0f71368000-7f0f714a8000 ---p 00000000 00:00 0 
7f0f714a8000-7f0f714a9000 ---p 00000000 00:00 0 
7f0f714a9000-7f0f715aa000 rw-p 00000000 00:00 0 
7f0f715aa000-7f0f715ab000 ---p 00000000 00:00 0 
7f0f715ab000-7f0f71eb4000 rw-p 00000000 00:00 0 
7f0f71eb4000-7f0f71eb5000 ---p 00000000 00:00 0 
7f0f71eb5000-7f0f71fb6000 rw-p 00000000 00:00 0 
7f0f71fb6000-7f0f71fb7000 ---p 00000000 00:00 0 
7f0f71fb7000-7f0f722b0000 rw-p 00000000 00:00 0 
7f0f722b0000-7f0f73ff8000 ---p 00000000 00:00 0 
7f0f73ff8000-7f0f74000000 rw-p 00000000 00:00 0 
7f0f74000000-7f0f74021000 rw-p 00000000 00:00 0 
7f0f74021000-7f0f78000000 ---p 00000000 00:00 0 
7f0f78009000-7f0f782b5000 rw-p 00000000 00:00 0 
7f0f782b5000-7f0f79ffd000 ---p 00000000 00:00 0 
7f0f79ffd000-7f0f7a044000 rw-p 00000000 00:00 0 
7f0f7a044000-7f0f7a3ed000 ---p 00000000 00:00 0 
7f0f7a3ed000-7f0f7a42d000 rw-p 00000000 00:00 0 
7f0f7a42d000-7f0f7a7d6000 ---p 00000000 00:00 0 
7f0f7a7d6000-7f0f7a816000 rw-p 00000000 00:00 0 
7f0f7a816000-7f0f7abbf000 ---p 00000000 00:00 0 
7f0f7abbf000-7f0f7b3c8000 rw-p 00000000 00:00 0 
7f0f7b3c8000-7f0f7b3c9000 ---p 00000000 00:00 0 
7f0f7b3c9000-7f0f7b4cf000 rw-p 00000000 00:00 0 
7f0f7b4cf000-7f0f7b5b5000 ---p 00000000 00:00 0 
7f0f7b5b5000-7f0f7b5ba000 rw-p 00000000 00:00 0 
7f0f7b5ba000-7f0f7b6a0000 ---p 00000000 00:00 0 
7f0f7b6a0000-7f0f7b910000 rwxp 00000000 00:00 0 
7f0f7b910000-7f0f7bc31000 ---p 00000000 00:00 0 
7f0f7bc31000-7f0f7bea1000 rwxp 00000000 00:00 0 
7f0f7bea1000-7f0f83168000 ---p 00000000 00:00 0 
7f0f83168000-7f0f833d8000 rwxp 00000000 00:00 0 
7f0f833d8000-7f0f8a6a0000 ---p 00000000 00:00 0 
7f0f8a6a0000-7f0f92d4a000 r--s 00000000 08:05 3674176                    /usr/lib/jvm/java-11-openjdk-amd64/lib/modules
7f0f92d50000-7f0f92d55000 r-xp 00000000 08:05 3674155                    /usr/lib/jvm/java-11-openjdk-amd64/lib/libjimage.so
7f0f92d55000-7f0f92f54000 ---p 00005000 08:05 3674155                    /usr/lib/jvm/java-11-openjdk-amd64/lib/libjimage.so
7f0f92f54000-7f0f92f55000 r--p 00004000 08:05 3674155                    /usr/lib/jvm/java-11-openjdk-amd64/lib/libjimage.so
7f0f92f55000-7f0f92f56000 rw-p 00005000 08:05 3674155                    /usr/lib/jvm/java-11-openjdk-amd64/lib/libjimage.so
7f0f92f58000-7f0f92f5f000 r-xp 00000000 08:05 3674175                    /usr/lib/jvm/java-11-openjdk-amd64/lib/libzip.so
7f0f92f5f000-7f0f9315e000 ---p 00007000 08:05 3674175                    /usr/lib/jvm/java-11-openjdk-amd64/lib/libzip.so
7f0f9315e000-7f0f9315f000 r--p 00006000 08:05 3674175                    /usr/lib/jvm/java-11-openjdk-amd64/lib/libzip.so
7f0f9315f000-7f0f93160000 rw-p 00007000 08:05 3674175                    /usr/lib/jvm/java-11-openjdk-amd64/lib/libzip.so
7f0f93160000-7f0f9316b000 r-xp 00000000 08:05 7344957                    /lib/x86_64-linux-gnu/libnss_files-2.27.so
7f0f9316b000-7f0f9336a000 ---p 0000b000 08:05 7344957                    /lib/x86_64-linux-gnu/libnss_files-2.27.so
7f0f9336a000-7f0f9336b000 r--p 0000a000 08:05 7344957                    /lib/x86_64-linux-gnu/libnss_files-2.27.so
7f0f9336b000-7f0f9336c000 rw-p 0000b000 08:05 7344957                    /lib/x86_64-linux-gnu/libnss_files-2.27.so
7f0f9336c000-7f0f93372000 rw-p 00000000 00:00 0 
7f0f93378000-7f0f9338f000 r-xp 00000000 08:05 7344951                    /lib/x86_64-linux-gnu/libnsl-2.27.so
7f0f9338f000-7f0f9358e000 ---p 00017000 08:05 7344951                    /lib/x86_64-linux-gnu/libnsl-2.27.so
7f0f9358e000-7f0f9358f000 r--p 00016000 08:05 7344951                    /lib/x86_64-linux-gnu/libnsl-2.27.so
7f0f9358f000-7f0f93590000 rw-p 00017000 08:05 7344951                    /lib/x86_64-linux-gnu/libnsl-2.27.so
7f0f93590000-7f0f93592000 rw-p 00000000 00:00 0 
7f0f93598000-7f0f935a3000 r-xp 00000000 08:05 7344968                    /lib/x86_64-linux-gnu/libnss_nis-2.27.so
7f0f935a3000-7f0f937a2000 ---p 0000b000 08:05 7344968                    /lib/x86_64-linux-gnu/libnss_nis-2.27.so
7f0f937a2000-7f0f937a3000 r--p 0000a000 08:05 7344968                    /lib/x86_64-linux-gnu/libnss_nis-2.27.so
7f0f937a3000-7f0f937a4000 rw-p 0000b000 08:05 7344968                    /lib/x86_64-linux-gnu/libnss_nis-2.27.so
7f0f937a8000-7f0f937b0000 r-xp 00000000 08:05 7344953                    /lib/x86_64-linux-gnu/libnss_compat-2.27.so
7f0f937b0000-7f0f939b0000 ---p 00008000 08:05 7344953                    /lib/x86_64-linux-gnu/libnss_compat-2.27.so
7f0f939b0000-7f0f939b1000 r--p 00008000 08:05 7344953                    /lib/x86_64-linux-gnu/libnss_compat-2.27.so
7f0f939b1000-7f0f939b2000 rw-p 00009000 08:05 7344953                    /lib/x86_64-linux-gnu/libnss_compat-2.27.so
7f0f939b8000-7f0f939e1000 r-xp 00000000 08:05 3674151                    /usr/lib/jvm/java-11-openjdk-amd64/lib/libjava.so
7f0f939e1000-7f0f93be0000 ---p 00029000 08:05 3674151                    /usr/lib/jvm/java-11-openjdk-amd64/lib/libjava.so
7f0f93be0000-7f0f93be1000 r--p 00028000 08:05 3674151                    /usr/lib/jvm/java-11-openjdk-amd64/lib/libjava.so
7f0f93be1000-7f0f93be3000 rw-p 00029000 08:05 3674151                    /usr/lib/jvm/java-11-openjdk-amd64/lib/libjava.so
7f0f93be8000-7f0f93bf5000 r-xp 00000000 08:05 3674174                    /usr/lib/jvm/java-11-openjdk-amd64/lib/libverify.so
7f0f93bf5000-7f0f93df4000 ---p 0000d000 08:05 3674174                    /usr/lib/jvm/java-11-openjdk-amd64/lib/libverify.so
7f0f93df4000-7f0f93df6000 r--p 0000c000 08:05 3674174                    /usr/lib/jvm/java-11-openjdk-amd64/lib/libverify.so
7f0f93df6000-7f0f93df7000 rw-p 0000e000 08:05 3674174                    /usr/lib/jvm/java-11-openjdk-amd64/lib/libverify.so
7f0f93df8000-7f0f93dff000 r-xp 00000000 08:05 7345008                    /lib/x86_64-linux-gnu/librt-2.27.so
7f0f93dff000-7f0f93ffe000 ---p 00007000 08:05 7345008                    /lib/x86_64-linux-gnu/librt-2.27.so
7f0f93ffe000-7f0f93fff000 r--p 00006000 08:05 7345008                    /lib/x86_64-linux-gnu/librt-2.27.so
7f0f93fff000-7f0f94000000 rw-p 00007000 08:05 7345008                    /lib/x86_64-linux-gnu/librt-2.27.so
7f0f94000000-7f0f944ab000 rw-p 00000000 00:00 0 
7f0f944ab000-7f0f98000000 ---p 00000000 00:00 0 
7f0f98018000-7f0f9802f000 r-xp 00000000 08:05 7340123                    /lib/x86_64-linux-gnu/libgcc_s.so.1
7f0f9802f000-7f0f9822e000 ---p 00017000 08:05 7340123                    /lib/x86_64-linux-gnu/libgcc_s.so.1
7f0f9822e000-7f0f9822f000 r--p 00016000 08:05 7340123                    /lib/x86_64-linux-gnu/libgcc_s.so.1
7f0f9822f000-7f0f98230000 rw-p 00017000 08:05 7340123                    /lib/x86_64-linux-gnu/libgcc_s.so.1
7f0f98230000-7f0f983cd000 r-xp 00000000 08:05 7344930                    /lib/x86_64-linux-gnu/libm-2.27.so
7f0f983cd000-7f0f985cc000 ---p 0019d000 08:05 7344930                    /lib/x86_64-linux-gnu/libm-2.27.so
7f0f985cc000-7f0f985cd000 r--p 0019c000 08:05 7344930                    /lib/x86_64-linux-gnu/libm-2.27.so
7f0f985cd000-7f0f985ce000 rw-p 0019d000 08:05 7344930                    /lib/x86_64-linux-gnu/libm-2.27.so
7f0f985d0000-7f0f98749000 r-xp 00000000 08:05 3677075                    /usr/lib/x86_64-linux-gnu/libstdc++.so.6.0.25
7f0f98749000-7f0f98949000 ---p 00179000 08:05 3677075                    /usr/lib/x86_64-linux-gnu/libstdc++.so.6.0.25
7f0f98949000-7f0f98953000 r--p 00179000 08:05 3677075                    /usr/lib/x86_64-linux-gnu/libstdc++.so.6.0.25
7f0f98953000-7f0f98955000 rw-p 00183000 08:05 3677075                    /usr/lib/x86_64-linux-gnu/libstdc++.so.6.0.25
7f0f98955000-7f0f98959000 rw-p 00000000 00:00 0 
7f0f98960000-7f0f99a2c000 r-xp 00000000 08:05 3674179                    /usr/lib/jvm/java-11-openjdk-amd64/lib/server/libjvm.so
7f0f99a2c000-7f0f99c2b000 ---p 010cc000 08:05 3674179                    /usr/lib/jvm/java-11-openjdk-amd64/lib/server/libjvm.so
7f0f99c2b000-7f0f99ce8000 r--p 010cb000 08:05 3674179                    /usr/lib/jvm/java-11-openjdk-amd64/lib/server/libjvm.so
7f0f99ce8000-7f0f99d21000 rw-p 01188000 08:05 3674179                    /usr/lib/jvm/java-11-openjdk-amd64/lib/server/libjvm.so
7f0f99d21000-7f0f99d77000 rw-p 00000000 00:00 0 
7f0f99d78000-7f0f99d92000 r-xp 00000000 08:05 7345000                    /lib/x86_64-linux-gnu/libpthread-2.27.so
7f0f99d92000-7f0f99f91000 ---p 0001a000 08:05 7345000                    /lib/x86_64-linux-gnu/libpthread-2.27.so
7f0f99f91000-7f0f99f92000 r--p 00019000 08:05 7345000                    /lib/x86_64-linux-gnu/libpthread-2.27.so
7f0f99f92000-7f0f99f93000 rw-p 0001a000 08:05 7345000                    /lib/x86_64-linux-gnu/libpthread-2.27.so
7f0f99f93000-7f0f99f97000 rw-p 00000000 00:00 0 
7f0f99f98000-7f0f99f9b000 r-xp 00000000 08:05 7344890                    /lib/x86_64-linux-gnu/libdl-2.27.so
7f0f99f9b000-7f0f9a19a000 ---p 00003000 08:05 7344890                    /lib/x86_64-linux-gnu/libdl-2.27.so
7f0f9a19a000-7f0f9a19b000 r--p 00002000 08:05 7344890                    /lib/x86_64-linux-gnu/libdl-2.27.so
7f0f9a19b000-7f0f9a19c000 rw-p 00003000 08:05 7344890                    /lib/x86_64-linux-gnu/libdl-2.27.so
7f0f9a1a0000-7f0f9a1bc000 r-xp 00000000 08:05 7345039                    /lib/x86_64-linux-gnu/libz.so.1.2.11
7f0f9a1bc000-7f0f9a3bb000 ---p 0001c000 08:05 7345039                    /lib/x86_64-linux-gnu/libz.so.1.2.11
7f0f9a3bb000-7f0f9a3bc000 r--p 0001b000 08:05 7345039                    /lib/x86_64-linux-gnu/libz.so.1.2.11
7f0f9a3bc000-7f0f9a3bd000 rw-p 0001c000 08:05 7345039                    /lib/x86_64-linux-gnu/libz.so.1.2.11
7f0f9a3c0000-7f0f9a5a7000 r-xp 00000000 08:05 7344867                    /lib/x86_64-linux-gnu/libc-2.27.so
7f0f9a5a7000-7f0f9a7a7000 ---p 001e7000 08:05 7344867                    /lib/x86_64-linux-gnu/libc-2.27.so
7f0f9a7a7000-7f0f9a7ab000 r--p 001e7000 08:05 7344867                    /lib/x86_64-linux-gnu/libc-2.27.so
7f0f9a7ab000-7f0f9a7ad000 rw-p 001eb000 08:05 7344867                    /lib/x86_64-linux-gnu/libc-2.27.so
7f0f9a7ad000-7f0f9a7b1000 rw-p 00000000 00:00 0 
7f0f9a7b8000-7f0f9a7c8000 r-xp 00000000 08:05 3674135                    /usr/lib/jvm/java-11-openjdk-amd64/lib/jli/libjli.so
7f0f9a7c8000-7f0f9a9c7000 ---p 00010000 08:05 3674135                    /usr/lib/jvm/java-11-openjdk-amd64/lib/jli/libjli.so
7f0f9a9c7000-7f0f9a9c8000 r--p 0000f000 08:05 3674135                    /usr/lib/jvm/java-11-openjdk-amd64/lib/jli/libjli.so
7f0f9a9c8000-7f0f9a9c9000 rw-p 00010000 08:05 3674135                    /usr/lib/jvm/java-11-openjdk-amd64/lib/jli/libjli.so
7f0f9a9c9000-7f0f9a9cc000 rw-p 00000000 00:00 0 
7f0f9a9cc000-7f0f9a9d0000 r-xp 00000000 00:00 0 
7f0f9a9d0000-7f0f9a9f7000 r-xp 00000000 08:05 7344839                    /lib/x86_64-linux-gnu/ld-2.27.so
7f0f9a9f7000-7f0f9aa08000 r-xp 00000000 00:00 0 
7f0f9aa08000-7f0f9aa0f000 r--s 00000000 08:05 3935193                    /usr/lib/x86_64-linux-gnu/gconv/gconv-modules.cache
7f0f9aa0f000-7f0f9aad8000 rw-p 00000000 00:00 0 
7f0f9aad8000-7f0f9aadf000 ---p 00000000 00:00 0 
7f0f9aadf000-7f0f9aae1000 r--s 00007000 08:05 4066135                    /usr/share/java/java-atk-wrapper.jar
7f0f9aae1000-7f0f9aae8000 r-xp 00000000 00:00 0 
7f0f9aae8000-7f0f9aaf0000 rw-s 00000000 08:05 8651013                    /tmp/hsperfdata_cheesegr8er/3713
7f0f9aaf0000-7f0f9aaf1000 ---p 00000000 00:00 0 
7f0f9aaf1000-7f0f9aaf2000 r--p 00000000 00:00 0 
7f0f9aaf2000-7f0f9aaf6000 ---p 00000000 00:00 0 
7f0f9aaf6000-7f0f9abf7000 rw-p 00000000 00:00 0 
7f0f9abf7000-7f0f9abf8000 r--p 00027000 08:05 7344839                    /lib/x86_64-linux-gnu/ld-2.27.so
7f0f9abf8000-7f0f9abf9000 rw-p 00028000 08:05 7344839                    /lib/x86_64-linux-gnu/ld-2.27.so
7f0f9abf9000-7f0f9abfa000 rw-p 00000000 00:00 0 
7ffe532c3000-7ffe532e4000 rw-p 00000000 00:00 0                          [stack]
7ffe532e8000-7ffe532eb000 r--p 00000000 00:00 0                          [vvar]
7ffe532eb000-7ffe532ec000 r-xp 00000000 00:00 0                          [vdso]
ffffffffff600000-ffffffffff601000 r-xp 00000000 00:00 0                  [vsyscall]


VM Arguments:
jvm_args: -Dfile.encoding=UTF-8 
java_command: MemoryFS -d -f /home/cheesegr8er/Downloads/TestFileRoot
java_class_path (initial): /home/cheesegr8er/eclipse-workspace/MemoryFS/target/classes:/home/cheesegr8er/.m2/repository/com/github/lukethompsxn/edufuse/1.0.3/edufuse-1.0.3.jar:/home/cheesegr8er/.m2/repository/com/github/jnr/jnr-ffi/2.1.7/jnr-ffi-2.1.7.jar:/home/cheesegr8er/.m2/repository/com/github/jnr/jffi/1.2.16/jffi-1.2.16.jar:/home/cheesegr8er/.m2/repository/com/github/jnr/jffi/1.2.16/jffi-1.2.16-native.jar:/home/cheesegr8er/.m2/repository/org/ow2/asm/asm/5.0.3/asm-5.0.3.jar:/home/cheesegr8er/.m2/repository/org/ow2/asm/asm-commons/5.0.3/asm-commons-5.0.3.jar:/home/cheesegr8er/.m2/repository/org/ow2/asm/asm-analysis/5.0.3/asm-analysis-5.0.3.jar:/home/cheesegr8er/.m2/repository/org/ow2/asm/asm-tree/5.0.3/asm-tree-5.0.3.jar:/home/cheesegr8er/.m2/repository/org/ow2/asm/asm-util/5.0.3/asm-util-5.0.3.jar:/home/cheesegr8er/.m2/repository/com/github/jnr/jnr-x86asm/1.0.2/jnr-x86asm-1.0.2.jar:/home/cheesegr8er/.m2/repository/com/github/jnr/jnr-posix/3.0.44/jnr-posix-3.0.44.jar:/home/cheesegr8er/.m2/repository/com/github/jnr/jnr-constants/0.9.9/jnr-constants-0.9.9.jar:/home/cheesegr8er/.m2/repository/com/googlecode/json-simple/json-simple/1.1.1/json-simple-1.1.1.jar:/home/cheesegr8er/.m2/repository/junit/junit/4.10/junit-4.10.jar:/home/cheesegr8er/.m2/repository/org/hamcrest/hamcrest-core/1.1/hamcrest-core-1.1.jar
Launcher Type: SUN_STANDARD

[Global flags]
     intx CICompilerCount                          = 4                                         {product} {ergonomic}
     uint ConcGCThreads                            = 2                                         {product} {ergonomic}
     uint G1ConcRefinementThreads                  = 8                                         {product} {ergonomic}
   size_t G1HeapRegionSize                         = 1048576                                   {product} {ergonomic}
    uintx GCDrainStackTargetSize                   = 64                                        {product} {ergonomic}
   size_t InitialHeapSize                          = 132120576                                 {product} {ergonomic}
   size_t MarkStackSize                            = 4194304                                   {product} {ergonomic}
   size_t MaxHeapSize                              = 2099249152                                {product} {ergonomic}
   size_t MaxNewSize                               = 1259339776                                {product} {ergonomic}
   size_t MinHeapDeltaBytes                        = 1048576                                   {product} {ergonomic}
    uintx NonNMethodCodeHeapSize                   = 5835340                                {pd product} {ergonomic}
    uintx NonProfiledCodeHeapSize                  = 122911450                              {pd product} {ergonomic}
    uintx ProfiledCodeHeapSize                     = 122911450                              {pd product} {ergonomic}
    uintx ReservedCodeCacheSize                    = 251658240                              {pd product} {ergonomic}
     bool SegmentedCodeCache                       = true                                      {product} {ergonomic}
     bool UseCompressedClassPointers               = true                                 {lp64_product} {ergonomic}
     bool UseCompressedOops                        = true                                 {lp64_product} {ergonomic}
     bool UseG1GC                                  = true                                      {product} {ergonomic}

Logging:
Log output configuration:
 #0: stdout all=warning uptime,level,tags
 #1: stderr all=off uptime,level,tags

Environment Variables:
JAVA_HOME=/lib/jvm/java-11-openjdk-amd64/bin/java
PATH=/usr/local/sbin:/usr/local/bin:/usr/sbin:/usr/bin:/sbin:/bin:/usr/games:/usr/local/games:/snap/bin
USERNAME=cheesegr8er
SHELL=/bin/bash
DISPLAY=:0

Signal Handlers:
SIGSEGV: [libjvm.so+0xde5f50], sa_mask[0]=11111111011111111101111111111110, sa_flags=SA_RESTART|SA_SIGINFO
SIGBUS: [libjvm.so+0xde5f50], sa_mask[0]=11111111011111111101111111111110, sa_flags=SA_RESTART|SA_SIGINFO
SIGFPE: [libjvm.so+0xde5f50], sa_mask[0]=11111111011111111101111111111110, sa_flags=SA_RESTART|SA_SIGINFO
SIGPIPE: [libjvm.so+0xbba5b0], sa_mask[0]=11111111011111111101111111111110, sa_flags=SA_RESTART|SA_SIGINFO
SIGXFSZ: [libjvm.so+0xbba5b0], sa_mask[0]=11111111011111111101111111111110, sa_flags=SA_RESTART|SA_SIGINFO
SIGILL: [libjvm.so+0xde5f50], sa_mask[0]=11111111011111111101111111111110, sa_flags=SA_RESTART|SA_SIGINFO
SIGUSR2: [libjvm.so+0xbba450], sa_mask[0]=00100000000000000000000000000000, sa_flags=SA_RESTART|SA_SIGINFO
SIGHUP: [libjvm.so+0xbba7b0], sa_mask[0]=11111111011111111101111111111110, sa_flags=SA_RESTART|SA_SIGINFO
SIGINT: [libjvm.so+0xbba7b0], sa_mask[0]=11111111011111111101111111111110, sa_flags=SA_RESTART|SA_SIGINFO
SIGTERM: [libjvm.so+0xbba7b0], sa_mask[0]=11111111011111111101111111111110, sa_flags=SA_RESTART|SA_SIGINFO
SIGQUIT: [libjvm.so+0xbba7b0], sa_mask[0]=11111111011111111101111111111110, sa_flags=SA_RESTART|SA_SIGINFO


---------------  S Y S T E M  ---------------

OS:DISTRIB_ID=Ubuntu
DISTRIB_RELEASE=18.04
DISTRIB_CODENAME=bionic
DISTRIB_DESCRIPTION="Ubuntu 18.04.2 LTS"
uname:Linux 5.0.0-29-generic #31~18.04.1-Ubuntu SMP Thu Sep 12 18:29:21 UTC 2019 x86_64
libc:glibc 2.27 NPTL 2.27 
rlimit: STACK 8192k, CORE 0k, NPROC 31574, NOFILE 4096, AS infinity, DATA infinity, FSIZE infinity
load average:4.26 3.04 2.26

/proc/meminfo:
MemTotal:        8196776 kB
MemFree:          297316 kB
MemAvailable:    4171428 kB
Buffers:          228696 kB
Cached:          3952092 kB
SwapCached:            0 kB
Active:          4792044 kB
Inactive:        2531476 kB
Active(anon):    3093496 kB
Inactive(anon):   277620 kB
Active(file):    1698548 kB
Inactive(file):  2253856 kB
Unevictable:          96 kB
Mlocked:              96 kB
SwapTotal:       2097148 kB
SwapFree:        2097148 kB
Dirty:              2984 kB
Writeback:             0 kB
AnonPages:       3142908 kB
Mapped:           991208 kB
Shmem:            228388 kB
KReclaimable:     227484 kB
Slab:             312200 kB
SReclaimable:     227484 kB
SUnreclaim:        84716 kB
KernelStack:       18320 kB
PageTables:        78756 kB
NFS_Unstable:          0 kB
Bounce:                0 kB
WritebackTmp:          0 kB
CommitLimit:     6195536 kB
Committed_AS:   12323884 kB
VmallocTotal:   34359738367 kB
VmallocUsed:           0 kB
VmallocChunk:          0 kB
Percpu:             3744 kB
HardwareCorrupted:     0 kB
AnonHugePages:         0 kB
ShmemHugePages:        0 kB
ShmemPmdMapped:        0 kB
CmaTotal:              0 kB
CmaFree:               0 kB
HugePages_Total:       0
HugePages_Free:        0
HugePages_Rsvd:        0
HugePages_Surp:        0
Hugepagesize:       2048 kB
Hugetlb:               0 kB
DirectMap4k:      381976 kB
DirectMap2M:     7972864 kB
DirectMap1G:           0 kB


/proc/sys/kernel/threads-max (system-wide limit on the number of threads):
63149


/proc/sys/vm/max_map_count (maximum number of memory map areas a process may have):
65530


/proc/sys/kernel/pid_max (system-wide limit on number of process identifiers):
32768



container (cgroup) information:
container_type: cgroupv1
cpu_cpuset_cpus: 0-7
cpu_memory_nodes: 0
active_processor_count: 8
cpu_quota: -1
cpu_period: 100000
cpu_shares: -1
memory_limit_in_bytes: -1
memory_and_swap_limit_in_bytes: -2
memory_soft_limit_in_bytes: -1
memory_usage_in_bytes: 7499198464
memory_max_usage_in_bytes: 6664192

Steal ticks since vm start: 0
Steal ticks percentage since vm start:  0.000

CPU:total 8 (initial active 8) (8 cores per cpu, 1 threads per core) family 21 model 2 stepping 0, cmov, cx8, fxsr, mmx, sse, sse2, sse3, ssse3, sse4.1, sse4.2, popcnt, avx, aes, clmul, mmxext, 3dnowpref, lzcnt, sse4a, tsc, tscinvbit, tscinv, bmi1, fma
CPU Model and flags from /proc/cpuinfo:
model name	: AMD FX(tm)-8350 Eight-Core Processor
flags		: fpu vme de pse tsc msr pae mce cx8 apic sep mtrr pge mca cmov pat pse36 clflush mmx fxsr sse sse2 ht syscall nx mmxext fxsr_opt pdpe1gb rdtscp lm constant_tsc rep_good nopl nonstop_tsc cpuid extd_apicid aperfmperf pni pclmulqdq monitor ssse3 fma cx16 sse4_1 sse4_2 popcnt aes xsave avx f16c lahf_lm cmp_legacy svm extapic cr8_legacy abm sse4a misalignsse 3dnowprefetch osvw ibs xop skinit wdt fma4 tce nodeid_msr tbm topoext perfctr_core perfctr_nb cpb hw_pstate ssbd ibpb vmmcall bmi1 arat npt lbrv svm_lock nrip_save tsc_scale vmcb_clean flushbyasid decodeassists pausefilter pfthreshold

Memory: 4k page, physical 8196776k(297316k free), swap 2097148k(2097148k free)

vm_info: OpenJDK 64-Bit Server VM (11.0.4+11-post-Ubuntu-1ubuntu218.04.3) for linux-amd64 JRE (11.0.4+11-post-Ubuntu-1ubuntu218.04.3), built on Jul 18 2019 18:21:46 by "buildd" with gcc 7.4.0

END.
