#
# A fatal error has been detected by the Java Runtime Environment:
#
#  SIGSEGV (0xb) at pc=0x00007f0c20cf1561, pid=3167, tid=3270
#
# JRE version: OpenJDK Runtime Environment (11.0.4+11) (build 11.0.4+11-post-Ubuntu-1ubuntu218.04.3)
# Java VM: OpenJDK 64-Bit Server VM (11.0.4+11-post-Ubuntu-1ubuntu218.04.3, mixed mode, sharing, tiered, compressed oops, g1 gc, linux-amd64)
# Problematic frame:
# 
[error occurred during error reporting (printing problematic frame), id 0xb, SIGSEGV (0xb) at pc=0x00007f0c525260c8]

# Core dump will be written. Default location: Core dumps may be processed with "/usr/share/apport/apport %p %s %c %d %P" (or dumping to /home/cheesegr8er/eclipse-workspace/MemoryFS/core.3167)
#
# If you would like to submit a bug report, please visit:
#   https://bugs.launchpad.net/ubuntu/+source/openjdk-lts
#

---------------  S U M M A R Y ------------

Command Line: -Dfile.encoding=UTF-8 MemoryFS -d -f /home/cheesegr8er/Downloads/TestFileRoot

Host: AMD FX(tm)-8350 Eight-Core Processor, 8 cores, 7G, Ubuntu 18.04.2 LTS
Time: Tue Oct  1 12:24:34 2019 NZDT elapsed time: 157 seconds (0d 0h 2m 37s)

---------------  T H R E A D  ---------------

Current thread is native thread

Stack: [0x00007f0bdf801000,0x00007f0be0000000],  sp=0x00007f0bdfffeb90,  free space=8182k
Native frames: (J=compiled Java code, A=aot compiled Java code, j=interpreted, Vv=VM code, C=native code)

[error occurred during error reporting (printing native stack), id 0xb, SIGSEGV (0xb) at pc=0x00007f0c525260c8]


siginfo: si_signo: 11 (SIGSEGV), si_code: 1 (SEGV_MAPERR), si_addr: 0x0000000000000000

Register to memory mapping:

RAX=0x0 is NULL
RBX=
[error occurred during error reporting (printing register info), id 0xb, SIGSEGV (0xb) at pc=0x00007f0c516e48e7]

Registers:
RAX=0x0000000000000000, RBX=0x00007f0c4c431eb0, RCX=0x00007f0c51f92320, RDX=0x0000000000000000
RSP=0x00007f0bdfffeb90, RBP=0x00007f0bdfffeba0, RSI=0x00007f0bdfffec00, RDI=0x00007f0bd403fff0
R8 =0x0000000000000000, R9 =0x00007f0bd40400ef, R10=0x00007f0bd40008d0, R11=0x0000000000000000
R12=0x00007f0bd403e8c0, R13=0x0000000000000001, R14=0x0000000000000000, R15=0x0000000000000000
RIP=0x00007f0c20cf1561, EFLAGS=0x0000000000010206, CSGSFS=0x002b000000000033, ERR=0x0000000000000004
  TRAPNO=0x000000000000000e

Top of Stack: (sp=0x00007f0bdfffeb90)
0x00007f0bdfffeb90:   00007f0bdfffec00 00007f0bd403fff0
0x00007f0bdfffeba0:   00007f0bdfffec00 00007f0c20aa29ae
0x00007f0bdfffebb0:   00007f0bdfffeb70 00007f0bd403fff0
0x00007f0bdfffebc0:   00007f0bd403e8c0 00007f0c20aa10cc 

Instructions: (pc=0x00007f0c20cf1561)
0x00007f0c20cf1461:   25 92 4b 20 00 66 90 00 00 00 00 00 00 00 00 48
0x00007f0c20cf1471:   8d 3d 01 4d 20 00 55 48 8d 05 f9 4c 20 00 48 39
0x00007f0c20cf1481:   f8 48 89 e5 74 19 48 8b 05 22 4b 20 00 48 85 c0
0x00007f0c20cf1491:   74 0d 5d ff e0 66 2e 0f 1f 84 00 00 00 00 00 5d
0x00007f0c20cf14a1:   c3 0f 1f 40 00 66 2e 0f 1f 84 00 00 00 00 00 48
0x00007f0c20cf14b1:   8d 3d c1 4c 20 00 48 8d 35 ba 4c 20 00 55 48 29
0x00007f0c20cf14c1:   fe 48 89 e5 48 c1 fe 03 48 89 f0 48 c1 e8 3f 48
0x00007f0c20cf14d1:   01 c6 48 d1 fe 74 18 48 8b 05 11 4b 20 00 48 85
0x00007f0c20cf14e1:   c0 74 0c 5d ff e0 66 0f 1f 84 00 00 00 00 00 5d
0x00007f0c20cf14f1:   c3 0f 1f 40 00 66 2e 0f 1f 84 00 00 00 00 00 80
0x00007f0c20cf1501:   3d 79 4c 20 00 00 75 2f 48 83 3d e7 4a 20 00 00
0x00007f0c20cf1511:   55 48 89 e5 74 0c 48 8b 3d 4a 4c 20 00 e8 3d ff
0x00007f0c20cf1521:   ff ff e8 48 ff ff ff c6 05 51 4c 20 00 01 5d c3
0x00007f0c20cf1531:   0f 1f 80 00 00 00 00 f3 c3 66 0f 1f 44 00 00 55
0x00007f0c20cf1541:   48 89 e5 5d e9 66 ff ff ff 55 48 89 e5 48 83 ec
0x00007f0c20cf1551:   10 48 89 7d f8 48 89 75 f0 48 8b 05 77 4a 20 00
0x00007f0c20cf1561:   8b 00 85 c0 74 22 48 8b 45 f0 48 89 c7 e8 fd fd
0x00007f0c20cf1571:   ff ff 48 89 c2 48 8b 45 f8 48 89 c6 48 8d 3d dc
0x00007f0c20cf1581:   39 00 00 e8 97 fd ff ff 48 8b 05 f8 4b 20 00 48
0x00007f0c20cf1591:   8b 00 48 8b 4d f0 48 8b 55 f8 48 89 ce 48 89 d7
0x00007f0c20cf15a1:   ff d0 c9 c3 55 48 89 e5 48 83 ec 30 48 89 7d e8
0x00007f0c20cf15b1:   48 89 75 e0 48 89 55 d8 48 8b 05 18 4a 20 00 8b
0x00007f0c20cf15c1:   00 85 c0 74 57 48 8b 55 e0 ff 75 d8 48 8d 05 98
0x00007f0c20cf15d1:   39 00 00 50 41 b9 49 00 00 00 49 89 d0 48 8d 0d
0x00007f0c20cf15e1:   83 39 00 00 ba 73 00 00 00 be 02 00 00 00 bf 01
0x00007f0c20cf15f1:   00 00 00 b8 00 00 00 00 e8 e2 fb ff ff 48 83 c4
0x00007f0c20cf1601:   10 48 89 45 f8 48 8b 55 f8 48 8b 45 e8 48 89 c6
0x00007f0c20cf1611:   48 8d 3d 58 39 00 00 e8 03 fd ff ff 48 8b 05 64
0x00007f0c20cf1621:   4b 20 00 48 8b 40 08 48 8b 55 d8 48 8b 75 e0 48
0x00007f0c20cf1631:   8b 4d e8 48 89 cf ff d0 c9 c3 55 48 89 e5 48 83
0x00007f0c20cf1641:   ec 30 48 89 7d e8 89 75 e4 48 89 55 d8 48 8b 05
0x00007f0c20cf1651:   83 49 20 00 8b 00 85 c0 74 56 8b 55 e4 ff 75 d8 


Stack slot to memory mapping:
stack at sp + 0 slots: 
[error occurred during error reporting (inspecting top of stack), id 0xb, SIGSEGV (0xb) at pc=0x00007f0c516e48e7]


---------------  P R O C E S S  ---------------

VM state:not at safepoint (normal execution)

VM Mutex/Monitor currently owned by a thread: None

Heap address: 0x0000000082e00000, size: 2002 MB, Compressed Oops mode: 32-bit
Narrow klass base: 0x0000000800000000, Narrow klass shift: 3
Compressed class space size: 1073741824 Address: 0x0000000840000000

Heap:
 garbage-first heap   total 314368K, used 99459K [0x0000000082e00000, 0x0000000100000000)
  region size 1024K, 32 young (32768K), 1 survivors (1024K)
 Metaspace       used 5675K, capacity 7707K, committed 7808K, reserved 1056768K
  class space    used 634K, capacity 863K, committed 896K, reserved 1048576K
Heap Regions: E=young(eden), S=young(survivor), O=old, HS=humongous(starts), HC=humongous(continues), CS=collection set, F=free, A=archive, TAMS=top-at-mark-start (previous, next)
|   0|0x0000000082e00000, 0x0000000082f00000, 0x0000000082f00000|100%| O|  |TAMS 0x0000000082f00000, 0x0000000082e00000| Untracked 
|   1|0x0000000082f00000, 0x0000000083000000, 0x0000000083000000|100%| O|  |TAMS 0x0000000083000000, 0x0000000082f00000| Untracked 
|   2|0x0000000083000000, 0x0000000083100000, 0x0000000083100000|100%| O|  |TAMS 0x0000000083100000, 0x0000000083000000| Untracked 
|   3|0x0000000083100000, 0x0000000083200000, 0x0000000083200000|100%| O|  |TAMS 0x0000000083200000, 0x0000000083100000| Untracked 
|   4|0x0000000083200000, 0x0000000083300000, 0x0000000083300000|100%| O|  |TAMS 0x0000000083300000, 0x0000000083200000| Untracked 
|   5|0x0000000083300000, 0x0000000083400000, 0x0000000083400000|100%| O|  |TAMS 0x0000000083400000, 0x0000000083300000| Untracked 
|   6|0x0000000083400000, 0x0000000083500000, 0x0000000083500000|100%| O|  |TAMS 0x0000000083500000, 0x0000000083400000| Untracked 
|   7|0x0000000083500000, 0x0000000083600000, 0x0000000083600000|100%| O|  |TAMS 0x0000000083600000, 0x0000000083500000| Untracked 
|   8|0x0000000083600000, 0x0000000083700000, 0x0000000083700000|100%| O|  |TAMS 0x0000000083700000, 0x0000000083600000| Untracked 
|   9|0x0000000083700000, 0x0000000083800000, 0x0000000083800000|100%| O|  |TAMS 0x0000000083800000, 0x0000000083700000| Untracked 
|  10|0x0000000083800000, 0x0000000083900000, 0x0000000083900000|100%| O|  |TAMS 0x0000000083900000, 0x0000000083800000| Untracked 
|  11|0x0000000083900000, 0x0000000083a00000, 0x0000000083a00000|100%| O|  |TAMS 0x0000000083a00000, 0x0000000083900000| Untracked 
|  12|0x0000000083a00000, 0x0000000083b00000, 0x0000000083b00000|100%| O|  |TAMS 0x0000000083b00000, 0x0000000083a00000| Untracked 
|  13|0x0000000083b00000, 0x0000000083c00000, 0x0000000083c00000|100%| O|  |TAMS 0x0000000083c00000, 0x0000000083b00000| Untracked 
|  14|0x0000000083c00000, 0x0000000083d00000, 0x0000000083d00000|100%| O|  |TAMS 0x0000000083d00000, 0x0000000083c00000| Untracked 
|  15|0x0000000083d00000, 0x0000000083e00000, 0x0000000083e00000|100%| O|  |TAMS 0x0000000083e00000, 0x0000000083d00000| Untracked 
|  16|0x0000000083e00000, 0x0000000083f00000, 0x0000000083f00000|100%| O|  |TAMS 0x0000000083f00000, 0x0000000083e00000| Untracked 
|  17|0x0000000083f00000, 0x0000000084000000, 0x0000000084000000|100%| O|  |TAMS 0x0000000084000000, 0x0000000083f00000| Untracked 
|  18|0x0000000084000000, 0x0000000084100000, 0x0000000084100000|100%| O|  |TAMS 0x0000000084100000, 0x0000000084000000| Untracked 
|  19|0x0000000084100000, 0x0000000084200000, 0x0000000084200000|100%| O|  |TAMS 0x0000000084200000, 0x0000000084100000| Untracked 
|  20|0x0000000084200000, 0x0000000084300000, 0x0000000084300000|100%| O|  |TAMS 0x0000000084300000, 0x0000000084200000| Untracked 
|  21|0x0000000084300000, 0x0000000084400000, 0x0000000084400000|100%| O|  |TAMS 0x0000000084400000, 0x0000000084300000| Untracked 
|  22|0x0000000084400000, 0x0000000084500000, 0x0000000084500000|100%| O|  |TAMS 0x0000000084500000, 0x0000000084400000| Untracked 
|  23|0x0000000084500000, 0x0000000084600000, 0x0000000084600000|100%| O|  |TAMS 0x0000000084600000, 0x0000000084500000| Untracked 
|  24|0x0000000084600000, 0x0000000084700000, 0x0000000084700000|100%| O|  |TAMS 0x0000000084700000, 0x0000000084600000| Untracked 
|  25|0x0000000084700000, 0x0000000084800000, 0x0000000084800000|100%| O|  |TAMS 0x0000000084800000, 0x0000000084700000| Untracked 
|  26|0x0000000084800000, 0x0000000084900000, 0x0000000084900000|100%| O|  |TAMS 0x0000000084900000, 0x0000000084800000| Untracked 
|  27|0x0000000084900000, 0x0000000084a00000, 0x0000000084a00000|100%| O|  |TAMS 0x0000000084a00000, 0x0000000084900000| Untracked 
|  28|0x0000000084a00000, 0x0000000084b00000, 0x0000000084b00000|100%| O|  |TAMS 0x0000000084b00000, 0x0000000084a00000| Untracked 
|  29|0x0000000084b00000, 0x0000000084c00000, 0x0000000084c00000|100%| O|  |TAMS 0x0000000084c00000, 0x0000000084b00000| Untracked 
|  30|0x0000000084c00000, 0x0000000084d00000, 0x0000000084d00000|100%| O|  |TAMS 0x0000000084d00000, 0x0000000084c00000| Untracked 
|  31|0x0000000084d00000, 0x0000000084e00000, 0x0000000084e00000|100%| O|  |TAMS 0x0000000084e00000, 0x0000000084d00000| Untracked 
|  32|0x0000000084e00000, 0x0000000084f00000, 0x0000000084f00000|100%| O|  |TAMS 0x0000000084f00000, 0x0000000084e00000| Untracked 
|  33|0x0000000084f00000, 0x0000000085000000, 0x0000000085000000|100%| O|  |TAMS 0x0000000085000000, 0x0000000084f00000| Untracked 
|  34|0x0000000085000000, 0x0000000085100000, 0x0000000085100000|100%| O|  |TAMS 0x0000000085100000, 0x0000000085000000| Untracked 
|  35|0x0000000085100000, 0x0000000085200000, 0x0000000085200000|100%| O|  |TAMS 0x0000000085200000, 0x0000000085100000| Untracked 
|  36|0x0000000085200000, 0x0000000085300000, 0x0000000085300000|100%| O|  |TAMS 0x0000000085300000, 0x0000000085200000| Untracked 
|  37|0x0000000085300000, 0x0000000085400000, 0x0000000085400000|100%| O|  |TAMS 0x0000000085400000, 0x0000000085300000| Untracked 
|  38|0x0000000085400000, 0x0000000085500000, 0x0000000085500000|100%| O|  |TAMS 0x0000000085500000, 0x0000000085400000| Untracked 
|  39|0x0000000085500000, 0x0000000085600000, 0x0000000085600000|100%| O|  |TAMS 0x0000000085600000, 0x0000000085500000| Untracked 
|  40|0x0000000085600000, 0x0000000085700000, 0x0000000085700000|100%| O|  |TAMS 0x0000000085700000, 0x0000000085600000| Untracked 
|  41|0x0000000085700000, 0x0000000085800000, 0x0000000085800000|100%| O|  |TAMS 0x0000000085800000, 0x0000000085700000| Untracked 
|  42|0x0000000085800000, 0x0000000085900000, 0x0000000085900000|100%| O|  |TAMS 0x0000000085900000, 0x0000000085800000| Untracked 
|  43|0x0000000085900000, 0x0000000085a00000, 0x0000000085a00000|100%| O|  |TAMS 0x0000000085a00000, 0x0000000085900000| Untracked 
|  44|0x0000000085a00000, 0x0000000085b00000, 0x0000000085b00000|100%| O|  |TAMS 0x0000000085b00000, 0x0000000085a00000| Untracked 
|  45|0x0000000085b00000, 0x0000000085c00000, 0x0000000085c00000|100%| O|  |TAMS 0x0000000085c00000, 0x0000000085b00000| Untracked 
|  46|0x0000000085c00000, 0x0000000085d00000, 0x0000000085d00000|100%| O|  |TAMS 0x0000000085d00000, 0x0000000085c00000| Untracked 
|  47|0x0000000085d00000, 0x0000000085e00000, 0x0000000085e00000|100%| O|  |TAMS 0x0000000085e00000, 0x0000000085d00000| Untracked 
|  48|0x0000000085e00000, 0x0000000085f00000, 0x0000000085f00000|100%| O|  |TAMS 0x0000000085f00000, 0x0000000085e00000| Untracked 
|  49|0x0000000085f00000, 0x0000000086000000, 0x0000000086000000|100%| O|  |TAMS 0x0000000086000000, 0x0000000085f00000| Untracked 
|  50|0x0000000086000000, 0x0000000086100000, 0x0000000086100000|100%| O|  |TAMS 0x0000000086100000, 0x0000000086000000| Untracked 
|  51|0x0000000086100000, 0x0000000086200000, 0x0000000086200000|100%| O|  |TAMS 0x0000000086200000, 0x0000000086100000| Untracked 
|  52|0x0000000086200000, 0x0000000086300000, 0x0000000086300000|100%| O|  |TAMS 0x0000000086300000, 0x0000000086200000| Untracked 
|  53|0x0000000086300000, 0x0000000086400000, 0x0000000086400000|100%| O|  |TAMS 0x0000000086400000, 0x0000000086300000| Untracked 
|  54|0x0000000086400000, 0x0000000086500000, 0x0000000086500000|100%| O|  |TAMS 0x0000000086500000, 0x0000000086400000| Untracked 
|  55|0x0000000086500000, 0x0000000086600000, 0x0000000086600000|100%| O|  |TAMS 0x0000000086600000, 0x0000000086500000| Untracked 
|  56|0x0000000086600000, 0x0000000086700000, 0x0000000086700000|100%| O|  |TAMS 0x0000000086700000, 0x0000000086600000| Untracked 
|  57|0x0000000086700000, 0x0000000086800000, 0x0000000086800000|100%| O|  |TAMS 0x0000000086800000, 0x0000000086700000| Untracked 
|  58|0x0000000086800000, 0x0000000086900000, 0x0000000086900000|100%| O|  |TAMS 0x0000000086900000, 0x0000000086800000| Untracked 
|  59|0x0000000086900000, 0x0000000086a00000, 0x0000000086a00000|100%| O|  |TAMS 0x0000000086a00000, 0x0000000086900000| Untracked 
|  60|0x0000000086a00000, 0x0000000086b00000, 0x0000000086b00000|100%| O|  |TAMS 0x0000000086b00000, 0x0000000086a00000| Untracked 
|  61|0x0000000086b00000, 0x0000000086c00000, 0x0000000086c00000|100%| O|  |TAMS 0x0000000086c00000, 0x0000000086b00000| Untracked 
|  62|0x0000000086c00000, 0x0000000086d00000, 0x0000000086d00000|100%| O|  |TAMS 0x0000000086c98600, 0x0000000086c00000| Untracked 
|  63|0x0000000086d00000, 0x0000000086e00000, 0x0000000086e00000|100%| O|  |TAMS 0x0000000086d00000, 0x0000000086d00000| Untracked 
|  64|0x0000000086e00000, 0x0000000086f00000, 0x0000000086f00000|100%| O|  |TAMS 0x0000000086e00000, 0x0000000086e00000| Untracked 
|  65|0x0000000086f00000, 0x0000000086fae600, 0x0000000087000000| 68%| O|  |TAMS 0x0000000086f00000, 0x0000000086f00000| Untracked 
|  66|0x0000000087000000, 0x0000000087000000, 0x0000000087100000|  0%| F|  |TAMS 0x0000000087000000, 0x0000000087000000| Untracked 
|  67|0x0000000087100000, 0x0000000087100000, 0x0000000087200000|  0%| F|  |TAMS 0x0000000087100000, 0x0000000087100000| Untracked 
|  68|0x0000000087200000, 0x0000000087200000, 0x0000000087300000|  0%| F|  |TAMS 0x0000000087200000, 0x0000000087200000| Untracked 
|  69|0x0000000087300000, 0x0000000087300000, 0x0000000087400000|  0%| F|  |TAMS 0x0000000087300000, 0x0000000087300000| Untracked 
|  70|0x0000000087400000, 0x0000000087400000, 0x0000000087500000|  0%| F|  |TAMS 0x0000000087400000, 0x0000000087400000| Untracked 
|  71|0x0000000087500000, 0x0000000087500000, 0x0000000087600000|  0%| F|  |TAMS 0x0000000087500000, 0x0000000087500000| Untracked 
|  72|0x0000000087600000, 0x0000000087600000, 0x0000000087700000|  0%| F|  |TAMS 0x0000000087600000, 0x0000000087600000| Untracked 
|  73|0x0000000087700000, 0x0000000087700000, 0x0000000087800000|  0%| F|  |TAMS 0x0000000087700000, 0x0000000087700000| Untracked 
|  74|0x0000000087800000, 0x0000000087800000, 0x0000000087900000|  0%| F|  |TAMS 0x0000000087800000, 0x0000000087800000| Untracked 
|  75|0x0000000087900000, 0x0000000087900000, 0x0000000087a00000|  0%| F|  |TAMS 0x0000000087900000, 0x0000000087900000| Untracked 
|  76|0x0000000087a00000, 0x0000000087a00000, 0x0000000087b00000|  0%| F|  |TAMS 0x0000000087a00000, 0x0000000087a00000| Untracked 
|  77|0x0000000087b00000, 0x0000000087b00000, 0x0000000087c00000|  0%| F|  |TAMS 0x0000000087b00000, 0x0000000087b00000| Untracked 
|  78|0x0000000087c00000, 0x0000000087c00000, 0x0000000087d00000|  0%| F|  |TAMS 0x0000000087c00000, 0x0000000087c00000| Untracked 
|  79|0x0000000087d00000, 0x0000000087d00000, 0x0000000087e00000|  0%| F|  |TAMS 0x0000000087d00000, 0x0000000087d00000| Untracked 
|  80|0x0000000087e00000, 0x0000000087e00000, 0x0000000087f00000|  0%| F|  |TAMS 0x0000000087e00000, 0x0000000087e00000| Untracked 
|  81|0x0000000087f00000, 0x0000000087f00000, 0x0000000088000000|  0%| F|  |TAMS 0x0000000087f00000, 0x0000000087f00000| Untracked 
|  82|0x0000000088000000, 0x0000000088000000, 0x0000000088100000|  0%| F|  |TAMS 0x0000000088000000, 0x0000000088000000| Untracked 
|  83|0x0000000088100000, 0x0000000088100000, 0x0000000088200000|  0%| F|  |TAMS 0x0000000088100000, 0x0000000088100000| Untracked 
|  84|0x0000000088200000, 0x0000000088200000, 0x0000000088300000|  0%| F|  |TAMS 0x0000000088200000, 0x0000000088200000| Untracked 
|  85|0x0000000088300000, 0x0000000088300000, 0x0000000088400000|  0%| F|  |TAMS 0x0000000088300000, 0x0000000088300000| Untracked 
|  86|0x0000000088400000, 0x0000000088400000, 0x0000000088500000|  0%| F|  |TAMS 0x0000000088400000, 0x0000000088400000| Untracked 
|  87|0x0000000088500000, 0x0000000088500000, 0x0000000088600000|  0%| F|  |TAMS 0x0000000088500000, 0x0000000088500000| Untracked 
|  88|0x0000000088600000, 0x0000000088600000, 0x0000000088700000|  0%| F|  |TAMS 0x0000000088600000, 0x0000000088600000| Untracked 
|  89|0x0000000088700000, 0x0000000088700000, 0x0000000088800000|  0%| F|  |TAMS 0x0000000088700000, 0x0000000088700000| Untracked 
|  90|0x0000000088800000, 0x0000000088800000, 0x0000000088900000|  0%| F|  |TAMS 0x0000000088800000, 0x0000000088800000| Untracked 
|  91|0x0000000088900000, 0x0000000088900000, 0x0000000088a00000|  0%| F|  |TAMS 0x0000000088900000, 0x0000000088900000| Untracked 
|  92|0x0000000088a00000, 0x0000000088a00000, 0x0000000088b00000|  0%| F|  |TAMS 0x0000000088a00000, 0x0000000088a00000| Untracked 
|  93|0x0000000088b00000, 0x0000000088b00000, 0x0000000088c00000|  0%| F|  |TAMS 0x0000000088b00000, 0x0000000088b00000| Untracked 
|  94|0x0000000088c00000, 0x0000000088c00000, 0x0000000088d00000|  0%| F|  |TAMS 0x0000000088c00000, 0x0000000088c00000| Untracked 
|  95|0x0000000088d00000, 0x0000000088d00000, 0x0000000088e00000|  0%| F|  |TAMS 0x0000000088d00000, 0x0000000088d00000| Untracked 
|  96|0x0000000088e00000, 0x0000000088e00000, 0x0000000088f00000|  0%| F|  |TAMS 0x0000000088e00000, 0x0000000088e00000| Untracked 
|  97|0x0000000088f00000, 0x0000000088f00000, 0x0000000089000000|  0%| F|  |TAMS 0x0000000088f00000, 0x0000000088f00000| Untracked 
|  98|0x0000000089000000, 0x0000000089000000, 0x0000000089100000|  0%| F|  |TAMS 0x0000000089000000, 0x0000000089000000| Untracked 
|  99|0x0000000089100000, 0x0000000089100000, 0x0000000089200000|  0%| F|  |TAMS 0x0000000089100000, 0x0000000089100000| Untracked 
| 100|0x0000000089200000, 0x0000000089200000, 0x0000000089300000|  0%| F|  |TAMS 0x0000000089200000, 0x0000000089200000| Untracked 
| 101|0x0000000089300000, 0x0000000089300000, 0x0000000089400000|  0%| F|  |TAMS 0x0000000089300000, 0x0000000089300000| Untracked 
| 102|0x0000000089400000, 0x0000000089400000, 0x0000000089500000|  0%| F|  |TAMS 0x0000000089400000, 0x0000000089400000| Untracked 
| 103|0x0000000089500000, 0x0000000089500000, 0x0000000089600000|  0%| F|  |TAMS 0x0000000089500000, 0x0000000089500000| Untracked 
| 104|0x0000000089600000, 0x0000000089600000, 0x0000000089700000|  0%| F|  |TAMS 0x0000000089600000, 0x0000000089600000| Untracked 
| 105|0x0000000089700000, 0x0000000089700000, 0x0000000089800000|  0%| F|  |TAMS 0x0000000089700000, 0x0000000089700000| Untracked 
| 106|0x0000000089800000, 0x0000000089800000, 0x0000000089900000|  0%| F|  |TAMS 0x0000000089800000, 0x0000000089800000| Untracked 
| 107|0x0000000089900000, 0x0000000089900000, 0x0000000089a00000|  0%| F|  |TAMS 0x0000000089900000, 0x0000000089900000| Untracked 
| 108|0x0000000089a00000, 0x0000000089ad4760, 0x0000000089b00000| 82%| S|CS|TAMS 0x0000000089a00000, 0x0000000089a00000| Complete 
| 109|0x0000000089b00000, 0x0000000089b00000, 0x0000000089c00000|  0%| F|  |TAMS 0x0000000089b00000, 0x0000000089b00000| Untracked 
| 110|0x0000000089c00000, 0x0000000089c00000, 0x0000000089d00000|  0%| F|  |TAMS 0x0000000089c00000, 0x0000000089c00000| Untracked 
| 111|0x0000000089d00000, 0x0000000089d00000, 0x0000000089e00000|  0%| F|  |TAMS 0x0000000089d00000, 0x0000000089d00000| Untracked 
| 112|0x0000000089e00000, 0x0000000089e00000, 0x0000000089f00000|  0%| F|  |TAMS 0x0000000089e00000, 0x0000000089e00000| Untracked 
| 113|0x0000000089f00000, 0x0000000089f00000, 0x000000008a000000|  0%| F|  |TAMS 0x0000000089f00000, 0x0000000089f00000| Untracked 
| 114|0x000000008a000000, 0x000000008a000000, 0x000000008a100000|  0%| F|  |TAMS 0x000000008a000000, 0x000000008a000000| Untracked 
| 115|0x000000008a100000, 0x000000008a100000, 0x000000008a200000|  0%| F|  |TAMS 0x000000008a100000, 0x000000008a100000| Untracked 
| 116|0x000000008a200000, 0x000000008a200000, 0x000000008a300000|  0%| F|  |TAMS 0x000000008a200000, 0x000000008a200000| Untracked 
| 117|0x000000008a300000, 0x000000008a300000, 0x000000008a400000|  0%| F|  |TAMS 0x000000008a300000, 0x000000008a300000| Untracked 
| 118|0x000000008a400000, 0x000000008a400000, 0x000000008a500000|  0%| F|  |TAMS 0x000000008a400000, 0x000000008a400000| Untracked 
| 119|0x000000008a500000, 0x000000008a500000, 0x000000008a600000|  0%| F|  |TAMS 0x000000008a500000, 0x000000008a500000| Untracked 
| 120|0x000000008a600000, 0x000000008a600000, 0x000000008a700000|  0%| F|  |TAMS 0x000000008a600000, 0x000000008a600000| Untracked 
| 121|0x000000008a700000, 0x000000008a700000, 0x000000008a800000|  0%| F|  |TAMS 0x000000008a700000, 0x000000008a700000| Untracked 
| 122|0x000000008a800000, 0x000000008a800000, 0x000000008a900000|  0%| F|  |TAMS 0x000000008a800000, 0x000000008a800000| Untracked 
| 123|0x000000008a900000, 0x000000008a900000, 0x000000008aa00000|  0%| F|  |TAMS 0x000000008a900000, 0x000000008a900000| Untracked 
| 124|0x000000008aa00000, 0x000000008aa00000, 0x000000008ab00000|  0%| F|  |TAMS 0x000000008aa00000, 0x000000008aa00000| Untracked 
| 125|0x000000008ab00000, 0x000000008ab00000, 0x000000008ac00000|  0%| F|  |TAMS 0x000000008ab00000, 0x000000008ab00000| Untracked 
| 126|0x000000008ac00000, 0x000000008ac00000, 0x000000008ad00000|  0%| F|  |TAMS 0x000000008ac00000, 0x000000008ac00000| Untracked 
| 127|0x000000008ad00000, 0x000000008ad00000, 0x000000008ae00000|  0%| F|  |TAMS 0x000000008ad00000, 0x000000008ad00000| Untracked 
| 128|0x000000008ae00000, 0x000000008ae00000, 0x000000008af00000|  0%| F|  |TAMS 0x000000008ae00000, 0x000000008ae00000| Untracked 
| 129|0x000000008af00000, 0x000000008af00000, 0x000000008b000000|  0%| F|  |TAMS 0x000000008af00000, 0x000000008af00000| Untracked 
| 130|0x000000008b000000, 0x000000008b000000, 0x000000008b100000|  0%| F|  |TAMS 0x000000008b000000, 0x000000008b000000| Untracked 
| 131|0x000000008b100000, 0x000000008b100000, 0x000000008b200000|  0%| F|  |TAMS 0x000000008b100000, 0x000000008b100000| Untracked 
| 132|0x000000008b200000, 0x000000008b200000, 0x000000008b300000|  0%| F|  |TAMS 0x000000008b200000, 0x000000008b200000| Untracked 
| 133|0x000000008b300000, 0x000000008b300000, 0x000000008b400000|  0%| F|  |TAMS 0x000000008b300000, 0x000000008b300000| Untracked 
| 134|0x000000008b400000, 0x000000008b400000, 0x000000008b500000|  0%| F|  |TAMS 0x000000008b400000, 0x000000008b400000| Untracked 
| 135|0x000000008b500000, 0x000000008b500000, 0x000000008b600000|  0%| F|  |TAMS 0x000000008b500000, 0x000000008b500000| Untracked 
| 136|0x000000008b600000, 0x000000008b600000, 0x000000008b700000|  0%| F|  |TAMS 0x000000008b600000, 0x000000008b600000| Untracked 
| 137|0x000000008b700000, 0x000000008b700000, 0x000000008b800000|  0%| F|  |TAMS 0x000000008b700000, 0x000000008b700000| Untracked 
| 138|0x000000008b800000, 0x000000008b800000, 0x000000008b900000|  0%| F|  |TAMS 0x000000008b800000, 0x000000008b800000| Untracked 
| 139|0x000000008b900000, 0x000000008b900000, 0x000000008ba00000|  0%| F|  |TAMS 0x000000008b900000, 0x000000008b900000| Untracked 
| 140|0x000000008ba00000, 0x000000008ba00000, 0x000000008bb00000|  0%| F|  |TAMS 0x000000008ba00000, 0x000000008ba00000| Untracked 
| 141|0x000000008bb00000, 0x000000008bb00000, 0x000000008bc00000|  0%| F|  |TAMS 0x000000008bb00000, 0x000000008bb00000| Untracked 
| 142|0x000000008bc00000, 0x000000008bc00000, 0x000000008bd00000|  0%| F|  |TAMS 0x000000008bc00000, 0x000000008bc00000| Untracked 
| 143|0x000000008bd00000, 0x000000008bd00000, 0x000000008be00000|  0%| F|  |TAMS 0x000000008bd00000, 0x000000008bd00000| Untracked 
| 144|0x000000008be00000, 0x000000008be00000, 0x000000008bf00000|  0%| F|  |TAMS 0x000000008be00000, 0x000000008be00000| Untracked 
| 145|0x000000008bf00000, 0x000000008bf00000, 0x000000008c000000|  0%| F|  |TAMS 0x000000008bf00000, 0x000000008bf00000| Untracked 
| 146|0x000000008c000000, 0x000000008c000000, 0x000000008c100000|  0%| F|  |TAMS 0x000000008c000000, 0x000000008c000000| Untracked 
| 147|0x000000008c100000, 0x000000008c100000, 0x000000008c200000|  0%| F|  |TAMS 0x000000008c100000, 0x000000008c100000| Untracked 
| 148|0x000000008c200000, 0x000000008c200000, 0x000000008c300000|  0%| F|  |TAMS 0x000000008c200000, 0x000000008c200000| Untracked 
| 149|0x000000008c300000, 0x000000008c300000, 0x000000008c400000|  0%| F|  |TAMS 0x000000008c300000, 0x000000008c300000| Untracked 
| 150|0x000000008c400000, 0x000000008c400000, 0x000000008c500000|  0%| F|  |TAMS 0x000000008c400000, 0x000000008c400000| Untracked 
| 151|0x000000008c500000, 0x000000008c500000, 0x000000008c600000|  0%| F|  |TAMS 0x000000008c500000, 0x000000008c500000| Untracked 
| 152|0x000000008c600000, 0x000000008c600000, 0x000000008c700000|  0%| F|  |TAMS 0x000000008c600000, 0x000000008c600000| Untracked 
| 153|0x000000008c700000, 0x000000008c700000, 0x000000008c800000|  0%| F|  |TAMS 0x000000008c700000, 0x000000008c700000| Untracked 
| 154|0x000000008c800000, 0x000000008c800000, 0x000000008c900000|  0%| F|  |TAMS 0x000000008c800000, 0x000000008c800000| Untracked 
| 155|0x000000008c900000, 0x000000008c900000, 0x000000008ca00000|  0%| F|  |TAMS 0x000000008c900000, 0x000000008c900000| Untracked 
| 156|0x000000008ca00000, 0x000000008ca00000, 0x000000008cb00000|  0%| F|  |TAMS 0x000000008ca00000, 0x000000008ca00000| Untracked 
| 157|0x000000008cb00000, 0x000000008cb00000, 0x000000008cc00000|  0%| F|  |TAMS 0x000000008cb00000, 0x000000008cb00000| Untracked 
| 158|0x000000008cc00000, 0x000000008cc00000, 0x000000008cd00000|  0%| F|  |TAMS 0x000000008cc00000, 0x000000008cc00000| Untracked 
| 159|0x000000008cd00000, 0x000000008cd00000, 0x000000008ce00000|  0%| F|  |TAMS 0x000000008cd00000, 0x000000008cd00000| Untracked 
| 160|0x000000008ce00000, 0x000000008ce00000, 0x000000008cf00000|  0%| F|  |TAMS 0x000000008ce00000, 0x000000008ce00000| Untracked 
| 161|0x000000008cf00000, 0x000000008cf00000, 0x000000008d000000|  0%| F|  |TAMS 0x000000008cf00000, 0x000000008cf00000| Untracked 
| 162|0x000000008d000000, 0x000000008d000000, 0x000000008d100000|  0%| F|  |TAMS 0x000000008d000000, 0x000000008d000000| Untracked 
| 163|0x000000008d100000, 0x000000008d100000, 0x000000008d200000|  0%| F|  |TAMS 0x000000008d100000, 0x000000008d100000| Untracked 
| 164|0x000000008d200000, 0x000000008d200000, 0x000000008d300000|  0%| F|  |TAMS 0x000000008d200000, 0x000000008d200000| Untracked 
| 165|0x000000008d300000, 0x000000008d300000, 0x000000008d400000|  0%| F|  |TAMS 0x000000008d300000, 0x000000008d300000| Untracked 
| 166|0x000000008d400000, 0x000000008d400000, 0x000000008d500000|  0%| F|  |TAMS 0x000000008d400000, 0x000000008d400000| Untracked 
| 167|0x000000008d500000, 0x000000008d500000, 0x000000008d600000|  0%| F|  |TAMS 0x000000008d500000, 0x000000008d500000| Untracked 
| 168|0x000000008d600000, 0x000000008d600000, 0x000000008d700000|  0%| F|  |TAMS 0x000000008d600000, 0x000000008d600000| Untracked 
| 169|0x000000008d700000, 0x000000008d700000, 0x000000008d800000|  0%| F|  |TAMS 0x000000008d700000, 0x000000008d700000| Untracked 
| 170|0x000000008d800000, 0x000000008d800000, 0x000000008d900000|  0%| F|  |TAMS 0x000000008d800000, 0x000000008d800000| Untracked 
| 171|0x000000008d900000, 0x000000008d900000, 0x000000008da00000|  0%| F|  |TAMS 0x000000008d900000, 0x000000008d900000| Untracked 
| 172|0x000000008da00000, 0x000000008da00000, 0x000000008db00000|  0%| F|  |TAMS 0x000000008da00000, 0x000000008da00000| Untracked 
| 173|0x000000008db00000, 0x000000008db00000, 0x000000008dc00000|  0%| F|  |TAMS 0x000000008db00000, 0x000000008db00000| Untracked 
| 174|0x000000008dc00000, 0x000000008dc00000, 0x000000008dd00000|  0%| F|  |TAMS 0x000000008dc00000, 0x000000008dc00000| Untracked 
| 175|0x000000008dd00000, 0x000000008dd00000, 0x000000008de00000|  0%| F|  |TAMS 0x000000008dd00000, 0x000000008dd00000| Untracked 
| 176|0x000000008de00000, 0x000000008de00000, 0x000000008df00000|  0%| F|  |TAMS 0x000000008de00000, 0x000000008de00000| Untracked 
| 177|0x000000008df00000, 0x000000008df00000, 0x000000008e000000|  0%| F|  |TAMS 0x000000008df00000, 0x000000008df00000| Untracked 
| 178|0x000000008e000000, 0x000000008e000000, 0x000000008e100000|  0%| F|  |TAMS 0x000000008e000000, 0x000000008e000000| Untracked 
| 179|0x000000008e100000, 0x000000008e100000, 0x000000008e200000|  0%| F|  |TAMS 0x000000008e100000, 0x000000008e100000| Untracked 
| 180|0x000000008e200000, 0x000000008e200000, 0x000000008e300000|  0%| F|  |TAMS 0x000000008e200000, 0x000000008e200000| Untracked 
| 181|0x000000008e300000, 0x000000008e300000, 0x000000008e400000|  0%| F|  |TAMS 0x000000008e300000, 0x000000008e300000| Untracked 
| 182|0x000000008e400000, 0x000000008e400000, 0x000000008e500000|  0%| F|  |TAMS 0x000000008e400000, 0x000000008e400000| Untracked 
| 183|0x000000008e500000, 0x000000008e500000, 0x000000008e600000|  0%| F|  |TAMS 0x000000008e500000, 0x000000008e500000| Untracked 
| 184|0x000000008e600000, 0x000000008e600000, 0x000000008e700000|  0%| F|  |TAMS 0x000000008e600000, 0x000000008e600000| Untracked 
| 185|0x000000008e700000, 0x000000008e700000, 0x000000008e800000|  0%| F|  |TAMS 0x000000008e700000, 0x000000008e700000| Untracked 
| 186|0x000000008e800000, 0x000000008e800000, 0x000000008e900000|  0%| F|  |TAMS 0x000000008e800000, 0x000000008e800000| Untracked 
| 187|0x000000008e900000, 0x000000008e900000, 0x000000008ea00000|  0%| F|  |TAMS 0x000000008e900000, 0x000000008e900000| Untracked 
| 188|0x000000008ea00000, 0x000000008ea00000, 0x000000008eb00000|  0%| F|  |TAMS 0x000000008ea00000, 0x000000008ea00000| Untracked 
| 189|0x000000008eb00000, 0x000000008eb00000, 0x000000008ec00000|  0%| F|  |TAMS 0x000000008eb00000, 0x000000008eb00000| Untracked 
| 190|0x000000008ec00000, 0x000000008ec00000, 0x000000008ed00000|  0%| F|  |TAMS 0x000000008ec00000, 0x000000008ec00000| Untracked 
| 191|0x000000008ed00000, 0x000000008ed00000, 0x000000008ee00000|  0%| F|  |TAMS 0x000000008ed00000, 0x000000008ed00000| Untracked 
| 192|0x000000008ee00000, 0x000000008ee00000, 0x000000008ef00000|  0%| F|  |TAMS 0x000000008ee00000, 0x000000008ee00000| Untracked 
| 193|0x000000008ef00000, 0x000000008ef00000, 0x000000008f000000|  0%| F|  |TAMS 0x000000008ef00000, 0x000000008ef00000| Untracked 
| 194|0x000000008f000000, 0x000000008f000000, 0x000000008f100000|  0%| F|  |TAMS 0x000000008f000000, 0x000000008f000000| Untracked 
| 195|0x000000008f100000, 0x000000008f100000, 0x000000008f200000|  0%| F|  |TAMS 0x000000008f100000, 0x000000008f100000| Untracked 
| 196|0x000000008f200000, 0x000000008f200000, 0x000000008f300000|  0%| F|  |TAMS 0x000000008f200000, 0x000000008f200000| Untracked 
| 197|0x000000008f300000, 0x000000008f300000, 0x000000008f400000|  0%| F|  |TAMS 0x000000008f300000, 0x000000008f300000| Untracked 
| 198|0x000000008f400000, 0x000000008f400000, 0x000000008f500000|  0%| F|  |TAMS 0x000000008f400000, 0x000000008f400000| Untracked 
| 199|0x000000008f500000, 0x000000008f500000, 0x000000008f600000|  0%| F|  |TAMS 0x000000008f500000, 0x000000008f500000| Untracked 
| 200|0x000000008f600000, 0x000000008f600000, 0x000000008f700000|  0%| F|  |TAMS 0x000000008f600000, 0x000000008f600000| Untracked 
| 201|0x000000008f700000, 0x000000008f700000, 0x000000008f800000|  0%| F|  |TAMS 0x000000008f700000, 0x000000008f700000| Untracked 
| 202|0x000000008f800000, 0x000000008f800000, 0x000000008f900000|  0%| F|  |TAMS 0x000000008f800000, 0x000000008f800000| Untracked 
| 203|0x000000008f900000, 0x000000008f900000, 0x000000008fa00000|  0%| F|  |TAMS 0x000000008f900000, 0x000000008f900000| Untracked 
| 204|0x000000008fa00000, 0x000000008fa00000, 0x000000008fb00000|  0%| F|  |TAMS 0x000000008fa00000, 0x000000008fa00000| Untracked 
| 205|0x000000008fb00000, 0x000000008fb00000, 0x000000008fc00000|  0%| F|  |TAMS 0x000000008fb00000, 0x000000008fb00000| Untracked 
| 206|0x000000008fc00000, 0x000000008fc00000, 0x000000008fd00000|  0%| F|  |TAMS 0x000000008fc00000, 0x000000008fc00000| Untracked 
| 207|0x000000008fd00000, 0x000000008fd00000, 0x000000008fe00000|  0%| F|  |TAMS 0x000000008fd00000, 0x000000008fd00000| Untracked 
| 208|0x000000008fe00000, 0x000000008fe00000, 0x000000008ff00000|  0%| F|  |TAMS 0x000000008fe00000, 0x000000008fe00000| Untracked 
| 209|0x000000008ff00000, 0x000000008ff00000, 0x0000000090000000|  0%| F|  |TAMS 0x000000008ff00000, 0x000000008ff00000| Untracked 
| 210|0x0000000090000000, 0x0000000090000000, 0x0000000090100000|  0%| F|  |TAMS 0x0000000090000000, 0x0000000090000000| Untracked 
| 211|0x0000000090100000, 0x0000000090100000, 0x0000000090200000|  0%| F|  |TAMS 0x0000000090100000, 0x0000000090100000| Untracked 
| 212|0x0000000090200000, 0x0000000090200000, 0x0000000090300000|  0%| F|  |TAMS 0x0000000090200000, 0x0000000090200000| Untracked 
| 213|0x0000000090300000, 0x0000000090300000, 0x0000000090400000|  0%| F|  |TAMS 0x0000000090300000, 0x0000000090300000| Untracked 
| 214|0x0000000090400000, 0x0000000090400000, 0x0000000090500000|  0%| F|  |TAMS 0x0000000090400000, 0x0000000090400000| Untracked 
| 215|0x0000000090500000, 0x0000000090500000, 0x0000000090600000|  0%| F|  |TAMS 0x0000000090500000, 0x0000000090500000| Untracked 
| 216|0x0000000090600000, 0x0000000090600000, 0x0000000090700000|  0%| F|  |TAMS 0x0000000090600000, 0x0000000090600000| Untracked 
| 217|0x0000000090700000, 0x0000000090700000, 0x0000000090800000|  0%| F|  |TAMS 0x0000000090700000, 0x0000000090700000| Untracked 
| 218|0x0000000090800000, 0x0000000090800000, 0x0000000090900000|  0%| F|  |TAMS 0x0000000090800000, 0x0000000090800000| Untracked 
| 219|0x0000000090900000, 0x0000000090900000, 0x0000000090a00000|  0%| F|  |TAMS 0x0000000090900000, 0x0000000090900000| Untracked 
| 220|0x0000000090a00000, 0x0000000090a00000, 0x0000000090b00000|  0%| F|  |TAMS 0x0000000090a00000, 0x0000000090a00000| Untracked 
| 221|0x0000000090b00000, 0x0000000090b00000, 0x0000000090c00000|  0%| F|  |TAMS 0x0000000090b00000, 0x0000000090b00000| Untracked 
| 222|0x0000000090c00000, 0x0000000090c00000, 0x0000000090d00000|  0%| F|  |TAMS 0x0000000090c00000, 0x0000000090c00000| Untracked 
| 223|0x0000000090d00000, 0x0000000090d00000, 0x0000000090e00000|  0%| F|  |TAMS 0x0000000090d00000, 0x0000000090d00000| Untracked 
| 224|0x0000000090e00000, 0x0000000090e00000, 0x0000000090f00000|  0%| F|  |TAMS 0x0000000090e00000, 0x0000000090e00000| Untracked 
| 225|0x0000000090f00000, 0x0000000090f00000, 0x0000000091000000|  0%| F|  |TAMS 0x0000000090f00000, 0x0000000090f00000| Untracked 
| 226|0x0000000091000000, 0x0000000091000000, 0x0000000091100000|  0%| F|  |TAMS 0x0000000091000000, 0x0000000091000000| Untracked 
| 227|0x0000000091100000, 0x0000000091100000, 0x0000000091200000|  0%| F|  |TAMS 0x0000000091100000, 0x0000000091100000| Untracked 
| 228|0x0000000091200000, 0x0000000091200000, 0x0000000091300000|  0%| F|  |TAMS 0x0000000091200000, 0x0000000091200000| Untracked 
| 229|0x0000000091300000, 0x0000000091300000, 0x0000000091400000|  0%| F|  |TAMS 0x0000000091300000, 0x0000000091300000| Untracked 
| 230|0x0000000091400000, 0x0000000091400000, 0x0000000091500000|  0%| F|  |TAMS 0x0000000091400000, 0x0000000091400000| Untracked 
| 231|0x0000000091500000, 0x0000000091500000, 0x0000000091600000|  0%| F|  |TAMS 0x0000000091500000, 0x0000000091500000| Untracked 
| 232|0x0000000091600000, 0x0000000091600000, 0x0000000091700000|  0%| F|  |TAMS 0x0000000091600000, 0x0000000091600000| Untracked 
| 233|0x0000000091700000, 0x0000000091700000, 0x0000000091800000|  0%| F|  |TAMS 0x0000000091700000, 0x0000000091700000| Untracked 
| 234|0x0000000091800000, 0x0000000091800000, 0x0000000091900000|  0%| F|  |TAMS 0x0000000091800000, 0x0000000091800000| Untracked 
| 235|0x0000000091900000, 0x0000000091900000, 0x0000000091a00000|  0%| F|  |TAMS 0x0000000091900000, 0x0000000091900000| Untracked 
| 236|0x0000000091a00000, 0x0000000091a00000, 0x0000000091b00000|  0%| F|  |TAMS 0x0000000091a00000, 0x0000000091a00000| Untracked 
| 237|0x0000000091b00000, 0x0000000091b00000, 0x0000000091c00000|  0%| F|  |TAMS 0x0000000091b00000, 0x0000000091b00000| Untracked 
| 238|0x0000000091c00000, 0x0000000091c00000, 0x0000000091d00000|  0%| F|  |TAMS 0x0000000091c00000, 0x0000000091c00000| Untracked 
| 239|0x0000000091d00000, 0x0000000091d00000, 0x0000000091e00000|  0%| F|  |TAMS 0x0000000091d00000, 0x0000000091d00000| Untracked 
| 240|0x0000000091e00000, 0x0000000091e00000, 0x0000000091f00000|  0%| F|  |TAMS 0x0000000091e00000, 0x0000000091e00000| Untracked 
| 241|0x0000000091f00000, 0x0000000091f00000, 0x0000000092000000|  0%| F|  |TAMS 0x0000000091f00000, 0x0000000091f00000| Untracked 
| 242|0x0000000092000000, 0x0000000092000000, 0x0000000092100000|  0%| F|  |TAMS 0x0000000092000000, 0x0000000092000000| Untracked 
| 243|0x0000000092100000, 0x0000000092100000, 0x0000000092200000|  0%| F|  |TAMS 0x0000000092100000, 0x0000000092100000| Untracked 
| 244|0x0000000092200000, 0x0000000092200000, 0x0000000092300000|  0%| F|  |TAMS 0x0000000092200000, 0x0000000092200000| Untracked 
| 245|0x0000000092300000, 0x0000000092300000, 0x0000000092400000|  0%| F|  |TAMS 0x0000000092300000, 0x0000000092300000| Untracked 
| 246|0x0000000092400000, 0x0000000092400000, 0x0000000092500000|  0%| F|  |TAMS 0x0000000092400000, 0x0000000092400000| Untracked 
| 247|0x0000000092500000, 0x0000000092500000, 0x0000000092600000|  0%| F|  |TAMS 0x0000000092500000, 0x0000000092500000| Untracked 
| 248|0x0000000092600000, 0x0000000092600000, 0x0000000092700000|  0%| F|  |TAMS 0x0000000092600000, 0x0000000092600000| Untracked 
| 249|0x0000000092700000, 0x0000000092700000, 0x0000000092800000|  0%| F|  |TAMS 0x0000000092700000, 0x0000000092700000| Untracked 
| 250|0x0000000092800000, 0x0000000092800000, 0x0000000092900000|  0%| F|  |TAMS 0x0000000092800000, 0x0000000092800000| Untracked 
| 251|0x0000000092900000, 0x0000000092900000, 0x0000000092a00000|  0%| F|  |TAMS 0x0000000092900000, 0x0000000092900000| Untracked 
| 252|0x0000000092a00000, 0x0000000092a00000, 0x0000000092b00000|  0%| F|  |TAMS 0x0000000092a00000, 0x0000000092a00000| Untracked 
| 253|0x0000000092b00000, 0x0000000092b00000, 0x0000000092c00000|  0%| F|  |TAMS 0x0000000092b00000, 0x0000000092b00000| Untracked 
| 254|0x0000000092c00000, 0x0000000092c00000, 0x0000000092d00000|  0%| F|  |TAMS 0x0000000092c00000, 0x0000000092c00000| Untracked 
| 255|0x0000000092d00000, 0x0000000092d00000, 0x0000000092e00000|  0%| F|  |TAMS 0x0000000092d00000, 0x0000000092d00000| Untracked 
| 256|0x0000000092e00000, 0x0000000092e00000, 0x0000000092f00000|  0%| F|  |TAMS 0x0000000092e00000, 0x0000000092e00000| Untracked 
| 257|0x0000000092f00000, 0x0000000092f00000, 0x0000000093000000|  0%| F|  |TAMS 0x0000000092f00000, 0x0000000092f00000| Untracked 
| 258|0x0000000093000000, 0x0000000093000000, 0x0000000093100000|  0%| F|  |TAMS 0x0000000093000000, 0x0000000093000000| Untracked 
| 259|0x0000000093100000, 0x0000000093100000, 0x0000000093200000|  0%| F|  |TAMS 0x0000000093100000, 0x0000000093100000| Untracked 
| 260|0x0000000093200000, 0x0000000093200000, 0x0000000093300000|  0%| F|  |TAMS 0x0000000093200000, 0x0000000093200000| Untracked 
| 261|0x0000000093300000, 0x0000000093300000, 0x0000000093400000|  0%| F|  |TAMS 0x0000000093300000, 0x0000000093300000| Untracked 
| 262|0x0000000093400000, 0x0000000093400000, 0x0000000093500000|  0%| F|  |TAMS 0x0000000093400000, 0x0000000093400000| Untracked 
| 263|0x0000000093500000, 0x0000000093500000, 0x0000000093600000|  0%| F|  |TAMS 0x0000000093500000, 0x0000000093500000| Untracked 
| 264|0x0000000093600000, 0x0000000093600000, 0x0000000093700000|  0%| F|  |TAMS 0x0000000093600000, 0x0000000093600000| Untracked 
| 265|0x0000000093700000, 0x0000000093700000, 0x0000000093800000|  0%| F|  |TAMS 0x0000000093700000, 0x0000000093700000| Untracked 
| 266|0x0000000093800000, 0x0000000093800000, 0x0000000093900000|  0%| F|  |TAMS 0x0000000093800000, 0x0000000093800000| Untracked 
| 267|0x0000000093900000, 0x0000000093900000, 0x0000000093a00000|  0%| F|  |TAMS 0x0000000093900000, 0x0000000093900000| Untracked 
| 268|0x0000000093a00000, 0x0000000093a00000, 0x0000000093b00000|  0%| F|  |TAMS 0x0000000093a00000, 0x0000000093a00000| Untracked 
| 269|0x0000000093b00000, 0x0000000093b00000, 0x0000000093c00000|  0%| F|  |TAMS 0x0000000093b00000, 0x0000000093b00000| Untracked 
| 270|0x0000000093c00000, 0x0000000093c00000, 0x0000000093d00000|  0%| F|  |TAMS 0x0000000093c00000, 0x0000000093c00000| Untracked 
| 271|0x0000000093d00000, 0x0000000093d00000, 0x0000000093e00000|  0%| F|  |TAMS 0x0000000093d00000, 0x0000000093d00000| Untracked 
| 272|0x0000000093e00000, 0x0000000093e00000, 0x0000000093f00000|  0%| F|  |TAMS 0x0000000093e00000, 0x0000000093e00000| Untracked 
| 273|0x0000000093f00000, 0x0000000093f00000, 0x0000000094000000|  0%| F|  |TAMS 0x0000000093f00000, 0x0000000093f00000| Untracked 
| 274|0x0000000094000000, 0x0000000094000800, 0x0000000094100000|  0%| E|  |TAMS 0x0000000094000000, 0x0000000094000000| Complete 
| 275|0x0000000094100000, 0x0000000094200000, 0x0000000094200000|100%| E|CS|TAMS 0x0000000094100000, 0x0000000094100000| Complete 
| 276|0x0000000094200000, 0x0000000094300000, 0x0000000094300000|100%| E|CS|TAMS 0x0000000094200000, 0x0000000094200000| Complete 
| 277|0x0000000094300000, 0x0000000094400000, 0x0000000094400000|100%| E|CS|TAMS 0x0000000094300000, 0x0000000094300000| Complete 
| 278|0x0000000094400000, 0x0000000094500000, 0x0000000094500000|100%| E|CS|TAMS 0x0000000094400000, 0x0000000094400000| Complete 
| 279|0x0000000094500000, 0x0000000094600000, 0x0000000094600000|100%| E|CS|TAMS 0x0000000094500000, 0x0000000094500000| Complete 
| 280|0x0000000094600000, 0x0000000094700000, 0x0000000094700000|100%| E|CS|TAMS 0x0000000094600000, 0x0000000094600000| Complete 
| 281|0x0000000094700000, 0x0000000094800000, 0x0000000094800000|100%| E|CS|TAMS 0x0000000094700000, 0x0000000094700000| Complete 
| 282|0x0000000094800000, 0x0000000094900000, 0x0000000094900000|100%| E|CS|TAMS 0x0000000094800000, 0x0000000094800000| Complete 
| 283|0x0000000094900000, 0x0000000094a00000, 0x0000000094a00000|100%| E|CS|TAMS 0x0000000094900000, 0x0000000094900000| Complete 
| 284|0x0000000094a00000, 0x0000000094b00000, 0x0000000094b00000|100%| E|CS|TAMS 0x0000000094a00000, 0x0000000094a00000| Complete 
| 285|0x0000000094b00000, 0x0000000094c00000, 0x0000000094c00000|100%| E|CS|TAMS 0x0000000094b00000, 0x0000000094b00000| Complete 
| 286|0x0000000094c00000, 0x0000000094d00000, 0x0000000094d00000|100%| E|CS|TAMS 0x0000000094c00000, 0x0000000094c00000| Complete 
| 287|0x0000000094d00000, 0x0000000094e00000, 0x0000000094e00000|100%| E|CS|TAMS 0x0000000094d00000, 0x0000000094d00000| Complete 
| 288|0x0000000094e00000, 0x0000000094f00000, 0x0000000094f00000|100%| E|CS|TAMS 0x0000000094e00000, 0x0000000094e00000| Complete 
| 289|0x0000000094f00000, 0x0000000095000000, 0x0000000095000000|100%| E|CS|TAMS 0x0000000094f00000, 0x0000000094f00000| Complete 
| 290|0x0000000095000000, 0x0000000095100000, 0x0000000095100000|100%| E|CS|TAMS 0x0000000095000000, 0x0000000095000000| Complete 
| 291|0x0000000095100000, 0x0000000095200000, 0x0000000095200000|100%| E|CS|TAMS 0x0000000095100000, 0x0000000095100000| Complete 
| 292|0x0000000095200000, 0x0000000095300000, 0x0000000095300000|100%| E|CS|TAMS 0x0000000095200000, 0x0000000095200000| Complete 
| 293|0x0000000095300000, 0x0000000095400000, 0x0000000095400000|100%| E|CS|TAMS 0x0000000095300000, 0x0000000095300000| Complete 
| 294|0x0000000095400000, 0x0000000095500000, 0x0000000095500000|100%| E|CS|TAMS 0x0000000095400000, 0x0000000095400000| Complete 
| 295|0x0000000095500000, 0x0000000095600000, 0x0000000095600000|100%| E|CS|TAMS 0x0000000095500000, 0x0000000095500000| Complete 
| 296|0x0000000095600000, 0x0000000095700000, 0x0000000095700000|100%| E|CS|TAMS 0x0000000095600000, 0x0000000095600000| Complete 
| 297|0x0000000095700000, 0x0000000095800000, 0x0000000095800000|100%| E|CS|TAMS 0x0000000095700000, 0x0000000095700000| Complete 
| 298|0x0000000095800000, 0x0000000095900000, 0x0000000095900000|100%| E|CS|TAMS 0x0000000095800000, 0x0000000095800000| Complete 
| 299|0x0000000095900000, 0x0000000095a00000, 0x0000000095a00000|100%| E|CS|TAMS 0x0000000095900000, 0x0000000095900000| Complete 
| 300|0x0000000095a00000, 0x0000000095b00000, 0x0000000095b00000|100%| E|CS|TAMS 0x0000000095a00000, 0x0000000095a00000| Complete 
| 301|0x0000000095b00000, 0x0000000095c00000, 0x0000000095c00000|100%| E|CS|TAMS 0x0000000095b00000, 0x0000000095b00000| Complete 
| 302|0x0000000095c00000, 0x0000000095d00000, 0x0000000095d00000|100%| E|CS|TAMS 0x0000000095c00000, 0x0000000095c00000| Complete 
| 303|0x0000000095d00000, 0x0000000095e00000, 0x0000000095e00000|100%| E|CS|TAMS 0x0000000095d00000, 0x0000000095d00000| Complete 
| 304|0x0000000095e00000, 0x0000000095f00000, 0x0000000095f00000|100%| E|CS|TAMS 0x0000000095e00000, 0x0000000095e00000| Complete 
|2000|0x00000000ffe00000, 0x00000000ffe34000, 0x00000000fff00000| 20%|OA|  |TAMS 0x00000000ffe34000, 0x00000000ffe00000| Untracked 
|2001|0x00000000fff00000, 0x00000000fff6a000, 0x0000000100000000| 41%|CA|  |TAMS 0x00000000fff6a000, 0x00000000fff00000| Untracked 

Card table byte_map: [0x00007f0c323ee000,0x00007f0c327d7000] _byte_map_base: 0x00007f0c31fd7000

Marking Bits (Prev, Next): (CMBitMap*) 0x00007f0c4c052350, (CMBitMap*) 0x00007f0c4c052318
 Prev Bits: [0x00007f0c2a0b8000, 0x00007f0c2c000000)
 Next Bits: [0x00007f0c300bd000, 0x00007f0c32005000)

Polling page: 0x00007f0c52af0000

Metaspace:

Usage:
  Non-class:      6.68 MB capacity,     4.92 MB ( 74%) used,     1.75 MB ( 26%) free+waste,    14.69 KB ( <1%) overhead. 
      Class:    863.00 KB capacity,   634.88 KB ( 74%) used,   220.12 KB ( 26%) free+waste,     8.00 KB ( <1%) overhead. 
       Both:      7.53 MB capacity,     5.54 MB ( 74%) used,     1.96 MB ( 26%) free+waste,    22.69 KB ( <1%) overhead. 

Virtual space:
  Non-class space:        8.00 MB reserved,       6.75 MB ( 84%) committed 
      Class space:        1.00 GB reserved,     896.00 KB ( <1%) committed 
             Both:        1.01 GB reserved,       7.62 MB ( <1%) committed 

Chunk freelists:
   Non-Class:  36.00 KB
       Class:  1.00 KB
        Both:  37.00 KB

CodeHeap 'non-profiled nmethods': size=120032Kb used=261Kb max_used=274Kb free=119771Kb
 bounds [0x00007f0c3b168000, 0x00007f0c3b3d8000, 0x00007f0c426a0000]
CodeHeap 'profiled nmethods': size=120028Kb used=1667Kb max_used=1801Kb free=118360Kb
 bounds [0x00007f0c33c31000, 0x00007f0c33ea1000, 0x00007f0c3b168000]
CodeHeap 'non-nmethods': size=5700Kb used=1182Kb max_used=1194Kb free=4517Kb
 bounds [0x00007f0c336a0000, 0x00007f0c33910000, 0x00007f0c33c31000]
 total_blobs=1670 nmethods=889 adapters=442
 compilation: enabled
              stopped_count=0, restarted_count=0
 full_count=0

Compilation events (10 events):
Event: 3.645 Thread 0x00007f0c4c129000  960       3       java.nio.ByteBuffer::hasArray (20 bytes)
Event: 3.645 Thread 0x00007f0c4c129000 nmethod 960 0x00007f0c33c33e10 code [0x00007f0c33c33fc0, 0x00007f0c33c341d0]
Event: 3.645 Thread 0x00007f0c4c129000  961       1       com.kenai.jffi.ObjectParameterStrategy::isDirect (5 bytes)
Event: 3.645 Thread 0x00007f0c4c129000 nmethod 961 0x00007f0c3b168010 code [0x00007f0c3b1681c0, 0x00007f0c3b1682f0]
Event: 3.646 Thread 0x00007f0c4c129000  962       3       jnr.ffi.provider.AbstractMemoryIO::<init> (9 bytes)
Event: 3.646 Thread 0x00007f0c4c129000 nmethod 962 0x00007f0c33c33810 code [0x00007f0c33c339e0, 0x00007f0c33c33cb0]
Event: 3.646 Thread 0x00007f0c4c129000  963       3       jnr.ffi.Pointer::<init> (21 bytes)
Event: 3.646 Thread 0x00007f0c4c129000 nmethod 963 0x00007f0c33c33290 code [0x00007f0c33c33440, 0x00007f0c33c336b0]
Event: 3.649 Thread 0x00007f0c4c129000  964       3       sun.nio.cs.UTF_8$Encoder::encodeArrayLoop (489 bytes)
Event: 3.653 Thread 0x00007f0c4c129000 nmethod 964 0x00007f0c33c8e610 code [0x00007f0c33c8ec00, 0x00007f0c33c92208]

GC Heap History (10 events):
Event: 0.456 GC heap before
{Heap before GC invocations=0 (full 0):
 garbage-first heap   total 131072K, used 25208K [0x0000000082e00000, 0x0000000100000000)
  region size 1024K, 24 young (24576K), 0 survivors (0K)
 Metaspace       used 1779K, capacity 5094K, committed 5376K, reserved 1056768K
  class space    used 197K, capacity 483K, committed 512K, reserved 1048576K
}
Event: 0.470 GC heap after
{Heap after GC invocations=1 (full 0):
 garbage-first heap   total 131072K, used 22286K [0x0000000082e00000, 0x0000000100000000)
  region size 1024K, 3 young (3072K), 3 survivors (3072K)
 Metaspace       used 1779K, capacity 5094K, committed 5376K, reserved 1056768K
  class space    used 197K, capacity 483K, committed 512K, reserved 1048576K
}
Event: 0.579 GC heap before
{Heap before GC invocations=1 (full 0):
 garbage-first heap   total 131072K, used 34574K [0x0000000082e00000, 0x0000000100000000)
  region size 1024K, 16 young (16384K), 3 survivors (3072K)
 Metaspace       used 1780K, capacity 5094K, committed 5376K, reserved 1056768K
  class space    used 197K, capacity 483K, committed 512K, reserved 1048576K
}
Event: 0.593 GC heap after
{Heap after GC invocations=2 (full 0):
 garbage-first heap   total 131072K, used 35472K [0x0000000082e00000, 0x0000000100000000)
  region size 1024K, 2 young (2048K), 2 survivors (2048K)
 Metaspace       used 1780K, capacity 5094K, committed 5376K, reserved 1056768K
  class space    used 197K, capacity 483K, committed 512K, reserved 1048576K
}
Event: 0.792 GC heap before
{Heap before GC invocations=2 (full 0):
 garbage-first heap   total 131072K, used 61072K [0x0000000082e00000, 0x0000000100000000)
  region size 1024K, 27 young (27648K), 2 survivors (2048K)
 Metaspace       used 1780K, capacity 5094K, committed 5376K, reserved 1056768K
  class space    used 197K, capacity 483K, committed 512K, reserved 1048576K
}
Event: 0.807 GC heap after
{Heap after GC invocations=3 (full 0):
 garbage-first heap   total 131072K, used 60842K [0x0000000082e00000, 0x0000000100000000)
  region size 1024K, 4 young (4096K), 4 survivors (4096K)
 Metaspace       used 1780K, capacity 5094K, committed 5376K, reserved 1056768K
  class space    used 197K, capacity 483K, committed 512K, reserved 1048576K
}
Event: 0.853 GC heap before
{Heap before GC invocations=3 (full 0):
 garbage-first heap   total 131072K, used 66986K [0x0000000082e00000, 0x0000000100000000)
  region size 1024K, 11 young (11264K), 4 survivors (4096K)
 Metaspace       used 1780K, capacity 5094K, committed 5376K, reserved 1056768K
  class space    used 197K, capacity 483K, committed 512K, reserved 1048576K
}
Event: 0.860 GC heap after
{Heap after GC invocations=4 (full 0):
 garbage-first heap   total 131072K, used 67801K [0x0000000082e00000, 0x0000000100000000)
  region size 1024K, 3 young (3072K), 3 survivors (3072K)
 Metaspace       used 1780K, capacity 5094K, committed 5376K, reserved 1056768K
  class space    used 197K, capacity 483K, committed 512K, reserved 1048576K
}
Event: 3.614 GC heap before
{Heap before GC invocations=5 (full 0):
 garbage-first heap   total 197632K, used 148697K [0x0000000082e00000, 0x0000000100000000)
  region size 1024K, 17 young (17408K), 3 survivors (3072K)
 Metaspace       used 5653K, capacity 7701K, committed 7808K, reserved 1056768K
  class space    used 634K, capacity 862K, committed 896K, reserved 1048576K
}
Event: 3.626 GC heap after
{Heap after GC invocations=6 (full 0):
 garbage-first heap   total 314368K, used 68739K [0x0000000082e00000, 0x0000000100000000)
  region size 1024K, 1 young (1024K), 1 survivors (1024K)
 Metaspace       used 5653K, capacity 7701K, committed 7808K, reserved 1056768K
  class space    used 634K, capacity 862K, committed 896K, reserved 1048576K
}

Deoptimization events (10 events):
Event: 1.150 Thread 0x00007f0c4c012800 DEOPT PACKING pc=0x00007f0c33c5bd88 sp=0x00007f0c52befc90
Event: 1.150 Thread 0x00007f0c4c012800 DEOPT UNPACKING pc=0x00007f0c336c833a sp=0x00007f0c52bef128 mode 0
Event: 1.348 Thread 0x00007f0c4c012800 Uncommon trap: trap_request=0xffffff4d fr.pc=0x00007f0c3b193908 relative=0x0000000000000148
Event: 1.348 Thread 0x00007f0c4c012800 Uncommon trap: reason=unstable_if action=reinterpret pc=0x00007f0c3b193908 method=java.util.HashMap.getNode(ILjava/lang/Object;)Ljava/util/HashMap$Node; @ 129 c2
Event: 1.348 Thread 0x00007f0c4c012800 DEOPT PACKING pc=0x00007f0c3b193908 sp=0x00007f0c52beee60
Event: 1.348 Thread 0x00007f0c4c012800 DEOPT UNPACKING pc=0x00007f0c336c8525 sp=0x00007f0c52beedf0 mode 2
Event: 3.560 Thread 0x00007f0bd4022800 DEOPT PACKING pc=0x00007f0c33c64def sp=0x00007f0bdfffd290
Event: 3.560 Thread 0x00007f0bd4022800 DEOPT UNPACKING pc=0x00007f0c336c833a sp=0x00007f0bdfffc750 mode 0
Event: 3.593 Thread 0x00007f0bcc022800 DEOPT PACKING pc=0x00007f0c33c94a42 sp=0x00007f0bdf7fc0c0
Event: 3.593 Thread 0x00007f0bcc022800 DEOPT UNPACKING pc=0x00007f0c336c833a sp=0x00007f0bdf7fb548 mode 0

Classes redefined (0 events):
No events

Internal exceptions (4 events):
Event: 1.089 Thread 0x00007f0c4c012800 Exception <a 'java/lang/NoSuchMethodError'{0x000000008ec35080}: 'int java.lang.invoke.DirectMethodHandle$Holder.invokeSpecialIFC(java.lang.Object, java.lang.Object, int)'> (0x000000008ec35080) thrown at [/build/openjdk-lts-7bqZff/openjdk-lts-11.0.4+11/src
Event: 1.423 Thread 0x00007f0c4c012800 Exception <a 'java/lang/NoSuchMethodError'{0x000000008a126858}: 'int java.lang.invoke.DirectMethodHandle$Holder.invokeInterface(java.lang.Object, java.lang.Object, java.lang.Object, java.lang.Object)'> (0x000000008a126858) thrown at [/build/openjdk-lts-7b
Event: 1.458 Thread 0x00007f0c4c012800 Exception <a 'java/lang/NoSuchMethodError'{0x000000008a04c1b0}: 'int java.lang.invoke.DirectMethodHandle$Holder.invokeInterface(java.lang.Object, java.lang.Object, java.lang.Object, int)'> (0x000000008a04c1b0) thrown at [/build/openjdk-lts-7bqZff/openjdk-
Event: 1.475 Thread 0x00007f0c4c012800 Exception <a 'java/lang/NoSuchMethodError'{0x000000008a07bb78}: 'void java.lang.invoke.DirectMethodHandle$Holder.invokeVirtual(java.lang.Object, java.lang.Object)'> (0x000000008a07bb78) thrown at [/build/openjdk-lts-7bqZff/openjdk-lts-11.0.4+11/src/hotspo

Events (10 events):
Event: 3.650 Thread 0x00007f0bc4008000 Thread added: 0x00007f0bc4008000
Event: 3.650 Thread 0x00007f0bc4008000 Thread exited: 0x00007f0bc4008000
Event: 3.652 Thread 0x00007f0bd0028800 Thread added: 0x00007f0bd0028800
Event: 3.653 Thread 0x00007f0bd0028800 Thread exited: 0x00007f0bd0028800
Event: 3.653 Thread 0x00007f0bcc044800 Thread added: 0x00007f0bcc044800
Event: 3.653 Thread 0x00007f0bcc044800 Thread exited: 0x00007f0bcc044800
Event: 3.654 Thread 0x00007f0bcc044800 Thread added: 0x00007f0bcc044800
Event: 3.654 Thread 0x00007f0bd0028800 Thread added: 0x00007f0bd0028800
Event: 3.654 Thread 0x00007f0bcc044800 Thread exited: 0x00007f0bcc044800
Event: 3.654 Thread 0x00007f0bd0028800 Thread exited: 0x00007f0bd0028800


Dynamic libraries:
82e00000-95f00000 rw-p 00000000 00:00 0 
95f00000-ffe00000 ---p 00000000 00:00 0 
ffe00000-ffe34000 rw-p 01116000 08:05 3672114                            /usr/lib/jvm/java-11-openjdk-amd64/lib/server/classes.jsa
ffe34000-fff00000 rw-p 00000000 00:00 0 
fff00000-fff6a000 rw-p 010ac000 08:05 3672114                            /usr/lib/jvm/java-11-openjdk-amd64/lib/server/classes.jsa
fff6a000-100000000 rw-p 00000000 00:00 0 
800000000-800002000 rwxp 00001000 08:05 3672114                          /usr/lib/jvm/java-11-openjdk-amd64/lib/server/classes.jsa
800002000-8003bd000 rw-p 00003000 08:05 3672114                          /usr/lib/jvm/java-11-openjdk-amd64/lib/server/classes.jsa
8003bd000-800a98000 r--p 003be000 08:05 3672114                          /usr/lib/jvm/java-11-openjdk-amd64/lib/server/classes.jsa
800a98000-800a99000 rw-p 00a99000 08:05 3672114                          /usr/lib/jvm/java-11-openjdk-amd64/lib/server/classes.jsa
800a99000-8010ab000 r--p 00a9a000 08:05 3672114                          /usr/lib/jvm/java-11-openjdk-amd64/lib/server/classes.jsa
840000000-8400e0000 rw-p 00000000 00:00 0 
8400e0000-880000000 ---p 00000000 00:00 0 
55c36d9b6000-55c36d9b7000 r-xp 00000000 08:05 3674084                    /usr/lib/jvm/java-11-openjdk-amd64/bin/java
55c36dbb7000-55c36dbb8000 r--p 00001000 08:05 3674084                    /usr/lib/jvm/java-11-openjdk-amd64/bin/java
55c36dbb8000-55c36dbb9000 rw-p 00002000 08:05 3674084                    /usr/lib/jvm/java-11-openjdk-amd64/bin/java
55c36eccd000-55c36ecee000 rw-p 00000000 00:00 0                          [heap]
7f0bc4000000-7f0bc4021000 rw-p 00000000 00:00 0 
7f0bc4021000-7f0bc8000000 ---p 00000000 00:00 0 
7f0bc8000000-7f0bc8021000 rw-p 00000000 00:00 0 
7f0bc8021000-7f0bcc000000 ---p 00000000 00:00 0 
7f0bcc000000-7f0bcc064000 rw-p 00000000 00:00 0 
7f0bcc064000-7f0bd0000000 ---p 00000000 00:00 0 
7f0bd0000000-7f0bd002c000 rw-p 00000000 00:00 0 
7f0bd002c000-7f0bd4000000 ---p 00000000 00:00 0 
7f0bd4000000-7f0bd404a000 rw-p 00000000 00:00 0 
7f0bd404a000-7f0bd8000000 ---p 00000000 00:00 0 
7f0bd8000000-7f0bd8021000 rw-p 00000000 00:00 0 
7f0bd8021000-7f0bdc000000 ---p 00000000 00:00 0 
7f0bddffc000-7f0bddffd000 ---p 00000000 00:00 0 
7f0bddffd000-7f0bddffe000 rw-p 00000000 00:00 0 
7f0bddffe000-7f0bde002000 ---p 00000000 00:00 0 
7f0bde002000-7f0bde7fd000 rw-p 00000000 00:00 0 
7f0bde7fd000-7f0bde7fe000 ---p 00000000 00:00 0 
7f0bde7fe000-7f0bde7ff000 rw-p 00000000 00:00 0 
7f0bde7ff000-7f0bde803000 ---p 00000000 00:00 0 
7f0bde803000-7f0bdeffe000 rw-p 00000000 00:00 0 
7f0bdeffe000-7f0bdefff000 ---p 00000000 00:00 0 
7f0bdefff000-7f0bdf000000 rw-p 00000000 00:00 0 
7f0bdf000000-7f0bdf004000 ---p 00000000 00:00 0 
7f0bdf004000-7f0bdf7ff000 rw-p 00000000 00:00 0 
7f0bdf7ff000-7f0bdf800000 ---p 00000000 00:00 0 
7f0bdf800000-7f0bdf801000 rw-p 00000000 00:00 0 
7f0bdf801000-7f0bdf805000 ---p 00000000 00:00 0 
7f0bdf805000-7f0be0000000 rw-p 00000000 00:00 0 
7f0be0000000-7f0be0021000 rw-p 00000000 00:00 0 
7f0be0021000-7f0be4000000 ---p 00000000 00:00 0 
7f0be4000000-7f0be4021000 rw-p 00000000 00:00 0 
7f0be4021000-7f0be8000000 ---p 00000000 00:00 0 
7f0be8000000-7f0be8021000 rw-p 00000000 00:00 0 
7f0be8021000-7f0bec000000 ---p 00000000 00:00 0 
7f0bec000000-7f0bec021000 rw-p 00000000 00:00 0 
7f0bec021000-7f0bf0000000 ---p 00000000 00:00 0 
7f0bf0000000-7f0bf0021000 rw-p 00000000 00:00 0 
7f0bf0021000-7f0bf4000000 ---p 00000000 00:00 0 
7f0bf4000000-7f0bf4021000 rw-p 00000000 00:00 0 
7f0bf4021000-7f0bf8000000 ---p 00000000 00:00 0 
7f0bf8000000-7f0bf83b9000 rw-p 00000000 00:00 0 
7f0bf83b9000-7f0bfc000000 ---p 00000000 00:00 0 
7f0bfc000000-7f0bfc021000 rw-p 00000000 00:00 0 
7f0bfc021000-7f0c00000000 ---p 00000000 00:00 0 
7f0c00000000-7f0c00021000 rw-p 00000000 00:00 0 
7f0c00021000-7f0c04000000 ---p 00000000 00:00 0 
7f0c04000000-7f0c042df000 rw-p 00000000 00:00 0 
7f0c042df000-7f0c08000000 ---p 00000000 00:00 0 
7f0c08000000-7f0c08021000 rw-p 00000000 00:00 0 
7f0c08021000-7f0c0c000000 ---p 00000000 00:00 0 
7f0c0c000000-7f0c0c021000 rw-p 00000000 00:00 0 
7f0c0c021000-7f0c10000000 ---p 00000000 00:00 0 
7f0c10000000-7f0c10021000 rw-p 00000000 00:00 0 
7f0c10021000-7f0c14000000 ---p 00000000 00:00 0 
7f0c14000000-7f0c14067000 rw-p 00000000 00:00 0 
7f0c14067000-7f0c18000000 ---p 00000000 00:00 0 
7f0c18000000-7f0c18021000 rw-p 00000000 00:00 0 
7f0c18021000-7f0c1c000000 ---p 00000000 00:00 0 
7f0c1c000000-7f0c1c021000 rw-p 00000000 00:00 0 
7f0c1c021000-7f0c20000000 ---p 00000000 00:00 0 
7f0c20486000-7f0c20487000 ---p 00000000 00:00 0 
7f0c20487000-7f0c20588000 rw-p 00000000 00:00 0 
7f0c20588000-7f0c2058a000 r-xp 00000000 08:05 3674144                    /usr/lib/jvm/java-11-openjdk-amd64/lib/libextnet.so
7f0c2058a000-7f0c20789000 ---p 00002000 08:05 3674144                    /usr/lib/jvm/java-11-openjdk-amd64/lib/libextnet.so
7f0c20789000-7f0c2078a000 r--p 00001000 08:05 3674144                    /usr/lib/jvm/java-11-openjdk-amd64/lib/libextnet.so
7f0c2078a000-7f0c2078b000 rw-p 00002000 08:05 3674144                    /usr/lib/jvm/java-11-openjdk-amd64/lib/libextnet.so
7f0c20790000-7f0c20791000 r-xp 00000000 08:05 3674150                    /usr/lib/jvm/java-11-openjdk-amd64/lib/libjaas.so
7f0c20791000-7f0c20990000 ---p 00001000 08:05 3674150                    /usr/lib/jvm/java-11-openjdk-amd64/lib/libjaas.so
7f0c20990000-7f0c20991000 r--p 00000000 08:05 3674150                    /usr/lib/jvm/java-11-openjdk-amd64/lib/libjaas.so
7f0c20991000-7f0c20992000 rw-p 00001000 08:05 3674150                    /usr/lib/jvm/java-11-openjdk-amd64/lib/libjaas.so
7f0c20997000-7f0c2099b000 ---p 00000000 00:00 0 
7f0c2099b000-7f0c20a98000 rw-p 00000000 00:00 0 
7f0c20a98000-7f0c20ac2000 r-xp 00000000 08:05 7344903                    /lib/x86_64-linux-gnu/libfuse.so.2.9.7
7f0c20ac2000-7f0c20cc1000 ---p 0002a000 08:05 7344903                    /lib/x86_64-linux-gnu/libfuse.so.2.9.7
7f0c20cc1000-7f0c20cd3000 r--p 00029000 08:05 7344903                    /lib/x86_64-linux-gnu/libfuse.so.2.9.7
7f0c20cd3000-7f0c20cd4000 rw-p 0003b000 08:05 7344903                    /lib/x86_64-linux-gnu/libfuse.so.2.9.7
7f0c20cf0000-7f0c20cf6000 r-xp 00000000 08:05 8257574                    /tmp/.libFUSELink.so
7f0c20cf6000-7f0c20ef5000 ---p 00006000 08:05 8257574                    /tmp/.libFUSELink.so
7f0c20ef5000-7f0c20ef6000 r--p 00005000 08:05 8257574                    /tmp/.libFUSELink.so
7f0c20ef6000-7f0c20ef7000 rw-p 00006000 08:05 8257574                    /tmp/.libFUSELink.so
7f0c20efa000-7f0c20efb000 ---p 00000000 00:00 0 
7f0c20efb000-7f0c20ffc000 rw-p 00000000 00:00 0 
7f0c20ffc000-7f0c20ffd000 ---p 00000000 00:00 0 
7f0c20ffd000-7f0c210fe000 rw-p 00000000 00:00 0 
7f0c210fe000-7f0c210ff000 ---p 00000000 00:00 0 
7f0c210ff000-7f0c21200000 rw-p 00000000 00:00 0 
7f0c21200000-7f0c21212000 r-xp 00000000 08:05 8257560                    /tmp/jffi12831686644565862011.so (deleted)
7f0c21212000-7f0c21411000 ---p 00012000 08:05 8257560                    /tmp/jffi12831686644565862011.so (deleted)
7f0c21411000-7f0c21412000 rw-p 00011000 08:05 8257560                    /tmp/jffi12831686644565862011.so (deleted)
7f0c21418000-7f0c2142e000 r-xp 00000000 08:05 3674164                    /usr/lib/jvm/java-11-openjdk-amd64/lib/libnet.so
7f0c2142e000-7f0c2162d000 ---p 00016000 08:05 3674164                    /usr/lib/jvm/java-11-openjdk-amd64/lib/libnet.so
7f0c2162d000-7f0c2162e000 r--p 00015000 08:05 3674164                    /usr/lib/jvm/java-11-openjdk-amd64/lib/libnet.so
7f0c2162e000-7f0c2162f000 rw-p 00016000 08:05 3674164                    /usr/lib/jvm/java-11-openjdk-amd64/lib/libnet.so
7f0c21630000-7f0c21fff000 r--p 00000000 08:05 3676802                    /usr/lib/locale/locale-archive
7f0c22000000-7f0c24000000 rw-p 00000000 00:00 0 
7f0c24000000-7f0c24021000 rw-p 00000000 00:00 0 
7f0c24021000-7f0c28000000 ---p 00000000 00:00 0 
7f0c28008000-7f0c28018000 r-xp 00000000 08:05 3674165                    /usr/lib/jvm/java-11-openjdk-amd64/lib/libnio.so
7f0c28018000-7f0c28217000 ---p 00010000 08:05 3674165                    /usr/lib/jvm/java-11-openjdk-amd64/lib/libnio.so
7f0c28217000-7f0c28218000 r--p 0000f000 08:05 3674165                    /usr/lib/jvm/java-11-openjdk-amd64/lib/libnio.so
7f0c28218000-7f0c28219000 rw-p 00010000 08:05 3674165                    /usr/lib/jvm/java-11-openjdk-amd64/lib/libnio.so
7f0c2821b000-7f0c2821f000 ---p 00000000 00:00 0 
7f0c2821f000-7f0c2831c000 rw-p 00000000 00:00 0 
7f0c2831c000-7f0c2831d000 ---p 00000000 00:00 0 
7f0c2831d000-7f0c2841e000 rw-p 00000000 00:00 0 
7f0c2841e000-7f0c28422000 ---p 00000000 00:00 0 
7f0c28422000-7f0c2851f000 rw-p 00000000 00:00 0 
7f0c2851f000-7f0c28523000 ---p 00000000 00:00 0 
7f0c28523000-7f0c28620000 rw-p 00000000 00:00 0 
7f0c28620000-7f0c28624000 ---p 00000000 00:00 0 
7f0c28624000-7f0c28721000 rw-p 00000000 00:00 0 
7f0c28721000-7f0c28725000 ---p 00000000 00:00 0 
7f0c28725000-7f0c28822000 rw-p 00000000 00:00 0 
7f0c28822000-7f0c28826000 ---p 00000000 00:00 0 
7f0c28826000-7f0c28923000 rw-p 00000000 00:00 0 
7f0c28923000-7f0c28927000 ---p 00000000 00:00 0 
7f0c28927000-7f0c28a24000 rw-p 00000000 00:00 0 
7f0c28a24000-7f0c28a28000 ---p 00000000 00:00 0 
7f0c28a28000-7f0c28b25000 rw-p 00000000 00:00 0 
7f0c28b25000-7f0c28b26000 ---p 00000000 00:00 0 
7f0c28b26000-7f0c29368000 rw-p 00000000 00:00 0 
7f0c29368000-7f0c294a8000 ---p 00000000 00:00 0 
7f0c294a8000-7f0c294a9000 ---p 00000000 00:00 0 
7f0c294a9000-7f0c295aa000 rw-p 00000000 00:00 0 
7f0c295aa000-7f0c295ab000 ---p 00000000 00:00 0 
7f0c295ab000-7f0c29eb4000 rw-p 00000000 00:00 0 
7f0c29eb4000-7f0c29eb5000 ---p 00000000 00:00 0 
7f0c29eb5000-7f0c29fb6000 rw-p 00000000 00:00 0 
7f0c29fb6000-7f0c29fb7000 ---p 00000000 00:00 0 
7f0c29fb7000-7f0c2a57c000 rw-p 00000000 00:00 0 
7f0c2a57c000-7f0c2bff8000 ---p 00000000 00:00 0 
7f0c2bff8000-7f0c2c000000 rw-p 00000000 00:00 0 
7f0c2c000000-7f0c2c021000 rw-p 00000000 00:00 0 
7f0c2c021000-7f0c30000000 ---p 00000000 00:00 0 
7f0c30009000-7f0c30581000 rw-p 00000000 00:00 0 
7f0c30581000-7f0c31ffd000 ---p 00000000 00:00 0 
7f0c31ffd000-7f0c3209e000 rw-p 00000000 00:00 0 
7f0c3209e000-7f0c323ed000 ---p 00000000 00:00 0 
7f0c323ed000-7f0c32487000 rw-p 00000000 00:00 0 
7f0c32487000-7f0c327d6000 ---p 00000000 00:00 0 
7f0c327d6000-7f0c32870000 rw-p 00000000 00:00 0 
7f0c32870000-7f0c32bbf000 ---p 00000000 00:00 0 
7f0c32bbf000-7f0c333c8000 rw-p 00000000 00:00 0 
7f0c333c8000-7f0c333c9000 ---p 00000000 00:00 0 
7f0c333c9000-7f0c334cf000 rw-p 00000000 00:00 0 
7f0c334cf000-7f0c335b5000 ---p 00000000 00:00 0 
7f0c335b5000-7f0c335ba000 rw-p 00000000 00:00 0 
7f0c335ba000-7f0c336a0000 ---p 00000000 00:00 0 
7f0c336a0000-7f0c33910000 rwxp 00000000 00:00 0 
7f0c33910000-7f0c33c31000 ---p 00000000 00:00 0 
7f0c33c31000-7f0c33ea1000 rwxp 00000000 00:00 0 
7f0c33ea1000-7f0c3b168000 ---p 00000000 00:00 0 
7f0c3b168000-7f0c3b3d8000 rwxp 00000000 00:00 0 
7f0c3b3d8000-7f0c426a0000 ---p 00000000 00:00 0 
7f0c426a0000-7f0c4ad4a000 r--s 00000000 08:05 3674176                    /usr/lib/jvm/java-11-openjdk-amd64/lib/modules
7f0c4ad50000-7f0c4ad55000 r-xp 00000000 08:05 3674155                    /usr/lib/jvm/java-11-openjdk-amd64/lib/libjimage.so
7f0c4ad55000-7f0c4af54000 ---p 00005000 08:05 3674155                    /usr/lib/jvm/java-11-openjdk-amd64/lib/libjimage.so
7f0c4af54000-7f0c4af55000 r--p 00004000 08:05 3674155                    /usr/lib/jvm/java-11-openjdk-amd64/lib/libjimage.so
7f0c4af55000-7f0c4af56000 rw-p 00005000 08:05 3674155                    /usr/lib/jvm/java-11-openjdk-amd64/lib/libjimage.so
7f0c4af58000-7f0c4af5f000 r-xp 00000000 08:05 3674175                    /usr/lib/jvm/java-11-openjdk-amd64/lib/libzip.so
7f0c4af5f000-7f0c4b15e000 ---p 00007000 08:05 3674175                    /usr/lib/jvm/java-11-openjdk-amd64/lib/libzip.so
7f0c4b15e000-7f0c4b15f000 r--p 00006000 08:05 3674175                    /usr/lib/jvm/java-11-openjdk-amd64/lib/libzip.so
7f0c4b15f000-7f0c4b160000 rw-p 00007000 08:05 3674175                    /usr/lib/jvm/java-11-openjdk-amd64/lib/libzip.so
7f0c4b160000-7f0c4b16b000 r-xp 00000000 08:05 7344957                    /lib/x86_64-linux-gnu/libnss_files-2.27.so
7f0c4b16b000-7f0c4b36a000 ---p 0000b000 08:05 7344957                    /lib/x86_64-linux-gnu/libnss_files-2.27.so
7f0c4b36a000-7f0c4b36b000 r--p 0000a000 08:05 7344957                    /lib/x86_64-linux-gnu/libnss_files-2.27.so
7f0c4b36b000-7f0c4b36c000 rw-p 0000b000 08:05 7344957                    /lib/x86_64-linux-gnu/libnss_files-2.27.so
7f0c4b36c000-7f0c4b372000 rw-p 00000000 00:00 0 
7f0c4b378000-7f0c4b38f000 r-xp 00000000 08:05 7344951                    /lib/x86_64-linux-gnu/libnsl-2.27.so
7f0c4b38f000-7f0c4b58e000 ---p 00017000 08:05 7344951                    /lib/x86_64-linux-gnu/libnsl-2.27.so
7f0c4b58e000-7f0c4b58f000 r--p 00016000 08:05 7344951                    /lib/x86_64-linux-gnu/libnsl-2.27.so
7f0c4b58f000-7f0c4b590000 rw-p 00017000 08:05 7344951                    /lib/x86_64-linux-gnu/libnsl-2.27.so
7f0c4b590000-7f0c4b592000 rw-p 00000000 00:00 0 
7f0c4b598000-7f0c4b5a3000 r-xp 00000000 08:05 7344968                    /lib/x86_64-linux-gnu/libnss_nis-2.27.so
7f0c4b5a3000-7f0c4b7a2000 ---p 0000b000 08:05 7344968                    /lib/x86_64-linux-gnu/libnss_nis-2.27.so
7f0c4b7a2000-7f0c4b7a3000 r--p 0000a000 08:05 7344968                    /lib/x86_64-linux-gnu/libnss_nis-2.27.so
7f0c4b7a3000-7f0c4b7a4000 rw-p 0000b000 08:05 7344968                    /lib/x86_64-linux-gnu/libnss_nis-2.27.so
7f0c4b7a8000-7f0c4b7b0000 r-xp 00000000 08:05 7344953                    /lib/x86_64-linux-gnu/libnss_compat-2.27.so
7f0c4b7b0000-7f0c4b9b0000 ---p 00008000 08:05 7344953                    /lib/x86_64-linux-gnu/libnss_compat-2.27.so
7f0c4b9b0000-7f0c4b9b1000 r--p 00008000 08:05 7344953                    /lib/x86_64-linux-gnu/libnss_compat-2.27.so
7f0c4b9b1000-7f0c4b9b2000 rw-p 00009000 08:05 7344953                    /lib/x86_64-linux-gnu/libnss_compat-2.27.so
7f0c4b9b8000-7f0c4b9e1000 r-xp 00000000 08:05 3674151                    /usr/lib/jvm/java-11-openjdk-amd64/lib/libjava.so
7f0c4b9e1000-7f0c4bbe0000 ---p 00029000 08:05 3674151                    /usr/lib/jvm/java-11-openjdk-amd64/lib/libjava.so
7f0c4bbe0000-7f0c4bbe1000 r--p 00028000 08:05 3674151                    /usr/lib/jvm/java-11-openjdk-amd64/lib/libjava.so
7f0c4bbe1000-7f0c4bbe3000 rw-p 00029000 08:05 3674151                    /usr/lib/jvm/java-11-openjdk-amd64/lib/libjava.so
7f0c4bbe8000-7f0c4bbf5000 r-xp 00000000 08:05 3674174                    /usr/lib/jvm/java-11-openjdk-amd64/lib/libverify.so
7f0c4bbf5000-7f0c4bdf4000 ---p 0000d000 08:05 3674174                    /usr/lib/jvm/java-11-openjdk-amd64/lib/libverify.so
7f0c4bdf4000-7f0c4bdf6000 r--p 0000c000 08:05 3674174                    /usr/lib/jvm/java-11-openjdk-amd64/lib/libverify.so
7f0c4bdf6000-7f0c4bdf7000 rw-p 0000e000 08:05 3674174                    /usr/lib/jvm/java-11-openjdk-amd64/lib/libverify.so
7f0c4bdf8000-7f0c4bdff000 r-xp 00000000 08:05 7345008                    /lib/x86_64-linux-gnu/librt-2.27.so
7f0c4bdff000-7f0c4bffe000 ---p 00007000 08:05 7345008                    /lib/x86_64-linux-gnu/librt-2.27.so
7f0c4bffe000-7f0c4bfff000 r--p 00006000 08:05 7345008                    /lib/x86_64-linux-gnu/librt-2.27.so
7f0c4bfff000-7f0c4c000000 rw-p 00007000 08:05 7345008                    /lib/x86_64-linux-gnu/librt-2.27.so
7f0c4c000000-7f0c4c474000 rw-p 00000000 00:00 0 
7f0c4c474000-7f0c50000000 ---p 00000000 00:00 0 
7f0c50018000-7f0c5002f000 r-xp 00000000 08:05 7340123                    /lib/x86_64-linux-gnu/libgcc_s.so.1
7f0c5002f000-7f0c5022e000 ---p 00017000 08:05 7340123                    /lib/x86_64-linux-gnu/libgcc_s.so.1
7f0c5022e000-7f0c5022f000 r--p 00016000 08:05 7340123                    /lib/x86_64-linux-gnu/libgcc_s.so.1
7f0c5022f000-7f0c50230000 rw-p 00017000 08:05 7340123                    /lib/x86_64-linux-gnu/libgcc_s.so.1
7f0c50230000-7f0c503cd000 r-xp 00000000 08:05 7344930                    /lib/x86_64-linux-gnu/libm-2.27.so
7f0c503cd000-7f0c505cc000 ---p 0019d000 08:05 7344930                    /lib/x86_64-linux-gnu/libm-2.27.so
7f0c505cc000-7f0c505cd000 r--p 0019c000 08:05 7344930                    /lib/x86_64-linux-gnu/libm-2.27.so
7f0c505cd000-7f0c505ce000 rw-p 0019d000 08:05 7344930                    /lib/x86_64-linux-gnu/libm-2.27.so
7f0c505d0000-7f0c50749000 r-xp 00000000 08:05 3677075                    /usr/lib/x86_64-linux-gnu/libstdc++.so.6.0.25
7f0c50749000-7f0c50949000 ---p 00179000 08:05 3677075                    /usr/lib/x86_64-linux-gnu/libstdc++.so.6.0.25
7f0c50949000-7f0c50953000 r--p 00179000 08:05 3677075                    /usr/lib/x86_64-linux-gnu/libstdc++.so.6.0.25
7f0c50953000-7f0c50955000 rw-p 00183000 08:05 3677075                    /usr/lib/x86_64-linux-gnu/libstdc++.so.6.0.25
7f0c50955000-7f0c50959000 rw-p 00000000 00:00 0 
7f0c50960000-7f0c51a2c000 r-xp 00000000 08:05 3674179                    /usr/lib/jvm/java-11-openjdk-amd64/lib/server/libjvm.so
7f0c51a2c000-7f0c51c2b000 ---p 010cc000 08:05 3674179                    /usr/lib/jvm/java-11-openjdk-amd64/lib/server/libjvm.so
7f0c51c2b000-7f0c51ce8000 r--p 010cb000 08:05 3674179                    /usr/lib/jvm/java-11-openjdk-amd64/lib/server/libjvm.so
7f0c51ce8000-7f0c51d21000 rw-p 01188000 08:05 3674179                    /usr/lib/jvm/java-11-openjdk-amd64/lib/server/libjvm.so
7f0c51d21000-7f0c51d77000 rw-p 00000000 00:00 0 
7f0c51d78000-7f0c51d92000 r-xp 00000000 08:05 7345000                    /lib/x86_64-linux-gnu/libpthread-2.27.so
7f0c51d92000-7f0c51f91000 ---p 0001a000 08:05 7345000                    /lib/x86_64-linux-gnu/libpthread-2.27.so
7f0c51f91000-7f0c51f92000 r--p 00019000 08:05 7345000                    /lib/x86_64-linux-gnu/libpthread-2.27.so
7f0c51f92000-7f0c51f93000 rw-p 0001a000 08:05 7345000                    /lib/x86_64-linux-gnu/libpthread-2.27.so
7f0c51f93000-7f0c51f97000 rw-p 00000000 00:00 0 
7f0c51f98000-7f0c51f9b000 r-xp 00000000 08:05 7344890                    /lib/x86_64-linux-gnu/libdl-2.27.so
7f0c51f9b000-7f0c5219a000 ---p 00003000 08:05 7344890                    /lib/x86_64-linux-gnu/libdl-2.27.so
7f0c5219a000-7f0c5219b000 r--p 00002000 08:05 7344890                    /lib/x86_64-linux-gnu/libdl-2.27.so
7f0c5219b000-7f0c5219c000 rw-p 00003000 08:05 7344890                    /lib/x86_64-linux-gnu/libdl-2.27.so
7f0c521a0000-7f0c521bc000 r-xp 00000000 08:05 7345039                    /lib/x86_64-linux-gnu/libz.so.1.2.11
7f0c521bc000-7f0c523bb000 ---p 0001c000 08:05 7345039                    /lib/x86_64-linux-gnu/libz.so.1.2.11
7f0c523bb000-7f0c523bc000 r--p 0001b000 08:05 7345039                    /lib/x86_64-linux-gnu/libz.so.1.2.11
7f0c523bc000-7f0c523bd000 rw-p 0001c000 08:05 7345039                    /lib/x86_64-linux-gnu/libz.so.1.2.11
7f0c523c0000-7f0c525a7000 r-xp 00000000 08:05 7344867                    /lib/x86_64-linux-gnu/libc-2.27.so
7f0c525a7000-7f0c527a7000 ---p 001e7000 08:05 7344867                    /lib/x86_64-linux-gnu/libc-2.27.so
7f0c527a7000-7f0c527ab000 r--p 001e7000 08:05 7344867                    /lib/x86_64-linux-gnu/libc-2.27.so
7f0c527ab000-7f0c527ad000 rw-p 001eb000 08:05 7344867                    /lib/x86_64-linux-gnu/libc-2.27.so
7f0c527ad000-7f0c527b1000 rw-p 00000000 00:00 0 
7f0c527b8000-7f0c527c8000 r-xp 00000000 08:05 3674135                    /usr/lib/jvm/java-11-openjdk-amd64/lib/jli/libjli.so
7f0c527c8000-7f0c529c7000 ---p 00010000 08:05 3674135                    /usr/lib/jvm/java-11-openjdk-amd64/lib/jli/libjli.so
7f0c529c7000-7f0c529c8000 r--p 0000f000 08:05 3674135                    /usr/lib/jvm/java-11-openjdk-amd64/lib/jli/libjli.so
7f0c529c8000-7f0c529c9000 rw-p 00010000 08:05 3674135                    /usr/lib/jvm/java-11-openjdk-amd64/lib/jli/libjli.so
7f0c529ca000-7f0c529cd000 rw-p 00000000 00:00 0 
7f0c529cd000-7f0c529d0000 r-xp 00000000 00:00 0 
7f0c529d0000-7f0c529f7000 r-xp 00000000 08:05 7344839                    /lib/x86_64-linux-gnu/ld-2.27.so
7f0c529f7000-7f0c52a08000 r-xp 00000000 00:00 0 
7f0c52a08000-7f0c52a0f000 r--s 00000000 08:05 3935193                    /usr/lib/x86_64-linux-gnu/gconv/gconv-modules.cache
7f0c52a0f000-7f0c52ad8000 rw-p 00000000 00:00 0 
7f0c52ad8000-7f0c52adf000 ---p 00000000 00:00 0 
7f0c52adf000-7f0c52ae1000 r--s 00007000 08:05 4066135                    /usr/share/java/java-atk-wrapper.jar
7f0c52ae1000-7f0c52ae8000 r-xp 00000000 00:00 0 
7f0c52ae8000-7f0c52af0000 rw-s 00000000 08:05 8651022                    /tmp/hsperfdata_cheesegr8er/3167
7f0c52af0000-7f0c52af1000 ---p 00000000 00:00 0 
7f0c52af1000-7f0c52af2000 r--p 00000000 00:00 0 
7f0c52af2000-7f0c52af6000 ---p 00000000 00:00 0 
7f0c52af6000-7f0c52bf7000 rw-p 00000000 00:00 0 
7f0c52bf7000-7f0c52bf8000 r--p 00027000 08:05 7344839                    /lib/x86_64-linux-gnu/ld-2.27.so
7f0c52bf8000-7f0c52bf9000 rw-p 00028000 08:05 7344839                    /lib/x86_64-linux-gnu/ld-2.27.so
7f0c52bf9000-7f0c52bfa000 rw-p 00000000 00:00 0 
7f0c52bfa000-7f0c52bfb000 r-xp 00000000 00:00 0 
7ffcc22f3000-7ffcc2314000 rw-p 00000000 00:00 0                          [stack]
7ffcc2320000-7ffcc2323000 r--p 00000000 00:00 0                          [vvar]
7ffcc2323000-7ffcc2324000 r-xp 00000000 00:00 0                          [vdso]
ffffffffff600000-ffffffffff601000 r-xp 00000000 00:00 0                  [vsyscall]


VM Arguments:
jvm_args: -Dfile.encoding=UTF-8 
java_command: MemoryFS -d -f /home/cheesegr8er/Downloads/TestFileRoot
java_class_path (initial): /home/cheesegr8er/eclipse-workspace/MemoryFS/target/classes:/home/cheesegr8er/.m2/repository/com/github/lukethompsxn/edufuse/1.0.3/edufuse-1.0.3.jar:/home/cheesegr8er/.m2/repository/com/github/jnr/jnr-ffi/2.1.7/jnr-ffi-2.1.7.jar:/home/cheesegr8er/.m2/repository/com/github/jnr/jffi/1.2.16/jffi-1.2.16.jar:/home/cheesegr8er/.m2/repository/com/github/jnr/jffi/1.2.16/jffi-1.2.16-native.jar:/home/cheesegr8er/.m2/repository/org/ow2/asm/asm/5.0.3/asm-5.0.3.jar:/home/cheesegr8er/.m2/repository/org/ow2/asm/asm-commons/5.0.3/asm-commons-5.0.3.jar:/home/cheesegr8er/.m2/repository/org/ow2/asm/asm-analysis/5.0.3/asm-analysis-5.0.3.jar:/home/cheesegr8er/.m2/repository/org/ow2/asm/asm-tree/5.0.3/asm-tree-5.0.3.jar:/home/cheesegr8er/.m2/repository/org/ow2/asm/asm-util/5.0.3/asm-util-5.0.3.jar:/home/cheesegr8er/.m2/repository/com/github/jnr/jnr-x86asm/1.0.2/jnr-x86asm-1.0.2.jar:/home/cheesegr8er/.m2/repository/com/github/jnr/jnr-posix/3.0.44/jnr-posix-3.0.44.jar:/home/cheesegr8er/.m2/repository/com/github/jnr/jnr-constants/0.9.9/jnr-constants-0.9.9.jar:/home/cheesegr8er/.m2/repository/com/googlecode/json-simple/json-simple/1.1.1/json-simple-1.1.1.jar:/home/cheesegr8er/.m2/repository/junit/junit/4.10/junit-4.10.jar:/home/cheesegr8er/.m2/repository/org/hamcrest/hamcrest-core/1.1/hamcrest-core-1.1.jar
Launcher Type: SUN_STANDARD

[Global flags]
     intx CICompilerCount                          = 4                                         {product} {ergonomic}
     uint ConcGCThreads                            = 2                                         {product} {ergonomic}
     uint G1ConcRefinementThreads                  = 8                                         {product} {ergonomic}
   size_t G1HeapRegionSize                         = 1048576                                   {product} {ergonomic}
    uintx GCDrainStackTargetSize                   = 64                                        {product} {ergonomic}
   size_t InitialHeapSize                          = 132120576                                 {product} {ergonomic}
   size_t MarkStackSize                            = 4194304                                   {product} {ergonomic}
   size_t MaxHeapSize                              = 2099249152                                {product} {ergonomic}
   size_t MaxNewSize                               = 1259339776                                {product} {ergonomic}
   size_t MinHeapDeltaBytes                        = 1048576                                   {product} {ergonomic}
    uintx NonNMethodCodeHeapSize                   = 5835340                                {pd product} {ergonomic}
    uintx NonProfiledCodeHeapSize                  = 122911450                              {pd product} {ergonomic}
    uintx ProfiledCodeHeapSize                     = 122911450                              {pd product} {ergonomic}
    uintx ReservedCodeCacheSize                    = 251658240                              {pd product} {ergonomic}
     bool SegmentedCodeCache                       = true                                      {product} {ergonomic}
     bool UseCompressedClassPointers               = true                                 {lp64_product} {ergonomic}
     bool UseCompressedOops                        = true                                 {lp64_product} {ergonomic}
     bool UseG1GC                                  = true                                      {product} {ergonomic}

Logging:
Log output configuration:
 #0: stdout all=warning uptime,level,tags
 #1: stderr all=off uptime,level,tags

Environment Variables:
JAVA_HOME=/lib/jvm/java-11-openjdk-amd64/bin/java
PATH=/usr/local/sbin:/usr/local/bin:/usr/sbin:/usr/bin:/sbin:/bin:/usr/games:/usr/local/games:/snap/bin
USERNAME=cheesegr8er
SHELL=/bin/bash
DISPLAY=:0

Signal Handlers:
SIGSEGV: [libjvm.so+0xde5f50], sa_mask[0]=11111111011111111101111111111110, sa_flags=SA_RESTART|SA_SIGINFO
SIGBUS: [libjvm.so+0xde5f50], sa_mask[0]=11111111011111111101111111111110, sa_flags=SA_RESTART|SA_SIGINFO
SIGFPE: [libjvm.so+0xde5f50], sa_mask[0]=11111111011111111101111111111110, sa_flags=SA_RESTART|SA_SIGINFO
SIGPIPE: [libjvm.so+0xbba5b0], sa_mask[0]=11111111011111111101111111111110, sa_flags=SA_RESTART|SA_SIGINFO
SIGXFSZ: [libjvm.so+0xbba5b0], sa_mask[0]=11111111011111111101111111111110, sa_flags=SA_RESTART|SA_SIGINFO
SIGILL: [libjvm.so+0xde5f50], sa_mask[0]=11111111011111111101111111111110, sa_flags=SA_RESTART|SA_SIGINFO
SIGUSR2: [libjvm.so+0xbba450], sa_mask[0]=00100000000000000000000000000000, sa_flags=SA_RESTART|SA_SIGINFO
SIGHUP: [libjvm.so+0xbba7b0], sa_mask[0]=11111111011111111101111111111110, sa_flags=SA_RESTART|SA_SIGINFO
SIGINT: [libjvm.so+0xbba7b0], sa_mask[0]=11111111011111111101111111111110, sa_flags=SA_RESTART|SA_SIGINFO
SIGTERM: [libjvm.so+0xbba7b0], sa_mask[0]=11111111011111111101111111111110, sa_flags=SA_RESTART|SA_SIGINFO
SIGQUIT: [libjvm.so+0xbba7b0], sa_mask[0]=11111111011111111101111111111110, sa_flags=SA_RESTART|SA_SIGINFO


---------------  S Y S T E M  ---------------

OS:DISTRIB_ID=Ubuntu
DISTRIB_RELEASE=18.04
DISTRIB_CODENAME=bionic
DISTRIB_DESCRIPTION="Ubuntu 18.04.2 LTS"
uname:Linux 5.0.0-29-generic #31~18.04.1-Ubuntu SMP Thu Sep 12 18:29:21 UTC 2019 x86_64
libc:glibc 2.27 NPTL 2.27 
rlimit: STACK 8192k, CORE 0k, NPROC 31574, NOFILE 4096, AS infinity, DATA infinity, FSIZE infinity
load average:0.83 1.20 0.73

/proc/meminfo:
MemTotal:        8196776 kB
MemFree:         4103304 kB
MemAvailable:    5454932 kB
Buffers:           96108 kB
Cached:          1513908 kB
SwapCached:            0 kB
Active:          2803928 kB
Inactive:         986932 kB
Active(anon):    2182544 kB
Inactive(anon):    70268 kB
Active(file):     621384 kB
Inactive(file):   916664 kB
Unevictable:          96 kB
Mlocked:              96 kB
SwapTotal:       2097148 kB
SwapFree:        2097148 kB
Dirty:            159772 kB
Writeback:             0 kB
AnonPages:       2181288 kB
Mapped:           493588 kB
Shmem:             71860 kB
KReclaimable:      70024 kB
Slab:             132580 kB
SReclaimable:      70024 kB
SUnreclaim:        62556 kB
KernelStack:       12360 kB
PageTables:        48596 kB
NFS_Unstable:          0 kB
Bounce:                0 kB
WritebackTmp:          0 kB
CommitLimit:     6195536 kB
Committed_AS:    7073008 kB
VmallocTotal:   34359738367 kB
VmallocUsed:           0 kB
VmallocChunk:          0 kB
Percpu:             3744 kB
HardwareCorrupted:     0 kB
AnonHugePages:         0 kB
ShmemHugePages:        0 kB
ShmemPmdMapped:        0 kB
CmaTotal:              0 kB
CmaFree:               0 kB
HugePages_Total:       0
HugePages_Free:        0
HugePages_Rsvd:        0
HugePages_Surp:        0
Hugepagesize:       2048 kB
Hugetlb:               0 kB
DirectMap4k:      238616 kB
DirectMap2M:     7067648 kB
DirectMap1G:     1048576 kB


/proc/sys/kernel/threads-max (system-wide limit on the number of threads):
63149


/proc/sys/vm/max_map_count (maximum number of memory map areas a process may have):
65530


/proc/sys/kernel/pid_max (system-wide limit on number of process identifiers):
32768



container (cgroup) information:
container_type: cgroupv1
cpu_cpuset_cpus: 0-7
cpu_memory_nodes: 0
active_processor_count: 8
cpu_quota: -1
cpu_period: 100000
cpu_shares: -1
memory_limit_in_bytes: -1
memory_and_swap_limit_in_bytes: -2
memory_soft_limit_in_bytes: -1
memory_usage_in_bytes: 3882164224
memory_max_usage_in_bytes: 0

Steal ticks since vm start: 0
Steal ticks percentage since vm start:  0.000

CPU:total 8 (initial active 8) (8 cores per cpu, 1 threads per core) family 21 model 2 stepping 0, cmov, cx8, fxsr, mmx, sse, sse2, sse3, ssse3, sse4.1, sse4.2, popcnt, avx, aes, clmul, mmxext, 3dnowpref, lzcnt, sse4a, tsc, tscinvbit, tscinv, bmi1, fma
CPU Model and flags from /proc/cpuinfo:
model name	: AMD FX(tm)-8350 Eight-Core Processor
flags		: fpu vme de pse tsc msr pae mce cx8 apic sep mtrr pge mca cmov pat pse36 clflush mmx fxsr sse sse2 ht syscall nx mmxext fxsr_opt pdpe1gb rdtscp lm constant_tsc rep_good nopl nonstop_tsc cpuid extd_apicid aperfmperf pni pclmulqdq monitor ssse3 fma cx16 sse4_1 sse4_2 popcnt aes xsave avx f16c lahf_lm cmp_legacy svm extapic cr8_legacy abm sse4a misalignsse 3dnowprefetch osvw ibs xop skinit wdt fma4 tce nodeid_msr tbm topoext perfctr_core perfctr_nb cpb hw_pstate ssbd ibpb vmmcall bmi1 arat npt lbrv svm_lock nrip_save tsc_scale vmcb_clean flushbyasid decodeassists pausefilter pfthreshold

Memory: 4k page, physical 8196776k(4103304k free), swap 2097148k(2097148k free)

vm_info: OpenJDK 64-Bit Server VM (11.0.4+11-post-Ubuntu-1ubuntu218.04.3) for linux-amd64 JRE (11.0.4+11-post-Ubuntu-1ubuntu218.04.3), built on Jul 18 2019 18:21:46 by "buildd" with gcc 7.4.0

END.
