#
# A fatal error has been detected by the Java Runtime Environment:
#
#  SIGSEGV (0xb) at pc=0x00007f6f7a8e1561, pid=9202, tid=9311
#
# JRE version: OpenJDK Runtime Environment (11.0.4+11) (build 11.0.4+11-post-Ubuntu-1ubuntu218.04.3)
# Java VM: OpenJDK 64-Bit Server VM (11.0.4+11-post-Ubuntu-1ubuntu218.04.3, mixed mode, sharing, tiered, compressed oops, g1 gc, linux-amd64)
# Problematic frame:
# 
[error occurred during error reporting (printing problematic frame), id 0xb, SIGSEGV (0xb) at pc=0x00007f6fc3e160c8]

# Core dump will be written. Default location: Core dumps may be processed with "/usr/share/apport/apport %p %s %c %d %P" (or dumping to /home/cheesegr8er/eclipse-workspace/MemoryFS/core.9202)
#
# If you would like to submit a bug report, please visit:
#   https://bugs.launchpad.net/ubuntu/+source/openjdk-lts
#

---------------  S U M M A R Y ------------

Command Line: -Dfile.encoding=UTF-8 MemoryFS -d -f /home/cheesegr8er/Downloads/TestFileRoot

Host: AMD FX(tm)-8350 Eight-Core Processor, 8 cores, 7G, Ubuntu 18.04.2 LTS
Time: Tue Oct  1 13:47:58 2019 NZDT elapsed time: 469 seconds (0d 0h 7m 49s)

---------------  T H R E A D  ---------------

Current thread is native thread

Stack: [0x00007f6f4a7ff000,0x00007f6f4affe000],  sp=0x00007f6f4affcb90,  free space=8182k
Native frames: (J=compiled Java code, A=aot compiled Java code, j=interpreted, Vv=VM code, C=native code)

[error occurred during error reporting (printing native stack), id 0xb, SIGSEGV (0xb) at pc=0x00007f6fc3e160c8]


siginfo: si_signo: 11 (SIGSEGV), si_code: 1 (SEGV_MAPERR), si_addr: 0x0000000000000000

Register to memory mapping:

RAX=0x0 is NULL
RBX=
[error occurred during error reporting (printing register info), id 0xb, SIGSEGV (0xb) at pc=0x00007f6fc2fd48e7]

Registers:
RAX=0x0000000000000000, RBX=0x00007f6fbc438f60, RCX=0x00007f6fc3882320, RDX=0x0000000000000000
RSP=0x00007f6f4affcb90, RBP=0x00007f6f4affcba0, RSI=0x00007f6f4affcc00, RDI=0x00007f6f3c000d10
R8 =0x0000000000000000, R9 =0x00007f6f3c000e0f, R10=0x00007f6f3c0008d0, R11=0x0000000000000001
R12=0x00007f6f3c002600, R13=0x0000000000000001, R14=0x0000000000000000, R15=0x0000000000000000
RIP=0x00007f6f7a8e1561, EFLAGS=0x0000000000010206, CSGSFS=0x002b000000000033, ERR=0x0000000000000004
  TRAPNO=0x000000000000000e

Top of Stack: (sp=0x00007f6f4affcb90)
0x00007f6f4affcb90:   00007f6f4affcc00 00007f6f3c000d10
0x00007f6f4affcba0:   00007f6f4affcc00 00007f6f7a6aa9ae
0x00007f6f4affcbb0:   0000000000000001 00007f6f3c000d10
0x00007f6f4affcbc0:   00007f6f3c002600 00007f6f7a6b3912 

Instructions: (pc=0x00007f6f7a8e1561)
0x00007f6f7a8e1461:   25 92 4b 20 00 66 90 00 00 00 00 00 00 00 00 48
0x00007f6f7a8e1471:   8d 3d 01 4d 20 00 55 48 8d 05 f9 4c 20 00 48 39
0x00007f6f7a8e1481:   f8 48 89 e5 74 19 48 8b 05 22 4b 20 00 48 85 c0
0x00007f6f7a8e1491:   74 0d 5d ff e0 66 2e 0f 1f 84 00 00 00 00 00 5d
0x00007f6f7a8e14a1:   c3 0f 1f 40 00 66 2e 0f 1f 84 00 00 00 00 00 48
0x00007f6f7a8e14b1:   8d 3d c1 4c 20 00 48 8d 35 ba 4c 20 00 55 48 29
0x00007f6f7a8e14c1:   fe 48 89 e5 48 c1 fe 03 48 89 f0 48 c1 e8 3f 48
0x00007f6f7a8e14d1:   01 c6 48 d1 fe 74 18 48 8b 05 11 4b 20 00 48 85
0x00007f6f7a8e14e1:   c0 74 0c 5d ff e0 66 0f 1f 84 00 00 00 00 00 5d
0x00007f6f7a8e14f1:   c3 0f 1f 40 00 66 2e 0f 1f 84 00 00 00 00 00 80
0x00007f6f7a8e1501:   3d 79 4c 20 00 00 75 2f 48 83 3d e7 4a 20 00 00
0x00007f6f7a8e1511:   55 48 89 e5 74 0c 48 8b 3d 4a 4c 20 00 e8 3d ff
0x00007f6f7a8e1521:   ff ff e8 48 ff ff ff c6 05 51 4c 20 00 01 5d c3
0x00007f6f7a8e1531:   0f 1f 80 00 00 00 00 f3 c3 66 0f 1f 44 00 00 55
0x00007f6f7a8e1541:   48 89 e5 5d e9 66 ff ff ff 55 48 89 e5 48 83 ec
0x00007f6f7a8e1551:   10 48 89 7d f8 48 89 75 f0 48 8b 05 77 4a 20 00
0x00007f6f7a8e1561:   8b 00 85 c0 74 22 48 8b 45 f0 48 89 c7 e8 fd fd
0x00007f6f7a8e1571:   ff ff 48 89 c2 48 8b 45 f8 48 89 c6 48 8d 3d dc
0x00007f6f7a8e1581:   39 00 00 e8 97 fd ff ff 48 8b 05 f8 4b 20 00 48
0x00007f6f7a8e1591:   8b 00 48 8b 4d f0 48 8b 55 f8 48 89 ce 48 89 d7
0x00007f6f7a8e15a1:   ff d0 c9 c3 55 48 89 e5 48 83 ec 30 48 89 7d e8
0x00007f6f7a8e15b1:   48 89 75 e0 48 89 55 d8 48 8b 05 18 4a 20 00 8b
0x00007f6f7a8e15c1:   00 85 c0 74 57 48 8b 55 e0 ff 75 d8 48 8d 05 98
0x00007f6f7a8e15d1:   39 00 00 50 41 b9 49 00 00 00 49 89 d0 48 8d 0d
0x00007f6f7a8e15e1:   83 39 00 00 ba 73 00 00 00 be 02 00 00 00 bf 01
0x00007f6f7a8e15f1:   00 00 00 b8 00 00 00 00 e8 e2 fb ff ff 48 83 c4
0x00007f6f7a8e1601:   10 48 89 45 f8 48 8b 55 f8 48 8b 45 e8 48 89 c6
0x00007f6f7a8e1611:   48 8d 3d 58 39 00 00 e8 03 fd ff ff 48 8b 05 64
0x00007f6f7a8e1621:   4b 20 00 48 8b 40 08 48 8b 55 d8 48 8b 75 e0 48
0x00007f6f7a8e1631:   8b 4d e8 48 89 cf ff d0 c9 c3 55 48 89 e5 48 83
0x00007f6f7a8e1641:   ec 30 48 89 7d e8 89 75 e4 48 89 55 d8 48 8b 05
0x00007f6f7a8e1651:   83 49 20 00 8b 00 85 c0 74 56 8b 55 e4 ff 75 d8 


Stack slot to memory mapping:
stack at sp + 0 slots: 
[error occurred during error reporting (inspecting top of stack), id 0xb, SIGSEGV (0xb) at pc=0x00007f6fc2fd48e7]


---------------  P R O C E S S  ---------------

VM state:not at safepoint (normal execution)

VM Mutex/Monitor currently owned by a thread: None

Heap address: 0x0000000082e00000, size: 2002 MB, Compressed Oops mode: 32-bit
Narrow klass base: 0x0000000800000000, Narrow klass shift: 3
Compressed class space size: 1073741824 Address: 0x0000000840000000

Heap:
 garbage-first heap   total 131072K, used 65015K [0x0000000082e00000, 0x0000000100000000)
  region size 1024K, 64 young (65536K), 2 survivors (2048K)
 Metaspace       used 5703K, capacity 7707K, committed 7808K, reserved 1056768K
  class space    used 636K, capacity 863K, committed 896K, reserved 1048576K
Heap Regions: E=young(eden), S=young(survivor), O=old, HS=humongous(starts), HC=humongous(continues), CS=collection set, F=free, A=archive, TAMS=top-at-mark-start (previous, next)
|   0|0x0000000082e00000, 0x0000000082e00000, 0x0000000082f00000|  0%| F|  |TAMS 0x0000000082e00000, 0x0000000082e00000| Untracked 
|   1|0x0000000082f00000, 0x0000000082f00000, 0x0000000083000000|  0%| F|  |TAMS 0x0000000082f00000, 0x0000000082f00000| Untracked 
|   2|0x0000000083000000, 0x0000000083000000, 0x0000000083100000|  0%| F|  |TAMS 0x0000000083000000, 0x0000000083000000| Untracked 
|   3|0x0000000083100000, 0x0000000083100000, 0x0000000083200000|  0%| F|  |TAMS 0x0000000083100000, 0x0000000083100000| Untracked 
|   4|0x0000000083200000, 0x0000000083200000, 0x0000000083300000|  0%| F|  |TAMS 0x0000000083200000, 0x0000000083200000| Untracked 
|   5|0x0000000083300000, 0x0000000083300000, 0x0000000083400000|  0%| F|  |TAMS 0x0000000083300000, 0x0000000083300000| Untracked 
|   6|0x0000000083400000, 0x0000000083400000, 0x0000000083500000|  0%| F|  |TAMS 0x0000000083400000, 0x0000000083400000| Untracked 
|   7|0x0000000083500000, 0x0000000083500000, 0x0000000083600000|  0%| F|  |TAMS 0x0000000083500000, 0x0000000083500000| Untracked 
|   8|0x0000000083600000, 0x0000000083600000, 0x0000000083700000|  0%| F|  |TAMS 0x0000000083600000, 0x0000000083600000| Untracked 
|   9|0x0000000083700000, 0x0000000083700000, 0x0000000083800000|  0%| F|  |TAMS 0x0000000083700000, 0x0000000083700000| Untracked 
|  10|0x0000000083800000, 0x0000000083800000, 0x0000000083900000|  0%| F|  |TAMS 0x0000000083800000, 0x0000000083800000| Untracked 
|  11|0x0000000083900000, 0x0000000083900000, 0x0000000083a00000|  0%| F|  |TAMS 0x0000000083900000, 0x0000000083900000| Untracked 
|  12|0x0000000083a00000, 0x0000000083a00000, 0x0000000083b00000|  0%| F|  |TAMS 0x0000000083a00000, 0x0000000083a00000| Untracked 
|  13|0x0000000083b00000, 0x0000000083b00000, 0x0000000083c00000|  0%| F|  |TAMS 0x0000000083b00000, 0x0000000083b00000| Untracked 
|  14|0x0000000083c00000, 0x0000000083c00000, 0x0000000083d00000|  0%| F|  |TAMS 0x0000000083c00000, 0x0000000083c00000| Untracked 
|  15|0x0000000083d00000, 0x0000000083d00000, 0x0000000083e00000|  0%| F|  |TAMS 0x0000000083d00000, 0x0000000083d00000| Untracked 
|  16|0x0000000083e00000, 0x0000000083e00000, 0x0000000083f00000|  0%| F|  |TAMS 0x0000000083e00000, 0x0000000083e00000| Untracked 
|  17|0x0000000083f00000, 0x0000000083f00000, 0x0000000084000000|  0%| F|  |TAMS 0x0000000083f00000, 0x0000000083f00000| Untracked 
|  18|0x0000000084000000, 0x0000000084000000, 0x0000000084100000|  0%| F|  |TAMS 0x0000000084000000, 0x0000000084000000| Untracked 
|  19|0x0000000084100000, 0x0000000084100000, 0x0000000084200000|  0%| F|  |TAMS 0x0000000084100000, 0x0000000084100000| Untracked 
|  20|0x0000000084200000, 0x0000000084200000, 0x0000000084300000|  0%| F|  |TAMS 0x0000000084200000, 0x0000000084200000| Untracked 
|  21|0x0000000084300000, 0x0000000084300000, 0x0000000084400000|  0%| F|  |TAMS 0x0000000084300000, 0x0000000084300000| Untracked 
|  22|0x0000000084400000, 0x0000000084400000, 0x0000000084500000|  0%| F|  |TAMS 0x0000000084400000, 0x0000000084400000| Untracked 
|  23|0x0000000084500000, 0x0000000084500000, 0x0000000084600000|  0%| F|  |TAMS 0x0000000084500000, 0x0000000084500000| Untracked 
|  24|0x0000000084600000, 0x0000000084600000, 0x0000000084700000|  0%| F|  |TAMS 0x0000000084600000, 0x0000000084600000| Untracked 
|  25|0x0000000084700000, 0x0000000084700000, 0x0000000084800000|  0%| F|  |TAMS 0x0000000084700000, 0x0000000084700000| Untracked 
|  26|0x0000000084800000, 0x0000000084800000, 0x0000000084900000|  0%| F|  |TAMS 0x0000000084800000, 0x0000000084800000| Untracked 
|  27|0x0000000084900000, 0x0000000084900000, 0x0000000084a00000|  0%| F|  |TAMS 0x0000000084900000, 0x0000000084900000| Untracked 
|  28|0x0000000084a00000, 0x0000000084a00000, 0x0000000084b00000|  0%| F|  |TAMS 0x0000000084a00000, 0x0000000084a00000| Untracked 
|  29|0x0000000084b00000, 0x0000000084b00000, 0x0000000084c00000|  0%| F|  |TAMS 0x0000000084b00000, 0x0000000084b00000| Untracked 
|  30|0x0000000084c00000, 0x0000000084c00000, 0x0000000084d00000|  0%| F|  |TAMS 0x0000000084c00000, 0x0000000084c00000| Untracked 
|  31|0x0000000084d00000, 0x0000000084d00000, 0x0000000084e00000|  0%| F|  |TAMS 0x0000000084d00000, 0x0000000084d00000| Untracked 
|  32|0x0000000084e00000, 0x0000000084e00000, 0x0000000084f00000|  0%| F|  |TAMS 0x0000000084e00000, 0x0000000084e00000| Untracked 
|  33|0x0000000084f00000, 0x0000000084f00000, 0x0000000085000000|  0%| F|  |TAMS 0x0000000084f00000, 0x0000000084f00000| Untracked 
|  34|0x0000000085000000, 0x0000000085000000, 0x0000000085100000|  0%| F|  |TAMS 0x0000000085000000, 0x0000000085000000| Untracked 
|  35|0x0000000085100000, 0x0000000085100000, 0x0000000085200000|  0%| F|  |TAMS 0x0000000085100000, 0x0000000085100000| Untracked 
|  36|0x0000000085200000, 0x0000000085200000, 0x0000000085300000|  0%| F|  |TAMS 0x0000000085200000, 0x0000000085200000| Untracked 
|  37|0x0000000085300000, 0x0000000085300000, 0x0000000085400000|  0%| F|  |TAMS 0x0000000085300000, 0x0000000085300000| Untracked 
|  38|0x0000000085400000, 0x0000000085400000, 0x0000000085500000|  0%| F|  |TAMS 0x0000000085400000, 0x0000000085400000| Untracked 
|  39|0x0000000085500000, 0x0000000085500000, 0x0000000085600000|  0%| F|  |TAMS 0x0000000085500000, 0x0000000085500000| Untracked 
|  40|0x0000000085600000, 0x0000000085600000, 0x0000000085700000|  0%| F|  |TAMS 0x0000000085600000, 0x0000000085600000| Untracked 
|  41|0x0000000085700000, 0x0000000085700000, 0x0000000085800000|  0%| F|  |TAMS 0x0000000085700000, 0x0000000085700000| Untracked 
|  42|0x0000000085800000, 0x0000000085800000, 0x0000000085900000|  0%| F|  |TAMS 0x0000000085800000, 0x0000000085800000| Untracked 
|  43|0x0000000085900000, 0x0000000085900000, 0x0000000085a00000|  0%| F|  |TAMS 0x0000000085900000, 0x0000000085900000| Untracked 
|  44|0x0000000085a00000, 0x0000000085a00000, 0x0000000085b00000|  0%| F|  |TAMS 0x0000000085a00000, 0x0000000085a00000| Untracked 
|  45|0x0000000085b00000, 0x0000000085b00000, 0x0000000085c00000|  0%| F|  |TAMS 0x0000000085b00000, 0x0000000085b00000| Untracked 
|  46|0x0000000085c00000, 0x0000000085c00000, 0x0000000085d00000|  0%| F|  |TAMS 0x0000000085c00000, 0x0000000085c00000| Untracked 
|  47|0x0000000085d00000, 0x0000000085d00000, 0x0000000085e00000|  0%| F|  |TAMS 0x0000000085d00000, 0x0000000085d00000| Untracked 
|  48|0x0000000085e00000, 0x0000000085e00000, 0x0000000085f00000|  0%| F|  |TAMS 0x0000000085e00000, 0x0000000085e00000| Untracked 
|  49|0x0000000085f00000, 0x0000000085f00000, 0x0000000086000000|  0%| F|  |TAMS 0x0000000085f00000, 0x0000000085f00000| Untracked 
|  50|0x0000000086000000, 0x0000000086000000, 0x0000000086100000|  0%| F|  |TAMS 0x0000000086000000, 0x0000000086000000| Untracked 
|  51|0x0000000086100000, 0x0000000086100000, 0x0000000086200000|  0%| F|  |TAMS 0x0000000086100000, 0x0000000086100000| Untracked 
|  52|0x0000000086200000, 0x0000000086200000, 0x0000000086300000|  0%| F|  |TAMS 0x0000000086200000, 0x0000000086200000| Untracked 
|  53|0x0000000086300000, 0x0000000086300000, 0x0000000086400000|  0%| F|  |TAMS 0x0000000086300000, 0x0000000086300000| Untracked 
|  54|0x0000000086400000, 0x0000000086400000, 0x0000000086500000|  0%| F|  |TAMS 0x0000000086400000, 0x0000000086400000| Untracked 
|  55|0x0000000086500000, 0x0000000086500000, 0x0000000086600000|  0%| F|  |TAMS 0x0000000086500000, 0x0000000086500000| Untracked 
|  56|0x0000000086600000, 0x0000000086600000, 0x0000000086700000|  0%| F|  |TAMS 0x0000000086600000, 0x0000000086600000| Untracked 
|  57|0x0000000086700000, 0x0000000086700000, 0x0000000086800000|  0%| F|  |TAMS 0x0000000086700000, 0x0000000086700000| Untracked 
|  58|0x0000000086800000, 0x0000000086800000, 0x0000000086900000|  0%| F|  |TAMS 0x0000000086800000, 0x0000000086800000| Untracked 
|  59|0x0000000086900000, 0x0000000086900000, 0x0000000086a00000|  0%| F|  |TAMS 0x0000000086900000, 0x0000000086900000| Untracked 
|  60|0x0000000086a00000, 0x0000000086a00000, 0x0000000086b00000|  0%| F|  |TAMS 0x0000000086a00000, 0x0000000086a00000| Untracked 
|  61|0x0000000086b00000, 0x0000000086b00000, 0x0000000086c00000|  0%| F|  |TAMS 0x0000000086b00000, 0x0000000086b00000| Untracked 
|  62|0x0000000086c00000, 0x0000000086d00000, 0x0000000086d00000|100%| E|  |TAMS 0x0000000086c00000, 0x0000000086c00000| Complete 
|  63|0x0000000086d00000, 0x0000000086e00000, 0x0000000086e00000|100%| E|CS|TAMS 0x0000000086d00000, 0x0000000086d00000| Complete 
|  64|0x0000000086e00000, 0x0000000086f00000, 0x0000000086f00000|100%| E|CS|TAMS 0x0000000086e00000, 0x0000000086e00000| Complete 
|  65|0x0000000086f00000, 0x0000000087000000, 0x0000000087000000|100%| E|CS|TAMS 0x0000000086f00000, 0x0000000086f00000| Complete 
|  66|0x0000000087000000, 0x0000000087100000, 0x0000000087100000|100%| E|CS|TAMS 0x0000000087000000, 0x0000000087000000| Complete 
|  67|0x0000000087100000, 0x0000000087200000, 0x0000000087200000|100%| E|CS|TAMS 0x0000000087100000, 0x0000000087100000| Complete 
|  68|0x0000000087200000, 0x0000000087300000, 0x0000000087300000|100%| E|CS|TAMS 0x0000000087200000, 0x0000000087200000| Complete 
|  69|0x0000000087300000, 0x0000000087400000, 0x0000000087400000|100%| E|CS|TAMS 0x0000000087300000, 0x0000000087300000| Complete 
|  70|0x0000000087400000, 0x0000000087500000, 0x0000000087500000|100%| E|CS|TAMS 0x0000000087400000, 0x0000000087400000| Complete 
|  71|0x0000000087500000, 0x0000000087600000, 0x0000000087600000|100%| E|CS|TAMS 0x0000000087500000, 0x0000000087500000| Complete 
|  72|0x0000000087600000, 0x0000000087700000, 0x0000000087700000|100%| E|CS|TAMS 0x0000000087600000, 0x0000000087600000| Complete 
|  73|0x0000000087700000, 0x0000000087800000, 0x0000000087800000|100%| E|CS|TAMS 0x0000000087700000, 0x0000000087700000| Complete 
|  74|0x0000000087800000, 0x0000000087900000, 0x0000000087900000|100%| E|CS|TAMS 0x0000000087800000, 0x0000000087800000| Complete 
|  75|0x0000000087900000, 0x0000000087a00000, 0x0000000087a00000|100%| E|CS|TAMS 0x0000000087900000, 0x0000000087900000| Complete 
|  76|0x0000000087a00000, 0x0000000087b00000, 0x0000000087b00000|100%| E|CS|TAMS 0x0000000087a00000, 0x0000000087a00000| Complete 
|  77|0x0000000087b00000, 0x0000000087c00000, 0x0000000087c00000|100%| E|CS|TAMS 0x0000000087b00000, 0x0000000087b00000| Complete 
|  78|0x0000000087c00000, 0x0000000087d00000, 0x0000000087d00000|100%| E|CS|TAMS 0x0000000087c00000, 0x0000000087c00000| Complete 
|  79|0x0000000087d00000, 0x0000000087e00000, 0x0000000087e00000|100%| E|CS|TAMS 0x0000000087d00000, 0x0000000087d00000| Complete 
|  80|0x0000000087e00000, 0x0000000087f00000, 0x0000000087f00000|100%| E|CS|TAMS 0x0000000087e00000, 0x0000000087e00000| Complete 
|  81|0x0000000087f00000, 0x0000000088000000, 0x0000000088000000|100%| E|CS|TAMS 0x0000000087f00000, 0x0000000087f00000| Complete 
|  82|0x0000000088000000, 0x0000000088100000, 0x0000000088100000|100%| E|CS|TAMS 0x0000000088000000, 0x0000000088000000| Complete 
|  83|0x0000000088100000, 0x0000000088200000, 0x0000000088200000|100%| E|CS|TAMS 0x0000000088100000, 0x0000000088100000| Complete 
|  84|0x0000000088200000, 0x0000000088300000, 0x0000000088300000|100%| E|CS|TAMS 0x0000000088200000, 0x0000000088200000| Complete 
|  85|0x0000000088300000, 0x0000000088400000, 0x0000000088400000|100%| E|CS|TAMS 0x0000000088300000, 0x0000000088300000| Complete 
|  86|0x0000000088400000, 0x0000000088500000, 0x0000000088500000|100%| E|CS|TAMS 0x0000000088400000, 0x0000000088400000| Complete 
|  87|0x0000000088500000, 0x0000000088600000, 0x0000000088600000|100%| E|CS|TAMS 0x0000000088500000, 0x0000000088500000| Complete 
|  88|0x0000000088600000, 0x0000000088700000, 0x0000000088700000|100%| E|CS|TAMS 0x0000000088600000, 0x0000000088600000| Complete 
|  89|0x0000000088700000, 0x0000000088800000, 0x0000000088800000|100%| E|CS|TAMS 0x0000000088700000, 0x0000000088700000| Complete 
|  90|0x0000000088800000, 0x0000000088900000, 0x0000000088900000|100%| E|CS|TAMS 0x0000000088800000, 0x0000000088800000| Complete 
|  91|0x0000000088900000, 0x0000000088a00000, 0x0000000088a00000|100%| E|CS|TAMS 0x0000000088900000, 0x0000000088900000| Complete 
|  92|0x0000000088a00000, 0x0000000088b00000, 0x0000000088b00000|100%| E|CS|TAMS 0x0000000088a00000, 0x0000000088a00000| Complete 
|  93|0x0000000088b00000, 0x0000000088c00000, 0x0000000088c00000|100%| E|CS|TAMS 0x0000000088b00000, 0x0000000088b00000| Complete 
|  94|0x0000000088c00000, 0x0000000088d00000, 0x0000000088d00000|100%| E|CS|TAMS 0x0000000088c00000, 0x0000000088c00000| Complete 
|  95|0x0000000088d00000, 0x0000000088e00000, 0x0000000088e00000|100%| E|CS|TAMS 0x0000000088d00000, 0x0000000088d00000| Complete 
|  96|0x0000000088e00000, 0x0000000088f00000, 0x0000000088f00000|100%| E|CS|TAMS 0x0000000088e00000, 0x0000000088e00000| Complete 
|  97|0x0000000088f00000, 0x0000000089000000, 0x0000000089000000|100%| E|CS|TAMS 0x0000000088f00000, 0x0000000088f00000| Complete 
|  98|0x0000000089000000, 0x0000000089100000, 0x0000000089100000|100%| E|CS|TAMS 0x0000000089000000, 0x0000000089000000| Complete 
|  99|0x0000000089100000, 0x0000000089200000, 0x0000000089200000|100%| E|CS|TAMS 0x0000000089100000, 0x0000000089100000| Complete 
| 100|0x0000000089200000, 0x00000000892dff90, 0x0000000089300000| 87%| S|CS|TAMS 0x0000000089200000, 0x0000000089200000| Complete 
| 101|0x0000000089300000, 0x0000000089400000, 0x0000000089400000|100%| S|CS|TAMS 0x0000000089300000, 0x0000000089300000| Complete 
| 102|0x0000000089400000, 0x0000000089500000, 0x0000000089500000|100%| E|CS|TAMS 0x0000000089400000, 0x0000000089400000| Complete 
| 103|0x0000000089500000, 0x0000000089600000, 0x0000000089600000|100%| E|CS|TAMS 0x0000000089500000, 0x0000000089500000| Complete 
| 104|0x0000000089600000, 0x0000000089700000, 0x0000000089700000|100%| E|CS|TAMS 0x0000000089600000, 0x0000000089600000| Complete 
| 105|0x0000000089700000, 0x0000000089800000, 0x0000000089800000|100%| E|CS|TAMS 0x0000000089700000, 0x0000000089700000| Complete 
| 106|0x0000000089800000, 0x0000000089900000, 0x0000000089900000|100%| E|CS|TAMS 0x0000000089800000, 0x0000000089800000| Complete 
| 107|0x0000000089900000, 0x0000000089a00000, 0x0000000089a00000|100%| E|CS|TAMS 0x0000000089900000, 0x0000000089900000| Complete 
| 108|0x0000000089a00000, 0x0000000089b00000, 0x0000000089b00000|100%| E|CS|TAMS 0x0000000089a00000, 0x0000000089a00000| Complete 
| 109|0x0000000089b00000, 0x0000000089c00000, 0x0000000089c00000|100%| E|CS|TAMS 0x0000000089b00000, 0x0000000089b00000| Complete 
| 110|0x0000000089c00000, 0x0000000089d00000, 0x0000000089d00000|100%| E|CS|TAMS 0x0000000089c00000, 0x0000000089c00000| Complete 
| 111|0x0000000089d00000, 0x0000000089e00000, 0x0000000089e00000|100%| E|CS|TAMS 0x0000000089d00000, 0x0000000089d00000| Complete 
| 112|0x0000000089e00000, 0x0000000089f00000, 0x0000000089f00000|100%| E|CS|TAMS 0x0000000089e00000, 0x0000000089e00000| Complete 
| 113|0x0000000089f00000, 0x000000008a000000, 0x000000008a000000|100%| E|CS|TAMS 0x0000000089f00000, 0x0000000089f00000| Complete 
| 114|0x000000008a000000, 0x000000008a100000, 0x000000008a100000|100%| E|CS|TAMS 0x000000008a000000, 0x000000008a000000| Complete 
| 115|0x000000008a100000, 0x000000008a200000, 0x000000008a200000|100%| E|CS|TAMS 0x000000008a100000, 0x000000008a100000| Complete 
| 116|0x000000008a200000, 0x000000008a300000, 0x000000008a300000|100%| E|CS|TAMS 0x000000008a200000, 0x000000008a200000| Complete 
| 117|0x000000008a300000, 0x000000008a400000, 0x000000008a400000|100%| E|CS|TAMS 0x000000008a300000, 0x000000008a300000| Complete 
| 118|0x000000008a400000, 0x000000008a500000, 0x000000008a500000|100%| E|CS|TAMS 0x000000008a400000, 0x000000008a400000| Complete 
| 119|0x000000008a500000, 0x000000008a600000, 0x000000008a600000|100%| E|CS|TAMS 0x000000008a500000, 0x000000008a500000| Complete 
| 120|0x000000008a600000, 0x000000008a700000, 0x000000008a700000|100%| E|CS|TAMS 0x000000008a600000, 0x000000008a600000| Complete 
| 121|0x000000008a700000, 0x000000008a800000, 0x000000008a800000|100%| E|CS|TAMS 0x000000008a700000, 0x000000008a700000| Complete 
| 122|0x000000008a800000, 0x000000008a900000, 0x000000008a900000|100%| E|CS|TAMS 0x000000008a800000, 0x000000008a800000| Complete 
| 123|0x000000008a900000, 0x000000008aa00000, 0x000000008aa00000|100%| E|CS|TAMS 0x000000008a900000, 0x000000008a900000| Complete 
| 124|0x000000008aa00000, 0x000000008ab00000, 0x000000008ab00000|100%| E|CS|TAMS 0x000000008aa00000, 0x000000008aa00000| Complete 
| 125|0x000000008ab00000, 0x000000008ac00000, 0x000000008ac00000|100%| E|CS|TAMS 0x000000008ab00000, 0x000000008ab00000| Complete 
|2000|0x00000000ffe00000, 0x00000000ffe34000, 0x00000000fff00000| 20%|OA|  |TAMS 0x00000000ffe00000, 0x00000000ffe00000| Untracked 
|2001|0x00000000fff00000, 0x00000000fff6a000, 0x0000000100000000| 41%|CA|  |TAMS 0x00000000fff00000, 0x00000000fff00000| Untracked 

Card table byte_map: [0x00007f6f9fc17000,0x00007f6fa0000000] _byte_map_base: 0x00007f6f9f800000

Marking Bits (Prev, Next): (CMBitMap*) 0x00007f6fbc052318, (CMBitMap*) 0x00007f6fbc052350
 Prev Bits: [0x00007f6f9d8e6000, 0x00007f6f9f82e000)
 Next Bits: [0x00007f6f9b99e000, 0x00007f6f9d8e6000)

Polling page: 0x00007f6fc43e0000

Metaspace:

Usage:
  Non-class:      6.68 MB capacity,     4.95 MB ( 74%) used,     1.72 MB ( 26%) free+waste,    14.69 KB ( <1%) overhead. 
      Class:    863.00 KB capacity,   636.12 KB ( 74%) used,   218.88 KB ( 25%) free+waste,     8.00 KB ( <1%) overhead. 
       Both:      7.53 MB capacity,     5.57 MB ( 74%) used,     1.93 MB ( 26%) free+waste,    22.69 KB ( <1%) overhead. 

Virtual space:
  Non-class space:        8.00 MB reserved,       6.75 MB ( 84%) committed 
      Class space:        1.00 GB reserved,     896.00 KB ( <1%) committed 
             Both:        1.01 GB reserved,       7.62 MB ( <1%) committed 

Chunk freelists:
   Non-Class:  12.00 KB
       Class:  1.00 KB
        Both:  13.00 KB

CodeHeap 'non-profiled nmethods': size=120032Kb used=265Kb max_used=265Kb free=119766Kb
 bounds [0x00007f6fac418000, 0x00007f6fac688000, 0x00007f6fb3950000]
CodeHeap 'profiled nmethods': size=120028Kb used=1712Kb max_used=1799Kb free=118315Kb
 bounds [0x00007f6fa4ee1000, 0x00007f6fa5151000, 0x00007f6fac418000]
CodeHeap 'non-nmethods': size=5700Kb used=1183Kb max_used=1195Kb free=4516Kb
 bounds [0x00007f6fa4950000, 0x00007f6fa4bc0000, 0x00007f6fa4ee1000]
 total_blobs=1683 nmethods=932 adapters=442
 compilation: enabled
              stopped_count=0, restarted_count=0
 full_count=0

Compilation events (10 events):
Event: 61.099 Thread 0x00007f6fbc129000  991       3       java.io.OutputStream::flush (1 bytes)
Event: 61.100 Thread 0x00007f6fbc129000 nmethod 991 0x00007f6fa4effc90 code [0x00007f6fa4effe40, 0x00007f6fa4efffb0]
Event: 61.100 Thread 0x00007f6fbc129000  992  s    3       java.io.BufferedOutputStream::flush (12 bytes)
Event: 61.100 Thread 0x00007f6fbc129000 nmethod 992 0x00007f6fa4f04190 code [0x00007f6fa4f04380, 0x00007f6fa4f048d8]
Event: 61.100 Thread 0x00007f6fbc129000  993       3       java.io.BufferedOutputStream::flushBuffer (29 bytes)
Event: 61.101 Thread 0x00007f6fbc129000 nmethod 993 0x00007f6fa4f03c10 code [0x00007f6fa4f03de0, 0x00007f6fa4f04088]
Event: 72.592 Thread 0x00007f6fbc129000  994       3       jnr.ffi.Struct$SignedLong::<init> (14 bytes)
Event: 72.592 Thread 0x00007f6fbc129000 nmethod 994 0x00007f6fa4f00d10 code [0x00007f6fa4f00ee0, 0x00007f6fa4f010e8]
Event: 72.597 Thread 0x00007f6fbc129000  995       3       jnr.ffi.provider.AbstractArrayMemoryIO::index (8 bytes)
Event: 72.597 Thread 0x00007f6fbc129000 nmethod 995 0x00007f6fa4f02090 code [0x00007f6fa4f02240, 0x00007f6fa4f023b0]

GC Heap History (2 events):
Event: 2.659 GC heap before
{Heap before GC invocations=0 (full 0):
 garbage-first heap   total 131072K, used 24184K [0x0000000082e00000, 0x0000000100000000)
  region size 1024K, 24 young (24576K), 0 survivors (0K)
 Metaspace       used 5659K, capacity 7701K, committed 7808K, reserved 1056768K
  class space    used 634K, capacity 862K, committed 896K, reserved 1048576K
}
Event: 2.678 GC heap after
{Heap after GC invocations=1 (full 0):
 garbage-first heap   total 131072K, used 2551K [0x0000000082e00000, 0x0000000100000000)
  region size 1024K, 2 young (2048K), 2 survivors (2048K)
 Metaspace       used 5659K, capacity 7701K, committed 7808K, reserved 1056768K
  class space    used 634K, capacity 862K, committed 896K, reserved 1048576K
}

Deoptimization events (10 events):
Event: 0.153 Thread 0x00007f6fbc012800 DEOPT PACKING pc=0x00007f6fac41d21c sp=0x00007f6fc44de900
Event: 0.153 Thread 0x00007f6fbc012800 DEOPT UNPACKING pc=0x00007f6fa4978525 sp=0x00007f6fc44de860 mode 2
Event: 0.272 Thread 0x00007f6fbc012800 DEOPT PACKING pc=0x00007f6fa4f0f208 sp=0x00007f6fc44dfcb0
Event: 0.272 Thread 0x00007f6fbc012800 DEOPT UNPACKING pc=0x00007f6fa497833a sp=0x00007f6fc44df120 mode 0
Event: 0.281 Thread 0x00007f6fbc012800 DEOPT PACKING pc=0x00007f6fa4f299a4 sp=0x00007f6fc44dea40
Event: 0.281 Thread 0x00007f6fbc012800 DEOPT UNPACKING pc=0x00007f6fa497833a sp=0x00007f6fc44dded0 mode 0
Event: 2.607 Thread 0x00007f6f58022800 DEOPT PACKING pc=0x00007f6fa4f14aef sp=0x00007f6f7a3952a0
Event: 2.607 Thread 0x00007f6f58022800 DEOPT UNPACKING pc=0x00007f6fa497833a sp=0x00007f6f7a394760 mode 0
Event: 2.634 Thread 0x00007f6f58022800 DEOPT PACKING pc=0x00007f6fa4f3be42 sp=0x00007f6f7a395510
Event: 2.635 Thread 0x00007f6f58022800 DEOPT UNPACKING pc=0x00007f6fa497833a sp=0x00007f6f7a394998 mode 0

Classes redefined (0 events):
No events

Internal exceptions (4 events):
Event: 0.248 Thread 0x00007f6fbc012800 Exception <a 'java/lang/NoSuchMethodError'{0x000000008a7065b0}: 'int java.lang.invoke.DirectMethodHandle$Holder.invokeSpecialIFC(java.lang.Object, java.lang.Object, int)'> (0x000000008a7065b0) thrown at [/build/openjdk-lts-7bqZff/openjdk-lts-11.0.4+11/src
Event: 0.503 Thread 0x00007f6fbc012800 Exception <a 'java/lang/NoSuchMethodError'{0x000000008a1f7048}: 'int java.lang.invoke.DirectMethodHandle$Holder.invokeInterface(java.lang.Object, java.lang.Object, java.lang.Object, java.lang.Object)'> (0x000000008a1f7048) thrown at [/build/openjdk-lts-7b
Event: 0.549 Thread 0x00007f6fbc012800 Exception <a 'java/lang/NoSuchMethodError'{0x0000000089f1c6a0}: 'int java.lang.invoke.DirectMethodHandle$Holder.invokeInterface(java.lang.Object, java.lang.Object, java.lang.Object, int)'> (0x0000000089f1c6a0) thrown at [/build/openjdk-lts-7bqZff/openjdk-
Event: 0.556 Thread 0x00007f6fbc012800 Exception <a 'java/lang/NoSuchMethodError'{0x0000000089f4c068}: 'void java.lang.invoke.DirectMethodHandle$Holder.invokeVirtual(java.lang.Object, java.lang.Object)'> (0x0000000089f4c068) thrown at [/build/openjdk-lts-7bqZff/openjdk-lts-11.0.4+11/src/hotspo

Events (10 events):
Event: 72.595 Thread 0x00007f6f4c028000 Thread added: 0x00007f6f4c028000
Event: 72.596 Thread 0x00007f6f4c028000 Thread exited: 0x00007f6f4c028000
Event: 72.596 Thread 0x00007f6f44027800 Thread added: 0x00007f6f44027800
Event: 72.597 Thread 0x00007f6f44027800 Thread exited: 0x00007f6f44027800
Event: 72.693 Thread 0x00007f6f40005000 Thread added: 0x00007f6f40005000
Event: 72.693 Thread 0x00007f6f40005000 Thread exited: 0x00007f6f40005000
Event: 72.693 Thread 0x00007f6f38028000 Thread added: 0x00007f6f38028000
Event: 72.694 Thread 0x00007f6f38028000 Thread exited: 0x00007f6f38028000
Event: 72.694 Thread 0x00007f6f50066800 Thread added: 0x00007f6f50066800
Event: 72.694 Thread 0x00007f6f50066800 Thread exited: 0x00007f6f50066800


Dynamic libraries:
82e00000-8ac00000 rw-p 00000000 00:00 0 
8ac00000-ffe00000 ---p 00000000 00:00 0 
ffe00000-ffe34000 rw-p 01116000 08:05 3672114                            /usr/lib/jvm/java-11-openjdk-amd64/lib/server/classes.jsa
ffe34000-fff00000 rw-p 00000000 00:00 0 
fff00000-fff6a000 rw-p 010ac000 08:05 3672114                            /usr/lib/jvm/java-11-openjdk-amd64/lib/server/classes.jsa
fff6a000-100000000 rw-p 00000000 00:00 0 
800000000-800002000 rwxp 00001000 08:05 3672114                          /usr/lib/jvm/java-11-openjdk-amd64/lib/server/classes.jsa
800002000-8003bd000 rw-p 00003000 08:05 3672114                          /usr/lib/jvm/java-11-openjdk-amd64/lib/server/classes.jsa
8003bd000-800a98000 r--p 003be000 08:05 3672114                          /usr/lib/jvm/java-11-openjdk-amd64/lib/server/classes.jsa
800a98000-800a99000 rw-p 00a99000 08:05 3672114                          /usr/lib/jvm/java-11-openjdk-amd64/lib/server/classes.jsa
800a99000-8010ab000 r--p 00a9a000 08:05 3672114                          /usr/lib/jvm/java-11-openjdk-amd64/lib/server/classes.jsa
840000000-8400e0000 rw-p 00000000 00:00 0 
8400e0000-880000000 ---p 00000000 00:00 0 
5654728a5000-5654728a6000 r-xp 00000000 08:05 3674084                    /usr/lib/jvm/java-11-openjdk-amd64/bin/java
565472aa6000-565472aa7000 r--p 00001000 08:05 3674084                    /usr/lib/jvm/java-11-openjdk-amd64/bin/java
565472aa7000-565472aa8000 rw-p 00002000 08:05 3674084                    /usr/lib/jvm/java-11-openjdk-amd64/bin/java
56547336b000-56547338c000 rw-p 00000000 00:00 0                          [heap]
7f6f30000000-7f6f30021000 rw-p 00000000 00:00 0 
7f6f30021000-7f6f34000000 ---p 00000000 00:00 0 
7f6f34000000-7f6f34021000 rw-p 00000000 00:00 0 
7f6f34021000-7f6f38000000 ---p 00000000 00:00 0 
7f6f38000000-7f6f3802b000 rw-p 00000000 00:00 0 
7f6f3802b000-7f6f3c000000 ---p 00000000 00:00 0 
7f6f3c000000-7f6f3c021000 rw-p 00000000 00:00 0 
7f6f3c021000-7f6f40000000 ---p 00000000 00:00 0 
7f6f40000000-7f6f40021000 rw-p 00000000 00:00 0 
7f6f40021000-7f6f44000000 ---p 00000000 00:00 0 
7f6f44000000-7f6f4402b000 rw-p 00000000 00:00 0 
7f6f4402b000-7f6f48000000 ---p 00000000 00:00 0 
7f6f4a6fb000-7f6f4a6fc000 ---p 00000000 00:00 0 
7f6f4a6fc000-7f6f4a7fd000 rw-p 00000000 00:00 0 
7f6f4a7fd000-7f6f4a7fe000 ---p 00000000 00:00 0 
7f6f4a7fe000-7f6f4a7ff000 rw-p 00000000 00:00 0 
7f6f4a7ff000-7f6f4a803000 ---p 00000000 00:00 0 
7f6f4a803000-7f6f4affe000 rw-p 00000000 00:00 0 
7f6f4affe000-7f6f4afff000 ---p 00000000 00:00 0 
7f6f4afff000-7f6f4b000000 rw-p 00000000 00:00 0 
7f6f4b000000-7f6f4b004000 ---p 00000000 00:00 0 
7f6f4b004000-7f6f4b7ff000 rw-p 00000000 00:00 0 
7f6f4b7ff000-7f6f4b800000 ---p 00000000 00:00 0 
7f6f4b800000-7f6f4b801000 rw-p 00000000 00:00 0 
7f6f4b801000-7f6f4b805000 ---p 00000000 00:00 0 
7f6f4b805000-7f6f4c000000 rw-p 00000000 00:00 0 
7f6f4c000000-7f6f4c02b000 rw-p 00000000 00:00 0 
7f6f4c02b000-7f6f50000000 ---p 00000000 00:00 0 
7f6f50000000-7f6f5006a000 rw-p 00000000 00:00 0 
7f6f5006a000-7f6f54000000 ---p 00000000 00:00 0 
7f6f54000000-7f6f54021000 rw-p 00000000 00:00 0 
7f6f54021000-7f6f58000000 ---p 00000000 00:00 0 
7f6f58000000-7f6f5804f000 rw-p 00000000 00:00 0 
7f6f5804f000-7f6f5c000000 ---p 00000000 00:00 0 
7f6f5c000000-7f6f5c021000 rw-p 00000000 00:00 0 
7f6f5c021000-7f6f60000000 ---p 00000000 00:00 0 
7f6f60000000-7f6f60021000 rw-p 00000000 00:00 0 
7f6f60021000-7f6f64000000 ---p 00000000 00:00 0 
7f6f64000000-7f6f64021000 rw-p 00000000 00:00 0 
7f6f64021000-7f6f68000000 ---p 00000000 00:00 0 
7f6f68000000-7f6f68021000 rw-p 00000000 00:00 0 
7f6f68021000-7f6f6c000000 ---p 00000000 00:00 0 
7f6f6c000000-7f6f6c315000 rw-p 00000000 00:00 0 
7f6f6c315000-7f6f70000000 ---p 00000000 00:00 0 
7f6f70000000-7f6f703f8000 rw-p 00000000 00:00 0 
7f6f703f8000-7f6f74000000 ---p 00000000 00:00 0 
7f6f74000000-7f6f74021000 rw-p 00000000 00:00 0 
7f6f74021000-7f6f78000000 ---p 00000000 00:00 0 
7f6f7808c000-7f6f7808d000 ---p 00000000 00:00 0 
7f6f7808d000-7f6f7818e000 rw-p 00000000 00:00 0 
7f6f7818e000-7f6f7818f000 ---p 00000000 00:00 0 
7f6f7818f000-7f6f78190000 rw-p 00000000 00:00 0 
7f6f78190000-7f6f78194000 ---p 00000000 00:00 0 
7f6f78194000-7f6f7898f000 rw-p 00000000 00:00 0 
7f6f7898f000-7f6f78990000 ---p 00000000 00:00 0 
7f6f78990000-7f6f78991000 rw-p 00000000 00:00 0 
7f6f78991000-7f6f78995000 ---p 00000000 00:00 0 
7f6f78995000-7f6f79190000 rw-p 00000000 00:00 0 
7f6f79190000-7f6f79192000 r-xp 00000000 08:05 3674144                    /usr/lib/jvm/java-11-openjdk-amd64/lib/libextnet.so
7f6f79192000-7f6f79391000 ---p 00002000 08:05 3674144                    /usr/lib/jvm/java-11-openjdk-amd64/lib/libextnet.so
7f6f79391000-7f6f79392000 r--p 00001000 08:05 3674144                    /usr/lib/jvm/java-11-openjdk-amd64/lib/libextnet.so
7f6f79392000-7f6f79393000 rw-p 00002000 08:05 3674144                    /usr/lib/jvm/java-11-openjdk-amd64/lib/libextnet.so
7f6f79396000-7f6f79397000 ---p 00000000 00:00 0 
7f6f79397000-7f6f79398000 rw-p 00000000 00:00 0 
7f6f79398000-7f6f7939c000 ---p 00000000 00:00 0 
7f6f7939c000-7f6f79b97000 rw-p 00000000 00:00 0 
7f6f79b97000-7f6f79b98000 ---p 00000000 00:00 0 
7f6f79b98000-7f6f79b99000 rw-p 00000000 00:00 0 
7f6f79b99000-7f6f79b9d000 ---p 00000000 00:00 0 
7f6f79b9d000-7f6f7a398000 rw-p 00000000 00:00 0 
7f6f7a398000-7f6f7a399000 r-xp 00000000 08:05 3674150                    /usr/lib/jvm/java-11-openjdk-amd64/lib/libjaas.so
7f6f7a399000-7f6f7a598000 ---p 00001000 08:05 3674150                    /usr/lib/jvm/java-11-openjdk-amd64/lib/libjaas.so
7f6f7a598000-7f6f7a599000 r--p 00000000 08:05 3674150                    /usr/lib/jvm/java-11-openjdk-amd64/lib/libjaas.so
7f6f7a599000-7f6f7a59a000 rw-p 00001000 08:05 3674150                    /usr/lib/jvm/java-11-openjdk-amd64/lib/libjaas.so
7f6f7a59f000-7f6f7a5a3000 ---p 00000000 00:00 0 
7f6f7a5a3000-7f6f7a6a0000 rw-p 00000000 00:00 0 
7f6f7a6a0000-7f6f7a6ca000 r-xp 00000000 08:05 7344903                    /lib/x86_64-linux-gnu/libfuse.so.2.9.7
7f6f7a6ca000-7f6f7a8c9000 ---p 0002a000 08:05 7344903                    /lib/x86_64-linux-gnu/libfuse.so.2.9.7
7f6f7a8c9000-7f6f7a8db000 r--p 00029000 08:05 7344903                    /lib/x86_64-linux-gnu/libfuse.so.2.9.7
7f6f7a8db000-7f6f7a8dc000 rw-p 0003b000 08:05 7344903                    /lib/x86_64-linux-gnu/libfuse.so.2.9.7
7f6f7a8e0000-7f6f7a8e6000 r-xp 00000000 08:05 8257574                    /tmp/.libFUSELink.so
7f6f7a8e6000-7f6f7aae5000 ---p 00006000 08:05 8257574                    /tmp/.libFUSELink.so
7f6f7aae5000-7f6f7aae6000 r--p 00005000 08:05 8257574                    /tmp/.libFUSELink.so
7f6f7aae6000-7f6f7aae7000 rw-p 00006000 08:05 8257574                    /tmp/.libFUSELink.so
7f6f7aae8000-7f6f7aafa000 r-xp 00000000 08:05 8257560                    /tmp/jffi10258609484390899179.so (deleted)
7f6f7aafa000-7f6f7acf9000 ---p 00012000 08:05 8257560                    /tmp/jffi10258609484390899179.so (deleted)
7f6f7acf9000-7f6f7acfa000 rw-p 00011000 08:05 8257560                    /tmp/jffi10258609484390899179.so (deleted)
7f6f7ad00000-7f6f7ad16000 r-xp 00000000 08:05 3674164                    /usr/lib/jvm/java-11-openjdk-amd64/lib/libnet.so
7f6f7ad16000-7f6f7af15000 ---p 00016000 08:05 3674164                    /usr/lib/jvm/java-11-openjdk-amd64/lib/libnet.so
7f6f7af15000-7f6f7af16000 r--p 00015000 08:05 3674164                    /usr/lib/jvm/java-11-openjdk-amd64/lib/libnet.so
7f6f7af16000-7f6f7af17000 rw-p 00016000 08:05 3674164                    /usr/lib/jvm/java-11-openjdk-amd64/lib/libnet.so
7f6f7af18000-7f6f7af28000 r-xp 00000000 08:05 3674165                    /usr/lib/jvm/java-11-openjdk-amd64/lib/libnio.so
7f6f7af28000-7f6f7b127000 ---p 00010000 08:05 3674165                    /usr/lib/jvm/java-11-openjdk-amd64/lib/libnio.so
7f6f7b127000-7f6f7b128000 r--p 0000f000 08:05 3674165                    /usr/lib/jvm/java-11-openjdk-amd64/lib/libnio.so
7f6f7b128000-7f6f7b129000 rw-p 00010000 08:05 3674165                    /usr/lib/jvm/java-11-openjdk-amd64/lib/libnio.so
7f6f7b12a000-7f6f7b12e000 ---p 00000000 00:00 0 
7f6f7b12e000-7f6f7b22b000 rw-p 00000000 00:00 0 
7f6f7b22b000-7f6f7b22c000 ---p 00000000 00:00 0 
7f6f7b22c000-7f6f7b32d000 rw-p 00000000 00:00 0 
7f6f7b32d000-7f6f7b331000 ---p 00000000 00:00 0 
7f6f7b331000-7f6f7b42e000 rw-p 00000000 00:00 0 
7f6f7b42e000-7f6f7b432000 ---p 00000000 00:00 0 
7f6f7b432000-7f6f7b52f000 rw-p 00000000 00:00 0 
7f6f7b52f000-7f6f7b533000 ---p 00000000 00:00 0 
7f6f7b533000-7f6f7b630000 rw-p 00000000 00:00 0 
7f6f7b630000-7f6f7bfff000 r--p 00000000 08:05 3676802                    /usr/lib/locale/locale-archive
7f6f7c000000-7f6f7c021000 rw-p 00000000 00:00 0 
7f6f7c021000-7f6f80000000 ---p 00000000 00:00 0 
7f6f80000000-7f6f80021000 rw-p 00000000 00:00 0 
7f6f80021000-7f6f84000000 ---p 00000000 00:00 0 
7f6f84000000-7f6f84021000 rw-p 00000000 00:00 0 
7f6f84021000-7f6f88000000 ---p 00000000 00:00 0 
7f6f88000000-7f6f88021000 rw-p 00000000 00:00 0 
7f6f88021000-7f6f8c000000 ---p 00000000 00:00 0 
7f6f8c000000-7f6f8c021000 rw-p 00000000 00:00 0 
7f6f8c021000-7f6f90000000 ---p 00000000 00:00 0 
7f6f90000000-7f6f90021000 rw-p 00000000 00:00 0 
7f6f90021000-7f6f94000000 ---p 00000000 00:00 0 
7f6f94000000-7f6f94021000 rw-p 00000000 00:00 0 
7f6f94021000-7f6f98000000 ---p 00000000 00:00 0 
7f6f98007000-7f6f9800b000 ---p 00000000 00:00 0 
7f6f9800b000-7f6f98108000 rw-p 00000000 00:00 0 
7f6f98108000-7f6f9810c000 ---p 00000000 00:00 0 
7f6f9810c000-7f6f98209000 rw-p 00000000 00:00 0 
7f6f98209000-7f6f9820d000 ---p 00000000 00:00 0 
7f6f9820d000-7f6f9830a000 rw-p 00000000 00:00 0 
7f6f9830a000-7f6f9830e000 ---p 00000000 00:00 0 
7f6f9830e000-7f6f9840b000 rw-p 00000000 00:00 0 
7f6f9840b000-7f6f9840c000 ---p 00000000 00:00 0 
7f6f9840c000-7f6f98c4e000 rw-p 00000000 00:00 0 
7f6f98c4e000-7f6f98d8e000 ---p 00000000 00:00 0 
7f6f98d8e000-7f6f98d8f000 ---p 00000000 00:00 0 
7f6f98d8f000-7f6f98e90000 rw-p 00000000 00:00 0 
7f6f98e90000-7f6f98e91000 ---p 00000000 00:00 0 
7f6f98e91000-7f6f9b79a000 rw-p 00000000 00:00 0 
7f6f9b79a000-7f6f9b79b000 ---p 00000000 00:00 0 
7f6f9b79b000-7f6f9b89c000 rw-p 00000000 00:00 0 
7f6f9b89c000-7f6f9b89d000 ---p 00000000 00:00 0 
7f6f9b89d000-7f6f9bb96000 rw-p 00000000 00:00 0 
7f6f9bb96000-7f6f9d8de000 ---p 00000000 00:00 0 
7f6f9d8de000-7f6f9dade000 rw-p 00000000 00:00 0 
7f6f9dade000-7f6f9f826000 ---p 00000000 00:00 0 
7f6f9f826000-7f6f9f86d000 rw-p 00000000 00:00 0 
7f6f9f86d000-7f6f9fc16000 ---p 00000000 00:00 0 
7f6f9fc16000-7f6f9fc56000 rw-p 00000000 00:00 0 
7f6f9fc56000-7f6f9ffff000 ---p 00000000 00:00 0 
7f6f9ffff000-7f6fa0000000 rw-p 00000000 00:00 0 
7f6fa0000000-7f6fa0021000 rw-p 00000000 00:00 0 
7f6fa0021000-7f6fa4000000 ---p 00000000 00:00 0 
7f6fa4007000-7f6fa40a1000 rw-p 00000000 00:00 0 
7f6fa40a1000-7f6fa444a000 ---p 00000000 00:00 0 
7f6fa444a000-7f6fa4950000 rw-p 00000000 00:00 0 
7f6fa4950000-7f6fa4bc0000 rwxp 00000000 00:00 0 
7f6fa4bc0000-7f6fa4ee1000 ---p 00000000 00:00 0 
7f6fa4ee1000-7f6fa5151000 rwxp 00000000 00:00 0 
7f6fa5151000-7f6fac418000 ---p 00000000 00:00 0 
7f6fac418000-7f6fac688000 rwxp 00000000 00:00 0 
7f6fac688000-7f6fb3950000 ---p 00000000 00:00 0 
7f6fb3950000-7f6fbbffa000 r--s 00000000 08:05 3674176                    /usr/lib/jvm/java-11-openjdk-amd64/lib/modules
7f6fbc000000-7f6fbc47b000 rw-p 00000000 00:00 0 
7f6fbc47b000-7f6fc0000000 ---p 00000000 00:00 0 
7f6fc0024000-7f6fc0380000 rw-p 00000000 00:00 0 
7f6fc0380000-7f6fc0381000 ---p 00000000 00:00 0 
7f6fc0381000-7f6fc0487000 rw-p 00000000 00:00 0 
7f6fc0487000-7f6fc056d000 ---p 00000000 00:00 0 
7f6fc056d000-7f6fc0572000 rw-p 00000000 00:00 0 
7f6fc0572000-7f6fc0658000 ---p 00000000 00:00 0 
7f6fc0658000-7f6fc065d000 r-xp 00000000 08:05 3674155                    /usr/lib/jvm/java-11-openjdk-amd64/lib/libjimage.so
7f6fc065d000-7f6fc085c000 ---p 00005000 08:05 3674155                    /usr/lib/jvm/java-11-openjdk-amd64/lib/libjimage.so
7f6fc085c000-7f6fc085d000 r--p 00004000 08:05 3674155                    /usr/lib/jvm/java-11-openjdk-amd64/lib/libjimage.so
7f6fc085d000-7f6fc085e000 rw-p 00005000 08:05 3674155                    /usr/lib/jvm/java-11-openjdk-amd64/lib/libjimage.so
7f6fc0860000-7f6fc0867000 r-xp 00000000 08:05 3674175                    /usr/lib/jvm/java-11-openjdk-amd64/lib/libzip.so
7f6fc0867000-7f6fc0a66000 ---p 00007000 08:05 3674175                    /usr/lib/jvm/java-11-openjdk-amd64/lib/libzip.so
7f6fc0a66000-7f6fc0a67000 r--p 00006000 08:05 3674175                    /usr/lib/jvm/java-11-openjdk-amd64/lib/libzip.so
7f6fc0a67000-7f6fc0a68000 rw-p 00007000 08:05 3674175                    /usr/lib/jvm/java-11-openjdk-amd64/lib/libzip.so
7f6fc0a68000-7f6fc0a73000 r-xp 00000000 08:05 7344957                    /lib/x86_64-linux-gnu/libnss_files-2.27.so
7f6fc0a73000-7f6fc0c72000 ---p 0000b000 08:05 7344957                    /lib/x86_64-linux-gnu/libnss_files-2.27.so
7f6fc0c72000-7f6fc0c73000 r--p 0000a000 08:05 7344957                    /lib/x86_64-linux-gnu/libnss_files-2.27.so
7f6fc0c73000-7f6fc0c74000 rw-p 0000b000 08:05 7344957                    /lib/x86_64-linux-gnu/libnss_files-2.27.so
7f6fc0c74000-7f6fc0c7a000 rw-p 00000000 00:00 0 
7f6fc0c80000-7f6fc0c97000 r-xp 00000000 08:05 7344951                    /lib/x86_64-linux-gnu/libnsl-2.27.so
7f6fc0c97000-7f6fc0e96000 ---p 00017000 08:05 7344951                    /lib/x86_64-linux-gnu/libnsl-2.27.so
7f6fc0e96000-7f6fc0e97000 r--p 00016000 08:05 7344951                    /lib/x86_64-linux-gnu/libnsl-2.27.so
7f6fc0e97000-7f6fc0e98000 rw-p 00017000 08:05 7344951                    /lib/x86_64-linux-gnu/libnsl-2.27.so
7f6fc0e98000-7f6fc0e9a000 rw-p 00000000 00:00 0 
7f6fc0ea0000-7f6fc0eab000 r-xp 00000000 08:05 7344968                    /lib/x86_64-linux-gnu/libnss_nis-2.27.so
7f6fc0eab000-7f6fc10aa000 ---p 0000b000 08:05 7344968                    /lib/x86_64-linux-gnu/libnss_nis-2.27.so
7f6fc10aa000-7f6fc10ab000 r--p 0000a000 08:05 7344968                    /lib/x86_64-linux-gnu/libnss_nis-2.27.so
7f6fc10ab000-7f6fc10ac000 rw-p 0000b000 08:05 7344968                    /lib/x86_64-linux-gnu/libnss_nis-2.27.so
7f6fc10b0000-7f6fc10b8000 r-xp 00000000 08:05 7344953                    /lib/x86_64-linux-gnu/libnss_compat-2.27.so
7f6fc10b8000-7f6fc12b8000 ---p 00008000 08:05 7344953                    /lib/x86_64-linux-gnu/libnss_compat-2.27.so
7f6fc12b8000-7f6fc12b9000 r--p 00008000 08:05 7344953                    /lib/x86_64-linux-gnu/libnss_compat-2.27.so
7f6fc12b9000-7f6fc12ba000 rw-p 00009000 08:05 7344953                    /lib/x86_64-linux-gnu/libnss_compat-2.27.so
7f6fc12c0000-7f6fc12e9000 r-xp 00000000 08:05 3674151                    /usr/lib/jvm/java-11-openjdk-amd64/lib/libjava.so
7f6fc12e9000-7f6fc14e8000 ---p 00029000 08:05 3674151                    /usr/lib/jvm/java-11-openjdk-amd64/lib/libjava.so
7f6fc14e8000-7f6fc14e9000 r--p 00028000 08:05 3674151                    /usr/lib/jvm/java-11-openjdk-amd64/lib/libjava.so
7f6fc14e9000-7f6fc14eb000 rw-p 00029000 08:05 3674151                    /usr/lib/jvm/java-11-openjdk-amd64/lib/libjava.so
7f6fc14f0000-7f6fc14fd000 r-xp 00000000 08:05 3674174                    /usr/lib/jvm/java-11-openjdk-amd64/lib/libverify.so
7f6fc14fd000-7f6fc16fc000 ---p 0000d000 08:05 3674174                    /usr/lib/jvm/java-11-openjdk-amd64/lib/libverify.so
7f6fc16fc000-7f6fc16fe000 r--p 0000c000 08:05 3674174                    /usr/lib/jvm/java-11-openjdk-amd64/lib/libverify.so
7f6fc16fe000-7f6fc16ff000 rw-p 0000e000 08:05 3674174                    /usr/lib/jvm/java-11-openjdk-amd64/lib/libverify.so
7f6fc1700000-7f6fc1707000 r-xp 00000000 08:05 7345008                    /lib/x86_64-linux-gnu/librt-2.27.so
7f6fc1707000-7f6fc1906000 ---p 00007000 08:05 7345008                    /lib/x86_64-linux-gnu/librt-2.27.so
7f6fc1906000-7f6fc1907000 r--p 00006000 08:05 7345008                    /lib/x86_64-linux-gnu/librt-2.27.so
7f6fc1907000-7f6fc1908000 rw-p 00007000 08:05 7345008                    /lib/x86_64-linux-gnu/librt-2.27.so
7f6fc1908000-7f6fc191f000 r-xp 00000000 08:05 7340123                    /lib/x86_64-linux-gnu/libgcc_s.so.1
7f6fc191f000-7f6fc1b1e000 ---p 00017000 08:05 7340123                    /lib/x86_64-linux-gnu/libgcc_s.so.1
7f6fc1b1e000-7f6fc1b1f000 r--p 00016000 08:05 7340123                    /lib/x86_64-linux-gnu/libgcc_s.so.1
7f6fc1b1f000-7f6fc1b20000 rw-p 00017000 08:05 7340123                    /lib/x86_64-linux-gnu/libgcc_s.so.1
7f6fc1b20000-7f6fc1cbd000 r-xp 00000000 08:05 7344930                    /lib/x86_64-linux-gnu/libm-2.27.so
7f6fc1cbd000-7f6fc1ebc000 ---p 0019d000 08:05 7344930                    /lib/x86_64-linux-gnu/libm-2.27.so
7f6fc1ebc000-7f6fc1ebd000 r--p 0019c000 08:05 7344930                    /lib/x86_64-linux-gnu/libm-2.27.so
7f6fc1ebd000-7f6fc1ebe000 rw-p 0019d000 08:05 7344930                    /lib/x86_64-linux-gnu/libm-2.27.so
7f6fc1ec0000-7f6fc2039000 r-xp 00000000 08:05 3677075                    /usr/lib/x86_64-linux-gnu/libstdc++.so.6.0.25
7f6fc2039000-7f6fc2239000 ---p 00179000 08:05 3677075                    /usr/lib/x86_64-linux-gnu/libstdc++.so.6.0.25
7f6fc2239000-7f6fc2243000 r--p 00179000 08:05 3677075                    /usr/lib/x86_64-linux-gnu/libstdc++.so.6.0.25
7f6fc2243000-7f6fc2245000 rw-p 00183000 08:05 3677075                    /usr/lib/x86_64-linux-gnu/libstdc++.so.6.0.25
7f6fc2245000-7f6fc2249000 rw-p 00000000 00:00 0 
7f6fc2250000-7f6fc331c000 r-xp 00000000 08:05 3674179                    /usr/lib/jvm/java-11-openjdk-amd64/lib/server/libjvm.so
7f6fc331c000-7f6fc351b000 ---p 010cc000 08:05 3674179                    /usr/lib/jvm/java-11-openjdk-amd64/lib/server/libjvm.so
7f6fc351b000-7f6fc35d8000 r--p 010cb000 08:05 3674179                    /usr/lib/jvm/java-11-openjdk-amd64/lib/server/libjvm.so
7f6fc35d8000-7f6fc3611000 rw-p 01188000 08:05 3674179                    /usr/lib/jvm/java-11-openjdk-amd64/lib/server/libjvm.so
7f6fc3611000-7f6fc3667000 rw-p 00000000 00:00 0 
7f6fc3668000-7f6fc3682000 r-xp 00000000 08:05 7345000                    /lib/x86_64-linux-gnu/libpthread-2.27.so
7f6fc3682000-7f6fc3881000 ---p 0001a000 08:05 7345000                    /lib/x86_64-linux-gnu/libpthread-2.27.so
7f6fc3881000-7f6fc3882000 r--p 00019000 08:05 7345000                    /lib/x86_64-linux-gnu/libpthread-2.27.so
7f6fc3882000-7f6fc3883000 rw-p 0001a000 08:05 7345000                    /lib/x86_64-linux-gnu/libpthread-2.27.so
7f6fc3883000-7f6fc3887000 rw-p 00000000 00:00 0 
7f6fc3888000-7f6fc388b000 r-xp 00000000 08:05 7344890                    /lib/x86_64-linux-gnu/libdl-2.27.so
7f6fc388b000-7f6fc3a8a000 ---p 00003000 08:05 7344890                    /lib/x86_64-linux-gnu/libdl-2.27.so
7f6fc3a8a000-7f6fc3a8b000 r--p 00002000 08:05 7344890                    /lib/x86_64-linux-gnu/libdl-2.27.so
7f6fc3a8b000-7f6fc3a8c000 rw-p 00003000 08:05 7344890                    /lib/x86_64-linux-gnu/libdl-2.27.so
7f6fc3a90000-7f6fc3aac000 r-xp 00000000 08:05 7345039                    /lib/x86_64-linux-gnu/libz.so.1.2.11
7f6fc3aac000-7f6fc3cab000 ---p 0001c000 08:05 7345039                    /lib/x86_64-linux-gnu/libz.so.1.2.11
7f6fc3cab000-7f6fc3cac000 r--p 0001b000 08:05 7345039                    /lib/x86_64-linux-gnu/libz.so.1.2.11
7f6fc3cac000-7f6fc3cad000 rw-p 0001c000 08:05 7345039                    /lib/x86_64-linux-gnu/libz.so.1.2.11
7f6fc3cb0000-7f6fc3e97000 r-xp 00000000 08:05 7344867                    /lib/x86_64-linux-gnu/libc-2.27.so
7f6fc3e97000-7f6fc4097000 ---p 001e7000 08:05 7344867                    /lib/x86_64-linux-gnu/libc-2.27.so
7f6fc4097000-7f6fc409b000 r--p 001e7000 08:05 7344867                    /lib/x86_64-linux-gnu/libc-2.27.so
7f6fc409b000-7f6fc409d000 rw-p 001eb000 08:05 7344867                    /lib/x86_64-linux-gnu/libc-2.27.so
7f6fc409d000-7f6fc40a1000 rw-p 00000000 00:00 0 
7f6fc40a8000-7f6fc40b8000 r-xp 00000000 08:05 3674135                    /usr/lib/jvm/java-11-openjdk-amd64/lib/jli/libjli.so
7f6fc40b8000-7f6fc42b7000 ---p 00010000 08:05 3674135                    /usr/lib/jvm/java-11-openjdk-amd64/lib/jli/libjli.so
7f6fc42b7000-7f6fc42b8000 r--p 0000f000 08:05 3674135                    /usr/lib/jvm/java-11-openjdk-amd64/lib/jli/libjli.so
7f6fc42b8000-7f6fc42b9000 rw-p 00010000 08:05 3674135                    /usr/lib/jvm/java-11-openjdk-amd64/lib/jli/libjli.so
7f6fc42b9000-7f6fc42bc000 rw-p 00000000 00:00 0 
7f6fc42bc000-7f6fc42c0000 r-xp 00000000 00:00 0 
7f6fc42c0000-7f6fc42e7000 r-xp 00000000 08:05 7344839                    /lib/x86_64-linux-gnu/ld-2.27.so
7f6fc42e7000-7f6fc42f8000 r-xp 00000000 00:00 0 
7f6fc42f8000-7f6fc42ff000 r--s 00000000 08:05 3935193                    /usr/lib/x86_64-linux-gnu/gconv/gconv-modules.cache
7f6fc42ff000-7f6fc43c8000 rw-p 00000000 00:00 0 
7f6fc43c8000-7f6fc43cf000 ---p 00000000 00:00 0 
7f6fc43cf000-7f6fc43d1000 r--s 00007000 08:05 4066135                    /usr/share/java/java-atk-wrapper.jar
7f6fc43d1000-7f6fc43d8000 r-xp 00000000 00:00 0 
7f6fc43d8000-7f6fc43e0000 rw-s 00000000 08:05 8651022                    /tmp/hsperfdata_cheesegr8er/9202
7f6fc43e0000-7f6fc43e1000 ---p 00000000 00:00 0 
7f6fc43e1000-7f6fc43e2000 r--p 00000000 00:00 0 
7f6fc43e2000-7f6fc43e6000 ---p 00000000 00:00 0 
7f6fc43e6000-7f6fc44e7000 rw-p 00000000 00:00 0 
7f6fc44e7000-7f6fc44e8000 r--p 00027000 08:05 7344839                    /lib/x86_64-linux-gnu/ld-2.27.so
7f6fc44e8000-7f6fc44e9000 rw-p 00028000 08:05 7344839                    /lib/x86_64-linux-gnu/ld-2.27.so
7f6fc44e9000-7f6fc44ea000 rw-p 00000000 00:00 0 
7ffe10671000-7ffe10692000 rw-p 00000000 00:00 0                          [stack]
7ffe106e0000-7ffe106e3000 r--p 00000000 00:00 0                          [vvar]
7ffe106e3000-7ffe106e4000 r-xp 00000000 00:00 0                          [vdso]
ffffffffff600000-ffffffffff601000 r-xp 00000000 00:00 0                  [vsyscall]


VM Arguments:
jvm_args: -Dfile.encoding=UTF-8 
java_command: MemoryFS -d -f /home/cheesegr8er/Downloads/TestFileRoot
java_class_path (initial): /home/cheesegr8er/eclipse-workspace/MemoryFS/target/classes:/home/cheesegr8er/.m2/repository/com/github/lukethompsxn/edufuse/1.0.3/edufuse-1.0.3.jar:/home/cheesegr8er/.m2/repository/com/github/jnr/jnr-ffi/2.1.7/jnr-ffi-2.1.7.jar:/home/cheesegr8er/.m2/repository/com/github/jnr/jffi/1.2.16/jffi-1.2.16.jar:/home/cheesegr8er/.m2/repository/com/github/jnr/jffi/1.2.16/jffi-1.2.16-native.jar:/home/cheesegr8er/.m2/repository/org/ow2/asm/asm/5.0.3/asm-5.0.3.jar:/home/cheesegr8er/.m2/repository/org/ow2/asm/asm-commons/5.0.3/asm-commons-5.0.3.jar:/home/cheesegr8er/.m2/repository/org/ow2/asm/asm-analysis/5.0.3/asm-analysis-5.0.3.jar:/home/cheesegr8er/.m2/repository/org/ow2/asm/asm-tree/5.0.3/asm-tree-5.0.3.jar:/home/cheesegr8er/.m2/repository/org/ow2/asm/asm-util/5.0.3/asm-util-5.0.3.jar:/home/cheesegr8er/.m2/repository/com/github/jnr/jnr-x86asm/1.0.2/jnr-x86asm-1.0.2.jar:/home/cheesegr8er/.m2/repository/com/github/jnr/jnr-posix/3.0.44/jnr-posix-3.0.44.jar:/home/cheesegr8er/.m2/repository/com/github/jnr/jnr-constants/0.9.9/jnr-constants-0.9.9.jar:/home/cheesegr8er/.m2/repository/com/googlecode/json-simple/json-simple/1.1.1/json-simple-1.1.1.jar:/home/cheesegr8er/.m2/repository/junit/junit/4.10/junit-4.10.jar:/home/cheesegr8er/.m2/repository/org/hamcrest/hamcrest-core/1.1/hamcrest-core-1.1.jar
Launcher Type: SUN_STANDARD

[Global flags]
     intx CICompilerCount                          = 4                                         {product} {ergonomic}
     uint ConcGCThreads                            = 2                                         {product} {ergonomic}
     uint G1ConcRefinementThreads                  = 8                                         {product} {ergonomic}
   size_t G1HeapRegionSize                         = 1048576                                   {product} {ergonomic}
    uintx GCDrainStackTargetSize                   = 64                                        {product} {ergonomic}
   size_t InitialHeapSize                          = 132120576                                 {product} {ergonomic}
   size_t MarkStackSize                            = 4194304                                   {product} {ergonomic}
   size_t MaxHeapSize                              = 2099249152                                {product} {ergonomic}
   size_t MaxNewSize                               = 1259339776                                {product} {ergonomic}
   size_t MinHeapDeltaBytes                        = 1048576                                   {product} {ergonomic}
    uintx NonNMethodCodeHeapSize                   = 5835340                                {pd product} {ergonomic}
    uintx NonProfiledCodeHeapSize                  = 122911450                              {pd product} {ergonomic}
    uintx ProfiledCodeHeapSize                     = 122911450                              {pd product} {ergonomic}
    uintx ReservedCodeCacheSize                    = 251658240                              {pd product} {ergonomic}
     bool SegmentedCodeCache                       = true                                      {product} {ergonomic}
     bool UseCompressedClassPointers               = true                                 {lp64_product} {ergonomic}
     bool UseCompressedOops                        = true                                 {lp64_product} {ergonomic}
     bool UseG1GC                                  = true                                      {product} {ergonomic}

Logging:
Log output configuration:
 #0: stdout all=warning uptime,level,tags
 #1: stderr all=off uptime,level,tags

Environment Variables:
JAVA_HOME=/lib/jvm/java-11-openjdk-amd64/bin/java
PATH=/usr/local/sbin:/usr/local/bin:/usr/sbin:/usr/bin:/sbin:/bin:/usr/games:/usr/local/games:/snap/bin
USERNAME=cheesegr8er
SHELL=/bin/bash
DISPLAY=:0

Signal Handlers:
SIGSEGV: [libjvm.so+0xde5f50], sa_mask[0]=11111111011111111101111111111110, sa_flags=SA_RESTART|SA_SIGINFO
SIGBUS: [libjvm.so+0xde5f50], sa_mask[0]=11111111011111111101111111111110, sa_flags=SA_RESTART|SA_SIGINFO
SIGFPE: [libjvm.so+0xde5f50], sa_mask[0]=11111111011111111101111111111110, sa_flags=SA_RESTART|SA_SIGINFO
SIGPIPE: [libjvm.so+0xbba5b0], sa_mask[0]=11111111011111111101111111111110, sa_flags=SA_RESTART|SA_SIGINFO
SIGXFSZ: [libjvm.so+0xbba5b0], sa_mask[0]=11111111011111111101111111111110, sa_flags=SA_RESTART|SA_SIGINFO
SIGILL: [libjvm.so+0xde5f50], sa_mask[0]=11111111011111111101111111111110, sa_flags=SA_RESTART|SA_SIGINFO
SIGUSR2: [libjvm.so+0xbba450], sa_mask[0]=00100000000000000000000000000000, sa_flags=SA_RESTART|SA_SIGINFO
SIGHUP: [libjvm.so+0xbba7b0], sa_mask[0]=11111111011111111101111111111110, sa_flags=SA_RESTART|SA_SIGINFO
SIGINT: [libjvm.so+0xbba7b0], sa_mask[0]=11111111011111111101111111111110, sa_flags=SA_RESTART|SA_SIGINFO
SIGTERM: [libjvm.so+0xbba7b0], sa_mask[0]=11111111011111111101111111111110, sa_flags=SA_RESTART|SA_SIGINFO
SIGQUIT: [libjvm.so+0xbba7b0], sa_mask[0]=11111111011111111101111111111110, sa_flags=SA_RESTART|SA_SIGINFO


---------------  S Y S T E M  ---------------

OS:DISTRIB_ID=Ubuntu
DISTRIB_RELEASE=18.04
DISTRIB_CODENAME=bionic
DISTRIB_DESCRIPTION="Ubuntu 18.04.2 LTS"
uname:Linux 5.0.0-29-generic #31~18.04.1-Ubuntu SMP Thu Sep 12 18:29:21 UTC 2019 x86_64
libc:glibc 2.27 NPTL 2.27 
rlimit: STACK 8192k, CORE 0k, NPROC 31574, NOFILE 4096, AS infinity, DATA infinity, FSIZE infinity
load average:1.70 1.90 2.10

/proc/meminfo:
MemTotal:        8196776 kB
MemFree:         1920360 kB
MemAvailable:    4376772 kB
Buffers:          117536 kB
Cached:          2787636 kB
SwapCached:            0 kB
Active:          4243996 kB
Inactive:        1636396 kB
Active(anon):    2975932 kB
Inactive(anon):   280988 kB
Active(file):    1268064 kB
Inactive(file):  1355408 kB
Unevictable:          96 kB
Mlocked:              96 kB
SwapTotal:       2097148 kB
SwapFree:        2097148 kB
Dirty:              4976 kB
Writeback:             0 kB
AnonPages:       2975572 kB
Mapped:           744788 kB
Shmem:            282728 kB
KReclaimable:     108744 kB
Slab:             178888 kB
SReclaimable:     108744 kB
SUnreclaim:        70144 kB
KernelStack:       15188 kB
PageTables:        65828 kB
NFS_Unstable:          0 kB
Bounce:                0 kB
WritebackTmp:          0 kB
CommitLimit:     6195536 kB
Committed_AS:    9900272 kB
VmallocTotal:   34359738367 kB
VmallocUsed:           0 kB
VmallocChunk:          0 kB
Percpu:             3744 kB
HardwareCorrupted:     0 kB
AnonHugePages:         0 kB
ShmemHugePages:        0 kB
ShmemPmdMapped:        0 kB
CmaTotal:              0 kB
CmaFree:               0 kB
HugePages_Total:       0
HugePages_Free:        0
HugePages_Rsvd:        0
HugePages_Surp:        0
Hugepagesize:       2048 kB
Hugetlb:               0 kB
DirectMap4k:      326680 kB
DirectMap2M:     8028160 kB
DirectMap1G:           0 kB


/proc/sys/kernel/threads-max (system-wide limit on the number of threads):
63149


/proc/sys/vm/max_map_count (maximum number of memory map areas a process may have):
65530


/proc/sys/kernel/pid_max (system-wide limit on number of process identifiers):
32768



container (cgroup) information:
container_type: cgroupv1
cpu_cpuset_cpus: 0-7
cpu_memory_nodes: 0
active_processor_count: 8
cpu_quota: -1
cpu_period: 100000
cpu_shares: -1
memory_limit_in_bytes: -1
memory_and_swap_limit_in_bytes: -2
memory_soft_limit_in_bytes: -1
memory_usage_in_bytes: 6022127616
memory_max_usage_in_bytes: 0

Steal ticks since vm start: 0
Steal ticks percentage since vm start:  0.000

CPU:total 8 (initial active 8) (8 cores per cpu, 1 threads per core) family 21 model 2 stepping 0, cmov, cx8, fxsr, mmx, sse, sse2, sse3, ssse3, sse4.1, sse4.2, popcnt, avx, aes, clmul, mmxext, 3dnowpref, lzcnt, sse4a, tsc, tscinvbit, tscinv, bmi1, fma
CPU Model and flags from /proc/cpuinfo:
model name	: AMD FX(tm)-8350 Eight-Core Processor
flags		: fpu vme de pse tsc msr pae mce cx8 apic sep mtrr pge mca cmov pat pse36 clflush mmx fxsr sse sse2 ht syscall nx mmxext fxsr_opt pdpe1gb rdtscp lm constant_tsc rep_good nopl nonstop_tsc cpuid extd_apicid aperfmperf pni pclmulqdq monitor ssse3 fma cx16 sse4_1 sse4_2 popcnt aes xsave avx f16c lahf_lm cmp_legacy svm extapic cr8_legacy abm sse4a misalignsse 3dnowprefetch osvw ibs xop skinit wdt fma4 tce nodeid_msr tbm topoext perfctr_core perfctr_nb cpb hw_pstate ssbd ibpb vmmcall bmi1 arat npt lbrv svm_lock nrip_save tsc_scale vmcb_clean flushbyasid decodeassists pausefilter pfthreshold

Memory: 4k page, physical 8196776k(1920360k free), swap 2097148k(2097148k free)

vm_info: OpenJDK 64-Bit Server VM (11.0.4+11-post-Ubuntu-1ubuntu218.04.3) for linux-amd64 JRE (11.0.4+11-post-Ubuntu-1ubuntu218.04.3), built on Jul 18 2019 18:21:46 by "buildd" with gcc 7.4.0

END.
